[2022-06-16 12:15:33,577] {processor.py:163} INFO - Started process (PID=1265) to work on /home/notme/airflow_venv/airflow_venv/lib/python3.8/site-packages/airflow/example_dags/example_dag_decorator.py
[2022-06-16 12:15:33,579] {processor.py:642} INFO - Processing file /home/notme/airflow_venv/airflow_venv/lib/python3.8/site-packages/airflow/example_dags/example_dag_decorator.py for tasks to queue
[2022-06-16 12:15:33,580] {logging_mixin.py:109} INFO - [2022-06-16 12:15:33,580] {dagbag.py:500} INFO - Filling up the DagBag from /home/notme/airflow_venv/airflow_venv/lib/python3.8/site-packages/airflow/example_dags/example_dag_decorator.py
[2022-06-16 12:15:33,627] {processor.py:652} INFO - DAG(s) dict_keys(['example_dag_decorator']) retrieved from /home/notme/airflow_venv/airflow_venv/lib/python3.8/site-packages/airflow/example_dags/example_dag_decorator.py
[2022-06-16 12:15:33,638] {logging_mixin.py:109} INFO - [2022-06-16 12:15:33,638] {dag.py:2398} INFO - Sync 1 DAGs
[2022-06-16 12:15:33,661] {logging_mixin.py:109} INFO - [2022-06-16 12:15:33,661] {dag.py:2937} INFO - Setting next_dagrun for example_dag_decorator to None
[2022-06-16 12:15:33,699] {processor.py:171} INFO - Processing /home/notme/airflow_venv/airflow_venv/lib/python3.8/site-packages/airflow/example_dags/example_dag_decorator.py took 0.126 seconds
[2022-06-16 12:16:09,530] {processor.py:163} INFO - Started process (PID=1423) to work on /home/notme/airflow_venv/airflow_venv/lib/python3.8/site-packages/airflow/example_dags/example_dag_decorator.py
[2022-06-16 12:16:09,532] {processor.py:642} INFO - Processing file /home/notme/airflow_venv/airflow_venv/lib/python3.8/site-packages/airflow/example_dags/example_dag_decorator.py for tasks to queue
[2022-06-16 12:16:09,532] {logging_mixin.py:109} INFO - [2022-06-16 12:16:09,532] {dagbag.py:500} INFO - Filling up the DagBag from /home/notme/airflow_venv/airflow_venv/lib/python3.8/site-packages/airflow/example_dags/example_dag_decorator.py
[2022-06-16 12:16:09,550] {processor.py:652} INFO - DAG(s) dict_keys(['example_dag_decorator']) retrieved from /home/notme/airflow_venv/airflow_venv/lib/python3.8/site-packages/airflow/example_dags/example_dag_decorator.py
[2022-06-16 12:16:09,711] {logging_mixin.py:109} INFO - [2022-06-16 12:16:09,710] {dag.py:2398} INFO - Sync 1 DAGs
[2022-06-16 12:16:09,722] {logging_mixin.py:109} INFO - [2022-06-16 12:16:09,722] {dag.py:2937} INFO - Setting next_dagrun for example_dag_decorator to None
[2022-06-16 12:16:09,750] {processor.py:171} INFO - Processing /home/notme/airflow_venv/airflow_venv/lib/python3.8/site-packages/airflow/example_dags/example_dag_decorator.py took 0.221 seconds
[2022-06-16 12:16:43,716] {processor.py:163} INFO - Started process (PID=1765) to work on /home/notme/airflow_venv/airflow_venv/lib/python3.8/site-packages/airflow/example_dags/example_dag_decorator.py
[2022-06-16 12:16:43,717] {processor.py:642} INFO - Processing file /home/notme/airflow_venv/airflow_venv/lib/python3.8/site-packages/airflow/example_dags/example_dag_decorator.py for tasks to queue
[2022-06-16 12:16:43,718] {logging_mixin.py:109} INFO - [2022-06-16 12:16:43,718] {dagbag.py:500} INFO - Filling up the DagBag from /home/notme/airflow_venv/airflow_venv/lib/python3.8/site-packages/airflow/example_dags/example_dag_decorator.py
[2022-06-16 12:16:43,736] {processor.py:652} INFO - DAG(s) dict_keys(['example_dag_decorator']) retrieved from /home/notme/airflow_venv/airflow_venv/lib/python3.8/site-packages/airflow/example_dags/example_dag_decorator.py
[2022-06-16 12:16:43,884] {logging_mixin.py:109} INFO - [2022-06-16 12:16:43,884] {dag.py:2398} INFO - Sync 1 DAGs
[2022-06-16 12:16:43,893] {logging_mixin.py:109} INFO - [2022-06-16 12:16:43,893] {dag.py:2937} INFO - Setting next_dagrun for example_dag_decorator to None
[2022-06-16 12:16:43,909] {processor.py:171} INFO - Processing /home/notme/airflow_venv/airflow_venv/lib/python3.8/site-packages/airflow/example_dags/example_dag_decorator.py took 0.195 seconds
[2022-06-16 12:17:17,340] {processor.py:163} INFO - Started process (PID=1813) to work on /home/notme/airflow_venv/airflow_venv/lib/python3.8/site-packages/airflow/example_dags/example_dag_decorator.py
[2022-06-16 12:17:17,342] {processor.py:642} INFO - Processing file /home/notme/airflow_venv/airflow_venv/lib/python3.8/site-packages/airflow/example_dags/example_dag_decorator.py for tasks to queue
[2022-06-16 12:17:17,342] {logging_mixin.py:109} INFO - [2022-06-16 12:17:17,342] {dagbag.py:500} INFO - Filling up the DagBag from /home/notme/airflow_venv/airflow_venv/lib/python3.8/site-packages/airflow/example_dags/example_dag_decorator.py
[2022-06-16 12:17:17,362] {processor.py:652} INFO - DAG(s) dict_keys(['example_dag_decorator']) retrieved from /home/notme/airflow_venv/airflow_venv/lib/python3.8/site-packages/airflow/example_dags/example_dag_decorator.py
[2022-06-16 12:17:17,557] {logging_mixin.py:109} INFO - [2022-06-16 12:17:17,557] {dag.py:2398} INFO - Sync 1 DAGs
[2022-06-16 12:17:17,570] {logging_mixin.py:109} INFO - [2022-06-16 12:17:17,570] {dag.py:2937} INFO - Setting next_dagrun for example_dag_decorator to None
[2022-06-16 12:17:17,593] {processor.py:171} INFO - Processing /home/notme/airflow_venv/airflow_venv/lib/python3.8/site-packages/airflow/example_dags/example_dag_decorator.py took 0.255 seconds
[2022-06-16 12:17:52,780] {processor.py:163} INFO - Started process (PID=2128) to work on /home/notme/airflow_venv/airflow_venv/lib/python3.8/site-packages/airflow/example_dags/example_dag_decorator.py
[2022-06-16 12:17:52,781] {processor.py:642} INFO - Processing file /home/notme/airflow_venv/airflow_venv/lib/python3.8/site-packages/airflow/example_dags/example_dag_decorator.py for tasks to queue
[2022-06-16 12:17:52,782] {logging_mixin.py:109} INFO - [2022-06-16 12:17:52,782] {dagbag.py:500} INFO - Filling up the DagBag from /home/notme/airflow_venv/airflow_venv/lib/python3.8/site-packages/airflow/example_dags/example_dag_decorator.py
[2022-06-16 12:17:52,813] {processor.py:652} INFO - DAG(s) dict_keys(['example_dag_decorator']) retrieved from /home/notme/airflow_venv/airflow_venv/lib/python3.8/site-packages/airflow/example_dags/example_dag_decorator.py
[2022-06-16 12:17:53,108] {logging_mixin.py:109} INFO - [2022-06-16 12:17:53,108] {dag.py:2398} INFO - Sync 1 DAGs
[2022-06-16 12:17:53,123] {logging_mixin.py:109} INFO - [2022-06-16 12:17:53,123] {dag.py:2937} INFO - Setting next_dagrun for example_dag_decorator to None
[2022-06-16 12:17:53,143] {processor.py:171} INFO - Processing /home/notme/airflow_venv/airflow_venv/lib/python3.8/site-packages/airflow/example_dags/example_dag_decorator.py took 0.365 seconds
[2022-06-16 12:18:27,075] {processor.py:163} INFO - Started process (PID=2169) to work on /home/notme/airflow_venv/airflow_venv/lib/python3.8/site-packages/airflow/example_dags/example_dag_decorator.py
[2022-06-16 12:18:27,076] {processor.py:642} INFO - Processing file /home/notme/airflow_venv/airflow_venv/lib/python3.8/site-packages/airflow/example_dags/example_dag_decorator.py for tasks to queue
[2022-06-16 12:18:27,076] {logging_mixin.py:109} INFO - [2022-06-16 12:18:27,076] {dagbag.py:500} INFO - Filling up the DagBag from /home/notme/airflow_venv/airflow_venv/lib/python3.8/site-packages/airflow/example_dags/example_dag_decorator.py
[2022-06-16 12:18:27,096] {processor.py:652} INFO - DAG(s) dict_keys(['example_dag_decorator']) retrieved from /home/notme/airflow_venv/airflow_venv/lib/python3.8/site-packages/airflow/example_dags/example_dag_decorator.py
[2022-06-16 12:18:27,289] {logging_mixin.py:109} INFO - [2022-06-16 12:18:27,289] {dag.py:2398} INFO - Sync 1 DAGs
[2022-06-16 12:18:27,302] {logging_mixin.py:109} INFO - [2022-06-16 12:18:27,301] {dag.py:2937} INFO - Setting next_dagrun for example_dag_decorator to None
[2022-06-16 12:18:27,321] {processor.py:171} INFO - Processing /home/notme/airflow_venv/airflow_venv/lib/python3.8/site-packages/airflow/example_dags/example_dag_decorator.py took 0.248 seconds
[2022-06-16 12:19:01,212] {processor.py:163} INFO - Started process (PID=2440) to work on /home/notme/airflow_venv/airflow_venv/lib/python3.8/site-packages/airflow/example_dags/example_dag_decorator.py
[2022-06-16 12:19:01,213] {processor.py:642} INFO - Processing file /home/notme/airflow_venv/airflow_venv/lib/python3.8/site-packages/airflow/example_dags/example_dag_decorator.py for tasks to queue
[2022-06-16 12:19:01,214] {logging_mixin.py:109} INFO - [2022-06-16 12:19:01,213] {dagbag.py:500} INFO - Filling up the DagBag from /home/notme/airflow_venv/airflow_venv/lib/python3.8/site-packages/airflow/example_dags/example_dag_decorator.py
[2022-06-16 12:19:01,237] {processor.py:652} INFO - DAG(s) dict_keys(['example_dag_decorator']) retrieved from /home/notme/airflow_venv/airflow_venv/lib/python3.8/site-packages/airflow/example_dags/example_dag_decorator.py
[2022-06-16 12:19:01,408] {logging_mixin.py:109} INFO - [2022-06-16 12:19:01,407] {dag.py:2398} INFO - Sync 1 DAGs
[2022-06-16 12:19:01,418] {logging_mixin.py:109} INFO - [2022-06-16 12:19:01,418] {dag.py:2937} INFO - Setting next_dagrun for example_dag_decorator to None
[2022-06-16 12:19:01,434] {processor.py:171} INFO - Processing /home/notme/airflow_venv/airflow_venv/lib/python3.8/site-packages/airflow/example_dags/example_dag_decorator.py took 0.225 seconds
[2022-06-16 12:19:35,425] {processor.py:163} INFO - Started process (PID=2659) to work on /home/notme/airflow_venv/airflow_venv/lib/python3.8/site-packages/airflow/example_dags/example_dag_decorator.py
[2022-06-16 12:19:35,426] {processor.py:642} INFO - Processing file /home/notme/airflow_venv/airflow_venv/lib/python3.8/site-packages/airflow/example_dags/example_dag_decorator.py for tasks to queue
[2022-06-16 12:19:35,427] {logging_mixin.py:109} INFO - [2022-06-16 12:19:35,427] {dagbag.py:500} INFO - Filling up the DagBag from /home/notme/airflow_venv/airflow_venv/lib/python3.8/site-packages/airflow/example_dags/example_dag_decorator.py
[2022-06-16 12:19:35,448] {processor.py:652} INFO - DAG(s) dict_keys(['example_dag_decorator']) retrieved from /home/notme/airflow_venv/airflow_venv/lib/python3.8/site-packages/airflow/example_dags/example_dag_decorator.py
[2022-06-16 12:19:35,630] {logging_mixin.py:109} INFO - [2022-06-16 12:19:35,630] {dag.py:2398} INFO - Sync 1 DAGs
[2022-06-16 12:19:35,640] {logging_mixin.py:109} INFO - [2022-06-16 12:19:35,640] {dag.py:2937} INFO - Setting next_dagrun for example_dag_decorator to None
[2022-06-16 12:19:35,690] {processor.py:171} INFO - Processing /home/notme/airflow_venv/airflow_venv/lib/python3.8/site-packages/airflow/example_dags/example_dag_decorator.py took 0.268 seconds
[2022-06-16 12:20:10,194] {processor.py:163} INFO - Started process (PID=2701) to work on /home/notme/airflow_venv/airflow_venv/lib/python3.8/site-packages/airflow/example_dags/example_dag_decorator.py
[2022-06-16 12:20:10,196] {processor.py:642} INFO - Processing file /home/notme/airflow_venv/airflow_venv/lib/python3.8/site-packages/airflow/example_dags/example_dag_decorator.py for tasks to queue
[2022-06-16 12:20:10,197] {logging_mixin.py:109} INFO - [2022-06-16 12:20:10,197] {dagbag.py:500} INFO - Filling up the DagBag from /home/notme/airflow_venv/airflow_venv/lib/python3.8/site-packages/airflow/example_dags/example_dag_decorator.py
[2022-06-16 12:20:10,213] {processor.py:652} INFO - DAG(s) dict_keys(['example_dag_decorator']) retrieved from /home/notme/airflow_venv/airflow_venv/lib/python3.8/site-packages/airflow/example_dags/example_dag_decorator.py
[2022-06-16 12:20:10,376] {logging_mixin.py:109} INFO - [2022-06-16 12:20:10,376] {dag.py:2398} INFO - Sync 1 DAGs
[2022-06-16 12:20:10,385] {logging_mixin.py:109} INFO - [2022-06-16 12:20:10,385] {dag.py:2937} INFO - Setting next_dagrun for example_dag_decorator to None
[2022-06-16 12:20:10,399] {processor.py:171} INFO - Processing /home/notme/airflow_venv/airflow_venv/lib/python3.8/site-packages/airflow/example_dags/example_dag_decorator.py took 0.207 seconds
[2022-06-16 12:20:42,804] {processor.py:163} INFO - Started process (PID=2742) to work on /home/notme/airflow_venv/airflow_venv/lib/python3.8/site-packages/airflow/example_dags/example_dag_decorator.py
[2022-06-16 12:20:42,805] {processor.py:642} INFO - Processing file /home/notme/airflow_venv/airflow_venv/lib/python3.8/site-packages/airflow/example_dags/example_dag_decorator.py for tasks to queue
[2022-06-16 12:20:42,805] {logging_mixin.py:109} INFO - [2022-06-16 12:20:42,805] {dagbag.py:500} INFO - Filling up the DagBag from /home/notme/airflow_venv/airflow_venv/lib/python3.8/site-packages/airflow/example_dags/example_dag_decorator.py
[2022-06-16 12:20:42,823] {processor.py:652} INFO - DAG(s) dict_keys(['example_dag_decorator']) retrieved from /home/notme/airflow_venv/airflow_venv/lib/python3.8/site-packages/airflow/example_dags/example_dag_decorator.py
[2022-06-16 12:20:42,972] {logging_mixin.py:109} INFO - [2022-06-16 12:20:42,972] {dag.py:2398} INFO - Sync 1 DAGs
[2022-06-16 12:20:42,980] {logging_mixin.py:109} INFO - [2022-06-16 12:20:42,980] {dag.py:2937} INFO - Setting next_dagrun for example_dag_decorator to None
[2022-06-16 12:20:42,997] {processor.py:171} INFO - Processing /home/notme/airflow_venv/airflow_venv/lib/python3.8/site-packages/airflow/example_dags/example_dag_decorator.py took 0.195 seconds
[2022-06-16 12:21:16,795] {processor.py:163} INFO - Started process (PID=2783) to work on /home/notme/airflow_venv/airflow_venv/lib/python3.8/site-packages/airflow/example_dags/example_dag_decorator.py
[2022-06-16 12:21:16,797] {processor.py:642} INFO - Processing file /home/notme/airflow_venv/airflow_venv/lib/python3.8/site-packages/airflow/example_dags/example_dag_decorator.py for tasks to queue
[2022-06-16 12:21:16,797] {logging_mixin.py:109} INFO - [2022-06-16 12:21:16,797] {dagbag.py:500} INFO - Filling up the DagBag from /home/notme/airflow_venv/airflow_venv/lib/python3.8/site-packages/airflow/example_dags/example_dag_decorator.py
[2022-06-16 12:21:16,818] {processor.py:652} INFO - DAG(s) dict_keys(['example_dag_decorator']) retrieved from /home/notme/airflow_venv/airflow_venv/lib/python3.8/site-packages/airflow/example_dags/example_dag_decorator.py
[2022-06-16 12:21:16,975] {logging_mixin.py:109} INFO - [2022-06-16 12:21:16,975] {dag.py:2398} INFO - Sync 1 DAGs
[2022-06-16 12:21:16,985] {logging_mixin.py:109} INFO - [2022-06-16 12:21:16,985] {dag.py:2937} INFO - Setting next_dagrun for example_dag_decorator to None
[2022-06-16 12:21:17,000] {processor.py:171} INFO - Processing /home/notme/airflow_venv/airflow_venv/lib/python3.8/site-packages/airflow/example_dags/example_dag_decorator.py took 0.207 seconds
[2022-06-16 12:21:51,000] {processor.py:163} INFO - Started process (PID=3122) to work on /home/notme/airflow_venv/airflow_venv/lib/python3.8/site-packages/airflow/example_dags/example_dag_decorator.py
[2022-06-16 12:21:51,001] {processor.py:642} INFO - Processing file /home/notme/airflow_venv/airflow_venv/lib/python3.8/site-packages/airflow/example_dags/example_dag_decorator.py for tasks to queue
[2022-06-16 12:21:51,002] {logging_mixin.py:109} INFO - [2022-06-16 12:21:51,002] {dagbag.py:500} INFO - Filling up the DagBag from /home/notme/airflow_venv/airflow_venv/lib/python3.8/site-packages/airflow/example_dags/example_dag_decorator.py
[2022-06-16 12:21:51,026] {processor.py:652} INFO - DAG(s) dict_keys(['example_dag_decorator']) retrieved from /home/notme/airflow_venv/airflow_venv/lib/python3.8/site-packages/airflow/example_dags/example_dag_decorator.py
[2022-06-16 12:21:51,217] {logging_mixin.py:109} INFO - [2022-06-16 12:21:51,217] {dag.py:2398} INFO - Sync 1 DAGs
[2022-06-16 12:21:51,231] {logging_mixin.py:109} INFO - [2022-06-16 12:21:51,231] {dag.py:2937} INFO - Setting next_dagrun for example_dag_decorator to None
[2022-06-16 12:21:51,250] {processor.py:171} INFO - Processing /home/notme/airflow_venv/airflow_venv/lib/python3.8/site-packages/airflow/example_dags/example_dag_decorator.py took 0.253 seconds
[2022-06-16 12:22:24,124] {processor.py:163} INFO - Started process (PID=3344) to work on /home/notme/airflow_venv/airflow_venv/lib/python3.8/site-packages/airflow/example_dags/example_dag_decorator.py
[2022-06-16 12:22:24,125] {processor.py:642} INFO - Processing file /home/notme/airflow_venv/airflow_venv/lib/python3.8/site-packages/airflow/example_dags/example_dag_decorator.py for tasks to queue
[2022-06-16 12:22:24,125] {logging_mixin.py:109} INFO - [2022-06-16 12:22:24,125] {dagbag.py:500} INFO - Filling up the DagBag from /home/notme/airflow_venv/airflow_venv/lib/python3.8/site-packages/airflow/example_dags/example_dag_decorator.py
[2022-06-16 12:22:24,146] {processor.py:652} INFO - DAG(s) dict_keys(['example_dag_decorator']) retrieved from /home/notme/airflow_venv/airflow_venv/lib/python3.8/site-packages/airflow/example_dags/example_dag_decorator.py
[2022-06-16 12:22:24,308] {logging_mixin.py:109} INFO - [2022-06-16 12:22:24,308] {dag.py:2398} INFO - Sync 1 DAGs
[2022-06-16 12:22:24,319] {logging_mixin.py:109} INFO - [2022-06-16 12:22:24,319] {dag.py:2937} INFO - Setting next_dagrun for example_dag_decorator to None
[2022-06-16 12:22:24,334] {processor.py:171} INFO - Processing /home/notme/airflow_venv/airflow_venv/lib/python3.8/site-packages/airflow/example_dags/example_dag_decorator.py took 0.212 seconds
[2022-06-16 12:22:57,635] {processor.py:163} INFO - Started process (PID=3474) to work on /home/notme/airflow_venv/airflow_venv/lib/python3.8/site-packages/airflow/example_dags/example_dag_decorator.py
[2022-06-16 12:22:57,637] {processor.py:642} INFO - Processing file /home/notme/airflow_venv/airflow_venv/lib/python3.8/site-packages/airflow/example_dags/example_dag_decorator.py for tasks to queue
[2022-06-16 12:22:57,637] {logging_mixin.py:109} INFO - [2022-06-16 12:22:57,637] {dagbag.py:500} INFO - Filling up the DagBag from /home/notme/airflow_venv/airflow_venv/lib/python3.8/site-packages/airflow/example_dags/example_dag_decorator.py
[2022-06-16 12:22:57,660] {processor.py:652} INFO - DAG(s) dict_keys(['example_dag_decorator']) retrieved from /home/notme/airflow_venv/airflow_venv/lib/python3.8/site-packages/airflow/example_dags/example_dag_decorator.py
[2022-06-16 12:22:57,854] {logging_mixin.py:109} INFO - [2022-06-16 12:22:57,854] {dag.py:2398} INFO - Sync 1 DAGs
[2022-06-16 12:22:57,868] {logging_mixin.py:109} INFO - [2022-06-16 12:22:57,868] {dag.py:2937} INFO - Setting next_dagrun for example_dag_decorator to None
[2022-06-16 12:22:57,882] {processor.py:171} INFO - Processing /home/notme/airflow_venv/airflow_venv/lib/python3.8/site-packages/airflow/example_dags/example_dag_decorator.py took 0.249 seconds
[2022-06-16 12:23:30,787] {processor.py:163} INFO - Started process (PID=3852) to work on /home/notme/airflow_venv/airflow_venv/lib/python3.8/site-packages/airflow/example_dags/example_dag_decorator.py
[2022-06-16 12:23:30,788] {processor.py:642} INFO - Processing file /home/notme/airflow_venv/airflow_venv/lib/python3.8/site-packages/airflow/example_dags/example_dag_decorator.py for tasks to queue
[2022-06-16 12:23:30,788] {logging_mixin.py:109} INFO - [2022-06-16 12:23:30,788] {dagbag.py:500} INFO - Filling up the DagBag from /home/notme/airflow_venv/airflow_venv/lib/python3.8/site-packages/airflow/example_dags/example_dag_decorator.py
[2022-06-16 12:23:30,807] {processor.py:652} INFO - DAG(s) dict_keys(['example_dag_decorator']) retrieved from /home/notme/airflow_venv/airflow_venv/lib/python3.8/site-packages/airflow/example_dags/example_dag_decorator.py
[2022-06-16 12:23:30,967] {logging_mixin.py:109} INFO - [2022-06-16 12:23:30,967] {dag.py:2398} INFO - Sync 1 DAGs
[2022-06-16 12:23:30,977] {logging_mixin.py:109} INFO - [2022-06-16 12:23:30,977] {dag.py:2937} INFO - Setting next_dagrun for example_dag_decorator to None
[2022-06-16 12:23:30,991] {processor.py:171} INFO - Processing /home/notme/airflow_venv/airflow_venv/lib/python3.8/site-packages/airflow/example_dags/example_dag_decorator.py took 0.207 seconds
[2022-06-16 12:24:03,343] {processor.py:163} INFO - Started process (PID=3895) to work on /home/notme/airflow_venv/airflow_venv/lib/python3.8/site-packages/airflow/example_dags/example_dag_decorator.py
[2022-06-16 12:24:03,344] {processor.py:642} INFO - Processing file /home/notme/airflow_venv/airflow_venv/lib/python3.8/site-packages/airflow/example_dags/example_dag_decorator.py for tasks to queue
[2022-06-16 12:24:03,345] {logging_mixin.py:109} INFO - [2022-06-16 12:24:03,345] {dagbag.py:500} INFO - Filling up the DagBag from /home/notme/airflow_venv/airflow_venv/lib/python3.8/site-packages/airflow/example_dags/example_dag_decorator.py
[2022-06-16 12:24:03,363] {processor.py:652} INFO - DAG(s) dict_keys(['example_dag_decorator']) retrieved from /home/notme/airflow_venv/airflow_venv/lib/python3.8/site-packages/airflow/example_dags/example_dag_decorator.py
[2022-06-16 12:24:03,506] {logging_mixin.py:109} INFO - [2022-06-16 12:24:03,506] {dag.py:2398} INFO - Sync 1 DAGs
[2022-06-16 12:24:03,514] {logging_mixin.py:109} INFO - [2022-06-16 12:24:03,514] {dag.py:2937} INFO - Setting next_dagrun for example_dag_decorator to None
[2022-06-16 12:24:03,531] {processor.py:171} INFO - Processing /home/notme/airflow_venv/airflow_venv/lib/python3.8/site-packages/airflow/example_dags/example_dag_decorator.py took 0.189 seconds
[2022-06-16 12:24:37,868] {processor.py:163} INFO - Started process (PID=3950) to work on /home/notme/airflow_venv/airflow_venv/lib/python3.8/site-packages/airflow/example_dags/example_dag_decorator.py
[2022-06-16 12:24:37,869] {processor.py:642} INFO - Processing file /home/notme/airflow_venv/airflow_venv/lib/python3.8/site-packages/airflow/example_dags/example_dag_decorator.py for tasks to queue
[2022-06-16 12:24:37,870] {logging_mixin.py:109} INFO - [2022-06-16 12:24:37,870] {dagbag.py:500} INFO - Filling up the DagBag from /home/notme/airflow_venv/airflow_venv/lib/python3.8/site-packages/airflow/example_dags/example_dag_decorator.py
[2022-06-16 12:24:37,894] {processor.py:652} INFO - DAG(s) dict_keys(['example_dag_decorator']) retrieved from /home/notme/airflow_venv/airflow_venv/lib/python3.8/site-packages/airflow/example_dags/example_dag_decorator.py
[2022-06-16 12:24:38,065] {logging_mixin.py:109} INFO - [2022-06-16 12:24:38,065] {dag.py:2398} INFO - Sync 1 DAGs
[2022-06-16 12:24:38,074] {logging_mixin.py:109} INFO - [2022-06-16 12:24:38,074] {dag.py:2937} INFO - Setting next_dagrun for example_dag_decorator to None
[2022-06-16 12:24:38,088] {processor.py:171} INFO - Processing /home/notme/airflow_venv/airflow_venv/lib/python3.8/site-packages/airflow/example_dags/example_dag_decorator.py took 0.222 seconds
[2022-06-16 12:25:09,768] {processor.py:163} INFO - Started process (PID=9597) to work on /home/notme/airflow_venv/airflow_venv/lib/python3.8/site-packages/airflow/example_dags/example_dag_decorator.py
[2022-06-16 12:25:09,769] {processor.py:642} INFO - Processing file /home/notme/airflow_venv/airflow_venv/lib/python3.8/site-packages/airflow/example_dags/example_dag_decorator.py for tasks to queue
[2022-06-16 12:25:09,769] {logging_mixin.py:109} INFO - [2022-06-16 12:25:09,769] {dagbag.py:500} INFO - Filling up the DagBag from /home/notme/airflow_venv/airflow_venv/lib/python3.8/site-packages/airflow/example_dags/example_dag_decorator.py
[2022-06-16 12:25:09,786] {processor.py:652} INFO - DAG(s) dict_keys(['example_dag_decorator']) retrieved from /home/notme/airflow_venv/airflow_venv/lib/python3.8/site-packages/airflow/example_dags/example_dag_decorator.py
[2022-06-16 12:25:09,953] {logging_mixin.py:109} INFO - [2022-06-16 12:25:09,953] {dag.py:2398} INFO - Sync 1 DAGs
[2022-06-16 12:25:09,961] {logging_mixin.py:109} INFO - [2022-06-16 12:25:09,961] {dag.py:2937} INFO - Setting next_dagrun for example_dag_decorator to None
[2022-06-16 12:25:09,975] {processor.py:171} INFO - Processing /home/notme/airflow_venv/airflow_venv/lib/python3.8/site-packages/airflow/example_dags/example_dag_decorator.py took 0.208 seconds
[2022-06-16 12:25:41,121] {processor.py:163} INFO - Started process (PID=9928) to work on /home/notme/airflow_venv/airflow_venv/lib/python3.8/site-packages/airflow/example_dags/example_dag_decorator.py
[2022-06-16 12:25:41,122] {processor.py:642} INFO - Processing file /home/notme/airflow_venv/airflow_venv/lib/python3.8/site-packages/airflow/example_dags/example_dag_decorator.py for tasks to queue
[2022-06-16 12:25:41,123] {logging_mixin.py:109} INFO - [2022-06-16 12:25:41,123] {dagbag.py:500} INFO - Filling up the DagBag from /home/notme/airflow_venv/airflow_venv/lib/python3.8/site-packages/airflow/example_dags/example_dag_decorator.py
[2022-06-16 12:25:41,140] {processor.py:652} INFO - DAG(s) dict_keys(['example_dag_decorator']) retrieved from /home/notme/airflow_venv/airflow_venv/lib/python3.8/site-packages/airflow/example_dags/example_dag_decorator.py
[2022-06-16 12:25:41,287] {logging_mixin.py:109} INFO - [2022-06-16 12:25:41,287] {dag.py:2398} INFO - Sync 1 DAGs
[2022-06-16 12:25:41,295] {logging_mixin.py:109} INFO - [2022-06-16 12:25:41,295] {dag.py:2937} INFO - Setting next_dagrun for example_dag_decorator to None
[2022-06-16 12:25:41,309] {processor.py:171} INFO - Processing /home/notme/airflow_venv/airflow_venv/lib/python3.8/site-packages/airflow/example_dags/example_dag_decorator.py took 0.190 seconds
[2022-06-16 12:26:14,432] {processor.py:163} INFO - Started process (PID=9976) to work on /home/notme/airflow_venv/airflow_venv/lib/python3.8/site-packages/airflow/example_dags/example_dag_decorator.py
[2022-06-16 12:26:14,433] {processor.py:642} INFO - Processing file /home/notme/airflow_venv/airflow_venv/lib/python3.8/site-packages/airflow/example_dags/example_dag_decorator.py for tasks to queue
[2022-06-16 12:26:14,433] {logging_mixin.py:109} INFO - [2022-06-16 12:26:14,433] {dagbag.py:500} INFO - Filling up the DagBag from /home/notme/airflow_venv/airflow_venv/lib/python3.8/site-packages/airflow/example_dags/example_dag_decorator.py
[2022-06-16 12:26:14,453] {processor.py:652} INFO - DAG(s) dict_keys(['example_dag_decorator']) retrieved from /home/notme/airflow_venv/airflow_venv/lib/python3.8/site-packages/airflow/example_dags/example_dag_decorator.py
[2022-06-16 12:26:14,615] {logging_mixin.py:109} INFO - [2022-06-16 12:26:14,615] {dag.py:2398} INFO - Sync 1 DAGs
[2022-06-16 12:26:14,625] {logging_mixin.py:109} INFO - [2022-06-16 12:26:14,625] {dag.py:2937} INFO - Setting next_dagrun for example_dag_decorator to None
[2022-06-16 12:26:14,639] {processor.py:171} INFO - Processing /home/notme/airflow_venv/airflow_venv/lib/python3.8/site-packages/airflow/example_dags/example_dag_decorator.py took 0.209 seconds
[2022-06-16 12:26:46,552] {processor.py:163} INFO - Started process (PID=10393) to work on /home/notme/airflow_venv/airflow_venv/lib/python3.8/site-packages/airflow/example_dags/example_dag_decorator.py
[2022-06-16 12:26:46,553] {processor.py:642} INFO - Processing file /home/notme/airflow_venv/airflow_venv/lib/python3.8/site-packages/airflow/example_dags/example_dag_decorator.py for tasks to queue
[2022-06-16 12:26:46,553] {logging_mixin.py:109} INFO - [2022-06-16 12:26:46,553] {dagbag.py:500} INFO - Filling up the DagBag from /home/notme/airflow_venv/airflow_venv/lib/python3.8/site-packages/airflow/example_dags/example_dag_decorator.py
[2022-06-16 12:26:46,571] {processor.py:652} INFO - DAG(s) dict_keys(['example_dag_decorator']) retrieved from /home/notme/airflow_venv/airflow_venv/lib/python3.8/site-packages/airflow/example_dags/example_dag_decorator.py
[2022-06-16 12:26:46,711] {logging_mixin.py:109} INFO - [2022-06-16 12:26:46,711] {dag.py:2398} INFO - Sync 1 DAGs
[2022-06-16 12:26:46,720] {logging_mixin.py:109} INFO - [2022-06-16 12:26:46,720] {dag.py:2937} INFO - Setting next_dagrun for example_dag_decorator to None
[2022-06-16 12:26:46,736] {processor.py:171} INFO - Processing /home/notme/airflow_venv/airflow_venv/lib/python3.8/site-packages/airflow/example_dags/example_dag_decorator.py took 0.187 seconds
[2022-06-16 12:27:19,419] {processor.py:163} INFO - Started process (PID=10435) to work on /home/notme/airflow_venv/airflow_venv/lib/python3.8/site-packages/airflow/example_dags/example_dag_decorator.py
[2022-06-16 12:27:19,421] {processor.py:642} INFO - Processing file /home/notme/airflow_venv/airflow_venv/lib/python3.8/site-packages/airflow/example_dags/example_dag_decorator.py for tasks to queue
[2022-06-16 12:27:19,421] {logging_mixin.py:109} INFO - [2022-06-16 12:27:19,421] {dagbag.py:500} INFO - Filling up the DagBag from /home/notme/airflow_venv/airflow_venv/lib/python3.8/site-packages/airflow/example_dags/example_dag_decorator.py
[2022-06-16 12:27:19,439] {processor.py:652} INFO - DAG(s) dict_keys(['example_dag_decorator']) retrieved from /home/notme/airflow_venv/airflow_venv/lib/python3.8/site-packages/airflow/example_dags/example_dag_decorator.py
[2022-06-16 12:27:19,590] {logging_mixin.py:109} INFO - [2022-06-16 12:27:19,590] {dag.py:2398} INFO - Sync 1 DAGs
[2022-06-16 12:27:19,601] {logging_mixin.py:109} INFO - [2022-06-16 12:27:19,601] {dag.py:2937} INFO - Setting next_dagrun for example_dag_decorator to None
[2022-06-16 12:27:19,614] {processor.py:171} INFO - Processing /home/notme/airflow_venv/airflow_venv/lib/python3.8/site-packages/airflow/example_dags/example_dag_decorator.py took 0.197 seconds
[2022-06-16 12:27:52,966] {processor.py:163} INFO - Started process (PID=10643) to work on /home/notme/airflow_venv/airflow_venv/lib/python3.8/site-packages/airflow/example_dags/example_dag_decorator.py
[2022-06-16 12:27:52,969] {processor.py:642} INFO - Processing file /home/notme/airflow_venv/airflow_venv/lib/python3.8/site-packages/airflow/example_dags/example_dag_decorator.py for tasks to queue
[2022-06-16 12:27:52,969] {logging_mixin.py:109} INFO - [2022-06-16 12:27:52,969] {dagbag.py:500} INFO - Filling up the DagBag from /home/notme/airflow_venv/airflow_venv/lib/python3.8/site-packages/airflow/example_dags/example_dag_decorator.py
[2022-06-16 12:27:52,986] {processor.py:652} INFO - DAG(s) dict_keys(['example_dag_decorator']) retrieved from /home/notme/airflow_venv/airflow_venv/lib/python3.8/site-packages/airflow/example_dags/example_dag_decorator.py
[2022-06-16 12:27:53,128] {logging_mixin.py:109} INFO - [2022-06-16 12:27:53,128] {dag.py:2398} INFO - Sync 1 DAGs
[2022-06-16 12:27:53,137] {logging_mixin.py:109} INFO - [2022-06-16 12:27:53,137] {dag.py:2937} INFO - Setting next_dagrun for example_dag_decorator to None
[2022-06-16 12:27:53,152] {processor.py:171} INFO - Processing /home/notme/airflow_venv/airflow_venv/lib/python3.8/site-packages/airflow/example_dags/example_dag_decorator.py took 0.187 seconds
[2022-06-16 12:28:27,855] {processor.py:163} INFO - Started process (PID=11012) to work on /home/notme/airflow_venv/airflow_venv/lib/python3.8/site-packages/airflow/example_dags/example_dag_decorator.py
[2022-06-16 12:28:27,856] {processor.py:642} INFO - Processing file /home/notme/airflow_venv/airflow_venv/lib/python3.8/site-packages/airflow/example_dags/example_dag_decorator.py for tasks to queue
[2022-06-16 12:28:27,856] {logging_mixin.py:109} INFO - [2022-06-16 12:28:27,856] {dagbag.py:500} INFO - Filling up the DagBag from /home/notme/airflow_venv/airflow_venv/lib/python3.8/site-packages/airflow/example_dags/example_dag_decorator.py
[2022-06-16 12:28:27,879] {processor.py:652} INFO - DAG(s) dict_keys(['example_dag_decorator']) retrieved from /home/notme/airflow_venv/airflow_venv/lib/python3.8/site-packages/airflow/example_dags/example_dag_decorator.py
[2022-06-16 12:28:28,035] {logging_mixin.py:109} INFO - [2022-06-16 12:28:28,035] {dag.py:2398} INFO - Sync 1 DAGs
[2022-06-16 12:28:28,045] {logging_mixin.py:109} INFO - [2022-06-16 12:28:28,045] {dag.py:2937} INFO - Setting next_dagrun for example_dag_decorator to None
[2022-06-16 12:28:28,058] {processor.py:171} INFO - Processing /home/notme/airflow_venv/airflow_venv/lib/python3.8/site-packages/airflow/example_dags/example_dag_decorator.py took 0.206 seconds
[2022-06-16 12:29:03,182] {processor.py:163} INFO - Started process (PID=11068) to work on /home/notme/airflow_venv/airflow_venv/lib/python3.8/site-packages/airflow/example_dags/example_dag_decorator.py
[2022-06-16 12:29:03,183] {processor.py:642} INFO - Processing file /home/notme/airflow_venv/airflow_venv/lib/python3.8/site-packages/airflow/example_dags/example_dag_decorator.py for tasks to queue
[2022-06-16 12:29:03,184] {logging_mixin.py:109} INFO - [2022-06-16 12:29:03,184] {dagbag.py:500} INFO - Filling up the DagBag from /home/notme/airflow_venv/airflow_venv/lib/python3.8/site-packages/airflow/example_dags/example_dag_decorator.py
[2022-06-16 12:29:03,202] {processor.py:652} INFO - DAG(s) dict_keys(['example_dag_decorator']) retrieved from /home/notme/airflow_venv/airflow_venv/lib/python3.8/site-packages/airflow/example_dags/example_dag_decorator.py
[2022-06-16 12:29:03,363] {logging_mixin.py:109} INFO - [2022-06-16 12:29:03,363] {dag.py:2398} INFO - Sync 1 DAGs
[2022-06-16 12:29:03,372] {logging_mixin.py:109} INFO - [2022-06-16 12:29:03,372] {dag.py:2937} INFO - Setting next_dagrun for example_dag_decorator to None
[2022-06-16 12:29:03,386] {processor.py:171} INFO - Processing /home/notme/airflow_venv/airflow_venv/lib/python3.8/site-packages/airflow/example_dags/example_dag_decorator.py took 0.206 seconds
[2022-06-16 12:29:34,924] {processor.py:163} INFO - Started process (PID=11115) to work on /home/notme/airflow_venv/airflow_venv/lib/python3.8/site-packages/airflow/example_dags/example_dag_decorator.py
[2022-06-16 12:29:34,925] {processor.py:642} INFO - Processing file /home/notme/airflow_venv/airflow_venv/lib/python3.8/site-packages/airflow/example_dags/example_dag_decorator.py for tasks to queue
[2022-06-16 12:29:34,925] {logging_mixin.py:109} INFO - [2022-06-16 12:29:34,925] {dagbag.py:500} INFO - Filling up the DagBag from /home/notme/airflow_venv/airflow_venv/lib/python3.8/site-packages/airflow/example_dags/example_dag_decorator.py
[2022-06-16 12:29:34,940] {processor.py:652} INFO - DAG(s) dict_keys(['example_dag_decorator']) retrieved from /home/notme/airflow_venv/airflow_venv/lib/python3.8/site-packages/airflow/example_dags/example_dag_decorator.py
[2022-06-16 12:29:35,086] {logging_mixin.py:109} INFO - [2022-06-16 12:29:35,085] {dag.py:2398} INFO - Sync 1 DAGs
[2022-06-16 12:29:35,094] {logging_mixin.py:109} INFO - [2022-06-16 12:29:35,094] {dag.py:2937} INFO - Setting next_dagrun for example_dag_decorator to None
[2022-06-16 12:29:35,111] {processor.py:171} INFO - Processing /home/notme/airflow_venv/airflow_venv/lib/python3.8/site-packages/airflow/example_dags/example_dag_decorator.py took 0.189 seconds
[2022-06-16 12:30:09,134] {processor.py:163} INFO - Started process (PID=11319) to work on /home/notme/airflow_venv/airflow_venv/lib/python3.8/site-packages/airflow/example_dags/example_dag_decorator.py
[2022-06-16 12:30:09,135] {processor.py:642} INFO - Processing file /home/notme/airflow_venv/airflow_venv/lib/python3.8/site-packages/airflow/example_dags/example_dag_decorator.py for tasks to queue
[2022-06-16 12:30:09,135] {logging_mixin.py:109} INFO - [2022-06-16 12:30:09,135] {dagbag.py:500} INFO - Filling up the DagBag from /home/notme/airflow_venv/airflow_venv/lib/python3.8/site-packages/airflow/example_dags/example_dag_decorator.py
[2022-06-16 12:30:09,152] {processor.py:652} INFO - DAG(s) dict_keys(['example_dag_decorator']) retrieved from /home/notme/airflow_venv/airflow_venv/lib/python3.8/site-packages/airflow/example_dags/example_dag_decorator.py
[2022-06-16 12:30:09,289] {logging_mixin.py:109} INFO - [2022-06-16 12:30:09,289] {dag.py:2398} INFO - Sync 1 DAGs
[2022-06-16 12:30:09,297] {logging_mixin.py:109} INFO - [2022-06-16 12:30:09,297] {dag.py:2937} INFO - Setting next_dagrun for example_dag_decorator to None
[2022-06-16 12:30:09,310] {processor.py:171} INFO - Processing /home/notme/airflow_venv/airflow_venv/lib/python3.8/site-packages/airflow/example_dags/example_dag_decorator.py took 0.178 seconds
[2022-06-16 12:30:41,667] {processor.py:163} INFO - Started process (PID=11361) to work on /home/notme/airflow_venv/airflow_venv/lib/python3.8/site-packages/airflow/example_dags/example_dag_decorator.py
[2022-06-16 12:30:41,668] {processor.py:642} INFO - Processing file /home/notme/airflow_venv/airflow_venv/lib/python3.8/site-packages/airflow/example_dags/example_dag_decorator.py for tasks to queue
[2022-06-16 12:30:41,669] {logging_mixin.py:109} INFO - [2022-06-16 12:30:41,669] {dagbag.py:500} INFO - Filling up the DagBag from /home/notme/airflow_venv/airflow_venv/lib/python3.8/site-packages/airflow/example_dags/example_dag_decorator.py
[2022-06-16 12:30:41,685] {processor.py:652} INFO - DAG(s) dict_keys(['example_dag_decorator']) retrieved from /home/notme/airflow_venv/airflow_venv/lib/python3.8/site-packages/airflow/example_dags/example_dag_decorator.py
[2022-06-16 12:30:41,822] {logging_mixin.py:109} INFO - [2022-06-16 12:30:41,822] {dag.py:2398} INFO - Sync 1 DAGs
[2022-06-16 12:30:41,831] {logging_mixin.py:109} INFO - [2022-06-16 12:30:41,831] {dag.py:2937} INFO - Setting next_dagrun for example_dag_decorator to None
[2022-06-16 12:30:41,844] {processor.py:171} INFO - Processing /home/notme/airflow_venv/airflow_venv/lib/python3.8/site-packages/airflow/example_dags/example_dag_decorator.py took 0.179 seconds
