[2022-06-16 12:15:49,356] {processor.py:163} INFO - Started process (PID=1395) to work on /home/notme/airflow_venv/airflow_venv/lib/python3.8/site-packages/airflow/example_dags/example_latest_only_with_trigger.py
[2022-06-16 12:15:49,357] {processor.py:642} INFO - Processing file /home/notme/airflow_venv/airflow_venv/lib/python3.8/site-packages/airflow/example_dags/example_latest_only_with_trigger.py for tasks to queue
[2022-06-16 12:15:49,357] {logging_mixin.py:109} INFO - [2022-06-16 12:15:49,357] {dagbag.py:500} INFO - Filling up the DagBag from /home/notme/airflow_venv/airflow_venv/lib/python3.8/site-packages/airflow/example_dags/example_latest_only_with_trigger.py
[2022-06-16 12:15:49,368] {processor.py:652} INFO - DAG(s) dict_keys(['latest_only_with_trigger']) retrieved from /home/notme/airflow_venv/airflow_venv/lib/python3.8/site-packages/airflow/example_dags/example_latest_only_with_trigger.py
[2022-06-16 12:15:49,377] {logging_mixin.py:109} INFO - [2022-06-16 12:15:49,377] {dag.py:2398} INFO - Sync 1 DAGs
[2022-06-16 12:15:49,387] {logging_mixin.py:109} INFO - [2022-06-16 12:15:49,387] {dag.py:2937} INFO - Setting next_dagrun for latest_only_with_trigger to 2022-06-16T06:15:49.387222+00:00
[2022-06-16 12:15:49,412] {processor.py:171} INFO - Processing /home/notme/airflow_venv/airflow_venv/lib/python3.8/site-packages/airflow/example_dags/example_latest_only_with_trigger.py took 0.057 seconds
[2022-06-16 12:16:23,863] {processor.py:163} INFO - Started process (PID=1437) to work on /home/notme/airflow_venv/airflow_venv/lib/python3.8/site-packages/airflow/example_dags/example_latest_only_with_trigger.py
[2022-06-16 12:16:23,864] {processor.py:642} INFO - Processing file /home/notme/airflow_venv/airflow_venv/lib/python3.8/site-packages/airflow/example_dags/example_latest_only_with_trigger.py for tasks to queue
[2022-06-16 12:16:23,865] {logging_mixin.py:109} INFO - [2022-06-16 12:16:23,865] {dagbag.py:500} INFO - Filling up the DagBag from /home/notme/airflow_venv/airflow_venv/lib/python3.8/site-packages/airflow/example_dags/example_latest_only_with_trigger.py
[2022-06-16 12:16:23,875] {processor.py:652} INFO - DAG(s) dict_keys(['latest_only_with_trigger']) retrieved from /home/notme/airflow_venv/airflow_venv/lib/python3.8/site-packages/airflow/example_dags/example_latest_only_with_trigger.py
[2022-06-16 12:16:23,884] {logging_mixin.py:109} INFO - [2022-06-16 12:16:23,884] {dag.py:2398} INFO - Sync 1 DAGs
[2022-06-16 12:16:23,893] {logging_mixin.py:109} INFO - [2022-06-16 12:16:23,893] {dag.py:2937} INFO - Setting next_dagrun for latest_only_with_trigger to 2022-06-16T06:16:23.893468+00:00
[2022-06-16 12:16:23,909] {processor.py:171} INFO - Processing /home/notme/airflow_venv/airflow_venv/lib/python3.8/site-packages/airflow/example_dags/example_latest_only_with_trigger.py took 0.048 seconds
[2022-06-16 12:16:57,938] {processor.py:163} INFO - Started process (PID=1784) to work on /home/notme/airflow_venv/airflow_venv/lib/python3.8/site-packages/airflow/example_dags/example_latest_only_with_trigger.py
[2022-06-16 12:16:57,941] {processor.py:642} INFO - Processing file /home/notme/airflow_venv/airflow_venv/lib/python3.8/site-packages/airflow/example_dags/example_latest_only_with_trigger.py for tasks to queue
[2022-06-16 12:16:57,942] {logging_mixin.py:109} INFO - [2022-06-16 12:16:57,941] {dagbag.py:500} INFO - Filling up the DagBag from /home/notme/airflow_venv/airflow_venv/lib/python3.8/site-packages/airflow/example_dags/example_latest_only_with_trigger.py
[2022-06-16 12:16:57,952] {processor.py:652} INFO - DAG(s) dict_keys(['latest_only_with_trigger']) retrieved from /home/notme/airflow_venv/airflow_venv/lib/python3.8/site-packages/airflow/example_dags/example_latest_only_with_trigger.py
[2022-06-16 12:16:57,961] {logging_mixin.py:109} INFO - [2022-06-16 12:16:57,960] {dag.py:2398} INFO - Sync 1 DAGs
[2022-06-16 12:16:57,973] {logging_mixin.py:109} INFO - [2022-06-16 12:16:57,973] {dag.py:2937} INFO - Setting next_dagrun for latest_only_with_trigger to 2022-06-16T06:16:57.973045+00:00
[2022-06-16 12:16:57,993] {processor.py:171} INFO - Processing /home/notme/airflow_venv/airflow_venv/lib/python3.8/site-packages/airflow/example_dags/example_latest_only_with_trigger.py took 0.057 seconds
[2022-06-16 12:17:31,712] {processor.py:163} INFO - Started process (PID=1837) to work on /home/notme/airflow_venv/airflow_venv/lib/python3.8/site-packages/airflow/example_dags/example_latest_only_with_trigger.py
[2022-06-16 12:17:31,713] {processor.py:642} INFO - Processing file /home/notme/airflow_venv/airflow_venv/lib/python3.8/site-packages/airflow/example_dags/example_latest_only_with_trigger.py for tasks to queue
[2022-06-16 12:17:31,714] {logging_mixin.py:109} INFO - [2022-06-16 12:17:31,714] {dagbag.py:500} INFO - Filling up the DagBag from /home/notme/airflow_venv/airflow_venv/lib/python3.8/site-packages/airflow/example_dags/example_latest_only_with_trigger.py
[2022-06-16 12:17:31,725] {processor.py:652} INFO - DAG(s) dict_keys(['latest_only_with_trigger']) retrieved from /home/notme/airflow_venv/airflow_venv/lib/python3.8/site-packages/airflow/example_dags/example_latest_only_with_trigger.py
[2022-06-16 12:17:31,736] {logging_mixin.py:109} INFO - [2022-06-16 12:17:31,736] {dag.py:2398} INFO - Sync 1 DAGs
[2022-06-16 12:17:31,746] {logging_mixin.py:109} INFO - [2022-06-16 12:17:31,746] {dag.py:2937} INFO - Setting next_dagrun for latest_only_with_trigger to 2022-06-16T06:17:31.745966+00:00
[2022-06-16 12:17:31,762] {processor.py:171} INFO - Processing /home/notme/airflow_venv/airflow_venv/lib/python3.8/site-packages/airflow/example_dags/example_latest_only_with_trigger.py took 0.052 seconds
[2022-06-16 12:18:07,176] {processor.py:163} INFO - Started process (PID=2143) to work on /home/notme/airflow_venv/airflow_venv/lib/python3.8/site-packages/airflow/example_dags/example_latest_only_with_trigger.py
[2022-06-16 12:18:07,178] {processor.py:642} INFO - Processing file /home/notme/airflow_venv/airflow_venv/lib/python3.8/site-packages/airflow/example_dags/example_latest_only_with_trigger.py for tasks to queue
[2022-06-16 12:18:07,179] {logging_mixin.py:109} INFO - [2022-06-16 12:18:07,179] {dagbag.py:500} INFO - Filling up the DagBag from /home/notme/airflow_venv/airflow_venv/lib/python3.8/site-packages/airflow/example_dags/example_latest_only_with_trigger.py
[2022-06-16 12:18:07,195] {processor.py:652} INFO - DAG(s) dict_keys(['latest_only_with_trigger']) retrieved from /home/notme/airflow_venv/airflow_venv/lib/python3.8/site-packages/airflow/example_dags/example_latest_only_with_trigger.py
[2022-06-16 12:18:07,208] {logging_mixin.py:109} INFO - [2022-06-16 12:18:07,208] {dag.py:2398} INFO - Sync 1 DAGs
[2022-06-16 12:18:07,221] {logging_mixin.py:109} INFO - [2022-06-16 12:18:07,221] {dag.py:2937} INFO - Setting next_dagrun for latest_only_with_trigger to 2022-06-16T06:18:07.220812+00:00
[2022-06-16 12:18:07,236] {processor.py:171} INFO - Processing /home/notme/airflow_venv/airflow_venv/lib/python3.8/site-packages/airflow/example_dags/example_latest_only_with_trigger.py took 0.062 seconds
[2022-06-16 12:18:42,428] {processor.py:163} INFO - Started process (PID=2184) to work on /home/notme/airflow_venv/airflow_venv/lib/python3.8/site-packages/airflow/example_dags/example_latest_only_with_trigger.py
[2022-06-16 12:18:42,429] {processor.py:642} INFO - Processing file /home/notme/airflow_venv/airflow_venv/lib/python3.8/site-packages/airflow/example_dags/example_latest_only_with_trigger.py for tasks to queue
[2022-06-16 12:18:42,430] {logging_mixin.py:109} INFO - [2022-06-16 12:18:42,430] {dagbag.py:500} INFO - Filling up the DagBag from /home/notme/airflow_venv/airflow_venv/lib/python3.8/site-packages/airflow/example_dags/example_latest_only_with_trigger.py
[2022-06-16 12:18:42,443] {processor.py:652} INFO - DAG(s) dict_keys(['latest_only_with_trigger']) retrieved from /home/notme/airflow_venv/airflow_venv/lib/python3.8/site-packages/airflow/example_dags/example_latest_only_with_trigger.py
[2022-06-16 12:18:42,456] {logging_mixin.py:109} INFO - [2022-06-16 12:18:42,456] {dag.py:2398} INFO - Sync 1 DAGs
[2022-06-16 12:18:42,469] {logging_mixin.py:109} INFO - [2022-06-16 12:18:42,469] {dag.py:2937} INFO - Setting next_dagrun for latest_only_with_trigger to 2022-06-16T06:18:42.468689+00:00
[2022-06-16 12:18:42,486] {processor.py:171} INFO - Processing /home/notme/airflow_venv/airflow_venv/lib/python3.8/site-packages/airflow/example_dags/example_latest_only_with_trigger.py took 0.060 seconds
[2022-06-16 12:19:18,047] {processor.py:163} INFO - Started process (PID=2457) to work on /home/notme/airflow_venv/airflow_venv/lib/python3.8/site-packages/airflow/example_dags/example_latest_only_with_trigger.py
[2022-06-16 12:19:18,048] {processor.py:642} INFO - Processing file /home/notme/airflow_venv/airflow_venv/lib/python3.8/site-packages/airflow/example_dags/example_latest_only_with_trigger.py for tasks to queue
[2022-06-16 12:19:18,048] {logging_mixin.py:109} INFO - [2022-06-16 12:19:18,048] {dagbag.py:500} INFO - Filling up the DagBag from /home/notme/airflow_venv/airflow_venv/lib/python3.8/site-packages/airflow/example_dags/example_latest_only_with_trigger.py
[2022-06-16 12:19:18,058] {processor.py:652} INFO - DAG(s) dict_keys(['latest_only_with_trigger']) retrieved from /home/notme/airflow_venv/airflow_venv/lib/python3.8/site-packages/airflow/example_dags/example_latest_only_with_trigger.py
[2022-06-16 12:19:18,068] {logging_mixin.py:109} INFO - [2022-06-16 12:19:18,068] {dag.py:2398} INFO - Sync 1 DAGs
[2022-06-16 12:19:18,084] {logging_mixin.py:109} INFO - [2022-06-16 12:19:18,083] {dag.py:2937} INFO - Setting next_dagrun for latest_only_with_trigger to 2022-06-16T06:19:18.083608+00:00
[2022-06-16 12:19:18,098] {processor.py:171} INFO - Processing /home/notme/airflow_venv/airflow_venv/lib/python3.8/site-packages/airflow/example_dags/example_latest_only_with_trigger.py took 0.053 seconds
[2022-06-16 12:19:52,242] {processor.py:163} INFO - Started process (PID=2675) to work on /home/notme/airflow_venv/airflow_venv/lib/python3.8/site-packages/airflow/example_dags/example_latest_only_with_trigger.py
[2022-06-16 12:19:52,243] {processor.py:642} INFO - Processing file /home/notme/airflow_venv/airflow_venv/lib/python3.8/site-packages/airflow/example_dags/example_latest_only_with_trigger.py for tasks to queue
[2022-06-16 12:19:52,244] {logging_mixin.py:109} INFO - [2022-06-16 12:19:52,244] {dagbag.py:500} INFO - Filling up the DagBag from /home/notme/airflow_venv/airflow_venv/lib/python3.8/site-packages/airflow/example_dags/example_latest_only_with_trigger.py
[2022-06-16 12:19:52,254] {processor.py:652} INFO - DAG(s) dict_keys(['latest_only_with_trigger']) retrieved from /home/notme/airflow_venv/airflow_venv/lib/python3.8/site-packages/airflow/example_dags/example_latest_only_with_trigger.py
[2022-06-16 12:19:52,265] {logging_mixin.py:109} INFO - [2022-06-16 12:19:52,265] {dag.py:2398} INFO - Sync 1 DAGs
[2022-06-16 12:19:52,277] {logging_mixin.py:109} INFO - [2022-06-16 12:19:52,277] {dag.py:2937} INFO - Setting next_dagrun for latest_only_with_trigger to 2022-06-16T06:19:52.277267+00:00
[2022-06-16 12:19:52,292] {processor.py:171} INFO - Processing /home/notme/airflow_venv/airflow_venv/lib/python3.8/site-packages/airflow/example_dags/example_latest_only_with_trigger.py took 0.051 seconds
[2022-06-16 12:20:27,204] {processor.py:163} INFO - Started process (PID=2719) to work on /home/notme/airflow_venv/airflow_venv/lib/python3.8/site-packages/airflow/example_dags/example_latest_only_with_trigger.py
[2022-06-16 12:20:27,207] {processor.py:642} INFO - Processing file /home/notme/airflow_venv/airflow_venv/lib/python3.8/site-packages/airflow/example_dags/example_latest_only_with_trigger.py for tasks to queue
[2022-06-16 12:20:27,208] {logging_mixin.py:109} INFO - [2022-06-16 12:20:27,208] {dagbag.py:500} INFO - Filling up the DagBag from /home/notme/airflow_venv/airflow_venv/lib/python3.8/site-packages/airflow/example_dags/example_latest_only_with_trigger.py
[2022-06-16 12:20:27,219] {processor.py:652} INFO - DAG(s) dict_keys(['latest_only_with_trigger']) retrieved from /home/notme/airflow_venv/airflow_venv/lib/python3.8/site-packages/airflow/example_dags/example_latest_only_with_trigger.py
[2022-06-16 12:20:27,230] {logging_mixin.py:109} INFO - [2022-06-16 12:20:27,230] {dag.py:2398} INFO - Sync 1 DAGs
[2022-06-16 12:20:27,241] {logging_mixin.py:109} INFO - [2022-06-16 12:20:27,241] {dag.py:2937} INFO - Setting next_dagrun for latest_only_with_trigger to 2022-06-16T06:20:27.240897+00:00
[2022-06-16 12:20:27,259] {processor.py:171} INFO - Processing /home/notme/airflow_venv/airflow_venv/lib/python3.8/site-packages/airflow/example_dags/example_latest_only_with_trigger.py took 0.056 seconds
[2022-06-16 12:21:02,787] {processor.py:163} INFO - Started process (PID=2762) to work on /home/notme/airflow_venv/airflow_venv/lib/python3.8/site-packages/airflow/example_dags/example_latest_only_with_trigger.py
[2022-06-16 12:21:02,788] {processor.py:642} INFO - Processing file /home/notme/airflow_venv/airflow_venv/lib/python3.8/site-packages/airflow/example_dags/example_latest_only_with_trigger.py for tasks to queue
[2022-06-16 12:21:02,788] {logging_mixin.py:109} INFO - [2022-06-16 12:21:02,788] {dagbag.py:500} INFO - Filling up the DagBag from /home/notme/airflow_venv/airflow_venv/lib/python3.8/site-packages/airflow/example_dags/example_latest_only_with_trigger.py
[2022-06-16 12:21:02,799] {processor.py:652} INFO - DAG(s) dict_keys(['latest_only_with_trigger']) retrieved from /home/notme/airflow_venv/airflow_venv/lib/python3.8/site-packages/airflow/example_dags/example_latest_only_with_trigger.py
[2022-06-16 12:21:02,809] {logging_mixin.py:109} INFO - [2022-06-16 12:21:02,809] {dag.py:2398} INFO - Sync 1 DAGs
[2022-06-16 12:21:02,819] {logging_mixin.py:109} INFO - [2022-06-16 12:21:02,819] {dag.py:2937} INFO - Setting next_dagrun for latest_only_with_trigger to 2022-06-16T06:21:02.819262+00:00
[2022-06-16 12:21:02,835] {processor.py:171} INFO - Processing /home/notme/airflow_venv/airflow_venv/lib/python3.8/site-packages/airflow/example_dags/example_latest_only_with_trigger.py took 0.050 seconds
[2022-06-16 12:21:39,160] {processor.py:163} INFO - Started process (PID=2981) to work on /home/notme/airflow_venv/airflow_venv/lib/python3.8/site-packages/airflow/example_dags/example_latest_only_with_trigger.py
[2022-06-16 12:21:39,161] {processor.py:642} INFO - Processing file /home/notme/airflow_venv/airflow_venv/lib/python3.8/site-packages/airflow/example_dags/example_latest_only_with_trigger.py for tasks to queue
[2022-06-16 12:21:39,161] {logging_mixin.py:109} INFO - [2022-06-16 12:21:39,161] {dagbag.py:500} INFO - Filling up the DagBag from /home/notme/airflow_venv/airflow_venv/lib/python3.8/site-packages/airflow/example_dags/example_latest_only_with_trigger.py
[2022-06-16 12:21:39,173] {processor.py:652} INFO - DAG(s) dict_keys(['latest_only_with_trigger']) retrieved from /home/notme/airflow_venv/airflow_venv/lib/python3.8/site-packages/airflow/example_dags/example_latest_only_with_trigger.py
[2022-06-16 12:21:39,182] {logging_mixin.py:109} INFO - [2022-06-16 12:21:39,182] {dag.py:2398} INFO - Sync 1 DAGs
[2022-06-16 12:21:39,197] {logging_mixin.py:109} INFO - [2022-06-16 12:21:39,197] {dag.py:2937} INFO - Setting next_dagrun for latest_only_with_trigger to 2022-06-16T06:21:39.197317+00:00
[2022-06-16 12:21:39,215] {processor.py:171} INFO - Processing /home/notme/airflow_venv/airflow_venv/lib/python3.8/site-packages/airflow/example_dags/example_latest_only_with_trigger.py took 0.057 seconds
[2022-06-16 12:22:17,338] {processor.py:163} INFO - Started process (PID=3157) to work on /home/notme/airflow_venv/airflow_venv/lib/python3.8/site-packages/airflow/example_dags/example_latest_only_with_trigger.py
[2022-06-16 12:22:17,339] {processor.py:642} INFO - Processing file /home/notme/airflow_venv/airflow_venv/lib/python3.8/site-packages/airflow/example_dags/example_latest_only_with_trigger.py for tasks to queue
[2022-06-16 12:22:17,340] {logging_mixin.py:109} INFO - [2022-06-16 12:22:17,340] {dagbag.py:500} INFO - Filling up the DagBag from /home/notme/airflow_venv/airflow_venv/lib/python3.8/site-packages/airflow/example_dags/example_latest_only_with_trigger.py
[2022-06-16 12:22:17,362] {processor.py:652} INFO - DAG(s) dict_keys(['latest_only_with_trigger']) retrieved from /home/notme/airflow_venv/airflow_venv/lib/python3.8/site-packages/airflow/example_dags/example_latest_only_with_trigger.py
[2022-06-16 12:22:17,374] {logging_mixin.py:109} INFO - [2022-06-16 12:22:17,374] {dag.py:2398} INFO - Sync 1 DAGs
[2022-06-16 12:22:17,387] {logging_mixin.py:109} INFO - [2022-06-16 12:22:17,387] {dag.py:2937} INFO - Setting next_dagrun for latest_only_with_trigger to 2022-06-16T06:22:17.386762+00:00
[2022-06-16 12:22:17,405] {processor.py:171} INFO - Processing /home/notme/airflow_venv/airflow_venv/lib/python3.8/site-packages/airflow/example_dags/example_latest_only_with_trigger.py took 0.070 seconds
[2022-06-16 12:22:51,339] {processor.py:163} INFO - Started process (PID=3468) to work on /home/notme/airflow_venv/airflow_venv/lib/python3.8/site-packages/airflow/example_dags/example_latest_only_with_trigger.py
[2022-06-16 12:22:51,340] {processor.py:642} INFO - Processing file /home/notme/airflow_venv/airflow_venv/lib/python3.8/site-packages/airflow/example_dags/example_latest_only_with_trigger.py for tasks to queue
[2022-06-16 12:22:51,341] {logging_mixin.py:109} INFO - [2022-06-16 12:22:51,341] {dagbag.py:500} INFO - Filling up the DagBag from /home/notme/airflow_venv/airflow_venv/lib/python3.8/site-packages/airflow/example_dags/example_latest_only_with_trigger.py
[2022-06-16 12:22:51,351] {processor.py:652} INFO - DAG(s) dict_keys(['latest_only_with_trigger']) retrieved from /home/notme/airflow_venv/airflow_venv/lib/python3.8/site-packages/airflow/example_dags/example_latest_only_with_trigger.py
[2022-06-16 12:22:51,360] {logging_mixin.py:109} INFO - [2022-06-16 12:22:51,360] {dag.py:2398} INFO - Sync 1 DAGs
[2022-06-16 12:22:51,369] {logging_mixin.py:109} INFO - [2022-06-16 12:22:51,369] {dag.py:2937} INFO - Setting next_dagrun for latest_only_with_trigger to 2022-06-16T06:22:51.368968+00:00
[2022-06-16 12:22:51,382] {processor.py:171} INFO - Processing /home/notme/airflow_venv/airflow_venv/lib/python3.8/site-packages/airflow/example_dags/example_latest_only_with_trigger.py took 0.045 seconds
[2022-06-16 12:23:25,619] {processor.py:163} INFO - Started process (PID=3811) to work on /home/notme/airflow_venv/airflow_venv/lib/python3.8/site-packages/airflow/example_dags/example_latest_only_with_trigger.py
[2022-06-16 12:23:25,629] {processor.py:642} INFO - Processing file /home/notme/airflow_venv/airflow_venv/lib/python3.8/site-packages/airflow/example_dags/example_latest_only_with_trigger.py for tasks to queue
[2022-06-16 12:23:25,630] {logging_mixin.py:109} INFO - [2022-06-16 12:23:25,630] {dagbag.py:500} INFO - Filling up the DagBag from /home/notme/airflow_venv/airflow_venv/lib/python3.8/site-packages/airflow/example_dags/example_latest_only_with_trigger.py
[2022-06-16 12:23:25,660] {processor.py:652} INFO - DAG(s) dict_keys(['latest_only_with_trigger']) retrieved from /home/notme/airflow_venv/airflow_venv/lib/python3.8/site-packages/airflow/example_dags/example_latest_only_with_trigger.py
[2022-06-16 12:23:25,688] {logging_mixin.py:109} INFO - [2022-06-16 12:23:25,688] {dag.py:2398} INFO - Sync 1 DAGs
[2022-06-16 12:23:25,717] {logging_mixin.py:109} INFO - [2022-06-16 12:23:25,717] {dag.py:2937} INFO - Setting next_dagrun for latest_only_with_trigger to 2022-06-16T06:23:25.716744+00:00
[2022-06-16 12:23:25,765] {processor.py:171} INFO - Processing /home/notme/airflow_venv/airflow_venv/lib/python3.8/site-packages/airflow/example_dags/example_latest_only_with_trigger.py took 0.149 seconds
[2022-06-16 12:23:59,338] {processor.py:163} INFO - Started process (PID=3891) to work on /home/notme/airflow_venv/airflow_venv/lib/python3.8/site-packages/airflow/example_dags/example_latest_only_with_trigger.py
[2022-06-16 12:23:59,339] {processor.py:642} INFO - Processing file /home/notme/airflow_venv/airflow_venv/lib/python3.8/site-packages/airflow/example_dags/example_latest_only_with_trigger.py for tasks to queue
[2022-06-16 12:23:59,339] {logging_mixin.py:109} INFO - [2022-06-16 12:23:59,339] {dagbag.py:500} INFO - Filling up the DagBag from /home/notme/airflow_venv/airflow_venv/lib/python3.8/site-packages/airflow/example_dags/example_latest_only_with_trigger.py
[2022-06-16 12:23:59,350] {processor.py:652} INFO - DAG(s) dict_keys(['latest_only_with_trigger']) retrieved from /home/notme/airflow_venv/airflow_venv/lib/python3.8/site-packages/airflow/example_dags/example_latest_only_with_trigger.py
[2022-06-16 12:23:59,358] {logging_mixin.py:109} INFO - [2022-06-16 12:23:59,358] {dag.py:2398} INFO - Sync 1 DAGs
[2022-06-16 12:23:59,370] {logging_mixin.py:109} INFO - [2022-06-16 12:23:59,370] {dag.py:2937} INFO - Setting next_dagrun for latest_only_with_trigger to 2022-06-16T06:23:59.370549+00:00
[2022-06-16 12:23:59,383] {processor.py:171} INFO - Processing /home/notme/airflow_venv/airflow_venv/lib/python3.8/site-packages/airflow/example_dags/example_latest_only_with_trigger.py took 0.047 seconds
[2022-06-16 12:24:35,589] {processor.py:163} INFO - Started process (PID=3948) to work on /home/notme/airflow_venv/airflow_venv/lib/python3.8/site-packages/airflow/example_dags/example_latest_only_with_trigger.py
[2022-06-16 12:24:35,591] {processor.py:642} INFO - Processing file /home/notme/airflow_venv/airflow_venv/lib/python3.8/site-packages/airflow/example_dags/example_latest_only_with_trigger.py for tasks to queue
[2022-06-16 12:24:35,591] {logging_mixin.py:109} INFO - [2022-06-16 12:24:35,591] {dagbag.py:500} INFO - Filling up the DagBag from /home/notme/airflow_venv/airflow_venv/lib/python3.8/site-packages/airflow/example_dags/example_latest_only_with_trigger.py
[2022-06-16 12:24:35,601] {processor.py:652} INFO - DAG(s) dict_keys(['latest_only_with_trigger']) retrieved from /home/notme/airflow_venv/airflow_venv/lib/python3.8/site-packages/airflow/example_dags/example_latest_only_with_trigger.py
[2022-06-16 12:24:35,610] {logging_mixin.py:109} INFO - [2022-06-16 12:24:35,610] {dag.py:2398} INFO - Sync 1 DAGs
[2022-06-16 12:24:35,619] {logging_mixin.py:109} INFO - [2022-06-16 12:24:35,619] {dag.py:2937} INFO - Setting next_dagrun for latest_only_with_trigger to 2022-06-16T06:24:35.619242+00:00
[2022-06-16 12:24:35,632] {processor.py:171} INFO - Processing /home/notme/airflow_venv/airflow_venv/lib/python3.8/site-packages/airflow/example_dags/example_latest_only_with_trigger.py took 0.045 seconds
[2022-06-16 12:25:12,262] {processor.py:163} INFO - Started process (PID=9599) to work on /home/notme/airflow_venv/airflow_venv/lib/python3.8/site-packages/airflow/example_dags/example_latest_only_with_trigger.py
[2022-06-16 12:25:12,263] {processor.py:642} INFO - Processing file /home/notme/airflow_venv/airflow_venv/lib/python3.8/site-packages/airflow/example_dags/example_latest_only_with_trigger.py for tasks to queue
[2022-06-16 12:25:12,263] {logging_mixin.py:109} INFO - [2022-06-16 12:25:12,263] {dagbag.py:500} INFO - Filling up the DagBag from /home/notme/airflow_venv/airflow_venv/lib/python3.8/site-packages/airflow/example_dags/example_latest_only_with_trigger.py
[2022-06-16 12:25:12,273] {processor.py:652} INFO - DAG(s) dict_keys(['latest_only_with_trigger']) retrieved from /home/notme/airflow_venv/airflow_venv/lib/python3.8/site-packages/airflow/example_dags/example_latest_only_with_trigger.py
[2022-06-16 12:25:12,283] {logging_mixin.py:109} INFO - [2022-06-16 12:25:12,282] {dag.py:2398} INFO - Sync 1 DAGs
[2022-06-16 12:25:12,292] {logging_mixin.py:109} INFO - [2022-06-16 12:25:12,292] {dag.py:2937} INFO - Setting next_dagrun for latest_only_with_trigger to 2022-06-16T06:25:12.291987+00:00
[2022-06-16 12:25:12,304] {processor.py:171} INFO - Processing /home/notme/airflow_venv/airflow_venv/lib/python3.8/site-packages/airflow/example_dags/example_latest_only_with_trigger.py took 0.044 seconds
[2022-06-16 12:25:47,717] {processor.py:163} INFO - Started process (PID=9935) to work on /home/notme/airflow_venv/airflow_venv/lib/python3.8/site-packages/airflow/example_dags/example_latest_only_with_trigger.py
[2022-06-16 12:25:47,718] {processor.py:642} INFO - Processing file /home/notme/airflow_venv/airflow_venv/lib/python3.8/site-packages/airflow/example_dags/example_latest_only_with_trigger.py for tasks to queue
[2022-06-16 12:25:47,719] {logging_mixin.py:109} INFO - [2022-06-16 12:25:47,719] {dagbag.py:500} INFO - Filling up the DagBag from /home/notme/airflow_venv/airflow_venv/lib/python3.8/site-packages/airflow/example_dags/example_latest_only_with_trigger.py
[2022-06-16 12:25:47,729] {processor.py:652} INFO - DAG(s) dict_keys(['latest_only_with_trigger']) retrieved from /home/notme/airflow_venv/airflow_venv/lib/python3.8/site-packages/airflow/example_dags/example_latest_only_with_trigger.py
[2022-06-16 12:25:47,738] {logging_mixin.py:109} INFO - [2022-06-16 12:25:47,738] {dag.py:2398} INFO - Sync 1 DAGs
[2022-06-16 12:25:47,749] {logging_mixin.py:109} INFO - [2022-06-16 12:25:47,748] {dag.py:2937} INFO - Setting next_dagrun for latest_only_with_trigger to 2022-06-16T06:25:47.748700+00:00
[2022-06-16 12:25:47,762] {processor.py:171} INFO - Processing /home/notme/airflow_venv/airflow_venv/lib/python3.8/site-packages/airflow/example_dags/example_latest_only_with_trigger.py took 0.047 seconds
[2022-06-16 12:26:22,439] {processor.py:163} INFO - Started process (PID=9984) to work on /home/notme/airflow_venv/airflow_venv/lib/python3.8/site-packages/airflow/example_dags/example_latest_only_with_trigger.py
[2022-06-16 12:26:22,440] {processor.py:642} INFO - Processing file /home/notme/airflow_venv/airflow_venv/lib/python3.8/site-packages/airflow/example_dags/example_latest_only_with_trigger.py for tasks to queue
[2022-06-16 12:26:22,440] {logging_mixin.py:109} INFO - [2022-06-16 12:26:22,440] {dagbag.py:500} INFO - Filling up the DagBag from /home/notme/airflow_venv/airflow_venv/lib/python3.8/site-packages/airflow/example_dags/example_latest_only_with_trigger.py
[2022-06-16 12:26:22,451] {processor.py:652} INFO - DAG(s) dict_keys(['latest_only_with_trigger']) retrieved from /home/notme/airflow_venv/airflow_venv/lib/python3.8/site-packages/airflow/example_dags/example_latest_only_with_trigger.py
[2022-06-16 12:26:22,460] {logging_mixin.py:109} INFO - [2022-06-16 12:26:22,460] {dag.py:2398} INFO - Sync 1 DAGs
[2022-06-16 12:26:22,469] {logging_mixin.py:109} INFO - [2022-06-16 12:26:22,469] {dag.py:2937} INFO - Setting next_dagrun for latest_only_with_trigger to 2022-06-16T06:26:22.469261+00:00
[2022-06-16 12:26:22,481] {processor.py:171} INFO - Processing /home/notme/airflow_venv/airflow_venv/lib/python3.8/site-packages/airflow/example_dags/example_latest_only_with_trigger.py took 0.044 seconds
[2022-06-16 12:27:00,890] {processor.py:163} INFO - Started process (PID=10415) to work on /home/notme/airflow_venv/airflow_venv/lib/python3.8/site-packages/airflow/example_dags/example_latest_only_with_trigger.py
[2022-06-16 12:27:00,891] {processor.py:642} INFO - Processing file /home/notme/airflow_venv/airflow_venv/lib/python3.8/site-packages/airflow/example_dags/example_latest_only_with_trigger.py for tasks to queue
[2022-06-16 12:27:00,892] {logging_mixin.py:109} INFO - [2022-06-16 12:27:00,892] {dagbag.py:500} INFO - Filling up the DagBag from /home/notme/airflow_venv/airflow_venv/lib/python3.8/site-packages/airflow/example_dags/example_latest_only_with_trigger.py
[2022-06-16 12:27:00,903] {processor.py:652} INFO - DAG(s) dict_keys(['latest_only_with_trigger']) retrieved from /home/notme/airflow_venv/airflow_venv/lib/python3.8/site-packages/airflow/example_dags/example_latest_only_with_trigger.py
[2022-06-16 12:27:00,912] {logging_mixin.py:109} INFO - [2022-06-16 12:27:00,912] {dag.py:2398} INFO - Sync 1 DAGs
[2022-06-16 12:27:00,920] {logging_mixin.py:109} INFO - [2022-06-16 12:27:00,920] {dag.py:2937} INFO - Setting next_dagrun for latest_only_with_trigger to 2022-06-16T06:27:00.920583+00:00
[2022-06-16 12:27:00,932] {processor.py:171} INFO - Processing /home/notme/airflow_venv/airflow_venv/lib/python3.8/site-packages/airflow/example_dags/example_latest_only_with_trigger.py took 0.044 seconds
[2022-06-16 12:27:36,159] {processor.py:163} INFO - Started process (PID=10460) to work on /home/notme/airflow_venv/airflow_venv/lib/python3.8/site-packages/airflow/example_dags/example_latest_only_with_trigger.py
[2022-06-16 12:27:36,160] {processor.py:642} INFO - Processing file /home/notme/airflow_venv/airflow_venv/lib/python3.8/site-packages/airflow/example_dags/example_latest_only_with_trigger.py for tasks to queue
[2022-06-16 12:27:36,161] {logging_mixin.py:109} INFO - [2022-06-16 12:27:36,160] {dagbag.py:500} INFO - Filling up the DagBag from /home/notme/airflow_venv/airflow_venv/lib/python3.8/site-packages/airflow/example_dags/example_latest_only_with_trigger.py
[2022-06-16 12:27:36,171] {processor.py:652} INFO - DAG(s) dict_keys(['latest_only_with_trigger']) retrieved from /home/notme/airflow_venv/airflow_venv/lib/python3.8/site-packages/airflow/example_dags/example_latest_only_with_trigger.py
[2022-06-16 12:27:36,181] {logging_mixin.py:109} INFO - [2022-06-16 12:27:36,181] {dag.py:2398} INFO - Sync 1 DAGs
[2022-06-16 12:27:36,191] {logging_mixin.py:109} INFO - [2022-06-16 12:27:36,191] {dag.py:2937} INFO - Setting next_dagrun for latest_only_with_trigger to 2022-06-16T06:27:36.191108+00:00
[2022-06-16 12:27:36,206] {processor.py:171} INFO - Processing /home/notme/airflow_venv/airflow_venv/lib/python3.8/site-packages/airflow/example_dags/example_latest_only_with_trigger.py took 0.049 seconds
[2022-06-16 12:28:13,627] {processor.py:163} INFO - Started process (PID=10996) to work on /home/notme/airflow_venv/airflow_venv/lib/python3.8/site-packages/airflow/example_dags/example_latest_only_with_trigger.py
[2022-06-16 12:28:13,628] {processor.py:642} INFO - Processing file /home/notme/airflow_venv/airflow_venv/lib/python3.8/site-packages/airflow/example_dags/example_latest_only_with_trigger.py for tasks to queue
[2022-06-16 12:28:13,629] {logging_mixin.py:109} INFO - [2022-06-16 12:28:13,629] {dagbag.py:500} INFO - Filling up the DagBag from /home/notme/airflow_venv/airflow_venv/lib/python3.8/site-packages/airflow/example_dags/example_latest_only_with_trigger.py
[2022-06-16 12:28:13,639] {processor.py:652} INFO - DAG(s) dict_keys(['latest_only_with_trigger']) retrieved from /home/notme/airflow_venv/airflow_venv/lib/python3.8/site-packages/airflow/example_dags/example_latest_only_with_trigger.py
[2022-06-16 12:28:13,649] {logging_mixin.py:109} INFO - [2022-06-16 12:28:13,649] {dag.py:2398} INFO - Sync 1 DAGs
[2022-06-16 12:28:13,658] {logging_mixin.py:109} INFO - [2022-06-16 12:28:13,658] {dag.py:2937} INFO - Setting next_dagrun for latest_only_with_trigger to 2022-06-16T06:28:13.657919+00:00
[2022-06-16 12:28:13,673] {processor.py:171} INFO - Processing /home/notme/airflow_venv/airflow_venv/lib/python3.8/site-packages/airflow/example_dags/example_latest_only_with_trigger.py took 0.048 seconds
[2022-06-16 12:28:48,981] {processor.py:163} INFO - Started process (PID=11045) to work on /home/notme/airflow_venv/airflow_venv/lib/python3.8/site-packages/airflow/example_dags/example_latest_only_with_trigger.py
[2022-06-16 12:28:48,982] {processor.py:642} INFO - Processing file /home/notme/airflow_venv/airflow_venv/lib/python3.8/site-packages/airflow/example_dags/example_latest_only_with_trigger.py for tasks to queue
[2022-06-16 12:28:48,983] {logging_mixin.py:109} INFO - [2022-06-16 12:28:48,983] {dagbag.py:500} INFO - Filling up the DagBag from /home/notme/airflow_venv/airflow_venv/lib/python3.8/site-packages/airflow/example_dags/example_latest_only_with_trigger.py
[2022-06-16 12:28:48,994] {processor.py:652} INFO - DAG(s) dict_keys(['latest_only_with_trigger']) retrieved from /home/notme/airflow_venv/airflow_venv/lib/python3.8/site-packages/airflow/example_dags/example_latest_only_with_trigger.py
[2022-06-16 12:28:49,002] {logging_mixin.py:109} INFO - [2022-06-16 12:28:49,002] {dag.py:2398} INFO - Sync 1 DAGs
[2022-06-16 12:28:49,012] {logging_mixin.py:109} INFO - [2022-06-16 12:28:49,012] {dag.py:2937} INFO - Setting next_dagrun for latest_only_with_trigger to 2022-06-16T06:28:49.012048+00:00
[2022-06-16 12:28:49,025] {processor.py:171} INFO - Processing /home/notme/airflow_venv/airflow_venv/lib/python3.8/site-packages/airflow/example_dags/example_latest_only_with_trigger.py took 0.046 seconds
[2022-06-16 12:29:25,430] {processor.py:163} INFO - Started process (PID=11098) to work on /home/notme/airflow_venv/airflow_venv/lib/python3.8/site-packages/airflow/example_dags/example_latest_only_with_trigger.py
[2022-06-16 12:29:25,432] {processor.py:642} INFO - Processing file /home/notme/airflow_venv/airflow_venv/lib/python3.8/site-packages/airflow/example_dags/example_latest_only_with_trigger.py for tasks to queue
[2022-06-16 12:29:25,432] {logging_mixin.py:109} INFO - [2022-06-16 12:29:25,432] {dagbag.py:500} INFO - Filling up the DagBag from /home/notme/airflow_venv/airflow_venv/lib/python3.8/site-packages/airflow/example_dags/example_latest_only_with_trigger.py
[2022-06-16 12:29:25,441] {processor.py:652} INFO - DAG(s) dict_keys(['latest_only_with_trigger']) retrieved from /home/notme/airflow_venv/airflow_venv/lib/python3.8/site-packages/airflow/example_dags/example_latest_only_with_trigger.py
[2022-06-16 12:29:25,452] {logging_mixin.py:109} INFO - [2022-06-16 12:29:25,452] {dag.py:2398} INFO - Sync 1 DAGs
[2022-06-16 12:29:25,461] {logging_mixin.py:109} INFO - [2022-06-16 12:29:25,461] {dag.py:2937} INFO - Setting next_dagrun for latest_only_with_trigger to 2022-06-16T06:29:25.461114+00:00
[2022-06-16 12:29:25,475] {processor.py:171} INFO - Processing /home/notme/airflow_venv/airflow_venv/lib/python3.8/site-packages/airflow/example_dags/example_latest_only_with_trigger.py took 0.047 seconds
[2022-06-16 12:30:01,611] {processor.py:163} INFO - Started process (PID=11304) to work on /home/notme/airflow_venv/airflow_venv/lib/python3.8/site-packages/airflow/example_dags/example_latest_only_with_trigger.py
[2022-06-16 12:30:01,612] {processor.py:642} INFO - Processing file /home/notme/airflow_venv/airflow_venv/lib/python3.8/site-packages/airflow/example_dags/example_latest_only_with_trigger.py for tasks to queue
[2022-06-16 12:30:01,612] {logging_mixin.py:109} INFO - [2022-06-16 12:30:01,612] {dagbag.py:500} INFO - Filling up the DagBag from /home/notme/airflow_venv/airflow_venv/lib/python3.8/site-packages/airflow/example_dags/example_latest_only_with_trigger.py
[2022-06-16 12:30:01,622] {processor.py:652} INFO - DAG(s) dict_keys(['latest_only_with_trigger']) retrieved from /home/notme/airflow_venv/airflow_venv/lib/python3.8/site-packages/airflow/example_dags/example_latest_only_with_trigger.py
[2022-06-16 12:30:01,630] {logging_mixin.py:109} INFO - [2022-06-16 12:30:01,630] {dag.py:2398} INFO - Sync 1 DAGs
[2022-06-16 12:30:01,639] {logging_mixin.py:109} INFO - [2022-06-16 12:30:01,639] {dag.py:2937} INFO - Setting next_dagrun for latest_only_with_trigger to 2022-06-16T06:30:01.639277+00:00
[2022-06-16 12:30:01,657] {processor.py:171} INFO - Processing /home/notme/airflow_venv/airflow_venv/lib/python3.8/site-packages/airflow/example_dags/example_latest_only_with_trigger.py took 0.048 seconds
[2022-06-16 12:30:35,701] {processor.py:163} INFO - Started process (PID=11347) to work on /home/notme/airflow_venv/airflow_venv/lib/python3.8/site-packages/airflow/example_dags/example_latest_only_with_trigger.py
[2022-06-16 12:30:35,702] {processor.py:642} INFO - Processing file /home/notme/airflow_venv/airflow_venv/lib/python3.8/site-packages/airflow/example_dags/example_latest_only_with_trigger.py for tasks to queue
[2022-06-16 12:30:35,703] {logging_mixin.py:109} INFO - [2022-06-16 12:30:35,703] {dagbag.py:500} INFO - Filling up the DagBag from /home/notme/airflow_venv/airflow_venv/lib/python3.8/site-packages/airflow/example_dags/example_latest_only_with_trigger.py
[2022-06-16 12:30:35,713] {processor.py:652} INFO - DAG(s) dict_keys(['latest_only_with_trigger']) retrieved from /home/notme/airflow_venv/airflow_venv/lib/python3.8/site-packages/airflow/example_dags/example_latest_only_with_trigger.py
[2022-06-16 12:30:35,724] {logging_mixin.py:109} INFO - [2022-06-16 12:30:35,724] {dag.py:2398} INFO - Sync 1 DAGs
[2022-06-16 12:30:35,734] {logging_mixin.py:109} INFO - [2022-06-16 12:30:35,734] {dag.py:2937} INFO - Setting next_dagrun for latest_only_with_trigger to 2022-06-16T06:30:35.733819+00:00
[2022-06-16 12:30:35,746] {processor.py:171} INFO - Processing /home/notme/airflow_venv/airflow_venv/lib/python3.8/site-packages/airflow/example_dags/example_latest_only_with_trigger.py took 0.047 seconds
