[2022-06-16 12:15:48,120] {processor.py:163} INFO - Started process (PID=1394) to work on /home/notme/airflow_venv/airflow_venv/lib/python3.8/site-packages/airflow/example_dags/example_trigger_controller_dag.py
[2022-06-16 12:15:48,121] {processor.py:642} INFO - Processing file /home/notme/airflow_venv/airflow_venv/lib/python3.8/site-packages/airflow/example_dags/example_trigger_controller_dag.py for tasks to queue
[2022-06-16 12:15:48,121] {logging_mixin.py:109} INFO - [2022-06-16 12:15:48,121] {dagbag.py:500} INFO - Filling up the DagBag from /home/notme/airflow_venv/airflow_venv/lib/python3.8/site-packages/airflow/example_dags/example_trigger_controller_dag.py
[2022-06-16 12:15:48,135] {processor.py:652} INFO - DAG(s) dict_keys(['example_trigger_controller_dag']) retrieved from /home/notme/airflow_venv/airflow_venv/lib/python3.8/site-packages/airflow/example_dags/example_trigger_controller_dag.py
[2022-06-16 12:15:48,147] {logging_mixin.py:109} INFO - [2022-06-16 12:15:48,147] {dag.py:2398} INFO - Sync 1 DAGs
[2022-06-16 12:15:48,160] {logging_mixin.py:109} INFO - [2022-06-16 12:15:48,160] {dag.py:2937} INFO - Setting next_dagrun for example_trigger_controller_dag to 2021-01-01T00:00:00+00:00
[2022-06-16 12:15:48,238] {processor.py:171} INFO - Processing /home/notme/airflow_venv/airflow_venv/lib/python3.8/site-packages/airflow/example_dags/example_trigger_controller_dag.py took 0.121 seconds
[2022-06-16 12:16:22,709] {processor.py:163} INFO - Started process (PID=1436) to work on /home/notme/airflow_venv/airflow_venv/lib/python3.8/site-packages/airflow/example_dags/example_trigger_controller_dag.py
[2022-06-16 12:16:22,710] {processor.py:642} INFO - Processing file /home/notme/airflow_venv/airflow_venv/lib/python3.8/site-packages/airflow/example_dags/example_trigger_controller_dag.py for tasks to queue
[2022-06-16 12:16:22,710] {logging_mixin.py:109} INFO - [2022-06-16 12:16:22,710] {dagbag.py:500} INFO - Filling up the DagBag from /home/notme/airflow_venv/airflow_venv/lib/python3.8/site-packages/airflow/example_dags/example_trigger_controller_dag.py
[2022-06-16 12:16:22,719] {processor.py:652} INFO - DAG(s) dict_keys(['example_trigger_controller_dag']) retrieved from /home/notme/airflow_venv/airflow_venv/lib/python3.8/site-packages/airflow/example_dags/example_trigger_controller_dag.py
[2022-06-16 12:16:22,728] {logging_mixin.py:109} INFO - [2022-06-16 12:16:22,728] {dag.py:2398} INFO - Sync 1 DAGs
[2022-06-16 12:16:22,737] {logging_mixin.py:109} INFO - [2022-06-16 12:16:22,737] {dag.py:2937} INFO - Setting next_dagrun for example_trigger_controller_dag to 2021-01-01T00:00:00+00:00
[2022-06-16 12:16:22,749] {processor.py:171} INFO - Processing /home/notme/airflow_venv/airflow_venv/lib/python3.8/site-packages/airflow/example_dags/example_trigger_controller_dag.py took 0.043 seconds
[2022-06-16 12:16:56,795] {processor.py:163} INFO - Started process (PID=1783) to work on /home/notme/airflow_venv/airflow_venv/lib/python3.8/site-packages/airflow/example_dags/example_trigger_controller_dag.py
[2022-06-16 12:16:56,796] {processor.py:642} INFO - Processing file /home/notme/airflow_venv/airflow_venv/lib/python3.8/site-packages/airflow/example_dags/example_trigger_controller_dag.py for tasks to queue
[2022-06-16 12:16:56,796] {logging_mixin.py:109} INFO - [2022-06-16 12:16:56,796] {dagbag.py:500} INFO - Filling up the DagBag from /home/notme/airflow_venv/airflow_venv/lib/python3.8/site-packages/airflow/example_dags/example_trigger_controller_dag.py
[2022-06-16 12:16:56,806] {processor.py:652} INFO - DAG(s) dict_keys(['example_trigger_controller_dag']) retrieved from /home/notme/airflow_venv/airflow_venv/lib/python3.8/site-packages/airflow/example_dags/example_trigger_controller_dag.py
[2022-06-16 12:16:56,815] {logging_mixin.py:109} INFO - [2022-06-16 12:16:56,815] {dag.py:2398} INFO - Sync 1 DAGs
[2022-06-16 12:16:56,826] {logging_mixin.py:109} INFO - [2022-06-16 12:16:56,826] {dag.py:2937} INFO - Setting next_dagrun for example_trigger_controller_dag to 2021-01-01T00:00:00+00:00
[2022-06-16 12:16:56,838] {processor.py:171} INFO - Processing /home/notme/airflow_venv/airflow_venv/lib/python3.8/site-packages/airflow/example_dags/example_trigger_controller_dag.py took 0.046 seconds
[2022-06-16 12:17:30,551] {processor.py:163} INFO - Started process (PID=1835) to work on /home/notme/airflow_venv/airflow_venv/lib/python3.8/site-packages/airflow/example_dags/example_trigger_controller_dag.py
[2022-06-16 12:17:30,552] {processor.py:642} INFO - Processing file /home/notme/airflow_venv/airflow_venv/lib/python3.8/site-packages/airflow/example_dags/example_trigger_controller_dag.py for tasks to queue
[2022-06-16 12:17:30,552] {logging_mixin.py:109} INFO - [2022-06-16 12:17:30,552] {dagbag.py:500} INFO - Filling up the DagBag from /home/notme/airflow_venv/airflow_venv/lib/python3.8/site-packages/airflow/example_dags/example_trigger_controller_dag.py
[2022-06-16 12:17:30,562] {processor.py:652} INFO - DAG(s) dict_keys(['example_trigger_controller_dag']) retrieved from /home/notme/airflow_venv/airflow_venv/lib/python3.8/site-packages/airflow/example_dags/example_trigger_controller_dag.py
[2022-06-16 12:17:30,571] {logging_mixin.py:109} INFO - [2022-06-16 12:17:30,571] {dag.py:2398} INFO - Sync 1 DAGs
[2022-06-16 12:17:30,581] {logging_mixin.py:109} INFO - [2022-06-16 12:17:30,581] {dag.py:2937} INFO - Setting next_dagrun for example_trigger_controller_dag to 2021-01-01T00:00:00+00:00
[2022-06-16 12:17:30,595] {processor.py:171} INFO - Processing /home/notme/airflow_venv/airflow_venv/lib/python3.8/site-packages/airflow/example_dags/example_trigger_controller_dag.py took 0.046 seconds
[2022-06-16 12:18:06,828] {processor.py:163} INFO - Started process (PID=2141) to work on /home/notme/airflow_venv/airflow_venv/lib/python3.8/site-packages/airflow/example_dags/example_trigger_controller_dag.py
[2022-06-16 12:18:06,845] {processor.py:642} INFO - Processing file /home/notme/airflow_venv/airflow_venv/lib/python3.8/site-packages/airflow/example_dags/example_trigger_controller_dag.py for tasks to queue
[2022-06-16 12:18:06,863] {logging_mixin.py:109} INFO - [2022-06-16 12:18:06,862] {dagbag.py:500} INFO - Filling up the DagBag from /home/notme/airflow_venv/airflow_venv/lib/python3.8/site-packages/airflow/example_dags/example_trigger_controller_dag.py
[2022-06-16 12:18:06,890] {processor.py:652} INFO - DAG(s) dict_keys(['example_trigger_controller_dag']) retrieved from /home/notme/airflow_venv/airflow_venv/lib/python3.8/site-packages/airflow/example_dags/example_trigger_controller_dag.py
[2022-06-16 12:18:06,939] {logging_mixin.py:109} INFO - [2022-06-16 12:18:06,939] {dag.py:2398} INFO - Sync 1 DAGs
[2022-06-16 12:18:06,978] {logging_mixin.py:109} INFO - [2022-06-16 12:18:06,977] {dag.py:2937} INFO - Setting next_dagrun for example_trigger_controller_dag to 2021-01-01T00:00:00+00:00
[2022-06-16 12:18:07,007] {processor.py:171} INFO - Processing /home/notme/airflow_venv/airflow_venv/lib/python3.8/site-packages/airflow/example_dags/example_trigger_controller_dag.py took 0.182 seconds
[2022-06-16 12:18:41,801] {processor.py:163} INFO - Started process (PID=2183) to work on /home/notme/airflow_venv/airflow_venv/lib/python3.8/site-packages/airflow/example_dags/example_trigger_controller_dag.py
[2022-06-16 12:18:41,802] {processor.py:642} INFO - Processing file /home/notme/airflow_venv/airflow_venv/lib/python3.8/site-packages/airflow/example_dags/example_trigger_controller_dag.py for tasks to queue
[2022-06-16 12:18:41,803] {logging_mixin.py:109} INFO - [2022-06-16 12:18:41,803] {dagbag.py:500} INFO - Filling up the DagBag from /home/notme/airflow_venv/airflow_venv/lib/python3.8/site-packages/airflow/example_dags/example_trigger_controller_dag.py
[2022-06-16 12:18:41,814] {processor.py:652} INFO - DAG(s) dict_keys(['example_trigger_controller_dag']) retrieved from /home/notme/airflow_venv/airflow_venv/lib/python3.8/site-packages/airflow/example_dags/example_trigger_controller_dag.py
[2022-06-16 12:18:41,822] {logging_mixin.py:109} INFO - [2022-06-16 12:18:41,822] {dag.py:2398} INFO - Sync 1 DAGs
[2022-06-16 12:18:41,833] {logging_mixin.py:109} INFO - [2022-06-16 12:18:41,832] {dag.py:2937} INFO - Setting next_dagrun for example_trigger_controller_dag to 2021-01-01T00:00:00+00:00
[2022-06-16 12:18:41,845] {processor.py:171} INFO - Processing /home/notme/airflow_venv/airflow_venv/lib/python3.8/site-packages/airflow/example_dags/example_trigger_controller_dag.py took 0.046 seconds
[2022-06-16 12:19:16,909] {processor.py:163} INFO - Started process (PID=2456) to work on /home/notme/airflow_venv/airflow_venv/lib/python3.8/site-packages/airflow/example_dags/example_trigger_controller_dag.py
[2022-06-16 12:19:16,910] {processor.py:642} INFO - Processing file /home/notme/airflow_venv/airflow_venv/lib/python3.8/site-packages/airflow/example_dags/example_trigger_controller_dag.py for tasks to queue
[2022-06-16 12:19:16,911] {logging_mixin.py:109} INFO - [2022-06-16 12:19:16,911] {dagbag.py:500} INFO - Filling up the DagBag from /home/notme/airflow_venv/airflow_venv/lib/python3.8/site-packages/airflow/example_dags/example_trigger_controller_dag.py
[2022-06-16 12:19:16,920] {processor.py:652} INFO - DAG(s) dict_keys(['example_trigger_controller_dag']) retrieved from /home/notme/airflow_venv/airflow_venv/lib/python3.8/site-packages/airflow/example_dags/example_trigger_controller_dag.py
[2022-06-16 12:19:16,929] {logging_mixin.py:109} INFO - [2022-06-16 12:19:16,928] {dag.py:2398} INFO - Sync 1 DAGs
[2022-06-16 12:19:16,938] {logging_mixin.py:109} INFO - [2022-06-16 12:19:16,938] {dag.py:2937} INFO - Setting next_dagrun for example_trigger_controller_dag to 2021-01-01T00:00:00+00:00
[2022-06-16 12:19:16,954] {processor.py:171} INFO - Processing /home/notme/airflow_venv/airflow_venv/lib/python3.8/site-packages/airflow/example_dags/example_trigger_controller_dag.py took 0.046 seconds
[2022-06-16 12:19:51,088] {processor.py:163} INFO - Started process (PID=2674) to work on /home/notme/airflow_venv/airflow_venv/lib/python3.8/site-packages/airflow/example_dags/example_trigger_controller_dag.py
[2022-06-16 12:19:51,090] {processor.py:642} INFO - Processing file /home/notme/airflow_venv/airflow_venv/lib/python3.8/site-packages/airflow/example_dags/example_trigger_controller_dag.py for tasks to queue
[2022-06-16 12:19:51,090] {logging_mixin.py:109} INFO - [2022-06-16 12:19:51,090] {dagbag.py:500} INFO - Filling up the DagBag from /home/notme/airflow_venv/airflow_venv/lib/python3.8/site-packages/airflow/example_dags/example_trigger_controller_dag.py
[2022-06-16 12:19:51,099] {processor.py:652} INFO - DAG(s) dict_keys(['example_trigger_controller_dag']) retrieved from /home/notme/airflow_venv/airflow_venv/lib/python3.8/site-packages/airflow/example_dags/example_trigger_controller_dag.py
[2022-06-16 12:19:51,107] {logging_mixin.py:109} INFO - [2022-06-16 12:19:51,107] {dag.py:2398} INFO - Sync 1 DAGs
[2022-06-16 12:19:51,118] {logging_mixin.py:109} INFO - [2022-06-16 12:19:51,118] {dag.py:2937} INFO - Setting next_dagrun for example_trigger_controller_dag to 2021-01-01T00:00:00+00:00
[2022-06-16 12:19:51,138] {processor.py:171} INFO - Processing /home/notme/airflow_venv/airflow_venv/lib/python3.8/site-packages/airflow/example_dags/example_trigger_controller_dag.py took 0.052 seconds
[2022-06-16 12:20:26,122] {processor.py:163} INFO - Started process (PID=2718) to work on /home/notme/airflow_venv/airflow_venv/lib/python3.8/site-packages/airflow/example_dags/example_trigger_controller_dag.py
[2022-06-16 12:20:26,123] {processor.py:642} INFO - Processing file /home/notme/airflow_venv/airflow_venv/lib/python3.8/site-packages/airflow/example_dags/example_trigger_controller_dag.py for tasks to queue
[2022-06-16 12:20:26,123] {logging_mixin.py:109} INFO - [2022-06-16 12:20:26,123] {dagbag.py:500} INFO - Filling up the DagBag from /home/notme/airflow_venv/airflow_venv/lib/python3.8/site-packages/airflow/example_dags/example_trigger_controller_dag.py
[2022-06-16 12:20:26,134] {processor.py:652} INFO - DAG(s) dict_keys(['example_trigger_controller_dag']) retrieved from /home/notme/airflow_venv/airflow_venv/lib/python3.8/site-packages/airflow/example_dags/example_trigger_controller_dag.py
[2022-06-16 12:20:26,142] {logging_mixin.py:109} INFO - [2022-06-16 12:20:26,142] {dag.py:2398} INFO - Sync 1 DAGs
[2022-06-16 12:20:26,153] {logging_mixin.py:109} INFO - [2022-06-16 12:20:26,153] {dag.py:2937} INFO - Setting next_dagrun for example_trigger_controller_dag to 2021-01-01T00:00:00+00:00
[2022-06-16 12:20:26,173] {processor.py:171} INFO - Processing /home/notme/airflow_venv/airflow_venv/lib/python3.8/site-packages/airflow/example_dags/example_trigger_controller_dag.py took 0.053 seconds
[2022-06-16 12:21:01,641] {processor.py:163} INFO - Started process (PID=2761) to work on /home/notme/airflow_venv/airflow_venv/lib/python3.8/site-packages/airflow/example_dags/example_trigger_controller_dag.py
[2022-06-16 12:21:01,642] {processor.py:642} INFO - Processing file /home/notme/airflow_venv/airflow_venv/lib/python3.8/site-packages/airflow/example_dags/example_trigger_controller_dag.py for tasks to queue
[2022-06-16 12:21:01,643] {logging_mixin.py:109} INFO - [2022-06-16 12:21:01,643] {dagbag.py:500} INFO - Filling up the DagBag from /home/notme/airflow_venv/airflow_venv/lib/python3.8/site-packages/airflow/example_dags/example_trigger_controller_dag.py
[2022-06-16 12:21:01,653] {processor.py:652} INFO - DAG(s) dict_keys(['example_trigger_controller_dag']) retrieved from /home/notme/airflow_venv/airflow_venv/lib/python3.8/site-packages/airflow/example_dags/example_trigger_controller_dag.py
[2022-06-16 12:21:01,663] {logging_mixin.py:109} INFO - [2022-06-16 12:21:01,663] {dag.py:2398} INFO - Sync 1 DAGs
[2022-06-16 12:21:01,674] {logging_mixin.py:109} INFO - [2022-06-16 12:21:01,673] {dag.py:2937} INFO - Setting next_dagrun for example_trigger_controller_dag to 2021-01-01T00:00:00+00:00
[2022-06-16 12:21:01,688] {processor.py:171} INFO - Processing /home/notme/airflow_venv/airflow_venv/lib/python3.8/site-packages/airflow/example_dags/example_trigger_controller_dag.py took 0.049 seconds
[2022-06-16 12:21:38,019] {processor.py:163} INFO - Started process (PID=2980) to work on /home/notme/airflow_venv/airflow_venv/lib/python3.8/site-packages/airflow/example_dags/example_trigger_controller_dag.py
[2022-06-16 12:21:38,020] {processor.py:642} INFO - Processing file /home/notme/airflow_venv/airflow_venv/lib/python3.8/site-packages/airflow/example_dags/example_trigger_controller_dag.py for tasks to queue
[2022-06-16 12:21:38,021] {logging_mixin.py:109} INFO - [2022-06-16 12:21:38,021] {dagbag.py:500} INFO - Filling up the DagBag from /home/notme/airflow_venv/airflow_venv/lib/python3.8/site-packages/airflow/example_dags/example_trigger_controller_dag.py
[2022-06-16 12:21:38,035] {processor.py:652} INFO - DAG(s) dict_keys(['example_trigger_controller_dag']) retrieved from /home/notme/airflow_venv/airflow_venv/lib/python3.8/site-packages/airflow/example_dags/example_trigger_controller_dag.py
[2022-06-16 12:21:38,044] {logging_mixin.py:109} INFO - [2022-06-16 12:21:38,044] {dag.py:2398} INFO - Sync 1 DAGs
[2022-06-16 12:21:38,055] {logging_mixin.py:109} INFO - [2022-06-16 12:21:38,055] {dag.py:2937} INFO - Setting next_dagrun for example_trigger_controller_dag to 2021-01-01T00:00:00+00:00
[2022-06-16 12:21:38,069] {processor.py:171} INFO - Processing /home/notme/airflow_venv/airflow_venv/lib/python3.8/site-packages/airflow/example_dags/example_trigger_controller_dag.py took 0.051 seconds
[2022-06-16 12:22:16,192] {processor.py:163} INFO - Started process (PID=3156) to work on /home/notme/airflow_venv/airflow_venv/lib/python3.8/site-packages/airflow/example_dags/example_trigger_controller_dag.py
[2022-06-16 12:22:16,194] {processor.py:642} INFO - Processing file /home/notme/airflow_venv/airflow_venv/lib/python3.8/site-packages/airflow/example_dags/example_trigger_controller_dag.py for tasks to queue
[2022-06-16 12:22:16,194] {logging_mixin.py:109} INFO - [2022-06-16 12:22:16,194] {dagbag.py:500} INFO - Filling up the DagBag from /home/notme/airflow_venv/airflow_venv/lib/python3.8/site-packages/airflow/example_dags/example_trigger_controller_dag.py
[2022-06-16 12:22:16,207] {processor.py:652} INFO - DAG(s) dict_keys(['example_trigger_controller_dag']) retrieved from /home/notme/airflow_venv/airflow_venv/lib/python3.8/site-packages/airflow/example_dags/example_trigger_controller_dag.py
[2022-06-16 12:22:16,216] {logging_mixin.py:109} INFO - [2022-06-16 12:22:16,216] {dag.py:2398} INFO - Sync 1 DAGs
[2022-06-16 12:22:16,226] {logging_mixin.py:109} INFO - [2022-06-16 12:22:16,226] {dag.py:2937} INFO - Setting next_dagrun for example_trigger_controller_dag to 2021-01-01T00:00:00+00:00
[2022-06-16 12:22:16,241] {processor.py:171} INFO - Processing /home/notme/airflow_venv/airflow_venv/lib/python3.8/site-packages/airflow/example_dags/example_trigger_controller_dag.py took 0.050 seconds
[2022-06-16 12:22:50,205] {processor.py:163} INFO - Started process (PID=3467) to work on /home/notme/airflow_venv/airflow_venv/lib/python3.8/site-packages/airflow/example_dags/example_trigger_controller_dag.py
[2022-06-16 12:22:50,206] {processor.py:642} INFO - Processing file /home/notme/airflow_venv/airflow_venv/lib/python3.8/site-packages/airflow/example_dags/example_trigger_controller_dag.py for tasks to queue
[2022-06-16 12:22:50,207] {logging_mixin.py:109} INFO - [2022-06-16 12:22:50,206] {dagbag.py:500} INFO - Filling up the DagBag from /home/notme/airflow_venv/airflow_venv/lib/python3.8/site-packages/airflow/example_dags/example_trigger_controller_dag.py
[2022-06-16 12:22:50,218] {processor.py:652} INFO - DAG(s) dict_keys(['example_trigger_controller_dag']) retrieved from /home/notme/airflow_venv/airflow_venv/lib/python3.8/site-packages/airflow/example_dags/example_trigger_controller_dag.py
[2022-06-16 12:22:50,226] {logging_mixin.py:109} INFO - [2022-06-16 12:22:50,226] {dag.py:2398} INFO - Sync 1 DAGs
[2022-06-16 12:22:50,235] {logging_mixin.py:109} INFO - [2022-06-16 12:22:50,235] {dag.py:2937} INFO - Setting next_dagrun for example_trigger_controller_dag to 2021-01-01T00:00:00+00:00
[2022-06-16 12:22:50,248] {processor.py:171} INFO - Processing /home/notme/airflow_venv/airflow_venv/lib/python3.8/site-packages/airflow/example_dags/example_trigger_controller_dag.py took 0.045 seconds
[2022-06-16 12:23:25,266] {processor.py:163} INFO - Started process (PID=3690) to work on /home/notme/airflow_venv/airflow_venv/lib/python3.8/site-packages/airflow/example_dags/example_trigger_controller_dag.py
[2022-06-16 12:23:25,267] {processor.py:642} INFO - Processing file /home/notme/airflow_venv/airflow_venv/lib/python3.8/site-packages/airflow/example_dags/example_trigger_controller_dag.py for tasks to queue
[2022-06-16 12:23:25,268] {logging_mixin.py:109} INFO - [2022-06-16 12:23:25,268] {dagbag.py:500} INFO - Filling up the DagBag from /home/notme/airflow_venv/airflow_venv/lib/python3.8/site-packages/airflow/example_dags/example_trigger_controller_dag.py
[2022-06-16 12:23:25,282] {processor.py:652} INFO - DAG(s) dict_keys(['example_trigger_controller_dag']) retrieved from /home/notme/airflow_venv/airflow_venv/lib/python3.8/site-packages/airflow/example_dags/example_trigger_controller_dag.py
[2022-06-16 12:23:25,293] {logging_mixin.py:109} INFO - [2022-06-16 12:23:25,293] {dag.py:2398} INFO - Sync 1 DAGs
[2022-06-16 12:23:25,304] {logging_mixin.py:109} INFO - [2022-06-16 12:23:25,304] {dag.py:2937} INFO - Setting next_dagrun for example_trigger_controller_dag to 2021-01-01T00:00:00+00:00
[2022-06-16 12:23:25,321] {processor.py:171} INFO - Processing /home/notme/airflow_venv/airflow_venv/lib/python3.8/site-packages/airflow/example_dags/example_trigger_controller_dag.py took 0.058 seconds
[2022-06-16 12:23:58,202] {processor.py:163} INFO - Started process (PID=3890) to work on /home/notme/airflow_venv/airflow_venv/lib/python3.8/site-packages/airflow/example_dags/example_trigger_controller_dag.py
[2022-06-16 12:23:58,203] {processor.py:642} INFO - Processing file /home/notme/airflow_venv/airflow_venv/lib/python3.8/site-packages/airflow/example_dags/example_trigger_controller_dag.py for tasks to queue
[2022-06-16 12:23:58,203] {logging_mixin.py:109} INFO - [2022-06-16 12:23:58,203] {dagbag.py:500} INFO - Filling up the DagBag from /home/notme/airflow_venv/airflow_venv/lib/python3.8/site-packages/airflow/example_dags/example_trigger_controller_dag.py
[2022-06-16 12:23:58,215] {processor.py:652} INFO - DAG(s) dict_keys(['example_trigger_controller_dag']) retrieved from /home/notme/airflow_venv/airflow_venv/lib/python3.8/site-packages/airflow/example_dags/example_trigger_controller_dag.py
[2022-06-16 12:23:58,223] {logging_mixin.py:109} INFO - [2022-06-16 12:23:58,223] {dag.py:2398} INFO - Sync 1 DAGs
[2022-06-16 12:23:58,234] {logging_mixin.py:109} INFO - [2022-06-16 12:23:58,234] {dag.py:2937} INFO - Setting next_dagrun for example_trigger_controller_dag to 2021-01-01T00:00:00+00:00
[2022-06-16 12:23:58,253] {processor.py:171} INFO - Processing /home/notme/airflow_venv/airflow_venv/lib/python3.8/site-packages/airflow/example_dags/example_trigger_controller_dag.py took 0.053 seconds
[2022-06-16 12:24:31,589] {processor.py:163} INFO - Started process (PID=3944) to work on /home/notme/airflow_venv/airflow_venv/lib/python3.8/site-packages/airflow/example_dags/example_trigger_controller_dag.py
[2022-06-16 12:24:31,591] {processor.py:642} INFO - Processing file /home/notme/airflow_venv/airflow_venv/lib/python3.8/site-packages/airflow/example_dags/example_trigger_controller_dag.py for tasks to queue
[2022-06-16 12:24:31,591] {logging_mixin.py:109} INFO - [2022-06-16 12:24:31,591] {dagbag.py:500} INFO - Filling up the DagBag from /home/notme/airflow_venv/airflow_venv/lib/python3.8/site-packages/airflow/example_dags/example_trigger_controller_dag.py
[2022-06-16 12:24:31,601] {processor.py:652} INFO - DAG(s) dict_keys(['example_trigger_controller_dag']) retrieved from /home/notme/airflow_venv/airflow_venv/lib/python3.8/site-packages/airflow/example_dags/example_trigger_controller_dag.py
[2022-06-16 12:24:31,610] {logging_mixin.py:109} INFO - [2022-06-16 12:24:31,610] {dag.py:2398} INFO - Sync 1 DAGs
[2022-06-16 12:24:31,623] {logging_mixin.py:109} INFO - [2022-06-16 12:24:31,623] {dag.py:2937} INFO - Setting next_dagrun for example_trigger_controller_dag to 2021-01-01T00:00:00+00:00
[2022-06-16 12:24:31,636] {processor.py:171} INFO - Processing /home/notme/airflow_venv/airflow_venv/lib/python3.8/site-packages/airflow/example_dags/example_trigger_controller_dag.py took 0.049 seconds
[2022-06-16 12:25:07,110] {processor.py:163} INFO - Started process (PID=9439) to work on /home/notme/airflow_venv/airflow_venv/lib/python3.8/site-packages/airflow/example_dags/example_trigger_controller_dag.py
[2022-06-16 12:25:07,112] {processor.py:642} INFO - Processing file /home/notme/airflow_venv/airflow_venv/lib/python3.8/site-packages/airflow/example_dags/example_trigger_controller_dag.py for tasks to queue
[2022-06-16 12:25:07,112] {logging_mixin.py:109} INFO - [2022-06-16 12:25:07,112] {dagbag.py:500} INFO - Filling up the DagBag from /home/notme/airflow_venv/airflow_venv/lib/python3.8/site-packages/airflow/example_dags/example_trigger_controller_dag.py
[2022-06-16 12:25:07,121] {processor.py:652} INFO - DAG(s) dict_keys(['example_trigger_controller_dag']) retrieved from /home/notme/airflow_venv/airflow_venv/lib/python3.8/site-packages/airflow/example_dags/example_trigger_controller_dag.py
[2022-06-16 12:25:07,129] {logging_mixin.py:109} INFO - [2022-06-16 12:25:07,129] {dag.py:2398} INFO - Sync 1 DAGs
[2022-06-16 12:25:07,138] {logging_mixin.py:109} INFO - [2022-06-16 12:25:07,138] {dag.py:2937} INFO - Setting next_dagrun for example_trigger_controller_dag to 2021-01-01T00:00:00+00:00
[2022-06-16 12:25:07,151] {processor.py:171} INFO - Processing /home/notme/airflow_venv/airflow_venv/lib/python3.8/site-packages/airflow/example_dags/example_trigger_controller_dag.py took 0.043 seconds
[2022-06-16 12:25:43,621] {processor.py:163} INFO - Started process (PID=9930) to work on /home/notme/airflow_venv/airflow_venv/lib/python3.8/site-packages/airflow/example_dags/example_trigger_controller_dag.py
[2022-06-16 12:25:43,622] {processor.py:642} INFO - Processing file /home/notme/airflow_venv/airflow_venv/lib/python3.8/site-packages/airflow/example_dags/example_trigger_controller_dag.py for tasks to queue
[2022-06-16 12:25:43,623] {logging_mixin.py:109} INFO - [2022-06-16 12:25:43,622] {dagbag.py:500} INFO - Filling up the DagBag from /home/notme/airflow_venv/airflow_venv/lib/python3.8/site-packages/airflow/example_dags/example_trigger_controller_dag.py
[2022-06-16 12:25:43,633] {processor.py:652} INFO - DAG(s) dict_keys(['example_trigger_controller_dag']) retrieved from /home/notme/airflow_venv/airflow_venv/lib/python3.8/site-packages/airflow/example_dags/example_trigger_controller_dag.py
[2022-06-16 12:25:43,641] {logging_mixin.py:109} INFO - [2022-06-16 12:25:43,641] {dag.py:2398} INFO - Sync 1 DAGs
[2022-06-16 12:25:43,651] {logging_mixin.py:109} INFO - [2022-06-16 12:25:43,651] {dag.py:2937} INFO - Setting next_dagrun for example_trigger_controller_dag to 2021-01-01T00:00:00+00:00
[2022-06-16 12:25:43,665] {processor.py:171} INFO - Processing /home/notme/airflow_venv/airflow_venv/lib/python3.8/site-packages/airflow/example_dags/example_trigger_controller_dag.py took 0.046 seconds
[2022-06-16 12:26:18,001] {processor.py:163} INFO - Started process (PID=9980) to work on /home/notme/airflow_venv/airflow_venv/lib/python3.8/site-packages/airflow/example_dags/example_trigger_controller_dag.py
[2022-06-16 12:26:18,002] {processor.py:642} INFO - Processing file /home/notme/airflow_venv/airflow_venv/lib/python3.8/site-packages/airflow/example_dags/example_trigger_controller_dag.py for tasks to queue
[2022-06-16 12:26:18,003] {logging_mixin.py:109} INFO - [2022-06-16 12:26:18,003] {dagbag.py:500} INFO - Filling up the DagBag from /home/notme/airflow_venv/airflow_venv/lib/python3.8/site-packages/airflow/example_dags/example_trigger_controller_dag.py
[2022-06-16 12:26:18,013] {processor.py:652} INFO - DAG(s) dict_keys(['example_trigger_controller_dag']) retrieved from /home/notme/airflow_venv/airflow_venv/lib/python3.8/site-packages/airflow/example_dags/example_trigger_controller_dag.py
[2022-06-16 12:26:18,021] {logging_mixin.py:109} INFO - [2022-06-16 12:26:18,021] {dag.py:2398} INFO - Sync 1 DAGs
[2022-06-16 12:26:18,030] {logging_mixin.py:109} INFO - [2022-06-16 12:26:18,030] {dag.py:2937} INFO - Setting next_dagrun for example_trigger_controller_dag to 2021-01-01T00:00:00+00:00
[2022-06-16 12:26:18,043] {processor.py:171} INFO - Processing /home/notme/airflow_venv/airflow_venv/lib/python3.8/site-packages/airflow/example_dags/example_trigger_controller_dag.py took 0.043 seconds
[2022-06-16 12:26:54,680] {processor.py:163} INFO - Started process (PID=10401) to work on /home/notme/airflow_venv/airflow_venv/lib/python3.8/site-packages/airflow/example_dags/example_trigger_controller_dag.py
[2022-06-16 12:26:54,681] {processor.py:642} INFO - Processing file /home/notme/airflow_venv/airflow_venv/lib/python3.8/site-packages/airflow/example_dags/example_trigger_controller_dag.py for tasks to queue
[2022-06-16 12:26:54,681] {logging_mixin.py:109} INFO - [2022-06-16 12:26:54,681] {dagbag.py:500} INFO - Filling up the DagBag from /home/notme/airflow_venv/airflow_venv/lib/python3.8/site-packages/airflow/example_dags/example_trigger_controller_dag.py
[2022-06-16 12:26:54,690] {processor.py:652} INFO - DAG(s) dict_keys(['example_trigger_controller_dag']) retrieved from /home/notme/airflow_venv/airflow_venv/lib/python3.8/site-packages/airflow/example_dags/example_trigger_controller_dag.py
[2022-06-16 12:26:54,699] {logging_mixin.py:109} INFO - [2022-06-16 12:26:54,699] {dag.py:2398} INFO - Sync 1 DAGs
[2022-06-16 12:26:54,709] {logging_mixin.py:109} INFO - [2022-06-16 12:26:54,709] {dag.py:2937} INFO - Setting next_dagrun for example_trigger_controller_dag to 2021-01-01T00:00:00+00:00
[2022-06-16 12:26:54,721] {processor.py:171} INFO - Processing /home/notme/airflow_venv/airflow_venv/lib/python3.8/site-packages/airflow/example_dags/example_trigger_controller_dag.py took 0.044 seconds
[2022-06-16 12:27:32,250] {processor.py:163} INFO - Started process (PID=10455) to work on /home/notme/airflow_venv/airflow_venv/lib/python3.8/site-packages/airflow/example_dags/example_trigger_controller_dag.py
[2022-06-16 12:27:32,251] {processor.py:642} INFO - Processing file /home/notme/airflow_venv/airflow_venv/lib/python3.8/site-packages/airflow/example_dags/example_trigger_controller_dag.py for tasks to queue
[2022-06-16 12:27:32,251] {logging_mixin.py:109} INFO - [2022-06-16 12:27:32,251] {dagbag.py:500} INFO - Filling up the DagBag from /home/notme/airflow_venv/airflow_venv/lib/python3.8/site-packages/airflow/example_dags/example_trigger_controller_dag.py
[2022-06-16 12:27:32,260] {processor.py:652} INFO - DAG(s) dict_keys(['example_trigger_controller_dag']) retrieved from /home/notme/airflow_venv/airflow_venv/lib/python3.8/site-packages/airflow/example_dags/example_trigger_controller_dag.py
[2022-06-16 12:27:32,268] {logging_mixin.py:109} INFO - [2022-06-16 12:27:32,268] {dag.py:2398} INFO - Sync 1 DAGs
[2022-06-16 12:27:32,278] {logging_mixin.py:109} INFO - [2022-06-16 12:27:32,278] {dag.py:2937} INFO - Setting next_dagrun for example_trigger_controller_dag to 2021-01-01T00:00:00+00:00
[2022-06-16 12:27:32,291] {processor.py:171} INFO - Processing /home/notme/airflow_venv/airflow_venv/lib/python3.8/site-packages/airflow/example_dags/example_trigger_controller_dag.py took 0.043 seconds
[2022-06-16 12:28:09,747] {processor.py:163} INFO - Started process (PID=10820) to work on /home/notme/airflow_venv/airflow_venv/lib/python3.8/site-packages/airflow/example_dags/example_trigger_controller_dag.py
[2022-06-16 12:28:09,757] {processor.py:642} INFO - Processing file /home/notme/airflow_venv/airflow_venv/lib/python3.8/site-packages/airflow/example_dags/example_trigger_controller_dag.py for tasks to queue
[2022-06-16 12:28:09,758] {logging_mixin.py:109} INFO - [2022-06-16 12:28:09,757] {dagbag.py:500} INFO - Filling up the DagBag from /home/notme/airflow_venv/airflow_venv/lib/python3.8/site-packages/airflow/example_dags/example_trigger_controller_dag.py
[2022-06-16 12:28:09,801] {processor.py:652} INFO - DAG(s) dict_keys(['example_trigger_controller_dag']) retrieved from /home/notme/airflow_venv/airflow_venv/lib/python3.8/site-packages/airflow/example_dags/example_trigger_controller_dag.py
[2022-06-16 12:28:09,818] {logging_mixin.py:109} INFO - [2022-06-16 12:28:09,818] {dag.py:2398} INFO - Sync 1 DAGs
[2022-06-16 12:28:09,842] {logging_mixin.py:109} INFO - [2022-06-16 12:28:09,842] {dag.py:2937} INFO - Setting next_dagrun for example_trigger_controller_dag to 2021-01-01T00:00:00+00:00
[2022-06-16 12:28:09,866] {processor.py:171} INFO - Processing /home/notme/airflow_venv/airflow_venv/lib/python3.8/site-packages/airflow/example_dags/example_trigger_controller_dag.py took 0.123 seconds
[2022-06-16 12:28:44,862] {processor.py:163} INFO - Started process (PID=11041) to work on /home/notme/airflow_venv/airflow_venv/lib/python3.8/site-packages/airflow/example_dags/example_trigger_controller_dag.py
[2022-06-16 12:28:44,864] {processor.py:642} INFO - Processing file /home/notme/airflow_venv/airflow_venv/lib/python3.8/site-packages/airflow/example_dags/example_trigger_controller_dag.py for tasks to queue
[2022-06-16 12:28:44,865] {logging_mixin.py:109} INFO - [2022-06-16 12:28:44,865] {dagbag.py:500} INFO - Filling up the DagBag from /home/notme/airflow_venv/airflow_venv/lib/python3.8/site-packages/airflow/example_dags/example_trigger_controller_dag.py
[2022-06-16 12:28:44,880] {processor.py:652} INFO - DAG(s) dict_keys(['example_trigger_controller_dag']) retrieved from /home/notme/airflow_venv/airflow_venv/lib/python3.8/site-packages/airflow/example_dags/example_trigger_controller_dag.py
[2022-06-16 12:28:44,903] {logging_mixin.py:109} INFO - [2022-06-16 12:28:44,903] {dag.py:2398} INFO - Sync 1 DAGs
[2022-06-16 12:28:44,918] {logging_mixin.py:109} INFO - [2022-06-16 12:28:44,918] {dag.py:2937} INFO - Setting next_dagrun for example_trigger_controller_dag to 2021-01-01T00:00:00+00:00
[2022-06-16 12:28:44,933] {processor.py:171} INFO - Processing /home/notme/airflow_venv/airflow_venv/lib/python3.8/site-packages/airflow/example_dags/example_trigger_controller_dag.py took 0.074 seconds
[2022-06-16 12:29:20,923] {processor.py:163} INFO - Started process (PID=11093) to work on /home/notme/airflow_venv/airflow_venv/lib/python3.8/site-packages/airflow/example_dags/example_trigger_controller_dag.py
[2022-06-16 12:29:20,925] {processor.py:642} INFO - Processing file /home/notme/airflow_venv/airflow_venv/lib/python3.8/site-packages/airflow/example_dags/example_trigger_controller_dag.py for tasks to queue
[2022-06-16 12:29:20,925] {logging_mixin.py:109} INFO - [2022-06-16 12:29:20,925] {dagbag.py:500} INFO - Filling up the DagBag from /home/notme/airflow_venv/airflow_venv/lib/python3.8/site-packages/airflow/example_dags/example_trigger_controller_dag.py
[2022-06-16 12:29:20,934] {processor.py:652} INFO - DAG(s) dict_keys(['example_trigger_controller_dag']) retrieved from /home/notme/airflow_venv/airflow_venv/lib/python3.8/site-packages/airflow/example_dags/example_trigger_controller_dag.py
[2022-06-16 12:29:20,942] {logging_mixin.py:109} INFO - [2022-06-16 12:29:20,942] {dag.py:2398} INFO - Sync 1 DAGs
[2022-06-16 12:29:20,953] {logging_mixin.py:109} INFO - [2022-06-16 12:29:20,953] {dag.py:2937} INFO - Setting next_dagrun for example_trigger_controller_dag to 2021-01-01T00:00:00+00:00
[2022-06-16 12:29:20,965] {processor.py:171} INFO - Processing /home/notme/airflow_venv/airflow_venv/lib/python3.8/site-packages/airflow/example_dags/example_trigger_controller_dag.py took 0.043 seconds
[2022-06-16 12:29:57,596] {processor.py:163} INFO - Started process (PID=11300) to work on /home/notme/airflow_venv/airflow_venv/lib/python3.8/site-packages/airflow/example_dags/example_trigger_controller_dag.py
[2022-06-16 12:29:57,597] {processor.py:642} INFO - Processing file /home/notme/airflow_venv/airflow_venv/lib/python3.8/site-packages/airflow/example_dags/example_trigger_controller_dag.py for tasks to queue
[2022-06-16 12:29:57,598] {logging_mixin.py:109} INFO - [2022-06-16 12:29:57,598] {dagbag.py:500} INFO - Filling up the DagBag from /home/notme/airflow_venv/airflow_venv/lib/python3.8/site-packages/airflow/example_dags/example_trigger_controller_dag.py
[2022-06-16 12:29:57,608] {processor.py:652} INFO - DAG(s) dict_keys(['example_trigger_controller_dag']) retrieved from /home/notme/airflow_venv/airflow_venv/lib/python3.8/site-packages/airflow/example_dags/example_trigger_controller_dag.py
[2022-06-16 12:29:57,617] {logging_mixin.py:109} INFO - [2022-06-16 12:29:57,617] {dag.py:2398} INFO - Sync 1 DAGs
[2022-06-16 12:29:57,627] {logging_mixin.py:109} INFO - [2022-06-16 12:29:57,627] {dag.py:2937} INFO - Setting next_dagrun for example_trigger_controller_dag to 2021-01-01T00:00:00+00:00
[2022-06-16 12:29:57,647] {processor.py:171} INFO - Processing /home/notme/airflow_venv/airflow_venv/lib/python3.8/site-packages/airflow/example_dags/example_trigger_controller_dag.py took 0.053 seconds
[2022-06-16 12:30:31,359] {processor.py:163} INFO - Started process (PID=11342) to work on /home/notme/airflow_venv/airflow_venv/lib/python3.8/site-packages/airflow/example_dags/example_trigger_controller_dag.py
[2022-06-16 12:30:31,360] {processor.py:642} INFO - Processing file /home/notme/airflow_venv/airflow_venv/lib/python3.8/site-packages/airflow/example_dags/example_trigger_controller_dag.py for tasks to queue
[2022-06-16 12:30:31,361] {logging_mixin.py:109} INFO - [2022-06-16 12:30:31,361] {dagbag.py:500} INFO - Filling up the DagBag from /home/notme/airflow_venv/airflow_venv/lib/python3.8/site-packages/airflow/example_dags/example_trigger_controller_dag.py
[2022-06-16 12:30:31,370] {processor.py:652} INFO - DAG(s) dict_keys(['example_trigger_controller_dag']) retrieved from /home/notme/airflow_venv/airflow_venv/lib/python3.8/site-packages/airflow/example_dags/example_trigger_controller_dag.py
[2022-06-16 12:30:31,383] {logging_mixin.py:109} INFO - [2022-06-16 12:30:31,382] {dag.py:2398} INFO - Sync 1 DAGs
[2022-06-16 12:30:31,401] {logging_mixin.py:109} INFO - [2022-06-16 12:30:31,401] {dag.py:2937} INFO - Setting next_dagrun for example_trigger_controller_dag to 2021-01-01T00:00:00+00:00
[2022-06-16 12:30:31,422] {processor.py:171} INFO - Processing /home/notme/airflow_venv/airflow_venv/lib/python3.8/site-packages/airflow/example_dags/example_trigger_controller_dag.py took 0.065 seconds
