[2022-06-16 12:15:59,507] {processor.py:163} INFO - Started process (PID=1405) to work on /home/notme/airflow_venv/airflow_venv/lib/python3.8/site-packages/airflow/example_dags/example_branch_datetime_operator.py
[2022-06-16 12:15:59,508] {processor.py:642} INFO - Processing file /home/notme/airflow_venv/airflow_venv/lib/python3.8/site-packages/airflow/example_dags/example_branch_datetime_operator.py for tasks to queue
[2022-06-16 12:15:59,509] {logging_mixin.py:109} INFO - [2022-06-16 12:15:59,509] {dagbag.py:500} INFO - Filling up the DagBag from /home/notme/airflow_venv/airflow_venv/lib/python3.8/site-packages/airflow/example_dags/example_branch_datetime_operator.py
[2022-06-16 12:15:59,521] {processor.py:652} INFO - DAG(s) dict_keys(['example_branch_datetime_operator_2']) retrieved from /home/notme/airflow_venv/airflow_venv/lib/python3.8/site-packages/airflow/example_dags/example_branch_datetime_operator.py
[2022-06-16 12:15:59,531] {logging_mixin.py:109} INFO - [2022-06-16 12:15:59,531] {dag.py:2398} INFO - Sync 1 DAGs
[2022-06-16 12:15:59,549] {logging_mixin.py:109} INFO - [2022-06-16 12:15:59,549] {dag.py:2937} INFO - Setting next_dagrun for example_branch_datetime_operator_2 to 2022-06-15 00:00:00+00:00
[2022-06-16 12:15:59,575] {processor.py:171} INFO - Processing /home/notme/airflow_venv/airflow_venv/lib/python3.8/site-packages/airflow/example_dags/example_branch_datetime_operator.py took 0.069 seconds
[2022-06-16 12:16:35,698] {processor.py:163} INFO - Started process (PID=1756) to work on /home/notme/airflow_venv/airflow_venv/lib/python3.8/site-packages/airflow/example_dags/example_branch_datetime_operator.py
[2022-06-16 12:16:35,700] {processor.py:642} INFO - Processing file /home/notme/airflow_venv/airflow_venv/lib/python3.8/site-packages/airflow/example_dags/example_branch_datetime_operator.py for tasks to queue
[2022-06-16 12:16:35,700] {logging_mixin.py:109} INFO - [2022-06-16 12:16:35,700] {dagbag.py:500} INFO - Filling up the DagBag from /home/notme/airflow_venv/airflow_venv/lib/python3.8/site-packages/airflow/example_dags/example_branch_datetime_operator.py
[2022-06-16 12:16:35,712] {processor.py:652} INFO - DAG(s) dict_keys(['example_branch_datetime_operator_2']) retrieved from /home/notme/airflow_venv/airflow_venv/lib/python3.8/site-packages/airflow/example_dags/example_branch_datetime_operator.py
[2022-06-16 12:16:35,721] {logging_mixin.py:109} INFO - [2022-06-16 12:16:35,721] {dag.py:2398} INFO - Sync 1 DAGs
[2022-06-16 12:16:35,732] {logging_mixin.py:109} INFO - [2022-06-16 12:16:35,732] {dag.py:2937} INFO - Setting next_dagrun for example_branch_datetime_operator_2 to 2022-06-15 00:00:00+00:00
[2022-06-16 12:16:35,750] {processor.py:171} INFO - Processing /home/notme/airflow_venv/airflow_venv/lib/python3.8/site-packages/airflow/example_dags/example_branch_datetime_operator.py took 0.054 seconds
[2022-06-16 12:17:09,574] {processor.py:163} INFO - Started process (PID=1805) to work on /home/notme/airflow_venv/airflow_venv/lib/python3.8/site-packages/airflow/example_dags/example_branch_datetime_operator.py
[2022-06-16 12:17:09,575] {processor.py:642} INFO - Processing file /home/notme/airflow_venv/airflow_venv/lib/python3.8/site-packages/airflow/example_dags/example_branch_datetime_operator.py for tasks to queue
[2022-06-16 12:17:09,576] {logging_mixin.py:109} INFO - [2022-06-16 12:17:09,576] {dagbag.py:500} INFO - Filling up the DagBag from /home/notme/airflow_venv/airflow_venv/lib/python3.8/site-packages/airflow/example_dags/example_branch_datetime_operator.py
[2022-06-16 12:17:09,589] {processor.py:652} INFO - DAG(s) dict_keys(['example_branch_datetime_operator_2']) retrieved from /home/notme/airflow_venv/airflow_venv/lib/python3.8/site-packages/airflow/example_dags/example_branch_datetime_operator.py
[2022-06-16 12:17:09,600] {logging_mixin.py:109} INFO - [2022-06-16 12:17:09,600] {dag.py:2398} INFO - Sync 1 DAGs
[2022-06-16 12:17:09,610] {logging_mixin.py:109} INFO - [2022-06-16 12:17:09,610] {dag.py:2937} INFO - Setting next_dagrun for example_branch_datetime_operator_2 to 2022-06-15 00:00:00+00:00
[2022-06-16 12:17:09,624] {processor.py:171} INFO - Processing /home/notme/airflow_venv/airflow_venv/lib/python3.8/site-packages/airflow/example_dags/example_branch_datetime_operator.py took 0.051 seconds
[2022-06-16 12:17:45,906] {processor.py:163} INFO - Started process (PID=2121) to work on /home/notme/airflow_venv/airflow_venv/lib/python3.8/site-packages/airflow/example_dags/example_branch_datetime_operator.py
[2022-06-16 12:17:45,907] {processor.py:642} INFO - Processing file /home/notme/airflow_venv/airflow_venv/lib/python3.8/site-packages/airflow/example_dags/example_branch_datetime_operator.py for tasks to queue
[2022-06-16 12:17:45,908] {logging_mixin.py:109} INFO - [2022-06-16 12:17:45,908] {dagbag.py:500} INFO - Filling up the DagBag from /home/notme/airflow_venv/airflow_venv/lib/python3.8/site-packages/airflow/example_dags/example_branch_datetime_operator.py
[2022-06-16 12:17:45,922] {processor.py:652} INFO - DAG(s) dict_keys(['example_branch_datetime_operator_2']) retrieved from /home/notme/airflow_venv/airflow_venv/lib/python3.8/site-packages/airflow/example_dags/example_branch_datetime_operator.py
[2022-06-16 12:17:45,934] {logging_mixin.py:109} INFO - [2022-06-16 12:17:45,934] {dag.py:2398} INFO - Sync 1 DAGs
[2022-06-16 12:17:45,946] {logging_mixin.py:109} INFO - [2022-06-16 12:17:45,946] {dag.py:2937} INFO - Setting next_dagrun for example_branch_datetime_operator_2 to 2022-06-15 00:00:00+00:00
[2022-06-16 12:17:45,959] {processor.py:171} INFO - Processing /home/notme/airflow_venv/airflow_venv/lib/python3.8/site-packages/airflow/example_dags/example_branch_datetime_operator.py took 0.055 seconds
[2022-06-16 12:18:25,188] {processor.py:163} INFO - Started process (PID=2167) to work on /home/notme/airflow_venv/airflow_venv/lib/python3.8/site-packages/airflow/example_dags/example_branch_datetime_operator.py
[2022-06-16 12:18:25,189] {processor.py:642} INFO - Processing file /home/notme/airflow_venv/airflow_venv/lib/python3.8/site-packages/airflow/example_dags/example_branch_datetime_operator.py for tasks to queue
[2022-06-16 12:18:25,189] {logging_mixin.py:109} INFO - [2022-06-16 12:18:25,189] {dagbag.py:500} INFO - Filling up the DagBag from /home/notme/airflow_venv/airflow_venv/lib/python3.8/site-packages/airflow/example_dags/example_branch_datetime_operator.py
[2022-06-16 12:18:25,200] {processor.py:652} INFO - DAG(s) dict_keys(['example_branch_datetime_operator_2']) retrieved from /home/notme/airflow_venv/airflow_venv/lib/python3.8/site-packages/airflow/example_dags/example_branch_datetime_operator.py
[2022-06-16 12:18:25,208] {logging_mixin.py:109} INFO - [2022-06-16 12:18:25,208] {dag.py:2398} INFO - Sync 1 DAGs
[2022-06-16 12:18:25,225] {logging_mixin.py:109} INFO - [2022-06-16 12:18:25,225] {dag.py:2937} INFO - Setting next_dagrun for example_branch_datetime_operator_2 to 2022-06-15 00:00:00+00:00
[2022-06-16 12:18:25,247] {processor.py:171} INFO - Processing /home/notme/airflow_venv/airflow_venv/lib/python3.8/site-packages/airflow/example_dags/example_branch_datetime_operator.py took 0.061 seconds
[2022-06-16 12:19:03,703] {processor.py:163} INFO - Started process (PID=2442) to work on /home/notme/airflow_venv/airflow_venv/lib/python3.8/site-packages/airflow/example_dags/example_branch_datetime_operator.py
[2022-06-16 12:19:03,704] {processor.py:642} INFO - Processing file /home/notme/airflow_venv/airflow_venv/lib/python3.8/site-packages/airflow/example_dags/example_branch_datetime_operator.py for tasks to queue
[2022-06-16 12:19:03,705] {logging_mixin.py:109} INFO - [2022-06-16 12:19:03,705] {dagbag.py:500} INFO - Filling up the DagBag from /home/notme/airflow_venv/airflow_venv/lib/python3.8/site-packages/airflow/example_dags/example_branch_datetime_operator.py
[2022-06-16 12:19:03,721] {processor.py:652} INFO - DAG(s) dict_keys(['example_branch_datetime_operator_2']) retrieved from /home/notme/airflow_venv/airflow_venv/lib/python3.8/site-packages/airflow/example_dags/example_branch_datetime_operator.py
[2022-06-16 12:19:03,732] {logging_mixin.py:109} INFO - [2022-06-16 12:19:03,732] {dag.py:2398} INFO - Sync 1 DAGs
[2022-06-16 12:19:03,750] {logging_mixin.py:109} INFO - [2022-06-16 12:19:03,750] {dag.py:2937} INFO - Setting next_dagrun for example_branch_datetime_operator_2 to 2022-06-15 00:00:00+00:00
[2022-06-16 12:19:03,765] {processor.py:171} INFO - Processing /home/notme/airflow_venv/airflow_venv/lib/python3.8/site-packages/airflow/example_dags/example_branch_datetime_operator.py took 0.064 seconds
[2022-06-16 12:19:41,934] {processor.py:163} INFO - Started process (PID=2665) to work on /home/notme/airflow_venv/airflow_venv/lib/python3.8/site-packages/airflow/example_dags/example_branch_datetime_operator.py
[2022-06-16 12:19:41,935] {processor.py:642} INFO - Processing file /home/notme/airflow_venv/airflow_venv/lib/python3.8/site-packages/airflow/example_dags/example_branch_datetime_operator.py for tasks to queue
[2022-06-16 12:19:41,936] {logging_mixin.py:109} INFO - [2022-06-16 12:19:41,935] {dagbag.py:500} INFO - Filling up the DagBag from /home/notme/airflow_venv/airflow_venv/lib/python3.8/site-packages/airflow/example_dags/example_branch_datetime_operator.py
[2022-06-16 12:19:41,946] {processor.py:652} INFO - DAG(s) dict_keys(['example_branch_datetime_operator_2']) retrieved from /home/notme/airflow_venv/airflow_venv/lib/python3.8/site-packages/airflow/example_dags/example_branch_datetime_operator.py
[2022-06-16 12:19:41,956] {logging_mixin.py:109} INFO - [2022-06-16 12:19:41,955] {dag.py:2398} INFO - Sync 1 DAGs
[2022-06-16 12:19:41,971] {logging_mixin.py:109} INFO - [2022-06-16 12:19:41,971] {dag.py:2937} INFO - Setting next_dagrun for example_branch_datetime_operator_2 to 2022-06-15 00:00:00+00:00
[2022-06-16 12:19:41,985] {processor.py:171} INFO - Processing /home/notme/airflow_venv/airflow_venv/lib/python3.8/site-packages/airflow/example_dags/example_branch_datetime_operator.py took 0.054 seconds
[2022-06-16 12:20:16,902] {processor.py:163} INFO - Started process (PID=2709) to work on /home/notme/airflow_venv/airflow_venv/lib/python3.8/site-packages/airflow/example_dags/example_branch_datetime_operator.py
[2022-06-16 12:20:16,903] {processor.py:642} INFO - Processing file /home/notme/airflow_venv/airflow_venv/lib/python3.8/site-packages/airflow/example_dags/example_branch_datetime_operator.py for tasks to queue
[2022-06-16 12:20:16,903] {logging_mixin.py:109} INFO - [2022-06-16 12:20:16,903] {dagbag.py:500} INFO - Filling up the DagBag from /home/notme/airflow_venv/airflow_venv/lib/python3.8/site-packages/airflow/example_dags/example_branch_datetime_operator.py
[2022-06-16 12:20:16,919] {processor.py:652} INFO - DAG(s) dict_keys(['example_branch_datetime_operator_2']) retrieved from /home/notme/airflow_venv/airflow_venv/lib/python3.8/site-packages/airflow/example_dags/example_branch_datetime_operator.py
[2022-06-16 12:20:16,933] {logging_mixin.py:109} INFO - [2022-06-16 12:20:16,933] {dag.py:2398} INFO - Sync 1 DAGs
[2022-06-16 12:20:16,946] {logging_mixin.py:109} INFO - [2022-06-16 12:20:16,945] {dag.py:2937} INFO - Setting next_dagrun for example_branch_datetime_operator_2 to 2022-06-15 00:00:00+00:00
[2022-06-16 12:20:16,958] {processor.py:171} INFO - Processing /home/notme/airflow_venv/airflow_venv/lib/python3.8/site-packages/airflow/example_dags/example_branch_datetime_operator.py took 0.058 seconds
[2022-06-16 12:20:56,842] {processor.py:163} INFO - Started process (PID=2756) to work on /home/notme/airflow_venv/airflow_venv/lib/python3.8/site-packages/airflow/example_dags/example_branch_datetime_operator.py
[2022-06-16 12:20:56,843] {processor.py:642} INFO - Processing file /home/notme/airflow_venv/airflow_venv/lib/python3.8/site-packages/airflow/example_dags/example_branch_datetime_operator.py for tasks to queue
[2022-06-16 12:20:56,844] {logging_mixin.py:109} INFO - [2022-06-16 12:20:56,844] {dagbag.py:500} INFO - Filling up the DagBag from /home/notme/airflow_venv/airflow_venv/lib/python3.8/site-packages/airflow/example_dags/example_branch_datetime_operator.py
[2022-06-16 12:20:56,856] {processor.py:652} INFO - DAG(s) dict_keys(['example_branch_datetime_operator_2']) retrieved from /home/notme/airflow_venv/airflow_venv/lib/python3.8/site-packages/airflow/example_dags/example_branch_datetime_operator.py
[2022-06-16 12:20:56,866] {logging_mixin.py:109} INFO - [2022-06-16 12:20:56,866] {dag.py:2398} INFO - Sync 1 DAGs
[2022-06-16 12:20:56,878] {logging_mixin.py:109} INFO - [2022-06-16 12:20:56,878] {dag.py:2937} INFO - Setting next_dagrun for example_branch_datetime_operator_2 to 2022-06-15 00:00:00+00:00
[2022-06-16 12:20:56,890] {processor.py:171} INFO - Processing /home/notme/airflow_venv/airflow_venv/lib/python3.8/site-packages/airflow/example_dags/example_branch_datetime_operator.py took 0.049 seconds
[2022-06-16 12:21:32,304] {processor.py:163} INFO - Started process (PID=2968) to work on /home/notme/airflow_venv/airflow_venv/lib/python3.8/site-packages/airflow/example_dags/example_branch_datetime_operator.py
[2022-06-16 12:21:32,305] {processor.py:642} INFO - Processing file /home/notme/airflow_venv/airflow_venv/lib/python3.8/site-packages/airflow/example_dags/example_branch_datetime_operator.py for tasks to queue
[2022-06-16 12:21:32,306] {logging_mixin.py:109} INFO - [2022-06-16 12:21:32,306] {dagbag.py:500} INFO - Filling up the DagBag from /home/notme/airflow_venv/airflow_venv/lib/python3.8/site-packages/airflow/example_dags/example_branch_datetime_operator.py
[2022-06-16 12:21:32,326] {processor.py:652} INFO - DAG(s) dict_keys(['example_branch_datetime_operator_2']) retrieved from /home/notme/airflow_venv/airflow_venv/lib/python3.8/site-packages/airflow/example_dags/example_branch_datetime_operator.py
[2022-06-16 12:21:32,345] {logging_mixin.py:109} INFO - [2022-06-16 12:21:32,345] {dag.py:2398} INFO - Sync 1 DAGs
[2022-06-16 12:21:32,358] {logging_mixin.py:109} INFO - [2022-06-16 12:21:32,358] {dag.py:2937} INFO - Setting next_dagrun for example_branch_datetime_operator_2 to 2022-06-15 00:00:00+00:00
[2022-06-16 12:21:32,372] {processor.py:171} INFO - Processing /home/notme/airflow_venv/airflow_venv/lib/python3.8/site-packages/airflow/example_dags/example_branch_datetime_operator.py took 0.070 seconds
[2022-06-16 12:22:09,816] {processor.py:163} INFO - Started process (PID=3150) to work on /home/notme/airflow_venv/airflow_venv/lib/python3.8/site-packages/airflow/example_dags/example_branch_datetime_operator.py
[2022-06-16 12:22:09,817] {processor.py:642} INFO - Processing file /home/notme/airflow_venv/airflow_venv/lib/python3.8/site-packages/airflow/example_dags/example_branch_datetime_operator.py for tasks to queue
[2022-06-16 12:22:09,818] {logging_mixin.py:109} INFO - [2022-06-16 12:22:09,818] {dagbag.py:500} INFO - Filling up the DagBag from /home/notme/airflow_venv/airflow_venv/lib/python3.8/site-packages/airflow/example_dags/example_branch_datetime_operator.py
[2022-06-16 12:22:09,836] {processor.py:652} INFO - DAG(s) dict_keys(['example_branch_datetime_operator_2']) retrieved from /home/notme/airflow_venv/airflow_venv/lib/python3.8/site-packages/airflow/example_dags/example_branch_datetime_operator.py
[2022-06-16 12:22:09,846] {logging_mixin.py:109} INFO - [2022-06-16 12:22:09,846] {dag.py:2398} INFO - Sync 1 DAGs
[2022-06-16 12:22:09,858] {logging_mixin.py:109} INFO - [2022-06-16 12:22:09,858] {dag.py:2937} INFO - Setting next_dagrun for example_branch_datetime_operator_2 to 2022-06-15 00:00:00+00:00
[2022-06-16 12:22:09,947] {processor.py:171} INFO - Processing /home/notme/airflow_venv/airflow_venv/lib/python3.8/site-packages/airflow/example_dags/example_branch_datetime_operator.py took 0.133 seconds
[2022-06-16 12:22:45,431] {processor.py:163} INFO - Started process (PID=3462) to work on /home/notme/airflow_venv/airflow_venv/lib/python3.8/site-packages/airflow/example_dags/example_branch_datetime_operator.py
[2022-06-16 12:22:45,432] {processor.py:642} INFO - Processing file /home/notme/airflow_venv/airflow_venv/lib/python3.8/site-packages/airflow/example_dags/example_branch_datetime_operator.py for tasks to queue
[2022-06-16 12:22:45,433] {logging_mixin.py:109} INFO - [2022-06-16 12:22:45,433] {dagbag.py:500} INFO - Filling up the DagBag from /home/notme/airflow_venv/airflow_venv/lib/python3.8/site-packages/airflow/example_dags/example_branch_datetime_operator.py
[2022-06-16 12:22:45,446] {processor.py:652} INFO - DAG(s) dict_keys(['example_branch_datetime_operator_2']) retrieved from /home/notme/airflow_venv/airflow_venv/lib/python3.8/site-packages/airflow/example_dags/example_branch_datetime_operator.py
[2022-06-16 12:22:45,454] {logging_mixin.py:109} INFO - [2022-06-16 12:22:45,454] {dag.py:2398} INFO - Sync 1 DAGs
[2022-06-16 12:22:45,464] {logging_mixin.py:109} INFO - [2022-06-16 12:22:45,464] {dag.py:2937} INFO - Setting next_dagrun for example_branch_datetime_operator_2 to 2022-06-15 00:00:00+00:00
[2022-06-16 12:22:45,477] {processor.py:171} INFO - Processing /home/notme/airflow_venv/airflow_venv/lib/python3.8/site-packages/airflow/example_dags/example_branch_datetime_operator.py took 0.048 seconds
[2022-06-16 12:23:20,469] {processor.py:163} INFO - Started process (PID=3578) to work on /home/notme/airflow_venv/airflow_venv/lib/python3.8/site-packages/airflow/example_dags/example_branch_datetime_operator.py
[2022-06-16 12:23:20,470] {processor.py:642} INFO - Processing file /home/notme/airflow_venv/airflow_venv/lib/python3.8/site-packages/airflow/example_dags/example_branch_datetime_operator.py for tasks to queue
[2022-06-16 12:23:20,470] {logging_mixin.py:109} INFO - [2022-06-16 12:23:20,470] {dagbag.py:500} INFO - Filling up the DagBag from /home/notme/airflow_venv/airflow_venv/lib/python3.8/site-packages/airflow/example_dags/example_branch_datetime_operator.py
[2022-06-16 12:23:20,482] {processor.py:652} INFO - DAG(s) dict_keys(['example_branch_datetime_operator_2']) retrieved from /home/notme/airflow_venv/airflow_venv/lib/python3.8/site-packages/airflow/example_dags/example_branch_datetime_operator.py
[2022-06-16 12:23:20,491] {logging_mixin.py:109} INFO - [2022-06-16 12:23:20,490] {dag.py:2398} INFO - Sync 1 DAGs
[2022-06-16 12:23:20,500] {logging_mixin.py:109} INFO - [2022-06-16 12:23:20,500] {dag.py:2937} INFO - Setting next_dagrun for example_branch_datetime_operator_2 to 2022-06-15 00:00:00+00:00
[2022-06-16 12:23:20,512] {processor.py:171} INFO - Processing /home/notme/airflow_venv/airflow_venv/lib/python3.8/site-packages/airflow/example_dags/example_branch_datetime_operator.py took 0.046 seconds
[2022-06-16 12:23:55,120] {processor.py:163} INFO - Started process (PID=3884) to work on /home/notme/airflow_venv/airflow_venv/lib/python3.8/site-packages/airflow/example_dags/example_branch_datetime_operator.py
[2022-06-16 12:23:55,122] {processor.py:642} INFO - Processing file /home/notme/airflow_venv/airflow_venv/lib/python3.8/site-packages/airflow/example_dags/example_branch_datetime_operator.py for tasks to queue
[2022-06-16 12:23:55,122] {logging_mixin.py:109} INFO - [2022-06-16 12:23:55,122] {dagbag.py:500} INFO - Filling up the DagBag from /home/notme/airflow_venv/airflow_venv/lib/python3.8/site-packages/airflow/example_dags/example_branch_datetime_operator.py
[2022-06-16 12:23:55,136] {processor.py:652} INFO - DAG(s) dict_keys(['example_branch_datetime_operator_2']) retrieved from /home/notme/airflow_venv/airflow_venv/lib/python3.8/site-packages/airflow/example_dags/example_branch_datetime_operator.py
[2022-06-16 12:23:55,145] {logging_mixin.py:109} INFO - [2022-06-16 12:23:55,145] {dag.py:2398} INFO - Sync 1 DAGs
[2022-06-16 12:23:55,159] {logging_mixin.py:109} INFO - [2022-06-16 12:23:55,159] {dag.py:2937} INFO - Setting next_dagrun for example_branch_datetime_operator_2 to 2022-06-15 00:00:00+00:00
[2022-06-16 12:23:55,175] {processor.py:171} INFO - Processing /home/notme/airflow_venv/airflow_venv/lib/python3.8/site-packages/airflow/example_dags/example_branch_datetime_operator.py took 0.056 seconds
[2022-06-16 12:24:32,055] {processor.py:163} INFO - Started process (PID=3945) to work on /home/notme/airflow_venv/airflow_venv/lib/python3.8/site-packages/airflow/example_dags/example_branch_datetime_operator.py
[2022-06-16 12:24:32,056] {processor.py:642} INFO - Processing file /home/notme/airflow_venv/airflow_venv/lib/python3.8/site-packages/airflow/example_dags/example_branch_datetime_operator.py for tasks to queue
[2022-06-16 12:24:32,057] {logging_mixin.py:109} INFO - [2022-06-16 12:24:32,057] {dagbag.py:500} INFO - Filling up the DagBag from /home/notme/airflow_venv/airflow_venv/lib/python3.8/site-packages/airflow/example_dags/example_branch_datetime_operator.py
[2022-06-16 12:24:32,069] {processor.py:652} INFO - DAG(s) dict_keys(['example_branch_datetime_operator_2']) retrieved from /home/notme/airflow_venv/airflow_venv/lib/python3.8/site-packages/airflow/example_dags/example_branch_datetime_operator.py
[2022-06-16 12:24:32,079] {logging_mixin.py:109} INFO - [2022-06-16 12:24:32,078] {dag.py:2398} INFO - Sync 1 DAGs
[2022-06-16 12:24:32,092] {logging_mixin.py:109} INFO - [2022-06-16 12:24:32,092] {dag.py:2937} INFO - Setting next_dagrun for example_branch_datetime_operator_2 to 2022-06-15 00:00:00+00:00
[2022-06-16 12:24:32,107] {processor.py:171} INFO - Processing /home/notme/airflow_venv/airflow_venv/lib/python3.8/site-packages/airflow/example_dags/example_branch_datetime_operator.py took 0.054 seconds
[2022-06-16 12:25:08,248] {processor.py:163} INFO - Started process (PID=9440) to work on /home/notme/airflow_venv/airflow_venv/lib/python3.8/site-packages/airflow/example_dags/example_branch_datetime_operator.py
[2022-06-16 12:25:08,249] {processor.py:642} INFO - Processing file /home/notme/airflow_venv/airflow_venv/lib/python3.8/site-packages/airflow/example_dags/example_branch_datetime_operator.py for tasks to queue
[2022-06-16 12:25:08,249] {logging_mixin.py:109} INFO - [2022-06-16 12:25:08,249] {dagbag.py:500} INFO - Filling up the DagBag from /home/notme/airflow_venv/airflow_venv/lib/python3.8/site-packages/airflow/example_dags/example_branch_datetime_operator.py
[2022-06-16 12:25:08,260] {processor.py:652} INFO - DAG(s) dict_keys(['example_branch_datetime_operator_2']) retrieved from /home/notme/airflow_venv/airflow_venv/lib/python3.8/site-packages/airflow/example_dags/example_branch_datetime_operator.py
[2022-06-16 12:25:08,270] {logging_mixin.py:109} INFO - [2022-06-16 12:25:08,270] {dag.py:2398} INFO - Sync 1 DAGs
[2022-06-16 12:25:08,283] {logging_mixin.py:109} INFO - [2022-06-16 12:25:08,283] {dag.py:2937} INFO - Setting next_dagrun for example_branch_datetime_operator_2 to 2022-06-15 00:00:00+00:00
[2022-06-16 12:25:08,299] {processor.py:171} INFO - Processing /home/notme/airflow_venv/airflow_venv/lib/python3.8/site-packages/airflow/example_dags/example_branch_datetime_operator.py took 0.053 seconds
[2022-06-16 12:25:44,758] {processor.py:163} INFO - Started process (PID=9931) to work on /home/notme/airflow_venv/airflow_venv/lib/python3.8/site-packages/airflow/example_dags/example_branch_datetime_operator.py
[2022-06-16 12:25:44,759] {processor.py:642} INFO - Processing file /home/notme/airflow_venv/airflow_venv/lib/python3.8/site-packages/airflow/example_dags/example_branch_datetime_operator.py for tasks to queue
[2022-06-16 12:25:44,760] {logging_mixin.py:109} INFO - [2022-06-16 12:25:44,760] {dagbag.py:500} INFO - Filling up the DagBag from /home/notme/airflow_venv/airflow_venv/lib/python3.8/site-packages/airflow/example_dags/example_branch_datetime_operator.py
[2022-06-16 12:25:44,772] {processor.py:652} INFO - DAG(s) dict_keys(['example_branch_datetime_operator_2']) retrieved from /home/notme/airflow_venv/airflow_venv/lib/python3.8/site-packages/airflow/example_dags/example_branch_datetime_operator.py
[2022-06-16 12:25:44,782] {logging_mixin.py:109} INFO - [2022-06-16 12:25:44,781] {dag.py:2398} INFO - Sync 1 DAGs
[2022-06-16 12:25:44,794] {logging_mixin.py:109} INFO - [2022-06-16 12:25:44,793] {dag.py:2937} INFO - Setting next_dagrun for example_branch_datetime_operator_2 to 2022-06-15 00:00:00+00:00
[2022-06-16 12:25:44,819] {processor.py:171} INFO - Processing /home/notme/airflow_venv/airflow_venv/lib/python3.8/site-packages/airflow/example_dags/example_branch_datetime_operator.py took 0.063 seconds
[2022-06-16 12:26:19,140] {processor.py:163} INFO - Started process (PID=9981) to work on /home/notme/airflow_venv/airflow_venv/lib/python3.8/site-packages/airflow/example_dags/example_branch_datetime_operator.py
[2022-06-16 12:26:19,141] {processor.py:642} INFO - Processing file /home/notme/airflow_venv/airflow_venv/lib/python3.8/site-packages/airflow/example_dags/example_branch_datetime_operator.py for tasks to queue
[2022-06-16 12:26:19,141] {logging_mixin.py:109} INFO - [2022-06-16 12:26:19,141] {dagbag.py:500} INFO - Filling up the DagBag from /home/notme/airflow_venv/airflow_venv/lib/python3.8/site-packages/airflow/example_dags/example_branch_datetime_operator.py
[2022-06-16 12:26:19,153] {processor.py:652} INFO - DAG(s) dict_keys(['example_branch_datetime_operator_2']) retrieved from /home/notme/airflow_venv/airflow_venv/lib/python3.8/site-packages/airflow/example_dags/example_branch_datetime_operator.py
[2022-06-16 12:26:19,162] {logging_mixin.py:109} INFO - [2022-06-16 12:26:19,162] {dag.py:2398} INFO - Sync 1 DAGs
[2022-06-16 12:26:19,174] {logging_mixin.py:109} INFO - [2022-06-16 12:26:19,174] {dag.py:2937} INFO - Setting next_dagrun for example_branch_datetime_operator_2 to 2022-06-15 00:00:00+00:00
[2022-06-16 12:26:19,186] {processor.py:171} INFO - Processing /home/notme/airflow_venv/airflow_venv/lib/python3.8/site-packages/airflow/example_dags/example_branch_datetime_operator.py took 0.048 seconds
[2022-06-16 12:26:55,824] {processor.py:163} INFO - Started process (PID=10403) to work on /home/notme/airflow_venv/airflow_venv/lib/python3.8/site-packages/airflow/example_dags/example_branch_datetime_operator.py
[2022-06-16 12:26:55,825] {processor.py:642} INFO - Processing file /home/notme/airflow_venv/airflow_venv/lib/python3.8/site-packages/airflow/example_dags/example_branch_datetime_operator.py for tasks to queue
[2022-06-16 12:26:55,826] {logging_mixin.py:109} INFO - [2022-06-16 12:26:55,826] {dagbag.py:500} INFO - Filling up the DagBag from /home/notme/airflow_venv/airflow_venv/lib/python3.8/site-packages/airflow/example_dags/example_branch_datetime_operator.py
[2022-06-16 12:26:55,835] {processor.py:652} INFO - DAG(s) dict_keys(['example_branch_datetime_operator_2']) retrieved from /home/notme/airflow_venv/airflow_venv/lib/python3.8/site-packages/airflow/example_dags/example_branch_datetime_operator.py
[2022-06-16 12:26:55,843] {logging_mixin.py:109} INFO - [2022-06-16 12:26:55,843] {dag.py:2398} INFO - Sync 1 DAGs
[2022-06-16 12:26:55,854] {logging_mixin.py:109} INFO - [2022-06-16 12:26:55,854] {dag.py:2937} INFO - Setting next_dagrun for example_branch_datetime_operator_2 to 2022-06-15 00:00:00+00:00
[2022-06-16 12:26:55,867] {processor.py:171} INFO - Processing /home/notme/airflow_venv/airflow_venv/lib/python3.8/site-packages/airflow/example_dags/example_branch_datetime_operator.py took 0.044 seconds
[2022-06-16 12:27:33,388] {processor.py:163} INFO - Started process (PID=10456) to work on /home/notme/airflow_venv/airflow_venv/lib/python3.8/site-packages/airflow/example_dags/example_branch_datetime_operator.py
[2022-06-16 12:27:33,389] {processor.py:642} INFO - Processing file /home/notme/airflow_venv/airflow_venv/lib/python3.8/site-packages/airflow/example_dags/example_branch_datetime_operator.py for tasks to queue
[2022-06-16 12:27:33,389] {logging_mixin.py:109} INFO - [2022-06-16 12:27:33,389] {dagbag.py:500} INFO - Filling up the DagBag from /home/notme/airflow_venv/airflow_venv/lib/python3.8/site-packages/airflow/example_dags/example_branch_datetime_operator.py
[2022-06-16 12:27:33,400] {processor.py:652} INFO - DAG(s) dict_keys(['example_branch_datetime_operator_2']) retrieved from /home/notme/airflow_venv/airflow_venv/lib/python3.8/site-packages/airflow/example_dags/example_branch_datetime_operator.py
[2022-06-16 12:27:33,409] {logging_mixin.py:109} INFO - [2022-06-16 12:27:33,409] {dag.py:2398} INFO - Sync 1 DAGs
[2022-06-16 12:27:33,419] {logging_mixin.py:109} INFO - [2022-06-16 12:27:33,419] {dag.py:2937} INFO - Setting next_dagrun for example_branch_datetime_operator_2 to 2022-06-15 00:00:00+00:00
[2022-06-16 12:27:33,432] {processor.py:171} INFO - Processing /home/notme/airflow_venv/airflow_venv/lib/python3.8/site-packages/airflow/example_dags/example_branch_datetime_operator.py took 0.046 seconds
[2022-06-16 12:28:11,001] {processor.py:163} INFO - Started process (PID=10993) to work on /home/notme/airflow_venv/airflow_venv/lib/python3.8/site-packages/airflow/example_dags/example_branch_datetime_operator.py
[2022-06-16 12:28:11,003] {processor.py:642} INFO - Processing file /home/notme/airflow_venv/airflow_venv/lib/python3.8/site-packages/airflow/example_dags/example_branch_datetime_operator.py for tasks to queue
[2022-06-16 12:28:11,003] {logging_mixin.py:109} INFO - [2022-06-16 12:28:11,003] {dagbag.py:500} INFO - Filling up the DagBag from /home/notme/airflow_venv/airflow_venv/lib/python3.8/site-packages/airflow/example_dags/example_branch_datetime_operator.py
[2022-06-16 12:28:11,015] {processor.py:652} INFO - DAG(s) dict_keys(['example_branch_datetime_operator_2']) retrieved from /home/notme/airflow_venv/airflow_venv/lib/python3.8/site-packages/airflow/example_dags/example_branch_datetime_operator.py
[2022-06-16 12:28:11,023] {logging_mixin.py:109} INFO - [2022-06-16 12:28:11,023] {dag.py:2398} INFO - Sync 1 DAGs
[2022-06-16 12:28:11,034] {logging_mixin.py:109} INFO - [2022-06-16 12:28:11,034] {dag.py:2937} INFO - Setting next_dagrun for example_branch_datetime_operator_2 to 2022-06-15 00:00:00+00:00
[2022-06-16 12:28:11,048] {processor.py:171} INFO - Processing /home/notme/airflow_venv/airflow_venv/lib/python3.8/site-packages/airflow/example_dags/example_branch_datetime_operator.py took 0.048 seconds
[2022-06-16 12:28:46,003] {processor.py:163} INFO - Started process (PID=11042) to work on /home/notme/airflow_venv/airflow_venv/lib/python3.8/site-packages/airflow/example_dags/example_branch_datetime_operator.py
[2022-06-16 12:28:46,004] {processor.py:642} INFO - Processing file /home/notme/airflow_venv/airflow_venv/lib/python3.8/site-packages/airflow/example_dags/example_branch_datetime_operator.py for tasks to queue
[2022-06-16 12:28:46,005] {logging_mixin.py:109} INFO - [2022-06-16 12:28:46,005] {dagbag.py:500} INFO - Filling up the DagBag from /home/notme/airflow_venv/airflow_venv/lib/python3.8/site-packages/airflow/example_dags/example_branch_datetime_operator.py
[2022-06-16 12:28:46,016] {processor.py:652} INFO - DAG(s) dict_keys(['example_branch_datetime_operator_2']) retrieved from /home/notme/airflow_venv/airflow_venv/lib/python3.8/site-packages/airflow/example_dags/example_branch_datetime_operator.py
[2022-06-16 12:28:46,024] {logging_mixin.py:109} INFO - [2022-06-16 12:28:46,024] {dag.py:2398} INFO - Sync 1 DAGs
[2022-06-16 12:28:46,038] {logging_mixin.py:109} INFO - [2022-06-16 12:28:46,037] {dag.py:2937} INFO - Setting next_dagrun for example_branch_datetime_operator_2 to 2022-06-15 00:00:00+00:00
[2022-06-16 12:28:46,051] {processor.py:171} INFO - Processing /home/notme/airflow_venv/airflow_venv/lib/python3.8/site-packages/airflow/example_dags/example_branch_datetime_operator.py took 0.050 seconds
[2022-06-16 12:29:22,069] {processor.py:163} INFO - Started process (PID=11094) to work on /home/notme/airflow_venv/airflow_venv/lib/python3.8/site-packages/airflow/example_dags/example_branch_datetime_operator.py
[2022-06-16 12:29:22,070] {processor.py:642} INFO - Processing file /home/notme/airflow_venv/airflow_venv/lib/python3.8/site-packages/airflow/example_dags/example_branch_datetime_operator.py for tasks to queue
[2022-06-16 12:29:22,071] {logging_mixin.py:109} INFO - [2022-06-16 12:29:22,070] {dagbag.py:500} INFO - Filling up the DagBag from /home/notme/airflow_venv/airflow_venv/lib/python3.8/site-packages/airflow/example_dags/example_branch_datetime_operator.py
[2022-06-16 12:29:22,082] {processor.py:652} INFO - DAG(s) dict_keys(['example_branch_datetime_operator_2']) retrieved from /home/notme/airflow_venv/airflow_venv/lib/python3.8/site-packages/airflow/example_dags/example_branch_datetime_operator.py
[2022-06-16 12:29:22,091] {logging_mixin.py:109} INFO - [2022-06-16 12:29:22,090] {dag.py:2398} INFO - Sync 1 DAGs
[2022-06-16 12:29:22,104] {logging_mixin.py:109} INFO - [2022-06-16 12:29:22,103] {dag.py:2937} INFO - Setting next_dagrun for example_branch_datetime_operator_2 to 2022-06-15 00:00:00+00:00
[2022-06-16 12:29:22,116] {processor.py:171} INFO - Processing /home/notme/airflow_venv/airflow_venv/lib/python3.8/site-packages/airflow/example_dags/example_branch_datetime_operator.py took 0.049 seconds
[2022-06-16 12:29:58,733] {processor.py:163} INFO - Started process (PID=11301) to work on /home/notme/airflow_venv/airflow_venv/lib/python3.8/site-packages/airflow/example_dags/example_branch_datetime_operator.py
[2022-06-16 12:29:58,734] {processor.py:642} INFO - Processing file /home/notme/airflow_venv/airflow_venv/lib/python3.8/site-packages/airflow/example_dags/example_branch_datetime_operator.py for tasks to queue
[2022-06-16 12:29:58,734] {logging_mixin.py:109} INFO - [2022-06-16 12:29:58,734] {dagbag.py:500} INFO - Filling up the DagBag from /home/notme/airflow_venv/airflow_venv/lib/python3.8/site-packages/airflow/example_dags/example_branch_datetime_operator.py
[2022-06-16 12:29:58,745] {processor.py:652} INFO - DAG(s) dict_keys(['example_branch_datetime_operator_2']) retrieved from /home/notme/airflow_venv/airflow_venv/lib/python3.8/site-packages/airflow/example_dags/example_branch_datetime_operator.py
[2022-06-16 12:29:58,755] {logging_mixin.py:109} INFO - [2022-06-16 12:29:58,755] {dag.py:2398} INFO - Sync 1 DAGs
[2022-06-16 12:29:58,765] {logging_mixin.py:109} INFO - [2022-06-16 12:29:58,765] {dag.py:2937} INFO - Setting next_dagrun for example_branch_datetime_operator_2 to 2022-06-15 00:00:00+00:00
[2022-06-16 12:29:58,781] {processor.py:171} INFO - Processing /home/notme/airflow_venv/airflow_venv/lib/python3.8/site-packages/airflow/example_dags/example_branch_datetime_operator.py took 0.050 seconds
[2022-06-16 12:30:32,524] {processor.py:163} INFO - Started process (PID=11344) to work on /home/notme/airflow_venv/airflow_venv/lib/python3.8/site-packages/airflow/example_dags/example_branch_datetime_operator.py
[2022-06-16 12:30:32,524] {processor.py:642} INFO - Processing file /home/notme/airflow_venv/airflow_venv/lib/python3.8/site-packages/airflow/example_dags/example_branch_datetime_operator.py for tasks to queue
[2022-06-16 12:30:32,525] {logging_mixin.py:109} INFO - [2022-06-16 12:30:32,525] {dagbag.py:500} INFO - Filling up the DagBag from /home/notme/airflow_venv/airflow_venv/lib/python3.8/site-packages/airflow/example_dags/example_branch_datetime_operator.py
[2022-06-16 12:30:32,537] {processor.py:652} INFO - DAG(s) dict_keys(['example_branch_datetime_operator_2']) retrieved from /home/notme/airflow_venv/airflow_venv/lib/python3.8/site-packages/airflow/example_dags/example_branch_datetime_operator.py
[2022-06-16 12:30:32,545] {logging_mixin.py:109} INFO - [2022-06-16 12:30:32,545] {dag.py:2398} INFO - Sync 1 DAGs
[2022-06-16 12:30:32,555] {logging_mixin.py:109} INFO - [2022-06-16 12:30:32,555] {dag.py:2937} INFO - Setting next_dagrun for example_branch_datetime_operator_2 to 2022-06-15 00:00:00+00:00
[2022-06-16 12:30:32,567] {processor.py:171} INFO - Processing /home/notme/airflow_venv/airflow_venv/lib/python3.8/site-packages/airflow/example_dags/example_branch_datetime_operator.py took 0.045 seconds
