[2022-06-16 12:15:45,552] {processor.py:163} INFO - Started process (PID=1300) to work on /home/notme/airflow_venv/airflow_venv/lib/python3.8/site-packages/airflow/example_dags/example_time_delta_sensor_async.py
[2022-06-16 12:15:45,554] {processor.py:642} INFO - Processing file /home/notme/airflow_venv/airflow_venv/lib/python3.8/site-packages/airflow/example_dags/example_time_delta_sensor_async.py for tasks to queue
[2022-06-16 12:15:45,555] {logging_mixin.py:109} INFO - [2022-06-16 12:15:45,554] {dagbag.py:500} INFO - Filling up the DagBag from /home/notme/airflow_venv/airflow_venv/lib/python3.8/site-packages/airflow/example_dags/example_time_delta_sensor_async.py
[2022-06-16 12:15:45,577] {processor.py:652} INFO - DAG(s) dict_keys(['example_time_delta_sensor_async']) retrieved from /home/notme/airflow_venv/airflow_venv/lib/python3.8/site-packages/airflow/example_dags/example_time_delta_sensor_async.py
[2022-06-16 12:15:45,657] {logging_mixin.py:109} INFO - [2022-06-16 12:15:45,656] {dag.py:2398} INFO - Sync 1 DAGs
[2022-06-16 12:15:45,678] {logging_mixin.py:109} INFO - [2022-06-16 12:15:45,677] {dag.py:2937} INFO - Setting next_dagrun for example_time_delta_sensor_async to None
[2022-06-16 12:15:45,723] {processor.py:171} INFO - Processing /home/notme/airflow_venv/airflow_venv/lib/python3.8/site-packages/airflow/example_dags/example_time_delta_sensor_async.py took 0.174 seconds
[2022-06-16 12:16:20,993] {processor.py:163} INFO - Started process (PID=1434) to work on /home/notme/airflow_venv/airflow_venv/lib/python3.8/site-packages/airflow/example_dags/example_time_delta_sensor_async.py
[2022-06-16 12:16:20,996] {processor.py:642} INFO - Processing file /home/notme/airflow_venv/airflow_venv/lib/python3.8/site-packages/airflow/example_dags/example_time_delta_sensor_async.py for tasks to queue
[2022-06-16 12:16:20,996] {logging_mixin.py:109} INFO - [2022-06-16 12:16:20,996] {dagbag.py:500} INFO - Filling up the DagBag from /home/notme/airflow_venv/airflow_venv/lib/python3.8/site-packages/airflow/example_dags/example_time_delta_sensor_async.py
[2022-06-16 12:16:21,007] {processor.py:652} INFO - DAG(s) dict_keys(['example_time_delta_sensor_async']) retrieved from /home/notme/airflow_venv/airflow_venv/lib/python3.8/site-packages/airflow/example_dags/example_time_delta_sensor_async.py
[2022-06-16 12:16:21,018] {logging_mixin.py:109} INFO - [2022-06-16 12:16:21,017] {dag.py:2398} INFO - Sync 1 DAGs
[2022-06-16 12:16:21,028] {logging_mixin.py:109} INFO - [2022-06-16 12:16:21,027] {dag.py:2937} INFO - Setting next_dagrun for example_time_delta_sensor_async to None
[2022-06-16 12:16:21,045] {processor.py:171} INFO - Processing /home/notme/airflow_venv/airflow_venv/lib/python3.8/site-packages/airflow/example_dags/example_time_delta_sensor_async.py took 0.054 seconds
[2022-06-16 12:16:55,282] {processor.py:163} INFO - Started process (PID=1781) to work on /home/notme/airflow_venv/airflow_venv/lib/python3.8/site-packages/airflow/example_dags/example_time_delta_sensor_async.py
[2022-06-16 12:16:55,283] {processor.py:642} INFO - Processing file /home/notme/airflow_venv/airflow_venv/lib/python3.8/site-packages/airflow/example_dags/example_time_delta_sensor_async.py for tasks to queue
[2022-06-16 12:16:55,284] {logging_mixin.py:109} INFO - [2022-06-16 12:16:55,284] {dagbag.py:500} INFO - Filling up the DagBag from /home/notme/airflow_venv/airflow_venv/lib/python3.8/site-packages/airflow/example_dags/example_time_delta_sensor_async.py
[2022-06-16 12:16:55,296] {processor.py:652} INFO - DAG(s) dict_keys(['example_time_delta_sensor_async']) retrieved from /home/notme/airflow_venv/airflow_venv/lib/python3.8/site-packages/airflow/example_dags/example_time_delta_sensor_async.py
[2022-06-16 12:16:55,305] {logging_mixin.py:109} INFO - [2022-06-16 12:16:55,305] {dag.py:2398} INFO - Sync 1 DAGs
[2022-06-16 12:16:55,315] {logging_mixin.py:109} INFO - [2022-06-16 12:16:55,315] {dag.py:2937} INFO - Setting next_dagrun for example_time_delta_sensor_async to None
[2022-06-16 12:16:55,328] {processor.py:171} INFO - Processing /home/notme/airflow_venv/airflow_venv/lib/python3.8/site-packages/airflow/example_dags/example_time_delta_sensor_async.py took 0.047 seconds
[2022-06-16 12:17:28,234] {processor.py:163} INFO - Started process (PID=1833) to work on /home/notme/airflow_venv/airflow_venv/lib/python3.8/site-packages/airflow/example_dags/example_time_delta_sensor_async.py
[2022-06-16 12:17:28,235] {processor.py:642} INFO - Processing file /home/notme/airflow_venv/airflow_venv/lib/python3.8/site-packages/airflow/example_dags/example_time_delta_sensor_async.py for tasks to queue
[2022-06-16 12:17:28,236] {logging_mixin.py:109} INFO - [2022-06-16 12:17:28,236] {dagbag.py:500} INFO - Filling up the DagBag from /home/notme/airflow_venv/airflow_venv/lib/python3.8/site-packages/airflow/example_dags/example_time_delta_sensor_async.py
[2022-06-16 12:17:28,246] {processor.py:652} INFO - DAG(s) dict_keys(['example_time_delta_sensor_async']) retrieved from /home/notme/airflow_venv/airflow_venv/lib/python3.8/site-packages/airflow/example_dags/example_time_delta_sensor_async.py
[2022-06-16 12:17:28,255] {logging_mixin.py:109} INFO - [2022-06-16 12:17:28,255] {dag.py:2398} INFO - Sync 1 DAGs
[2022-06-16 12:17:28,265] {logging_mixin.py:109} INFO - [2022-06-16 12:17:28,265] {dag.py:2937} INFO - Setting next_dagrun for example_time_delta_sensor_async to None
[2022-06-16 12:17:28,282] {processor.py:171} INFO - Processing /home/notme/airflow_venv/airflow_venv/lib/python3.8/site-packages/airflow/example_dags/example_time_delta_sensor_async.py took 0.049 seconds
[2022-06-16 12:18:04,336] {processor.py:163} INFO - Started process (PID=2139) to work on /home/notme/airflow_venv/airflow_venv/lib/python3.8/site-packages/airflow/example_dags/example_time_delta_sensor_async.py
[2022-06-16 12:18:04,337] {processor.py:642} INFO - Processing file /home/notme/airflow_venv/airflow_venv/lib/python3.8/site-packages/airflow/example_dags/example_time_delta_sensor_async.py for tasks to queue
[2022-06-16 12:18:04,338] {logging_mixin.py:109} INFO - [2022-06-16 12:18:04,338] {dagbag.py:500} INFO - Filling up the DagBag from /home/notme/airflow_venv/airflow_venv/lib/python3.8/site-packages/airflow/example_dags/example_time_delta_sensor_async.py
[2022-06-16 12:18:04,351] {processor.py:652} INFO - DAG(s) dict_keys(['example_time_delta_sensor_async']) retrieved from /home/notme/airflow_venv/airflow_venv/lib/python3.8/site-packages/airflow/example_dags/example_time_delta_sensor_async.py
[2022-06-16 12:18:04,361] {logging_mixin.py:109} INFO - [2022-06-16 12:18:04,361] {dag.py:2398} INFO - Sync 1 DAGs
[2022-06-16 12:18:04,373] {logging_mixin.py:109} INFO - [2022-06-16 12:18:04,373] {dag.py:2937} INFO - Setting next_dagrun for example_time_delta_sensor_async to None
[2022-06-16 12:18:04,389] {processor.py:171} INFO - Processing /home/notme/airflow_venv/airflow_venv/lib/python3.8/site-packages/airflow/example_dags/example_time_delta_sensor_async.py took 0.055 seconds
[2022-06-16 12:18:39,322] {processor.py:163} INFO - Started process (PID=2181) to work on /home/notme/airflow_venv/airflow_venv/lib/python3.8/site-packages/airflow/example_dags/example_time_delta_sensor_async.py
[2022-06-16 12:18:39,324] {processor.py:642} INFO - Processing file /home/notme/airflow_venv/airflow_venv/lib/python3.8/site-packages/airflow/example_dags/example_time_delta_sensor_async.py for tasks to queue
[2022-06-16 12:18:39,324] {logging_mixin.py:109} INFO - [2022-06-16 12:18:39,324] {dagbag.py:500} INFO - Filling up the DagBag from /home/notme/airflow_venv/airflow_venv/lib/python3.8/site-packages/airflow/example_dags/example_time_delta_sensor_async.py
[2022-06-16 12:18:39,336] {processor.py:652} INFO - DAG(s) dict_keys(['example_time_delta_sensor_async']) retrieved from /home/notme/airflow_venv/airflow_venv/lib/python3.8/site-packages/airflow/example_dags/example_time_delta_sensor_async.py
[2022-06-16 12:18:39,346] {logging_mixin.py:109} INFO - [2022-06-16 12:18:39,346] {dag.py:2398} INFO - Sync 1 DAGs
[2022-06-16 12:18:39,358] {logging_mixin.py:109} INFO - [2022-06-16 12:18:39,358] {dag.py:2937} INFO - Setting next_dagrun for example_time_delta_sensor_async to None
[2022-06-16 12:18:39,372] {processor.py:171} INFO - Processing /home/notme/airflow_venv/airflow_venv/lib/python3.8/site-packages/airflow/example_dags/example_time_delta_sensor_async.py took 0.052 seconds
[2022-06-16 12:19:14,393] {processor.py:163} INFO - Started process (PID=2454) to work on /home/notme/airflow_venv/airflow_venv/lib/python3.8/site-packages/airflow/example_dags/example_time_delta_sensor_async.py
[2022-06-16 12:19:14,394] {processor.py:642} INFO - Processing file /home/notme/airflow_venv/airflow_venv/lib/python3.8/site-packages/airflow/example_dags/example_time_delta_sensor_async.py for tasks to queue
[2022-06-16 12:19:14,395] {logging_mixin.py:109} INFO - [2022-06-16 12:19:14,394] {dagbag.py:500} INFO - Filling up the DagBag from /home/notme/airflow_venv/airflow_venv/lib/python3.8/site-packages/airflow/example_dags/example_time_delta_sensor_async.py
[2022-06-16 12:19:14,408] {processor.py:652} INFO - DAG(s) dict_keys(['example_time_delta_sensor_async']) retrieved from /home/notme/airflow_venv/airflow_venv/lib/python3.8/site-packages/airflow/example_dags/example_time_delta_sensor_async.py
[2022-06-16 12:19:14,419] {logging_mixin.py:109} INFO - [2022-06-16 12:19:14,419] {dag.py:2398} INFO - Sync 1 DAGs
[2022-06-16 12:19:14,430] {logging_mixin.py:109} INFO - [2022-06-16 12:19:14,430] {dag.py:2937} INFO - Setting next_dagrun for example_time_delta_sensor_async to None
[2022-06-16 12:19:14,451] {processor.py:171} INFO - Processing /home/notme/airflow_venv/airflow_venv/lib/python3.8/site-packages/airflow/example_dags/example_time_delta_sensor_async.py took 0.060 seconds
[2022-06-16 12:19:49,385] {processor.py:163} INFO - Started process (PID=2672) to work on /home/notme/airflow_venv/airflow_venv/lib/python3.8/site-packages/airflow/example_dags/example_time_delta_sensor_async.py
[2022-06-16 12:19:49,387] {processor.py:642} INFO - Processing file /home/notme/airflow_venv/airflow_venv/lib/python3.8/site-packages/airflow/example_dags/example_time_delta_sensor_async.py for tasks to queue
[2022-06-16 12:19:49,387] {logging_mixin.py:109} INFO - [2022-06-16 12:19:49,387] {dagbag.py:500} INFO - Filling up the DagBag from /home/notme/airflow_venv/airflow_venv/lib/python3.8/site-packages/airflow/example_dags/example_time_delta_sensor_async.py
[2022-06-16 12:19:49,400] {processor.py:652} INFO - DAG(s) dict_keys(['example_time_delta_sensor_async']) retrieved from /home/notme/airflow_venv/airflow_venv/lib/python3.8/site-packages/airflow/example_dags/example_time_delta_sensor_async.py
[2022-06-16 12:19:49,410] {logging_mixin.py:109} INFO - [2022-06-16 12:19:49,410] {dag.py:2398} INFO - Sync 1 DAGs
[2022-06-16 12:19:49,423] {logging_mixin.py:109} INFO - [2022-06-16 12:19:49,423] {dag.py:2937} INFO - Setting next_dagrun for example_time_delta_sensor_async to None
[2022-06-16 12:19:49,438] {processor.py:171} INFO - Processing /home/notme/airflow_venv/airflow_venv/lib/python3.8/site-packages/airflow/example_dags/example_time_delta_sensor_async.py took 0.055 seconds
[2022-06-16 12:20:24,342] {processor.py:163} INFO - Started process (PID=2716) to work on /home/notme/airflow_venv/airflow_venv/lib/python3.8/site-packages/airflow/example_dags/example_time_delta_sensor_async.py
[2022-06-16 12:20:24,344] {processor.py:642} INFO - Processing file /home/notme/airflow_venv/airflow_venv/lib/python3.8/site-packages/airflow/example_dags/example_time_delta_sensor_async.py for tasks to queue
[2022-06-16 12:20:24,344] {logging_mixin.py:109} INFO - [2022-06-16 12:20:24,344] {dagbag.py:500} INFO - Filling up the DagBag from /home/notme/airflow_venv/airflow_venv/lib/python3.8/site-packages/airflow/example_dags/example_time_delta_sensor_async.py
[2022-06-16 12:20:24,355] {processor.py:652} INFO - DAG(s) dict_keys(['example_time_delta_sensor_async']) retrieved from /home/notme/airflow_venv/airflow_venv/lib/python3.8/site-packages/airflow/example_dags/example_time_delta_sensor_async.py
[2022-06-16 12:20:24,363] {logging_mixin.py:109} INFO - [2022-06-16 12:20:24,363] {dag.py:2398} INFO - Sync 1 DAGs
[2022-06-16 12:20:24,375] {logging_mixin.py:109} INFO - [2022-06-16 12:20:24,375] {dag.py:2937} INFO - Setting next_dagrun for example_time_delta_sensor_async to None
[2022-06-16 12:20:24,389] {processor.py:171} INFO - Processing /home/notme/airflow_venv/airflow_venv/lib/python3.8/site-packages/airflow/example_dags/example_time_delta_sensor_async.py took 0.049 seconds
[2022-06-16 12:20:59,151] {processor.py:163} INFO - Started process (PID=2759) to work on /home/notme/airflow_venv/airflow_venv/lib/python3.8/site-packages/airflow/example_dags/example_time_delta_sensor_async.py
[2022-06-16 12:20:59,153] {processor.py:642} INFO - Processing file /home/notme/airflow_venv/airflow_venv/lib/python3.8/site-packages/airflow/example_dags/example_time_delta_sensor_async.py for tasks to queue
[2022-06-16 12:20:59,153] {logging_mixin.py:109} INFO - [2022-06-16 12:20:59,153] {dagbag.py:500} INFO - Filling up the DagBag from /home/notme/airflow_venv/airflow_venv/lib/python3.8/site-packages/airflow/example_dags/example_time_delta_sensor_async.py
[2022-06-16 12:20:59,163] {processor.py:652} INFO - DAG(s) dict_keys(['example_time_delta_sensor_async']) retrieved from /home/notme/airflow_venv/airflow_venv/lib/python3.8/site-packages/airflow/example_dags/example_time_delta_sensor_async.py
[2022-06-16 12:20:59,172] {logging_mixin.py:109} INFO - [2022-06-16 12:20:59,172] {dag.py:2398} INFO - Sync 1 DAGs
[2022-06-16 12:20:59,182] {logging_mixin.py:109} INFO - [2022-06-16 12:20:59,182] {dag.py:2937} INFO - Setting next_dagrun for example_time_delta_sensor_async to None
[2022-06-16 12:20:59,193] {processor.py:171} INFO - Processing /home/notme/airflow_venv/airflow_venv/lib/python3.8/site-packages/airflow/example_dags/example_time_delta_sensor_async.py took 0.044 seconds
[2022-06-16 12:21:31,164] {processor.py:163} INFO - Started process (PID=2967) to work on /home/notme/airflow_venv/airflow_venv/lib/python3.8/site-packages/airflow/example_dags/example_time_delta_sensor_async.py
[2022-06-16 12:21:31,165] {processor.py:642} INFO - Processing file /home/notme/airflow_venv/airflow_venv/lib/python3.8/site-packages/airflow/example_dags/example_time_delta_sensor_async.py for tasks to queue
[2022-06-16 12:21:31,165] {logging_mixin.py:109} INFO - [2022-06-16 12:21:31,165] {dagbag.py:500} INFO - Filling up the DagBag from /home/notme/airflow_venv/airflow_venv/lib/python3.8/site-packages/airflow/example_dags/example_time_delta_sensor_async.py
[2022-06-16 12:21:31,178] {processor.py:652} INFO - DAG(s) dict_keys(['example_time_delta_sensor_async']) retrieved from /home/notme/airflow_venv/airflow_venv/lib/python3.8/site-packages/airflow/example_dags/example_time_delta_sensor_async.py
[2022-06-16 12:21:31,190] {logging_mixin.py:109} INFO - [2022-06-16 12:21:31,190] {dag.py:2398} INFO - Sync 1 DAGs
[2022-06-16 12:21:31,208] {logging_mixin.py:109} INFO - [2022-06-16 12:21:31,208] {dag.py:2937} INFO - Setting next_dagrun for example_time_delta_sensor_async to None
[2022-06-16 12:21:31,228] {processor.py:171} INFO - Processing /home/notme/airflow_venv/airflow_venv/lib/python3.8/site-packages/airflow/example_dags/example_time_delta_sensor_async.py took 0.066 seconds
[2022-06-16 12:22:08,550] {processor.py:163} INFO - Started process (PID=3149) to work on /home/notme/airflow_venv/airflow_venv/lib/python3.8/site-packages/airflow/example_dags/example_time_delta_sensor_async.py
[2022-06-16 12:22:08,552] {processor.py:642} INFO - Processing file /home/notme/airflow_venv/airflow_venv/lib/python3.8/site-packages/airflow/example_dags/example_time_delta_sensor_async.py for tasks to queue
[2022-06-16 12:22:08,553] {logging_mixin.py:109} INFO - [2022-06-16 12:22:08,553] {dagbag.py:500} INFO - Filling up the DagBag from /home/notme/airflow_venv/airflow_venv/lib/python3.8/site-packages/airflow/example_dags/example_time_delta_sensor_async.py
[2022-06-16 12:22:08,601] {processor.py:652} INFO - DAG(s) dict_keys(['example_time_delta_sensor_async']) retrieved from /home/notme/airflow_venv/airflow_venv/lib/python3.8/site-packages/airflow/example_dags/example_time_delta_sensor_async.py
[2022-06-16 12:22:08,626] {logging_mixin.py:109} INFO - [2022-06-16 12:22:08,626] {dag.py:2398} INFO - Sync 1 DAGs
[2022-06-16 12:22:08,654] {logging_mixin.py:109} INFO - [2022-06-16 12:22:08,651] {dag.py:2937} INFO - Setting next_dagrun for example_time_delta_sensor_async to None
[2022-06-16 12:22:08,716] {processor.py:171} INFO - Processing /home/notme/airflow_venv/airflow_venv/lib/python3.8/site-packages/airflow/example_dags/example_time_delta_sensor_async.py took 0.169 seconds
[2022-06-16 12:22:45,141] {processor.py:163} INFO - Started process (PID=3461) to work on /home/notme/airflow_venv/airflow_venv/lib/python3.8/site-packages/airflow/example_dags/example_time_delta_sensor_async.py
[2022-06-16 12:22:45,142] {processor.py:642} INFO - Processing file /home/notme/airflow_venv/airflow_venv/lib/python3.8/site-packages/airflow/example_dags/example_time_delta_sensor_async.py for tasks to queue
[2022-06-16 12:22:45,142] {logging_mixin.py:109} INFO - [2022-06-16 12:22:45,142] {dagbag.py:500} INFO - Filling up the DagBag from /home/notme/airflow_venv/airflow_venv/lib/python3.8/site-packages/airflow/example_dags/example_time_delta_sensor_async.py
[2022-06-16 12:22:45,152] {processor.py:652} INFO - DAG(s) dict_keys(['example_time_delta_sensor_async']) retrieved from /home/notme/airflow_venv/airflow_venv/lib/python3.8/site-packages/airflow/example_dags/example_time_delta_sensor_async.py
[2022-06-16 12:22:45,159] {logging_mixin.py:109} INFO - [2022-06-16 12:22:45,159] {dag.py:2398} INFO - Sync 1 DAGs
[2022-06-16 12:22:45,168] {logging_mixin.py:109} INFO - [2022-06-16 12:22:45,168] {dag.py:2937} INFO - Setting next_dagrun for example_time_delta_sensor_async to None
[2022-06-16 12:22:45,180] {processor.py:171} INFO - Processing /home/notme/airflow_venv/airflow_venv/lib/python3.8/site-packages/airflow/example_dags/example_time_delta_sensor_async.py took 0.041 seconds
[2022-06-16 12:23:20,322] {processor.py:163} INFO - Started process (PID=3577) to work on /home/notme/airflow_venv/airflow_venv/lib/python3.8/site-packages/airflow/example_dags/example_time_delta_sensor_async.py
[2022-06-16 12:23:20,324] {processor.py:642} INFO - Processing file /home/notme/airflow_venv/airflow_venv/lib/python3.8/site-packages/airflow/example_dags/example_time_delta_sensor_async.py for tasks to queue
[2022-06-16 12:23:20,324] {logging_mixin.py:109} INFO - [2022-06-16 12:23:20,324] {dagbag.py:500} INFO - Filling up the DagBag from /home/notme/airflow_venv/airflow_venv/lib/python3.8/site-packages/airflow/example_dags/example_time_delta_sensor_async.py
[2022-06-16 12:23:20,335] {processor.py:652} INFO - DAG(s) dict_keys(['example_time_delta_sensor_async']) retrieved from /home/notme/airflow_venv/airflow_venv/lib/python3.8/site-packages/airflow/example_dags/example_time_delta_sensor_async.py
[2022-06-16 12:23:20,344] {logging_mixin.py:109} INFO - [2022-06-16 12:23:20,344] {dag.py:2398} INFO - Sync 1 DAGs
[2022-06-16 12:23:20,353] {logging_mixin.py:109} INFO - [2022-06-16 12:23:20,353] {dag.py:2937} INFO - Setting next_dagrun for example_time_delta_sensor_async to None
[2022-06-16 12:23:20,366] {processor.py:171} INFO - Processing /home/notme/airflow_venv/airflow_venv/lib/python3.8/site-packages/airflow/example_dags/example_time_delta_sensor_async.py took 0.045 seconds
[2022-06-16 12:23:52,843] {processor.py:163} INFO - Started process (PID=3882) to work on /home/notme/airflow_venv/airflow_venv/lib/python3.8/site-packages/airflow/example_dags/example_time_delta_sensor_async.py
[2022-06-16 12:23:52,844] {processor.py:642} INFO - Processing file /home/notme/airflow_venv/airflow_venv/lib/python3.8/site-packages/airflow/example_dags/example_time_delta_sensor_async.py for tasks to queue
[2022-06-16 12:23:52,844] {logging_mixin.py:109} INFO - [2022-06-16 12:23:52,844] {dagbag.py:500} INFO - Filling up the DagBag from /home/notme/airflow_venv/airflow_venv/lib/python3.8/site-packages/airflow/example_dags/example_time_delta_sensor_async.py
[2022-06-16 12:23:52,857] {processor.py:652} INFO - DAG(s) dict_keys(['example_time_delta_sensor_async']) retrieved from /home/notme/airflow_venv/airflow_venv/lib/python3.8/site-packages/airflow/example_dags/example_time_delta_sensor_async.py
[2022-06-16 12:23:52,867] {logging_mixin.py:109} INFO - [2022-06-16 12:23:52,867] {dag.py:2398} INFO - Sync 1 DAGs
[2022-06-16 12:23:52,880] {logging_mixin.py:109} INFO - [2022-06-16 12:23:52,879] {dag.py:2937} INFO - Setting next_dagrun for example_time_delta_sensor_async to None
[2022-06-16 12:23:52,893] {processor.py:171} INFO - Processing /home/notme/airflow_venv/airflow_venv/lib/python3.8/site-packages/airflow/example_dags/example_time_delta_sensor_async.py took 0.052 seconds
[2022-06-16 12:24:27,472] {processor.py:163} INFO - Started process (PID=3940) to work on /home/notme/airflow_venv/airflow_venv/lib/python3.8/site-packages/airflow/example_dags/example_time_delta_sensor_async.py
[2022-06-16 12:24:27,473] {processor.py:642} INFO - Processing file /home/notme/airflow_venv/airflow_venv/lib/python3.8/site-packages/airflow/example_dags/example_time_delta_sensor_async.py for tasks to queue
[2022-06-16 12:24:27,474] {logging_mixin.py:109} INFO - [2022-06-16 12:24:27,474] {dagbag.py:500} INFO - Filling up the DagBag from /home/notme/airflow_venv/airflow_venv/lib/python3.8/site-packages/airflow/example_dags/example_time_delta_sensor_async.py
[2022-06-16 12:24:27,484] {processor.py:652} INFO - DAG(s) dict_keys(['example_time_delta_sensor_async']) retrieved from /home/notme/airflow_venv/airflow_venv/lib/python3.8/site-packages/airflow/example_dags/example_time_delta_sensor_async.py
[2022-06-16 12:24:27,493] {logging_mixin.py:109} INFO - [2022-06-16 12:24:27,493] {dag.py:2398} INFO - Sync 1 DAGs
[2022-06-16 12:24:27,503] {logging_mixin.py:109} INFO - [2022-06-16 12:24:27,503] {dag.py:2937} INFO - Setting next_dagrun for example_time_delta_sensor_async to None
[2022-06-16 12:24:27,516] {processor.py:171} INFO - Processing /home/notme/airflow_venv/airflow_venv/lib/python3.8/site-packages/airflow/example_dags/example_time_delta_sensor_async.py took 0.046 seconds
[2022-06-16 12:25:00,521] {processor.py:163} INFO - Started process (PID=9433) to work on /home/notme/airflow_venv/airflow_venv/lib/python3.8/site-packages/airflow/example_dags/example_time_delta_sensor_async.py
[2022-06-16 12:25:00,522] {processor.py:642} INFO - Processing file /home/notme/airflow_venv/airflow_venv/lib/python3.8/site-packages/airflow/example_dags/example_time_delta_sensor_async.py for tasks to queue
[2022-06-16 12:25:00,523] {logging_mixin.py:109} INFO - [2022-06-16 12:25:00,522] {dagbag.py:500} INFO - Filling up the DagBag from /home/notme/airflow_venv/airflow_venv/lib/python3.8/site-packages/airflow/example_dags/example_time_delta_sensor_async.py
[2022-06-16 12:25:00,531] {processor.py:652} INFO - DAG(s) dict_keys(['example_time_delta_sensor_async']) retrieved from /home/notme/airflow_venv/airflow_venv/lib/python3.8/site-packages/airflow/example_dags/example_time_delta_sensor_async.py
[2022-06-16 12:25:00,539] {logging_mixin.py:109} INFO - [2022-06-16 12:25:00,538] {dag.py:2398} INFO - Sync 1 DAGs
[2022-06-16 12:25:00,547] {logging_mixin.py:109} INFO - [2022-06-16 12:25:00,547] {dag.py:2937} INFO - Setting next_dagrun for example_time_delta_sensor_async to None
[2022-06-16 12:25:00,560] {processor.py:171} INFO - Processing /home/notme/airflow_venv/airflow_venv/lib/python3.8/site-packages/airflow/example_dags/example_time_delta_sensor_async.py took 0.040 seconds
[2022-06-16 12:25:37,124] {processor.py:163} INFO - Started process (PID=9924) to work on /home/notme/airflow_venv/airflow_venv/lib/python3.8/site-packages/airflow/example_dags/example_time_delta_sensor_async.py
[2022-06-16 12:25:37,125] {processor.py:642} INFO - Processing file /home/notme/airflow_venv/airflow_venv/lib/python3.8/site-packages/airflow/example_dags/example_time_delta_sensor_async.py for tasks to queue
[2022-06-16 12:25:37,125] {logging_mixin.py:109} INFO - [2022-06-16 12:25:37,125] {dagbag.py:500} INFO - Filling up the DagBag from /home/notme/airflow_venv/airflow_venv/lib/python3.8/site-packages/airflow/example_dags/example_time_delta_sensor_async.py
[2022-06-16 12:25:37,134] {processor.py:652} INFO - DAG(s) dict_keys(['example_time_delta_sensor_async']) retrieved from /home/notme/airflow_venv/airflow_venv/lib/python3.8/site-packages/airflow/example_dags/example_time_delta_sensor_async.py
[2022-06-16 12:25:37,143] {logging_mixin.py:109} INFO - [2022-06-16 12:25:37,143] {dag.py:2398} INFO - Sync 1 DAGs
[2022-06-16 12:25:37,152] {logging_mixin.py:109} INFO - [2022-06-16 12:25:37,152] {dag.py:2937} INFO - Setting next_dagrun for example_time_delta_sensor_async to None
[2022-06-16 12:25:37,164] {processor.py:171} INFO - Processing /home/notme/airflow_venv/airflow_venv/lib/python3.8/site-packages/airflow/example_dags/example_time_delta_sensor_async.py took 0.042 seconds
[2022-06-16 12:26:10,512] {processor.py:163} INFO - Started process (PID=9966) to work on /home/notme/airflow_venv/airflow_venv/lib/python3.8/site-packages/airflow/example_dags/example_time_delta_sensor_async.py
[2022-06-16 12:26:10,513] {processor.py:642} INFO - Processing file /home/notme/airflow_venv/airflow_venv/lib/python3.8/site-packages/airflow/example_dags/example_time_delta_sensor_async.py for tasks to queue
[2022-06-16 12:26:10,513] {logging_mixin.py:109} INFO - [2022-06-16 12:26:10,513] {dagbag.py:500} INFO - Filling up the DagBag from /home/notme/airflow_venv/airflow_venv/lib/python3.8/site-packages/airflow/example_dags/example_time_delta_sensor_async.py
[2022-06-16 12:26:10,522] {processor.py:652} INFO - DAG(s) dict_keys(['example_time_delta_sensor_async']) retrieved from /home/notme/airflow_venv/airflow_venv/lib/python3.8/site-packages/airflow/example_dags/example_time_delta_sensor_async.py
[2022-06-16 12:26:10,530] {logging_mixin.py:109} INFO - [2022-06-16 12:26:10,530] {dag.py:2398} INFO - Sync 1 DAGs
[2022-06-16 12:26:10,539] {logging_mixin.py:109} INFO - [2022-06-16 12:26:10,539] {dag.py:2937} INFO - Setting next_dagrun for example_time_delta_sensor_async to None
[2022-06-16 12:26:10,551] {processor.py:171} INFO - Processing /home/notme/airflow_venv/airflow_venv/lib/python3.8/site-packages/airflow/example_dags/example_time_delta_sensor_async.py took 0.041 seconds
[2022-06-16 12:26:47,789] {processor.py:163} INFO - Started process (PID=10394) to work on /home/notme/airflow_venv/airflow_venv/lib/python3.8/site-packages/airflow/example_dags/example_time_delta_sensor_async.py
[2022-06-16 12:26:47,790] {processor.py:642} INFO - Processing file /home/notme/airflow_venv/airflow_venv/lib/python3.8/site-packages/airflow/example_dags/example_time_delta_sensor_async.py for tasks to queue
[2022-06-16 12:26:47,791] {logging_mixin.py:109} INFO - [2022-06-16 12:26:47,791] {dagbag.py:500} INFO - Filling up the DagBag from /home/notme/airflow_venv/airflow_venv/lib/python3.8/site-packages/airflow/example_dags/example_time_delta_sensor_async.py
[2022-06-16 12:26:47,800] {processor.py:652} INFO - DAG(s) dict_keys(['example_time_delta_sensor_async']) retrieved from /home/notme/airflow_venv/airflow_venv/lib/python3.8/site-packages/airflow/example_dags/example_time_delta_sensor_async.py
[2022-06-16 12:26:47,808] {logging_mixin.py:109} INFO - [2022-06-16 12:26:47,808] {dag.py:2398} INFO - Sync 1 DAGs
[2022-06-16 12:26:47,817] {logging_mixin.py:109} INFO - [2022-06-16 12:26:47,817] {dag.py:2937} INFO - Setting next_dagrun for example_time_delta_sensor_async to None
[2022-06-16 12:26:47,830] {processor.py:171} INFO - Processing /home/notme/airflow_venv/airflow_venv/lib/python3.8/site-packages/airflow/example_dags/example_time_delta_sensor_async.py took 0.043 seconds
[2022-06-16 12:27:20,675] {processor.py:163} INFO - Started process (PID=10436) to work on /home/notme/airflow_venv/airflow_venv/lib/python3.8/site-packages/airflow/example_dags/example_time_delta_sensor_async.py
[2022-06-16 12:27:20,675] {processor.py:642} INFO - Processing file /home/notme/airflow_venv/airflow_venv/lib/python3.8/site-packages/airflow/example_dags/example_time_delta_sensor_async.py for tasks to queue
[2022-06-16 12:27:20,676] {logging_mixin.py:109} INFO - [2022-06-16 12:27:20,676] {dagbag.py:500} INFO - Filling up the DagBag from /home/notme/airflow_venv/airflow_venv/lib/python3.8/site-packages/airflow/example_dags/example_time_delta_sensor_async.py
[2022-06-16 12:27:20,686] {processor.py:652} INFO - DAG(s) dict_keys(['example_time_delta_sensor_async']) retrieved from /home/notme/airflow_venv/airflow_venv/lib/python3.8/site-packages/airflow/example_dags/example_time_delta_sensor_async.py
[2022-06-16 12:27:20,695] {logging_mixin.py:109} INFO - [2022-06-16 12:27:20,695] {dag.py:2398} INFO - Sync 1 DAGs
[2022-06-16 12:27:20,705] {logging_mixin.py:109} INFO - [2022-06-16 12:27:20,705] {dag.py:2937} INFO - Setting next_dagrun for example_time_delta_sensor_async to None
[2022-06-16 12:27:20,721] {processor.py:171} INFO - Processing /home/notme/airflow_venv/airflow_venv/lib/python3.8/site-packages/airflow/example_dags/example_time_delta_sensor_async.py took 0.049 seconds
[2022-06-16 12:27:54,202] {processor.py:163} INFO - Started process (PID=10644) to work on /home/notme/airflow_venv/airflow_venv/lib/python3.8/site-packages/airflow/example_dags/example_time_delta_sensor_async.py
[2022-06-16 12:27:54,203] {processor.py:642} INFO - Processing file /home/notme/airflow_venv/airflow_venv/lib/python3.8/site-packages/airflow/example_dags/example_time_delta_sensor_async.py for tasks to queue
[2022-06-16 12:27:54,204] {logging_mixin.py:109} INFO - [2022-06-16 12:27:54,204] {dagbag.py:500} INFO - Filling up the DagBag from /home/notme/airflow_venv/airflow_venv/lib/python3.8/site-packages/airflow/example_dags/example_time_delta_sensor_async.py
[2022-06-16 12:27:54,215] {processor.py:652} INFO - DAG(s) dict_keys(['example_time_delta_sensor_async']) retrieved from /home/notme/airflow_venv/airflow_venv/lib/python3.8/site-packages/airflow/example_dags/example_time_delta_sensor_async.py
[2022-06-16 12:27:54,224] {logging_mixin.py:109} INFO - [2022-06-16 12:27:54,224] {dag.py:2398} INFO - Sync 1 DAGs
[2022-06-16 12:27:54,234] {logging_mixin.py:109} INFO - [2022-06-16 12:27:54,234] {dag.py:2937} INFO - Setting next_dagrun for example_time_delta_sensor_async to None
[2022-06-16 12:27:54,247] {processor.py:171} INFO - Processing /home/notme/airflow_venv/airflow_venv/lib/python3.8/site-packages/airflow/example_dags/example_time_delta_sensor_async.py took 0.047 seconds
[2022-06-16 12:28:30,361] {processor.py:163} INFO - Started process (PID=11014) to work on /home/notme/airflow_venv/airflow_venv/lib/python3.8/site-packages/airflow/example_dags/example_time_delta_sensor_async.py
[2022-06-16 12:28:30,362] {processor.py:642} INFO - Processing file /home/notme/airflow_venv/airflow_venv/lib/python3.8/site-packages/airflow/example_dags/example_time_delta_sensor_async.py for tasks to queue
[2022-06-16 12:28:30,362] {logging_mixin.py:109} INFO - [2022-06-16 12:28:30,362] {dagbag.py:500} INFO - Filling up the DagBag from /home/notme/airflow_venv/airflow_venv/lib/python3.8/site-packages/airflow/example_dags/example_time_delta_sensor_async.py
[2022-06-16 12:28:30,371] {processor.py:652} INFO - DAG(s) dict_keys(['example_time_delta_sensor_async']) retrieved from /home/notme/airflow_venv/airflow_venv/lib/python3.8/site-packages/airflow/example_dags/example_time_delta_sensor_async.py
[2022-06-16 12:28:30,379] {logging_mixin.py:109} INFO - [2022-06-16 12:28:30,379] {dag.py:2398} INFO - Sync 1 DAGs
[2022-06-16 12:28:30,389] {logging_mixin.py:109} INFO - [2022-06-16 12:28:30,388] {dag.py:2937} INFO - Setting next_dagrun for example_time_delta_sensor_async to None
[2022-06-16 12:28:30,402] {processor.py:171} INFO - Processing /home/notme/airflow_venv/airflow_venv/lib/python3.8/site-packages/airflow/example_dags/example_time_delta_sensor_async.py took 0.043 seconds
[2022-06-16 12:29:05,675] {processor.py:163} INFO - Started process (PID=11070) to work on /home/notme/airflow_venv/airflow_venv/lib/python3.8/site-packages/airflow/example_dags/example_time_delta_sensor_async.py
[2022-06-16 12:29:05,676] {processor.py:642} INFO - Processing file /home/notme/airflow_venv/airflow_venv/lib/python3.8/site-packages/airflow/example_dags/example_time_delta_sensor_async.py for tasks to queue
[2022-06-16 12:29:05,677] {logging_mixin.py:109} INFO - [2022-06-16 12:29:05,677] {dagbag.py:500} INFO - Filling up the DagBag from /home/notme/airflow_venv/airflow_venv/lib/python3.8/site-packages/airflow/example_dags/example_time_delta_sensor_async.py
[2022-06-16 12:29:05,689] {processor.py:652} INFO - DAG(s) dict_keys(['example_time_delta_sensor_async']) retrieved from /home/notme/airflow_venv/airflow_venv/lib/python3.8/site-packages/airflow/example_dags/example_time_delta_sensor_async.py
[2022-06-16 12:29:05,697] {logging_mixin.py:109} INFO - [2022-06-16 12:29:05,697] {dag.py:2398} INFO - Sync 1 DAGs
[2022-06-16 12:29:05,707] {logging_mixin.py:109} INFO - [2022-06-16 12:29:05,707] {dag.py:2937} INFO - Setting next_dagrun for example_time_delta_sensor_async to None
[2022-06-16 12:29:05,719] {processor.py:171} INFO - Processing /home/notme/airflow_venv/airflow_venv/lib/python3.8/site-packages/airflow/example_dags/example_time_delta_sensor_async.py took 0.046 seconds
[2022-06-16 12:29:42,043] {processor.py:163} INFO - Started process (PID=11122) to work on /home/notme/airflow_venv/airflow_venv/lib/python3.8/site-packages/airflow/example_dags/example_time_delta_sensor_async.py
[2022-06-16 12:29:42,044] {processor.py:642} INFO - Processing file /home/notme/airflow_venv/airflow_venv/lib/python3.8/site-packages/airflow/example_dags/example_time_delta_sensor_async.py for tasks to queue
[2022-06-16 12:29:42,044] {logging_mixin.py:109} INFO - [2022-06-16 12:29:42,044] {dagbag.py:500} INFO - Filling up the DagBag from /home/notme/airflow_venv/airflow_venv/lib/python3.8/site-packages/airflow/example_dags/example_time_delta_sensor_async.py
[2022-06-16 12:29:42,053] {processor.py:652} INFO - DAG(s) dict_keys(['example_time_delta_sensor_async']) retrieved from /home/notme/airflow_venv/airflow_venv/lib/python3.8/site-packages/airflow/example_dags/example_time_delta_sensor_async.py
[2022-06-16 12:29:42,062] {logging_mixin.py:109} INFO - [2022-06-16 12:29:42,062] {dag.py:2398} INFO - Sync 1 DAGs
[2022-06-16 12:29:42,071] {logging_mixin.py:109} INFO - [2022-06-16 12:29:42,071] {dag.py:2937} INFO - Setting next_dagrun for example_time_delta_sensor_async to None
[2022-06-16 12:29:42,083] {processor.py:171} INFO - Processing /home/notme/airflow_venv/airflow_venv/lib/python3.8/site-packages/airflow/example_dags/example_time_delta_sensor_async.py took 0.042 seconds
[2022-06-16 12:30:15,908] {processor.py:163} INFO - Started process (PID=11326) to work on /home/notme/airflow_venv/airflow_venv/lib/python3.8/site-packages/airflow/example_dags/example_time_delta_sensor_async.py
[2022-06-16 12:30:15,910] {processor.py:642} INFO - Processing file /home/notme/airflow_venv/airflow_venv/lib/python3.8/site-packages/airflow/example_dags/example_time_delta_sensor_async.py for tasks to queue
[2022-06-16 12:30:15,911] {logging_mixin.py:109} INFO - [2022-06-16 12:30:15,911] {dagbag.py:500} INFO - Filling up the DagBag from /home/notme/airflow_venv/airflow_venv/lib/python3.8/site-packages/airflow/example_dags/example_time_delta_sensor_async.py
[2022-06-16 12:30:15,922] {processor.py:652} INFO - DAG(s) dict_keys(['example_time_delta_sensor_async']) retrieved from /home/notme/airflow_venv/airflow_venv/lib/python3.8/site-packages/airflow/example_dags/example_time_delta_sensor_async.py
[2022-06-16 12:30:15,930] {logging_mixin.py:109} INFO - [2022-06-16 12:30:15,930] {dag.py:2398} INFO - Sync 1 DAGs
[2022-06-16 12:30:15,939] {logging_mixin.py:109} INFO - [2022-06-16 12:30:15,939] {dag.py:2937} INFO - Setting next_dagrun for example_time_delta_sensor_async to None
[2022-06-16 12:30:15,951] {processor.py:171} INFO - Processing /home/notme/airflow_venv/airflow_venv/lib/python3.8/site-packages/airflow/example_dags/example_time_delta_sensor_async.py took 0.045 seconds
