[2022-06-16 12:15:31,131] {processor.py:163} INFO - Started process (PID=1263) to work on /home/notme/airflow_venv/airflow_venv/lib/python3.8/site-packages/airflow/example_dags/example_xcom.py
[2022-06-16 12:15:31,132] {processor.py:642} INFO - Processing file /home/notme/airflow_venv/airflow_venv/lib/python3.8/site-packages/airflow/example_dags/example_xcom.py for tasks to queue
[2022-06-16 12:15:31,132] {logging_mixin.py:109} INFO - [2022-06-16 12:15:31,132] {dagbag.py:500} INFO - Filling up the DagBag from /home/notme/airflow_venv/airflow_venv/lib/python3.8/site-packages/airflow/example_dags/example_xcom.py
[2022-06-16 12:15:31,164] {processor.py:652} INFO - DAG(s) dict_keys(['example_xcom']) retrieved from /home/notme/airflow_venv/airflow_venv/lib/python3.8/site-packages/airflow/example_dags/example_xcom.py
[2022-06-16 12:15:31,175] {logging_mixin.py:109} INFO - [2022-06-16 12:15:31,175] {dag.py:2398} INFO - Sync 1 DAGs
[2022-06-16 12:15:31,200] {logging_mixin.py:109} INFO - [2022-06-16 12:15:31,200] {dag.py:2937} INFO - Setting next_dagrun for example_xcom to 2021-01-01T00:00:00+00:00
[2022-06-16 12:15:31,293] {processor.py:171} INFO - Processing /home/notme/airflow_venv/airflow_venv/lib/python3.8/site-packages/airflow/example_dags/example_xcom.py took 0.165 seconds
[2022-06-16 12:16:07,013] {processor.py:163} INFO - Started process (PID=1421) to work on /home/notme/airflow_venv/airflow_venv/lib/python3.8/site-packages/airflow/example_dags/example_xcom.py
[2022-06-16 12:16:07,015] {processor.py:642} INFO - Processing file /home/notme/airflow_venv/airflow_venv/lib/python3.8/site-packages/airflow/example_dags/example_xcom.py for tasks to queue
[2022-06-16 12:16:07,015] {logging_mixin.py:109} INFO - [2022-06-16 12:16:07,015] {dagbag.py:500} INFO - Filling up the DagBag from /home/notme/airflow_venv/airflow_venv/lib/python3.8/site-packages/airflow/example_dags/example_xcom.py
[2022-06-16 12:16:07,037] {processor.py:652} INFO - DAG(s) dict_keys(['example_xcom']) retrieved from /home/notme/airflow_venv/airflow_venv/lib/python3.8/site-packages/airflow/example_dags/example_xcom.py
[2022-06-16 12:16:07,238] {logging_mixin.py:109} INFO - [2022-06-16 12:16:07,238] {dag.py:2398} INFO - Sync 1 DAGs
[2022-06-16 12:16:07,250] {logging_mixin.py:109} INFO - [2022-06-16 12:16:07,250] {dag.py:2937} INFO - Setting next_dagrun for example_xcom to 2021-01-01T00:00:00+00:00
[2022-06-16 12:16:07,277] {processor.py:171} INFO - Processing /home/notme/airflow_venv/airflow_venv/lib/python3.8/site-packages/airflow/example_dags/example_xcom.py took 0.266 seconds
[2022-06-16 12:16:41,555] {processor.py:163} INFO - Started process (PID=1762) to work on /home/notme/airflow_venv/airflow_venv/lib/python3.8/site-packages/airflow/example_dags/example_xcom.py
[2022-06-16 12:16:41,556] {processor.py:642} INFO - Processing file /home/notme/airflow_venv/airflow_venv/lib/python3.8/site-packages/airflow/example_dags/example_xcom.py for tasks to queue
[2022-06-16 12:16:41,556] {logging_mixin.py:109} INFO - [2022-06-16 12:16:41,556] {dagbag.py:500} INFO - Filling up the DagBag from /home/notme/airflow_venv/airflow_venv/lib/python3.8/site-packages/airflow/example_dags/example_xcom.py
[2022-06-16 12:16:41,575] {processor.py:652} INFO - DAG(s) dict_keys(['example_xcom']) retrieved from /home/notme/airflow_venv/airflow_venv/lib/python3.8/site-packages/airflow/example_dags/example_xcom.py
[2022-06-16 12:16:41,736] {logging_mixin.py:109} INFO - [2022-06-16 12:16:41,736] {dag.py:2398} INFO - Sync 1 DAGs
[2022-06-16 12:16:41,745] {logging_mixin.py:109} INFO - [2022-06-16 12:16:41,745] {dag.py:2937} INFO - Setting next_dagrun for example_xcom to 2021-01-01T00:00:00+00:00
[2022-06-16 12:16:41,764] {processor.py:171} INFO - Processing /home/notme/airflow_venv/airflow_venv/lib/python3.8/site-packages/airflow/example_dags/example_xcom.py took 0.211 seconds
[2022-06-16 12:17:14,925] {processor.py:163} INFO - Started process (PID=1811) to work on /home/notme/airflow_venv/airflow_venv/lib/python3.8/site-packages/airflow/example_dags/example_xcom.py
[2022-06-16 12:17:14,928] {processor.py:642} INFO - Processing file /home/notme/airflow_venv/airflow_venv/lib/python3.8/site-packages/airflow/example_dags/example_xcom.py for tasks to queue
[2022-06-16 12:17:14,929] {logging_mixin.py:109} INFO - [2022-06-16 12:17:14,929] {dagbag.py:500} INFO - Filling up the DagBag from /home/notme/airflow_venv/airflow_venv/lib/python3.8/site-packages/airflow/example_dags/example_xcom.py
[2022-06-16 12:17:14,944] {processor.py:652} INFO - DAG(s) dict_keys(['example_xcom']) retrieved from /home/notme/airflow_venv/airflow_venv/lib/python3.8/site-packages/airflow/example_dags/example_xcom.py
[2022-06-16 12:17:15,086] {logging_mixin.py:109} INFO - [2022-06-16 12:17:15,085] {dag.py:2398} INFO - Sync 1 DAGs
[2022-06-16 12:17:15,094] {logging_mixin.py:109} INFO - [2022-06-16 12:17:15,094] {dag.py:2937} INFO - Setting next_dagrun for example_xcom to 2021-01-01T00:00:00+00:00
[2022-06-16 12:17:15,108] {processor.py:171} INFO - Processing /home/notme/airflow_venv/airflow_venv/lib/python3.8/site-packages/airflow/example_dags/example_xcom.py took 0.184 seconds
[2022-06-16 12:17:49,891] {processor.py:163} INFO - Started process (PID=2125) to work on /home/notme/airflow_venv/airflow_venv/lib/python3.8/site-packages/airflow/example_dags/example_xcom.py
[2022-06-16 12:17:49,892] {processor.py:642} INFO - Processing file /home/notme/airflow_venv/airflow_venv/lib/python3.8/site-packages/airflow/example_dags/example_xcom.py for tasks to queue
[2022-06-16 12:17:49,893] {logging_mixin.py:109} INFO - [2022-06-16 12:17:49,892] {dagbag.py:500} INFO - Filling up the DagBag from /home/notme/airflow_venv/airflow_venv/lib/python3.8/site-packages/airflow/example_dags/example_xcom.py
[2022-06-16 12:17:49,909] {processor.py:652} INFO - DAG(s) dict_keys(['example_xcom']) retrieved from /home/notme/airflow_venv/airflow_venv/lib/python3.8/site-packages/airflow/example_dags/example_xcom.py
[2022-06-16 12:17:50,062] {logging_mixin.py:109} INFO - [2022-06-16 12:17:50,062] {dag.py:2398} INFO - Sync 1 DAGs
[2022-06-16 12:17:50,071] {logging_mixin.py:109} INFO - [2022-06-16 12:17:50,071] {dag.py:2937} INFO - Setting next_dagrun for example_xcom to 2021-01-01T00:00:00+00:00
[2022-06-16 12:17:50,087] {processor.py:171} INFO - Processing /home/notme/airflow_venv/airflow_venv/lib/python3.8/site-packages/airflow/example_dags/example_xcom.py took 0.197 seconds
[2022-06-16 12:18:23,844] {processor.py:163} INFO - Started process (PID=2166) to work on /home/notme/airflow_venv/airflow_venv/lib/python3.8/site-packages/airflow/example_dags/example_xcom.py
[2022-06-16 12:18:23,845] {processor.py:642} INFO - Processing file /home/notme/airflow_venv/airflow_venv/lib/python3.8/site-packages/airflow/example_dags/example_xcom.py for tasks to queue
[2022-06-16 12:18:23,846] {logging_mixin.py:109} INFO - [2022-06-16 12:18:23,846] {dagbag.py:500} INFO - Filling up the DagBag from /home/notme/airflow_venv/airflow_venv/lib/python3.8/site-packages/airflow/example_dags/example_xcom.py
[2022-06-16 12:18:23,867] {processor.py:652} INFO - DAG(s) dict_keys(['example_xcom']) retrieved from /home/notme/airflow_venv/airflow_venv/lib/python3.8/site-packages/airflow/example_dags/example_xcom.py
[2022-06-16 12:18:24,056] {logging_mixin.py:109} INFO - [2022-06-16 12:18:24,056] {dag.py:2398} INFO - Sync 1 DAGs
[2022-06-16 12:18:24,067] {logging_mixin.py:109} INFO - [2022-06-16 12:18:24,067] {dag.py:2937} INFO - Setting next_dagrun for example_xcom to 2021-01-01T00:00:00+00:00
[2022-06-16 12:18:24,084] {processor.py:171} INFO - Processing /home/notme/airflow_venv/airflow_venv/lib/python3.8/site-packages/airflow/example_dags/example_xcom.py took 0.241 seconds
[2022-06-16 12:18:58,717] {processor.py:163} INFO - Started process (PID=2438) to work on /home/notme/airflow_venv/airflow_venv/lib/python3.8/site-packages/airflow/example_dags/example_xcom.py
[2022-06-16 12:18:58,719] {processor.py:642} INFO - Processing file /home/notme/airflow_venv/airflow_venv/lib/python3.8/site-packages/airflow/example_dags/example_xcom.py for tasks to queue
[2022-06-16 12:18:58,719] {logging_mixin.py:109} INFO - [2022-06-16 12:18:58,719] {dagbag.py:500} INFO - Filling up the DagBag from /home/notme/airflow_venv/airflow_venv/lib/python3.8/site-packages/airflow/example_dags/example_xcom.py
[2022-06-16 12:18:58,736] {processor.py:652} INFO - DAG(s) dict_keys(['example_xcom']) retrieved from /home/notme/airflow_venv/airflow_venv/lib/python3.8/site-packages/airflow/example_dags/example_xcom.py
[2022-06-16 12:18:58,896] {logging_mixin.py:109} INFO - [2022-06-16 12:18:58,896] {dag.py:2398} INFO - Sync 1 DAGs
[2022-06-16 12:18:58,905] {logging_mixin.py:109} INFO - [2022-06-16 12:18:58,904] {dag.py:2937} INFO - Setting next_dagrun for example_xcom to 2021-01-01T00:00:00+00:00
[2022-06-16 12:18:58,925] {processor.py:171} INFO - Processing /home/notme/airflow_venv/airflow_venv/lib/python3.8/site-packages/airflow/example_dags/example_xcom.py took 0.209 seconds
[2022-06-16 12:19:32,709] {processor.py:163} INFO - Started process (PID=2657) to work on /home/notme/airflow_venv/airflow_venv/lib/python3.8/site-packages/airflow/example_dags/example_xcom.py
[2022-06-16 12:19:32,710] {processor.py:642} INFO - Processing file /home/notme/airflow_venv/airflow_venv/lib/python3.8/site-packages/airflow/example_dags/example_xcom.py for tasks to queue
[2022-06-16 12:19:32,711] {logging_mixin.py:109} INFO - [2022-06-16 12:19:32,711] {dagbag.py:500} INFO - Filling up the DagBag from /home/notme/airflow_venv/airflow_venv/lib/python3.8/site-packages/airflow/example_dags/example_xcom.py
[2022-06-16 12:19:32,739] {processor.py:652} INFO - DAG(s) dict_keys(['example_xcom']) retrieved from /home/notme/airflow_venv/airflow_venv/lib/python3.8/site-packages/airflow/example_dags/example_xcom.py
[2022-06-16 12:19:33,156] {logging_mixin.py:109} INFO - [2022-06-16 12:19:33,156] {dag.py:2398} INFO - Sync 1 DAGs
[2022-06-16 12:19:33,172] {logging_mixin.py:109} INFO - [2022-06-16 12:19:33,172] {dag.py:2937} INFO - Setting next_dagrun for example_xcom to 2021-01-01T00:00:00+00:00
[2022-06-16 12:19:33,199] {processor.py:171} INFO - Processing /home/notme/airflow_venv/airflow_venv/lib/python3.8/site-packages/airflow/example_dags/example_xcom.py took 0.493 seconds
[2022-06-16 12:20:07,720] {processor.py:163} INFO - Started process (PID=2699) to work on /home/notme/airflow_venv/airflow_venv/lib/python3.8/site-packages/airflow/example_dags/example_xcom.py
[2022-06-16 12:20:07,721] {processor.py:642} INFO - Processing file /home/notme/airflow_venv/airflow_venv/lib/python3.8/site-packages/airflow/example_dags/example_xcom.py for tasks to queue
[2022-06-16 12:20:07,721] {logging_mixin.py:109} INFO - [2022-06-16 12:20:07,721] {dagbag.py:500} INFO - Filling up the DagBag from /home/notme/airflow_venv/airflow_venv/lib/python3.8/site-packages/airflow/example_dags/example_xcom.py
[2022-06-16 12:20:07,743] {processor.py:652} INFO - DAG(s) dict_keys(['example_xcom']) retrieved from /home/notme/airflow_venv/airflow_venv/lib/python3.8/site-packages/airflow/example_dags/example_xcom.py
[2022-06-16 12:20:07,897] {logging_mixin.py:109} INFO - [2022-06-16 12:20:07,897] {dag.py:2398} INFO - Sync 1 DAGs
[2022-06-16 12:20:07,907] {logging_mixin.py:109} INFO - [2022-06-16 12:20:07,907] {dag.py:2937} INFO - Setting next_dagrun for example_xcom to 2021-01-01T00:00:00+00:00
[2022-06-16 12:20:07,921] {processor.py:171} INFO - Processing /home/notme/airflow_venv/airflow_venv/lib/python3.8/site-packages/airflow/example_dags/example_xcom.py took 0.203 seconds
[2022-06-16 12:20:41,090] {processor.py:163} INFO - Started process (PID=2740) to work on /home/notme/airflow_venv/airflow_venv/lib/python3.8/site-packages/airflow/example_dags/example_xcom.py
[2022-06-16 12:20:41,092] {processor.py:642} INFO - Processing file /home/notme/airflow_venv/airflow_venv/lib/python3.8/site-packages/airflow/example_dags/example_xcom.py for tasks to queue
[2022-06-16 12:20:41,092] {logging_mixin.py:109} INFO - [2022-06-16 12:20:41,092] {dagbag.py:500} INFO - Filling up the DagBag from /home/notme/airflow_venv/airflow_venv/lib/python3.8/site-packages/airflow/example_dags/example_xcom.py
[2022-06-16 12:20:41,108] {processor.py:652} INFO - DAG(s) dict_keys(['example_xcom']) retrieved from /home/notme/airflow_venv/airflow_venv/lib/python3.8/site-packages/airflow/example_dags/example_xcom.py
[2022-06-16 12:20:41,260] {logging_mixin.py:109} INFO - [2022-06-16 12:20:41,260] {dag.py:2398} INFO - Sync 1 DAGs
[2022-06-16 12:20:41,272] {logging_mixin.py:109} INFO - [2022-06-16 12:20:41,272] {dag.py:2937} INFO - Setting next_dagrun for example_xcom to 2021-01-01T00:00:00+00:00
[2022-06-16 12:20:41,286] {processor.py:171} INFO - Processing /home/notme/airflow_venv/airflow_venv/lib/python3.8/site-packages/airflow/example_dags/example_xcom.py took 0.198 seconds
[2022-06-16 12:21:14,291] {processor.py:163} INFO - Started process (PID=2781) to work on /home/notme/airflow_venv/airflow_venv/lib/python3.8/site-packages/airflow/example_dags/example_xcom.py
[2022-06-16 12:21:14,292] {processor.py:642} INFO - Processing file /home/notme/airflow_venv/airflow_venv/lib/python3.8/site-packages/airflow/example_dags/example_xcom.py for tasks to queue
[2022-06-16 12:21:14,293] {logging_mixin.py:109} INFO - [2022-06-16 12:21:14,292] {dagbag.py:500} INFO - Filling up the DagBag from /home/notme/airflow_venv/airflow_venv/lib/python3.8/site-packages/airflow/example_dags/example_xcom.py
[2022-06-16 12:21:14,309] {processor.py:652} INFO - DAG(s) dict_keys(['example_xcom']) retrieved from /home/notme/airflow_venv/airflow_venv/lib/python3.8/site-packages/airflow/example_dags/example_xcom.py
[2022-06-16 12:21:14,470] {logging_mixin.py:109} INFO - [2022-06-16 12:21:14,470] {dag.py:2398} INFO - Sync 1 DAGs
[2022-06-16 12:21:14,481] {logging_mixin.py:109} INFO - [2022-06-16 12:21:14,481] {dag.py:2937} INFO - Setting next_dagrun for example_xcom to 2021-01-01T00:00:00+00:00
[2022-06-16 12:21:14,501] {processor.py:171} INFO - Processing /home/notme/airflow_venv/airflow_venv/lib/python3.8/site-packages/airflow/example_dags/example_xcom.py took 0.212 seconds
[2022-06-16 12:21:45,636] {processor.py:163} INFO - Started process (PID=3117) to work on /home/notme/airflow_venv/airflow_venv/lib/python3.8/site-packages/airflow/example_dags/example_xcom.py
[2022-06-16 12:21:45,637] {processor.py:642} INFO - Processing file /home/notme/airflow_venv/airflow_venv/lib/python3.8/site-packages/airflow/example_dags/example_xcom.py for tasks to queue
[2022-06-16 12:21:45,637] {logging_mixin.py:109} INFO - [2022-06-16 12:21:45,637] {dagbag.py:500} INFO - Filling up the DagBag from /home/notme/airflow_venv/airflow_venv/lib/python3.8/site-packages/airflow/example_dags/example_xcom.py
[2022-06-16 12:21:45,660] {processor.py:652} INFO - DAG(s) dict_keys(['example_xcom']) retrieved from /home/notme/airflow_venv/airflow_venv/lib/python3.8/site-packages/airflow/example_dags/example_xcom.py
[2022-06-16 12:21:45,836] {logging_mixin.py:109} INFO - [2022-06-16 12:21:45,836] {dag.py:2398} INFO - Sync 1 DAGs
[2022-06-16 12:21:45,847] {logging_mixin.py:109} INFO - [2022-06-16 12:21:45,847] {dag.py:2937} INFO - Setting next_dagrun for example_xcom to 2021-01-01T00:00:00+00:00
[2022-06-16 12:21:45,863] {processor.py:171} INFO - Processing /home/notme/airflow_venv/airflow_venv/lib/python3.8/site-packages/airflow/example_dags/example_xcom.py took 0.229 seconds
[2022-06-16 12:22:18,963] {processor.py:163} INFO - Started process (PID=3168) to work on /home/notme/airflow_venv/airflow_venv/lib/python3.8/site-packages/airflow/example_dags/example_xcom.py
[2022-06-16 12:22:18,965] {processor.py:642} INFO - Processing file /home/notme/airflow_venv/airflow_venv/lib/python3.8/site-packages/airflow/example_dags/example_xcom.py for tasks to queue
[2022-06-16 12:22:18,965] {logging_mixin.py:109} INFO - [2022-06-16 12:22:18,965] {dagbag.py:500} INFO - Filling up the DagBag from /home/notme/airflow_venv/airflow_venv/lib/python3.8/site-packages/airflow/example_dags/example_xcom.py
[2022-06-16 12:22:18,987] {processor.py:652} INFO - DAG(s) dict_keys(['example_xcom']) retrieved from /home/notme/airflow_venv/airflow_venv/lib/python3.8/site-packages/airflow/example_dags/example_xcom.py
[2022-06-16 12:22:19,207] {logging_mixin.py:109} INFO - [2022-06-16 12:22:19,207] {dag.py:2398} INFO - Sync 1 DAGs
[2022-06-16 12:22:19,223] {logging_mixin.py:109} INFO - [2022-06-16 12:22:19,223] {dag.py:2937} INFO - Setting next_dagrun for example_xcom to 2021-01-01T00:00:00+00:00
[2022-06-16 12:22:19,240] {processor.py:171} INFO - Processing /home/notme/airflow_venv/airflow_venv/lib/python3.8/site-packages/airflow/example_dags/example_xcom.py took 0.279 seconds
[2022-06-16 12:22:53,613] {processor.py:163} INFO - Started process (PID=3470) to work on /home/notme/airflow_venv/airflow_venv/lib/python3.8/site-packages/airflow/example_dags/example_xcom.py
[2022-06-16 12:22:53,614] {processor.py:642} INFO - Processing file /home/notme/airflow_venv/airflow_venv/lib/python3.8/site-packages/airflow/example_dags/example_xcom.py for tasks to queue
[2022-06-16 12:22:53,615] {logging_mixin.py:109} INFO - [2022-06-16 12:22:53,615] {dagbag.py:500} INFO - Filling up the DagBag from /home/notme/airflow_venv/airflow_venv/lib/python3.8/site-packages/airflow/example_dags/example_xcom.py
[2022-06-16 12:22:53,632] {processor.py:652} INFO - DAG(s) dict_keys(['example_xcom']) retrieved from /home/notme/airflow_venv/airflow_venv/lib/python3.8/site-packages/airflow/example_dags/example_xcom.py
[2022-06-16 12:22:53,789] {logging_mixin.py:109} INFO - [2022-06-16 12:22:53,789] {dag.py:2398} INFO - Sync 1 DAGs
[2022-06-16 12:22:53,802] {logging_mixin.py:109} INFO - [2022-06-16 12:22:53,802] {dag.py:2937} INFO - Setting next_dagrun for example_xcom to 2021-01-01T00:00:00+00:00
[2022-06-16 12:22:53,819] {processor.py:171} INFO - Processing /home/notme/airflow_venv/airflow_venv/lib/python3.8/site-packages/airflow/example_dags/example_xcom.py took 0.208 seconds
[2022-06-16 12:23:26,894] {processor.py:163} INFO - Started process (PID=3848) to work on /home/notme/airflow_venv/airflow_venv/lib/python3.8/site-packages/airflow/example_dags/example_xcom.py
[2022-06-16 12:23:26,896] {processor.py:642} INFO - Processing file /home/notme/airflow_venv/airflow_venv/lib/python3.8/site-packages/airflow/example_dags/example_xcom.py for tasks to queue
[2022-06-16 12:23:26,896] {logging_mixin.py:109} INFO - [2022-06-16 12:23:26,896] {dagbag.py:500} INFO - Filling up the DagBag from /home/notme/airflow_venv/airflow_venv/lib/python3.8/site-packages/airflow/example_dags/example_xcom.py
[2022-06-16 12:23:26,919] {processor.py:652} INFO - DAG(s) dict_keys(['example_xcom']) retrieved from /home/notme/airflow_venv/airflow_venv/lib/python3.8/site-packages/airflow/example_dags/example_xcom.py
[2022-06-16 12:23:27,109] {logging_mixin.py:109} INFO - [2022-06-16 12:23:27,109] {dag.py:2398} INFO - Sync 1 DAGs
[2022-06-16 12:23:27,121] {logging_mixin.py:109} INFO - [2022-06-16 12:23:27,120] {dag.py:2937} INFO - Setting next_dagrun for example_xcom to 2021-01-01T00:00:00+00:00
[2022-06-16 12:23:27,139] {processor.py:171} INFO - Processing /home/notme/airflow_venv/airflow_venv/lib/python3.8/site-packages/airflow/example_dags/example_xcom.py took 0.247 seconds
[2022-06-16 12:24:01,274] {processor.py:163} INFO - Started process (PID=3893) to work on /home/notme/airflow_venv/airflow_venv/lib/python3.8/site-packages/airflow/example_dags/example_xcom.py
[2022-06-16 12:24:01,276] {processor.py:642} INFO - Processing file /home/notme/airflow_venv/airflow_venv/lib/python3.8/site-packages/airflow/example_dags/example_xcom.py for tasks to queue
[2022-06-16 12:24:01,276] {logging_mixin.py:109} INFO - [2022-06-16 12:24:01,276] {dagbag.py:500} INFO - Filling up the DagBag from /home/notme/airflow_venv/airflow_venv/lib/python3.8/site-packages/airflow/example_dags/example_xcom.py
[2022-06-16 12:24:01,292] {processor.py:652} INFO - DAG(s) dict_keys(['example_xcom']) retrieved from /home/notme/airflow_venv/airflow_venv/lib/python3.8/site-packages/airflow/example_dags/example_xcom.py
[2022-06-16 12:24:01,440] {logging_mixin.py:109} INFO - [2022-06-16 12:24:01,440] {dag.py:2398} INFO - Sync 1 DAGs
[2022-06-16 12:24:01,450] {logging_mixin.py:109} INFO - [2022-06-16 12:24:01,450] {dag.py:2937} INFO - Setting next_dagrun for example_xcom to 2021-01-01T00:00:00+00:00
[2022-06-16 12:24:01,464] {processor.py:171} INFO - Processing /home/notme/airflow_venv/airflow_venv/lib/python3.8/site-packages/airflow/example_dags/example_xcom.py took 0.191 seconds
[2022-06-16 12:24:33,198] {processor.py:163} INFO - Started process (PID=3946) to work on /home/notme/airflow_venv/airflow_venv/lib/python3.8/site-packages/airflow/example_dags/example_xcom.py
[2022-06-16 12:24:33,199] {processor.py:642} INFO - Processing file /home/notme/airflow_venv/airflow_venv/lib/python3.8/site-packages/airflow/example_dags/example_xcom.py for tasks to queue
[2022-06-16 12:24:33,200] {logging_mixin.py:109} INFO - [2022-06-16 12:24:33,200] {dagbag.py:500} INFO - Filling up the DagBag from /home/notme/airflow_venv/airflow_venv/lib/python3.8/site-packages/airflow/example_dags/example_xcom.py
[2022-06-16 12:24:33,214] {processor.py:652} INFO - DAG(s) dict_keys(['example_xcom']) retrieved from /home/notme/airflow_venv/airflow_venv/lib/python3.8/site-packages/airflow/example_dags/example_xcom.py
[2022-06-16 12:24:33,354] {logging_mixin.py:109} INFO - [2022-06-16 12:24:33,354] {dag.py:2398} INFO - Sync 1 DAGs
[2022-06-16 12:24:33,364] {logging_mixin.py:109} INFO - [2022-06-16 12:24:33,364] {dag.py:2937} INFO - Setting next_dagrun for example_xcom to 2021-01-01T00:00:00+00:00
[2022-06-16 12:24:33,378] {processor.py:171} INFO - Processing /home/notme/airflow_venv/airflow_venv/lib/python3.8/site-packages/airflow/example_dags/example_xcom.py took 0.181 seconds
[2022-06-16 12:25:04,514] {processor.py:163} INFO - Started process (PID=9437) to work on /home/notme/airflow_venv/airflow_venv/lib/python3.8/site-packages/airflow/example_dags/example_xcom.py
[2022-06-16 12:25:04,516] {processor.py:642} INFO - Processing file /home/notme/airflow_venv/airflow_venv/lib/python3.8/site-packages/airflow/example_dags/example_xcom.py for tasks to queue
[2022-06-16 12:25:04,516] {logging_mixin.py:109} INFO - [2022-06-16 12:25:04,516] {dagbag.py:500} INFO - Filling up the DagBag from /home/notme/airflow_venv/airflow_venv/lib/python3.8/site-packages/airflow/example_dags/example_xcom.py
[2022-06-16 12:25:04,530] {processor.py:652} INFO - DAG(s) dict_keys(['example_xcom']) retrieved from /home/notme/airflow_venv/airflow_venv/lib/python3.8/site-packages/airflow/example_dags/example_xcom.py
[2022-06-16 12:25:04,682] {logging_mixin.py:109} INFO - [2022-06-16 12:25:04,682] {dag.py:2398} INFO - Sync 1 DAGs
[2022-06-16 12:25:04,692] {logging_mixin.py:109} INFO - [2022-06-16 12:25:04,692] {dag.py:2937} INFO - Setting next_dagrun for example_xcom to 2021-01-01T00:00:00+00:00
[2022-06-16 12:25:04,709] {processor.py:171} INFO - Processing /home/notme/airflow_venv/airflow_venv/lib/python3.8/site-packages/airflow/example_dags/example_xcom.py took 0.196 seconds
[2022-06-16 12:25:35,712] {processor.py:163} INFO - Started process (PID=9923) to work on /home/notme/airflow_venv/airflow_venv/lib/python3.8/site-packages/airflow/example_dags/example_xcom.py
[2022-06-16 12:25:35,713] {processor.py:642} INFO - Processing file /home/notme/airflow_venv/airflow_venv/lib/python3.8/site-packages/airflow/example_dags/example_xcom.py for tasks to queue
[2022-06-16 12:25:35,713] {logging_mixin.py:109} INFO - [2022-06-16 12:25:35,713] {dagbag.py:500} INFO - Filling up the DagBag from /home/notme/airflow_venv/airflow_venv/lib/python3.8/site-packages/airflow/example_dags/example_xcom.py
[2022-06-16 12:25:35,733] {processor.py:652} INFO - DAG(s) dict_keys(['example_xcom']) retrieved from /home/notme/airflow_venv/airflow_venv/lib/python3.8/site-packages/airflow/example_dags/example_xcom.py
[2022-06-16 12:25:35,913] {logging_mixin.py:109} INFO - [2022-06-16 12:25:35,913] {dag.py:2398} INFO - Sync 1 DAGs
[2022-06-16 12:25:35,926] {logging_mixin.py:109} INFO - [2022-06-16 12:25:35,926] {dag.py:2937} INFO - Setting next_dagrun for example_xcom to 2021-01-01T00:00:00+00:00
[2022-06-16 12:25:35,957] {processor.py:171} INFO - Processing /home/notme/airflow_venv/airflow_venv/lib/python3.8/site-packages/airflow/example_dags/example_xcom.py took 0.247 seconds
[2022-06-16 12:26:08,135] {processor.py:163} INFO - Started process (PID=9964) to work on /home/notme/airflow_venv/airflow_venv/lib/python3.8/site-packages/airflow/example_dags/example_xcom.py
[2022-06-16 12:26:08,136] {processor.py:642} INFO - Processing file /home/notme/airflow_venv/airflow_venv/lib/python3.8/site-packages/airflow/example_dags/example_xcom.py for tasks to queue
[2022-06-16 12:26:08,137] {logging_mixin.py:109} INFO - [2022-06-16 12:26:08,137] {dagbag.py:500} INFO - Filling up the DagBag from /home/notme/airflow_venv/airflow_venv/lib/python3.8/site-packages/airflow/example_dags/example_xcom.py
[2022-06-16 12:26:08,150] {processor.py:652} INFO - DAG(s) dict_keys(['example_xcom']) retrieved from /home/notme/airflow_venv/airflow_venv/lib/python3.8/site-packages/airflow/example_dags/example_xcom.py
[2022-06-16 12:26:08,293] {logging_mixin.py:109} INFO - [2022-06-16 12:26:08,293] {dag.py:2398} INFO - Sync 1 DAGs
[2022-06-16 12:26:08,301] {logging_mixin.py:109} INFO - [2022-06-16 12:26:08,301] {dag.py:2937} INFO - Setting next_dagrun for example_xcom to 2021-01-01T00:00:00+00:00
[2022-06-16 12:26:08,314] {processor.py:171} INFO - Processing /home/notme/airflow_venv/airflow_venv/lib/python3.8/site-packages/airflow/example_dags/example_xcom.py took 0.182 seconds
[2022-06-16 12:26:41,400] {processor.py:163} INFO - Started process (PID=10388) to work on /home/notme/airflow_venv/airflow_venv/lib/python3.8/site-packages/airflow/example_dags/example_xcom.py
[2022-06-16 12:26:41,401] {processor.py:642} INFO - Processing file /home/notme/airflow_venv/airflow_venv/lib/python3.8/site-packages/airflow/example_dags/example_xcom.py for tasks to queue
[2022-06-16 12:26:41,401] {logging_mixin.py:109} INFO - [2022-06-16 12:26:41,401] {dagbag.py:500} INFO - Filling up the DagBag from /home/notme/airflow_venv/airflow_venv/lib/python3.8/site-packages/airflow/example_dags/example_xcom.py
[2022-06-16 12:26:41,416] {processor.py:652} INFO - DAG(s) dict_keys(['example_xcom']) retrieved from /home/notme/airflow_venv/airflow_venv/lib/python3.8/site-packages/airflow/example_dags/example_xcom.py
[2022-06-16 12:26:41,556] {logging_mixin.py:109} INFO - [2022-06-16 12:26:41,555] {dag.py:2398} INFO - Sync 1 DAGs
[2022-06-16 12:26:41,566] {logging_mixin.py:109} INFO - [2022-06-16 12:26:41,565] {dag.py:2937} INFO - Setting next_dagrun for example_xcom to 2021-01-01T00:00:00+00:00
[2022-06-16 12:26:41,580] {processor.py:171} INFO - Processing /home/notme/airflow_venv/airflow_venv/lib/python3.8/site-packages/airflow/example_dags/example_xcom.py took 0.182 seconds
[2022-06-16 12:27:14,059] {processor.py:163} INFO - Started process (PID=10430) to work on /home/notme/airflow_venv/airflow_venv/lib/python3.8/site-packages/airflow/example_dags/example_xcom.py
[2022-06-16 12:27:14,061] {processor.py:642} INFO - Processing file /home/notme/airflow_venv/airflow_venv/lib/python3.8/site-packages/airflow/example_dags/example_xcom.py for tasks to queue
[2022-06-16 12:27:14,061] {logging_mixin.py:109} INFO - [2022-06-16 12:27:14,061] {dagbag.py:500} INFO - Filling up the DagBag from /home/notme/airflow_venv/airflow_venv/lib/python3.8/site-packages/airflow/example_dags/example_xcom.py
[2022-06-16 12:27:14,078] {processor.py:652} INFO - DAG(s) dict_keys(['example_xcom']) retrieved from /home/notme/airflow_venv/airflow_venv/lib/python3.8/site-packages/airflow/example_dags/example_xcom.py
[2022-06-16 12:27:14,267] {logging_mixin.py:109} INFO - [2022-06-16 12:27:14,267] {dag.py:2398} INFO - Sync 1 DAGs
[2022-06-16 12:27:14,281] {logging_mixin.py:109} INFO - [2022-06-16 12:27:14,281] {dag.py:2937} INFO - Setting next_dagrun for example_xcom to 2021-01-01T00:00:00+00:00
[2022-06-16 12:27:14,296] {processor.py:171} INFO - Processing /home/notme/airflow_venv/airflow_venv/lib/python3.8/site-packages/airflow/example_dags/example_xcom.py took 0.239 seconds
[2022-06-16 12:27:47,822] {processor.py:163} INFO - Started process (PID=10638) to work on /home/notme/airflow_venv/airflow_venv/lib/python3.8/site-packages/airflow/example_dags/example_xcom.py
[2022-06-16 12:27:47,824] {processor.py:642} INFO - Processing file /home/notme/airflow_venv/airflow_venv/lib/python3.8/site-packages/airflow/example_dags/example_xcom.py for tasks to queue
[2022-06-16 12:27:47,824] {logging_mixin.py:109} INFO - [2022-06-16 12:27:47,824] {dagbag.py:500} INFO - Filling up the DagBag from /home/notme/airflow_venv/airflow_venv/lib/python3.8/site-packages/airflow/example_dags/example_xcom.py
[2022-06-16 12:27:47,837] {processor.py:652} INFO - DAG(s) dict_keys(['example_xcom']) retrieved from /home/notme/airflow_venv/airflow_venv/lib/python3.8/site-packages/airflow/example_dags/example_xcom.py
[2022-06-16 12:27:47,995] {logging_mixin.py:109} INFO - [2022-06-16 12:27:47,995] {dag.py:2398} INFO - Sync 1 DAGs
[2022-06-16 12:27:48,003] {logging_mixin.py:109} INFO - [2022-06-16 12:27:48,003] {dag.py:2937} INFO - Setting next_dagrun for example_xcom to 2021-01-01T00:00:00+00:00
[2022-06-16 12:27:48,019] {processor.py:171} INFO - Processing /home/notme/airflow_venv/airflow_venv/lib/python3.8/site-packages/airflow/example_dags/example_xcom.py took 0.198 seconds
[2022-06-16 12:28:22,704] {processor.py:163} INFO - Started process (PID=11005) to work on /home/notme/airflow_venv/airflow_venv/lib/python3.8/site-packages/airflow/example_dags/example_xcom.py
[2022-06-16 12:28:22,705] {processor.py:642} INFO - Processing file /home/notme/airflow_venv/airflow_venv/lib/python3.8/site-packages/airflow/example_dags/example_xcom.py for tasks to queue
[2022-06-16 12:28:22,706] {logging_mixin.py:109} INFO - [2022-06-16 12:28:22,706] {dagbag.py:500} INFO - Filling up the DagBag from /home/notme/airflow_venv/airflow_venv/lib/python3.8/site-packages/airflow/example_dags/example_xcom.py
[2022-06-16 12:28:22,720] {processor.py:652} INFO - DAG(s) dict_keys(['example_xcom']) retrieved from /home/notme/airflow_venv/airflow_venv/lib/python3.8/site-packages/airflow/example_dags/example_xcom.py
[2022-06-16 12:28:22,861] {logging_mixin.py:109} INFO - [2022-06-16 12:28:22,861] {dag.py:2398} INFO - Sync 1 DAGs
[2022-06-16 12:28:22,870] {logging_mixin.py:109} INFO - [2022-06-16 12:28:22,869] {dag.py:2937} INFO - Setting next_dagrun for example_xcom to 2021-01-01T00:00:00+00:00
[2022-06-16 12:28:22,884] {processor.py:171} INFO - Processing /home/notme/airflow_venv/airflow_venv/lib/python3.8/site-packages/airflow/example_dags/example_xcom.py took 0.182 seconds
[2022-06-16 12:28:57,545] {processor.py:163} INFO - Started process (PID=11053) to work on /home/notme/airflow_venv/airflow_venv/lib/python3.8/site-packages/airflow/example_dags/example_xcom.py
[2022-06-16 12:28:57,548] {processor.py:642} INFO - Processing file /home/notme/airflow_venv/airflow_venv/lib/python3.8/site-packages/airflow/example_dags/example_xcom.py for tasks to queue
[2022-06-16 12:28:57,549] {logging_mixin.py:109} INFO - [2022-06-16 12:28:57,549] {dagbag.py:500} INFO - Filling up the DagBag from /home/notme/airflow_venv/airflow_venv/lib/python3.8/site-packages/airflow/example_dags/example_xcom.py
[2022-06-16 12:28:57,567] {processor.py:652} INFO - DAG(s) dict_keys(['example_xcom']) retrieved from /home/notme/airflow_venv/airflow_venv/lib/python3.8/site-packages/airflow/example_dags/example_xcom.py
[2022-06-16 12:28:57,748] {logging_mixin.py:109} INFO - [2022-06-16 12:28:57,748] {dag.py:2398} INFO - Sync 1 DAGs
[2022-06-16 12:28:57,758] {logging_mixin.py:109} INFO - [2022-06-16 12:28:57,758] {dag.py:2937} INFO - Setting next_dagrun for example_xcom to 2021-01-01T00:00:00+00:00
[2022-06-16 12:28:57,775] {processor.py:171} INFO - Processing /home/notme/airflow_venv/airflow_venv/lib/python3.8/site-packages/airflow/example_dags/example_xcom.py took 0.232 seconds
[2022-06-16 12:29:28,836] {processor.py:163} INFO - Started process (PID=11101) to work on /home/notme/airflow_venv/airflow_venv/lib/python3.8/site-packages/airflow/example_dags/example_xcom.py
[2022-06-16 12:29:28,837] {processor.py:642} INFO - Processing file /home/notme/airflow_venv/airflow_venv/lib/python3.8/site-packages/airflow/example_dags/example_xcom.py for tasks to queue
[2022-06-16 12:29:28,838] {logging_mixin.py:109} INFO - [2022-06-16 12:29:28,838] {dagbag.py:500} INFO - Filling up the DagBag from /home/notme/airflow_venv/airflow_venv/lib/python3.8/site-packages/airflow/example_dags/example_xcom.py
[2022-06-16 12:29:28,851] {processor.py:652} INFO - DAG(s) dict_keys(['example_xcom']) retrieved from /home/notme/airflow_venv/airflow_venv/lib/python3.8/site-packages/airflow/example_dags/example_xcom.py
[2022-06-16 12:29:28,989] {logging_mixin.py:109} INFO - [2022-06-16 12:29:28,989] {dag.py:2398} INFO - Sync 1 DAGs
[2022-06-16 12:29:28,997] {logging_mixin.py:109} INFO - [2022-06-16 12:29:28,997] {dag.py:2937} INFO - Setting next_dagrun for example_xcom to 2021-01-01T00:00:00+00:00
[2022-06-16 12:29:29,017] {processor.py:171} INFO - Processing /home/notme/airflow_venv/airflow_venv/lib/python3.8/site-packages/airflow/example_dags/example_xcom.py took 0.183 seconds
[2022-06-16 12:29:59,872] {processor.py:163} INFO - Started process (PID=11302) to work on /home/notme/airflow_venv/airflow_venv/lib/python3.8/site-packages/airflow/example_dags/example_xcom.py
[2022-06-16 12:29:59,873] {processor.py:642} INFO - Processing file /home/notme/airflow_venv/airflow_venv/lib/python3.8/site-packages/airflow/example_dags/example_xcom.py for tasks to queue
[2022-06-16 12:29:59,873] {logging_mixin.py:109} INFO - [2022-06-16 12:29:59,873] {dagbag.py:500} INFO - Filling up the DagBag from /home/notme/airflow_venv/airflow_venv/lib/python3.8/site-packages/airflow/example_dags/example_xcom.py
[2022-06-16 12:29:59,889] {processor.py:652} INFO - DAG(s) dict_keys(['example_xcom']) retrieved from /home/notme/airflow_venv/airflow_venv/lib/python3.8/site-packages/airflow/example_dags/example_xcom.py
[2022-06-16 12:30:00,031] {logging_mixin.py:109} INFO - [2022-06-16 12:30:00,031] {dag.py:2398} INFO - Sync 1 DAGs
[2022-06-16 12:30:00,039] {logging_mixin.py:109} INFO - [2022-06-16 12:30:00,039] {dag.py:2937} INFO - Setting next_dagrun for example_xcom to 2021-01-01T00:00:00+00:00
[2022-06-16 12:30:00,053] {processor.py:171} INFO - Processing /home/notme/airflow_venv/airflow_venv/lib/python3.8/site-packages/airflow/example_dags/example_xcom.py took 0.182 seconds
[2022-06-16 12:30:33,660] {processor.py:163} INFO - Started process (PID=11345) to work on /home/notme/airflow_venv/airflow_venv/lib/python3.8/site-packages/airflow/example_dags/example_xcom.py
[2022-06-16 12:30:33,661] {processor.py:642} INFO - Processing file /home/notme/airflow_venv/airflow_venv/lib/python3.8/site-packages/airflow/example_dags/example_xcom.py for tasks to queue
[2022-06-16 12:30:33,661] {logging_mixin.py:109} INFO - [2022-06-16 12:30:33,661] {dagbag.py:500} INFO - Filling up the DagBag from /home/notme/airflow_venv/airflow_venv/lib/python3.8/site-packages/airflow/example_dags/example_xcom.py
[2022-06-16 12:30:33,675] {processor.py:652} INFO - DAG(s) dict_keys(['example_xcom']) retrieved from /home/notme/airflow_venv/airflow_venv/lib/python3.8/site-packages/airflow/example_dags/example_xcom.py
[2022-06-16 12:30:33,816] {logging_mixin.py:109} INFO - [2022-06-16 12:30:33,816] {dag.py:2398} INFO - Sync 1 DAGs
[2022-06-16 12:30:33,825] {logging_mixin.py:109} INFO - [2022-06-16 12:30:33,825] {dag.py:2937} INFO - Setting next_dagrun for example_xcom to 2021-01-01T00:00:00+00:00
[2022-06-16 12:30:33,839] {processor.py:171} INFO - Processing /home/notme/airflow_venv/airflow_venv/lib/python3.8/site-packages/airflow/example_dags/example_xcom.py took 0.181 seconds
[2022-06-16 13:53:34,131] {processor.py:163} INFO - Started process (PID=7450) to work on /home/notme/airflow_venv/airflow_venv/lib/python3.8/site-packages/airflow/example_dags/example_xcom.py
[2022-06-16 13:53:34,132] {processor.py:642} INFO - Processing file /home/notme/airflow_venv/airflow_venv/lib/python3.8/site-packages/airflow/example_dags/example_xcom.py for tasks to queue
[2022-06-16 13:53:34,133] {logging_mixin.py:109} INFO - [2022-06-16 13:53:34,133] {dagbag.py:500} INFO - Filling up the DagBag from /home/notme/airflow_venv/airflow_venv/lib/python3.8/site-packages/airflow/example_dags/example_xcom.py
[2022-06-16 13:53:34,147] {processor.py:652} INFO - DAG(s) dict_keys(['example_xcom']) retrieved from /home/notme/airflow_venv/airflow_venv/lib/python3.8/site-packages/airflow/example_dags/example_xcom.py
[2022-06-16 13:53:34,151] {logging_mixin.py:109} INFO - [2022-06-16 13:53:34,151] {dag.py:2398} INFO - Sync 1 DAGs
[2022-06-16 13:53:34,160] {logging_mixin.py:109} INFO - [2022-06-16 13:53:34,159] {dag.py:2937} INFO - Setting next_dagrun for example_xcom to 2021-01-01T00:00:00+00:00
[2022-06-16 13:53:34,172] {processor.py:171} INFO - Processing /home/notme/airflow_venv/airflow_venv/lib/python3.8/site-packages/airflow/example_dags/example_xcom.py took 0.043 seconds
