[2022-06-16 12:15:37,532] {processor.py:163} INFO - Started process (PID=1268) to work on /home/notme/airflow_venv/airflow_venv/lib/python3.8/site-packages/airflow/example_dags/example_skip_dag.py
[2022-06-16 12:15:37,533] {processor.py:642} INFO - Processing file /home/notme/airflow_venv/airflow_venv/lib/python3.8/site-packages/airflow/example_dags/example_skip_dag.py for tasks to queue
[2022-06-16 12:15:37,534] {logging_mixin.py:109} INFO - [2022-06-16 12:15:37,534] {dagbag.py:500} INFO - Filling up the DagBag from /home/notme/airflow_venv/airflow_venv/lib/python3.8/site-packages/airflow/example_dags/example_skip_dag.py
[2022-06-16 12:15:37,548] {processor.py:652} INFO - DAG(s) dict_keys(['example_skip_dag']) retrieved from /home/notme/airflow_venv/airflow_venv/lib/python3.8/site-packages/airflow/example_dags/example_skip_dag.py
[2022-06-16 12:15:37,563] {logging_mixin.py:109} INFO - [2022-06-16 12:15:37,563] {dag.py:2398} INFO - Sync 1 DAGs
[2022-06-16 12:15:37,580] {logging_mixin.py:109} INFO - [2022-06-16 12:15:37,580] {dag.py:2937} INFO - Setting next_dagrun for example_skip_dag to 2022-06-15T10:15:37.580293+00:00
[2022-06-16 12:15:37,611] {processor.py:171} INFO - Processing /home/notme/airflow_venv/airflow_venv/lib/python3.8/site-packages/airflow/example_dags/example_skip_dag.py took 0.081 seconds
[2022-06-16 12:16:12,379] {processor.py:163} INFO - Started process (PID=1426) to work on /home/notme/airflow_venv/airflow_venv/lib/python3.8/site-packages/airflow/example_dags/example_skip_dag.py
[2022-06-16 12:16:12,380] {processor.py:642} INFO - Processing file /home/notme/airflow_venv/airflow_venv/lib/python3.8/site-packages/airflow/example_dags/example_skip_dag.py for tasks to queue
[2022-06-16 12:16:12,381] {logging_mixin.py:109} INFO - [2022-06-16 12:16:12,381] {dagbag.py:500} INFO - Filling up the DagBag from /home/notme/airflow_venv/airflow_venv/lib/python3.8/site-packages/airflow/example_dags/example_skip_dag.py
[2022-06-16 12:16:12,391] {processor.py:652} INFO - DAG(s) dict_keys(['example_skip_dag']) retrieved from /home/notme/airflow_venv/airflow_venv/lib/python3.8/site-packages/airflow/example_dags/example_skip_dag.py
[2022-06-16 12:16:12,400] {logging_mixin.py:109} INFO - [2022-06-16 12:16:12,400] {dag.py:2398} INFO - Sync 1 DAGs
[2022-06-16 12:16:12,411] {logging_mixin.py:109} INFO - [2022-06-16 12:16:12,411] {dag.py:2937} INFO - Setting next_dagrun for example_skip_dag to 2022-06-15T10:16:12.411048+00:00
[2022-06-16 12:16:12,432] {processor.py:171} INFO - Processing /home/notme/airflow_venv/airflow_venv/lib/python3.8/site-packages/airflow/example_dags/example_skip_dag.py took 0.055 seconds
[2022-06-16 12:16:47,255] {processor.py:163} INFO - Started process (PID=1772) to work on /home/notme/airflow_venv/airflow_venv/lib/python3.8/site-packages/airflow/example_dags/example_skip_dag.py
[2022-06-16 12:16:47,256] {processor.py:642} INFO - Processing file /home/notme/airflow_venv/airflow_venv/lib/python3.8/site-packages/airflow/example_dags/example_skip_dag.py for tasks to queue
[2022-06-16 12:16:47,257] {logging_mixin.py:109} INFO - [2022-06-16 12:16:47,257] {dagbag.py:500} INFO - Filling up the DagBag from /home/notme/airflow_venv/airflow_venv/lib/python3.8/site-packages/airflow/example_dags/example_skip_dag.py
[2022-06-16 12:16:47,268] {processor.py:652} INFO - DAG(s) dict_keys(['example_skip_dag']) retrieved from /home/notme/airflow_venv/airflow_venv/lib/python3.8/site-packages/airflow/example_dags/example_skip_dag.py
[2022-06-16 12:16:47,280] {logging_mixin.py:109} INFO - [2022-06-16 12:16:47,280] {dag.py:2398} INFO - Sync 1 DAGs
[2022-06-16 12:16:47,293] {logging_mixin.py:109} INFO - [2022-06-16 12:16:47,292] {dag.py:2937} INFO - Setting next_dagrun for example_skip_dag to 2022-06-15T10:16:47.292673+00:00
[2022-06-16 12:16:47,309] {processor.py:171} INFO - Processing /home/notme/airflow_venv/airflow_venv/lib/python3.8/site-packages/airflow/example_dags/example_skip_dag.py took 0.055 seconds
[2022-06-16 12:17:20,189] {processor.py:163} INFO - Started process (PID=1825) to work on /home/notme/airflow_venv/airflow_venv/lib/python3.8/site-packages/airflow/example_dags/example_skip_dag.py
[2022-06-16 12:17:20,193] {processor.py:642} INFO - Processing file /home/notme/airflow_venv/airflow_venv/lib/python3.8/site-packages/airflow/example_dags/example_skip_dag.py for tasks to queue
[2022-06-16 12:17:20,194] {logging_mixin.py:109} INFO - [2022-06-16 12:17:20,193] {dagbag.py:500} INFO - Filling up the DagBag from /home/notme/airflow_venv/airflow_venv/lib/python3.8/site-packages/airflow/example_dags/example_skip_dag.py
[2022-06-16 12:17:20,205] {processor.py:652} INFO - DAG(s) dict_keys(['example_skip_dag']) retrieved from /home/notme/airflow_venv/airflow_venv/lib/python3.8/site-packages/airflow/example_dags/example_skip_dag.py
[2022-06-16 12:17:20,215] {logging_mixin.py:109} INFO - [2022-06-16 12:17:20,215] {dag.py:2398} INFO - Sync 1 DAGs
[2022-06-16 12:17:20,225] {logging_mixin.py:109} INFO - [2022-06-16 12:17:20,225] {dag.py:2937} INFO - Setting next_dagrun for example_skip_dag to 2022-06-15T10:17:20.225511+00:00
[2022-06-16 12:17:20,239] {processor.py:171} INFO - Processing /home/notme/airflow_venv/airflow_venv/lib/python3.8/site-packages/airflow/example_dags/example_skip_dag.py took 0.052 seconds
[2022-06-16 12:17:56,477] {processor.py:163} INFO - Started process (PID=2131) to work on /home/notme/airflow_venv/airflow_venv/lib/python3.8/site-packages/airflow/example_dags/example_skip_dag.py
[2022-06-16 12:17:56,478] {processor.py:642} INFO - Processing file /home/notme/airflow_venv/airflow_venv/lib/python3.8/site-packages/airflow/example_dags/example_skip_dag.py for tasks to queue
[2022-06-16 12:17:56,479] {logging_mixin.py:109} INFO - [2022-06-16 12:17:56,479] {dagbag.py:500} INFO - Filling up the DagBag from /home/notme/airflow_venv/airflow_venv/lib/python3.8/site-packages/airflow/example_dags/example_skip_dag.py
[2022-06-16 12:17:56,517] {processor.py:652} INFO - DAG(s) dict_keys(['example_skip_dag']) retrieved from /home/notme/airflow_venv/airflow_venv/lib/python3.8/site-packages/airflow/example_dags/example_skip_dag.py
[2022-06-16 12:17:56,543] {logging_mixin.py:109} INFO - [2022-06-16 12:17:56,543] {dag.py:2398} INFO - Sync 1 DAGs
[2022-06-16 12:17:56,570] {logging_mixin.py:109} INFO - [2022-06-16 12:17:56,570] {dag.py:2937} INFO - Setting next_dagrun for example_skip_dag to 2022-06-15T10:17:56.569825+00:00
[2022-06-16 12:17:56,595] {processor.py:171} INFO - Processing /home/notme/airflow_venv/airflow_venv/lib/python3.8/site-packages/airflow/example_dags/example_skip_dag.py took 0.120 seconds
[2022-06-16 12:18:31,385] {processor.py:163} INFO - Started process (PID=2173) to work on /home/notme/airflow_venv/airflow_venv/lib/python3.8/site-packages/airflow/example_dags/example_skip_dag.py
[2022-06-16 12:18:31,386] {processor.py:642} INFO - Processing file /home/notme/airflow_venv/airflow_venv/lib/python3.8/site-packages/airflow/example_dags/example_skip_dag.py for tasks to queue
[2022-06-16 12:18:31,387] {logging_mixin.py:109} INFO - [2022-06-16 12:18:31,387] {dagbag.py:500} INFO - Filling up the DagBag from /home/notme/airflow_venv/airflow_venv/lib/python3.8/site-packages/airflow/example_dags/example_skip_dag.py
[2022-06-16 12:18:31,399] {processor.py:652} INFO - DAG(s) dict_keys(['example_skip_dag']) retrieved from /home/notme/airflow_venv/airflow_venv/lib/python3.8/site-packages/airflow/example_dags/example_skip_dag.py
[2022-06-16 12:18:31,409] {logging_mixin.py:109} INFO - [2022-06-16 12:18:31,409] {dag.py:2398} INFO - Sync 1 DAGs
[2022-06-16 12:18:31,421] {logging_mixin.py:109} INFO - [2022-06-16 12:18:31,421] {dag.py:2937} INFO - Setting next_dagrun for example_skip_dag to 2022-06-15T10:18:31.421552+00:00
[2022-06-16 12:18:31,438] {processor.py:171} INFO - Processing /home/notme/airflow_venv/airflow_venv/lib/python3.8/site-packages/airflow/example_dags/example_skip_dag.py took 0.055 seconds
[2022-06-16 12:19:05,240] {processor.py:163} INFO - Started process (PID=2444) to work on /home/notme/airflow_venv/airflow_venv/lib/python3.8/site-packages/airflow/example_dags/example_skip_dag.py
[2022-06-16 12:19:05,241] {processor.py:642} INFO - Processing file /home/notme/airflow_venv/airflow_venv/lib/python3.8/site-packages/airflow/example_dags/example_skip_dag.py for tasks to queue
[2022-06-16 12:19:05,241] {logging_mixin.py:109} INFO - [2022-06-16 12:19:05,241] {dagbag.py:500} INFO - Filling up the DagBag from /home/notme/airflow_venv/airflow_venv/lib/python3.8/site-packages/airflow/example_dags/example_skip_dag.py
[2022-06-16 12:19:05,251] {processor.py:652} INFO - DAG(s) dict_keys(['example_skip_dag']) retrieved from /home/notme/airflow_venv/airflow_venv/lib/python3.8/site-packages/airflow/example_dags/example_skip_dag.py
[2022-06-16 12:19:05,262] {logging_mixin.py:109} INFO - [2022-06-16 12:19:05,261] {dag.py:2398} INFO - Sync 1 DAGs
[2022-06-16 12:19:05,275] {logging_mixin.py:109} INFO - [2022-06-16 12:19:05,274] {dag.py:2937} INFO - Setting next_dagrun for example_skip_dag to 2022-06-15T10:19:05.274734+00:00
[2022-06-16 12:19:05,289] {processor.py:171} INFO - Processing /home/notme/airflow_venv/airflow_venv/lib/python3.8/site-packages/airflow/example_dags/example_skip_dag.py took 0.052 seconds
[2022-06-16 12:19:39,066] {processor.py:163} INFO - Started process (PID=2662) to work on /home/notme/airflow_venv/airflow_venv/lib/python3.8/site-packages/airflow/example_dags/example_skip_dag.py
[2022-06-16 12:19:39,067] {processor.py:642} INFO - Processing file /home/notme/airflow_venv/airflow_venv/lib/python3.8/site-packages/airflow/example_dags/example_skip_dag.py for tasks to queue
[2022-06-16 12:19:39,067] {logging_mixin.py:109} INFO - [2022-06-16 12:19:39,067] {dagbag.py:500} INFO - Filling up the DagBag from /home/notme/airflow_venv/airflow_venv/lib/python3.8/site-packages/airflow/example_dags/example_skip_dag.py
[2022-06-16 12:19:39,077] {processor.py:652} INFO - DAG(s) dict_keys(['example_skip_dag']) retrieved from /home/notme/airflow_venv/airflow_venv/lib/python3.8/site-packages/airflow/example_dags/example_skip_dag.py
[2022-06-16 12:19:39,087] {logging_mixin.py:109} INFO - [2022-06-16 12:19:39,087] {dag.py:2398} INFO - Sync 1 DAGs
[2022-06-16 12:19:39,100] {logging_mixin.py:109} INFO - [2022-06-16 12:19:39,100] {dag.py:2937} INFO - Setting next_dagrun for example_skip_dag to 2022-06-15T10:19:39.099871+00:00
[2022-06-16 12:19:39,117] {processor.py:171} INFO - Processing /home/notme/airflow_venv/airflow_venv/lib/python3.8/site-packages/airflow/example_dags/example_skip_dag.py took 0.053 seconds
[2022-06-16 12:20:13,283] {processor.py:163} INFO - Started process (PID=2706) to work on /home/notme/airflow_venv/airflow_venv/lib/python3.8/site-packages/airflow/example_dags/example_skip_dag.py
[2022-06-16 12:20:13,284] {processor.py:642} INFO - Processing file /home/notme/airflow_venv/airflow_venv/lib/python3.8/site-packages/airflow/example_dags/example_skip_dag.py for tasks to queue
[2022-06-16 12:20:13,284] {logging_mixin.py:109} INFO - [2022-06-16 12:20:13,284] {dagbag.py:500} INFO - Filling up the DagBag from /home/notme/airflow_venv/airflow_venv/lib/python3.8/site-packages/airflow/example_dags/example_skip_dag.py
[2022-06-16 12:20:13,295] {processor.py:652} INFO - DAG(s) dict_keys(['example_skip_dag']) retrieved from /home/notme/airflow_venv/airflow_venv/lib/python3.8/site-packages/airflow/example_dags/example_skip_dag.py
[2022-06-16 12:20:13,307] {logging_mixin.py:109} INFO - [2022-06-16 12:20:13,307] {dag.py:2398} INFO - Sync 1 DAGs
[2022-06-16 12:20:13,320] {logging_mixin.py:109} INFO - [2022-06-16 12:20:13,320] {dag.py:2937} INFO - Setting next_dagrun for example_skip_dag to 2022-06-15T10:20:13.319974+00:00
[2022-06-16 12:20:13,334] {processor.py:171} INFO - Processing /home/notme/airflow_venv/airflow_venv/lib/python3.8/site-packages/airflow/example_dags/example_skip_dag.py took 0.053 seconds
[2022-06-16 12:20:48,058] {processor.py:163} INFO - Started process (PID=2748) to work on /home/notme/airflow_venv/airflow_venv/lib/python3.8/site-packages/airflow/example_dags/example_skip_dag.py
[2022-06-16 12:20:48,059] {processor.py:642} INFO - Processing file /home/notme/airflow_venv/airflow_venv/lib/python3.8/site-packages/airflow/example_dags/example_skip_dag.py for tasks to queue
[2022-06-16 12:20:48,060] {logging_mixin.py:109} INFO - [2022-06-16 12:20:48,060] {dagbag.py:500} INFO - Filling up the DagBag from /home/notme/airflow_venv/airflow_venv/lib/python3.8/site-packages/airflow/example_dags/example_skip_dag.py
[2022-06-16 12:20:48,069] {processor.py:652} INFO - DAG(s) dict_keys(['example_skip_dag']) retrieved from /home/notme/airflow_venv/airflow_venv/lib/python3.8/site-packages/airflow/example_dags/example_skip_dag.py
[2022-06-16 12:20:48,081] {logging_mixin.py:109} INFO - [2022-06-16 12:20:48,081] {dag.py:2398} INFO - Sync 1 DAGs
[2022-06-16 12:20:48,093] {logging_mixin.py:109} INFO - [2022-06-16 12:20:48,093] {dag.py:2937} INFO - Setting next_dagrun for example_skip_dag to 2022-06-15T10:20:48.092999+00:00
[2022-06-16 12:20:48,108] {processor.py:171} INFO - Processing /home/notme/airflow_venv/airflow_venv/lib/python3.8/site-packages/airflow/example_dags/example_skip_dag.py took 0.052 seconds
[2022-06-16 12:21:21,969] {processor.py:163} INFO - Started process (PID=2957) to work on /home/notme/airflow_venv/airflow_venv/lib/python3.8/site-packages/airflow/example_dags/example_skip_dag.py
[2022-06-16 12:21:21,970] {processor.py:642} INFO - Processing file /home/notme/airflow_venv/airflow_venv/lib/python3.8/site-packages/airflow/example_dags/example_skip_dag.py for tasks to queue
[2022-06-16 12:21:21,970] {logging_mixin.py:109} INFO - [2022-06-16 12:21:21,970] {dagbag.py:500} INFO - Filling up the DagBag from /home/notme/airflow_venv/airflow_venv/lib/python3.8/site-packages/airflow/example_dags/example_skip_dag.py
[2022-06-16 12:21:21,981] {processor.py:652} INFO - DAG(s) dict_keys(['example_skip_dag']) retrieved from /home/notme/airflow_venv/airflow_venv/lib/python3.8/site-packages/airflow/example_dags/example_skip_dag.py
[2022-06-16 12:21:21,991] {logging_mixin.py:109} INFO - [2022-06-16 12:21:21,991] {dag.py:2398} INFO - Sync 1 DAGs
[2022-06-16 12:21:22,001] {logging_mixin.py:109} INFO - [2022-06-16 12:21:22,001] {dag.py:2937} INFO - Setting next_dagrun for example_skip_dag to 2022-06-15T10:21:22.001346+00:00
[2022-06-16 12:21:22,020] {processor.py:171} INFO - Processing /home/notme/airflow_venv/airflow_venv/lib/python3.8/site-packages/airflow/example_dags/example_skip_dag.py took 0.054 seconds
[2022-06-16 12:21:56,354] {processor.py:163} INFO - Started process (PID=3128) to work on /home/notme/airflow_venv/airflow_venv/lib/python3.8/site-packages/airflow/example_dags/example_skip_dag.py
[2022-06-16 12:21:56,355] {processor.py:642} INFO - Processing file /home/notme/airflow_venv/airflow_venv/lib/python3.8/site-packages/airflow/example_dags/example_skip_dag.py for tasks to queue
[2022-06-16 12:21:56,356] {logging_mixin.py:109} INFO - [2022-06-16 12:21:56,356] {dagbag.py:500} INFO - Filling up the DagBag from /home/notme/airflow_venv/airflow_venv/lib/python3.8/site-packages/airflow/example_dags/example_skip_dag.py
[2022-06-16 12:21:56,369] {processor.py:652} INFO - DAG(s) dict_keys(['example_skip_dag']) retrieved from /home/notme/airflow_venv/airflow_venv/lib/python3.8/site-packages/airflow/example_dags/example_skip_dag.py
[2022-06-16 12:21:56,379] {logging_mixin.py:109} INFO - [2022-06-16 12:21:56,378] {dag.py:2398} INFO - Sync 1 DAGs
[2022-06-16 12:21:56,390] {logging_mixin.py:109} INFO - [2022-06-16 12:21:56,390] {dag.py:2937} INFO - Setting next_dagrun for example_skip_dag to 2022-06-15T10:21:56.390055+00:00
[2022-06-16 12:21:56,405] {processor.py:171} INFO - Processing /home/notme/airflow_venv/airflow_venv/lib/python3.8/site-packages/airflow/example_dags/example_skip_dag.py took 0.052 seconds
[2022-06-16 12:22:29,268] {processor.py:163} INFO - Started process (PID=3349) to work on /home/notme/airflow_venv/airflow_venv/lib/python3.8/site-packages/airflow/example_dags/example_skip_dag.py
[2022-06-16 12:22:29,269] {processor.py:642} INFO - Processing file /home/notme/airflow_venv/airflow_venv/lib/python3.8/site-packages/airflow/example_dags/example_skip_dag.py for tasks to queue
[2022-06-16 12:22:29,269] {logging_mixin.py:109} INFO - [2022-06-16 12:22:29,269] {dagbag.py:500} INFO - Filling up the DagBag from /home/notme/airflow_venv/airflow_venv/lib/python3.8/site-packages/airflow/example_dags/example_skip_dag.py
[2022-06-16 12:22:29,280] {processor.py:652} INFO - DAG(s) dict_keys(['example_skip_dag']) retrieved from /home/notme/airflow_venv/airflow_venv/lib/python3.8/site-packages/airflow/example_dags/example_skip_dag.py
[2022-06-16 12:22:29,289] {logging_mixin.py:109} INFO - [2022-06-16 12:22:29,289] {dag.py:2398} INFO - Sync 1 DAGs
[2022-06-16 12:22:29,298] {logging_mixin.py:109} INFO - [2022-06-16 12:22:29,297] {dag.py:2937} INFO - Setting next_dagrun for example_skip_dag to 2022-06-15T10:22:29.297740+00:00
[2022-06-16 12:22:29,315] {processor.py:171} INFO - Processing /home/notme/airflow_venv/airflow_venv/lib/python3.8/site-packages/airflow/example_dags/example_skip_dag.py took 0.049 seconds
[2022-06-16 12:23:01,648] {processor.py:163} INFO - Started process (PID=3478) to work on /home/notme/airflow_venv/airflow_venv/lib/python3.8/site-packages/airflow/example_dags/example_skip_dag.py
[2022-06-16 12:23:01,649] {processor.py:642} INFO - Processing file /home/notme/airflow_venv/airflow_venv/lib/python3.8/site-packages/airflow/example_dags/example_skip_dag.py for tasks to queue
[2022-06-16 12:23:01,649] {logging_mixin.py:109} INFO - [2022-06-16 12:23:01,649] {dagbag.py:500} INFO - Filling up the DagBag from /home/notme/airflow_venv/airflow_venv/lib/python3.8/site-packages/airflow/example_dags/example_skip_dag.py
[2022-06-16 12:23:01,661] {processor.py:652} INFO - DAG(s) dict_keys(['example_skip_dag']) retrieved from /home/notme/airflow_venv/airflow_venv/lib/python3.8/site-packages/airflow/example_dags/example_skip_dag.py
[2022-06-16 12:23:01,671] {logging_mixin.py:109} INFO - [2022-06-16 12:23:01,671] {dag.py:2398} INFO - Sync 1 DAGs
[2022-06-16 12:23:01,682] {logging_mixin.py:109} INFO - [2022-06-16 12:23:01,682] {dag.py:2937} INFO - Setting next_dagrun for example_skip_dag to 2022-06-15T10:23:01.682180+00:00
[2022-06-16 12:23:01,699] {processor.py:171} INFO - Processing /home/notme/airflow_venv/airflow_venv/lib/python3.8/site-packages/airflow/example_dags/example_skip_dag.py took 0.053 seconds
[2022-06-16 12:23:35,552] {processor.py:163} INFO - Started process (PID=3856) to work on /home/notme/airflow_venv/airflow_venv/lib/python3.8/site-packages/airflow/example_dags/example_skip_dag.py
[2022-06-16 12:23:35,553] {processor.py:642} INFO - Processing file /home/notme/airflow_venv/airflow_venv/lib/python3.8/site-packages/airflow/example_dags/example_skip_dag.py for tasks to queue
[2022-06-16 12:23:35,554] {logging_mixin.py:109} INFO - [2022-06-16 12:23:35,554] {dagbag.py:500} INFO - Filling up the DagBag from /home/notme/airflow_venv/airflow_venv/lib/python3.8/site-packages/airflow/example_dags/example_skip_dag.py
[2022-06-16 12:23:35,565] {processor.py:652} INFO - DAG(s) dict_keys(['example_skip_dag']) retrieved from /home/notme/airflow_venv/airflow_venv/lib/python3.8/site-packages/airflow/example_dags/example_skip_dag.py
[2022-06-16 12:23:35,575] {logging_mixin.py:109} INFO - [2022-06-16 12:23:35,575] {dag.py:2398} INFO - Sync 1 DAGs
[2022-06-16 12:23:35,584] {logging_mixin.py:109} INFO - [2022-06-16 12:23:35,584] {dag.py:2937} INFO - Setting next_dagrun for example_skip_dag to 2022-06-15T10:23:35.584514+00:00
[2022-06-16 12:23:35,597] {processor.py:171} INFO - Processing /home/notme/airflow_venv/airflow_venv/lib/python3.8/site-packages/airflow/example_dags/example_skip_dag.py took 0.047 seconds
[2022-06-16 12:24:08,501] {processor.py:163} INFO - Started process (PID=3900) to work on /home/notme/airflow_venv/airflow_venv/lib/python3.8/site-packages/airflow/example_dags/example_skip_dag.py
[2022-06-16 12:24:08,503] {processor.py:642} INFO - Processing file /home/notme/airflow_venv/airflow_venv/lib/python3.8/site-packages/airflow/example_dags/example_skip_dag.py for tasks to queue
[2022-06-16 12:24:08,503] {logging_mixin.py:109} INFO - [2022-06-16 12:24:08,503] {dagbag.py:500} INFO - Filling up the DagBag from /home/notme/airflow_venv/airflow_venv/lib/python3.8/site-packages/airflow/example_dags/example_skip_dag.py
[2022-06-16 12:24:08,512] {processor.py:652} INFO - DAG(s) dict_keys(['example_skip_dag']) retrieved from /home/notme/airflow_venv/airflow_venv/lib/python3.8/site-packages/airflow/example_dags/example_skip_dag.py
[2022-06-16 12:24:08,520] {logging_mixin.py:109} INFO - [2022-06-16 12:24:08,520] {dag.py:2398} INFO - Sync 1 DAGs
[2022-06-16 12:24:08,530] {logging_mixin.py:109} INFO - [2022-06-16 12:24:08,530] {dag.py:2937} INFO - Setting next_dagrun for example_skip_dag to 2022-06-15T10:24:08.529967+00:00
[2022-06-16 12:24:08,543] {processor.py:171} INFO - Processing /home/notme/airflow_venv/airflow_venv/lib/python3.8/site-packages/airflow/example_dags/example_skip_dag.py took 0.043 seconds
[2022-06-16 12:24:43,024] {processor.py:163} INFO - Started process (PID=3955) to work on /home/notme/airflow_venv/airflow_venv/lib/python3.8/site-packages/airflow/example_dags/example_skip_dag.py
[2022-06-16 12:24:43,025] {processor.py:642} INFO - Processing file /home/notme/airflow_venv/airflow_venv/lib/python3.8/site-packages/airflow/example_dags/example_skip_dag.py for tasks to queue
[2022-06-16 12:24:43,025] {logging_mixin.py:109} INFO - [2022-06-16 12:24:43,025] {dagbag.py:500} INFO - Filling up the DagBag from /home/notme/airflow_venv/airflow_venv/lib/python3.8/site-packages/airflow/example_dags/example_skip_dag.py
[2022-06-16 12:24:43,034] {processor.py:652} INFO - DAG(s) dict_keys(['example_skip_dag']) retrieved from /home/notme/airflow_venv/airflow_venv/lib/python3.8/site-packages/airflow/example_dags/example_skip_dag.py
[2022-06-16 12:24:43,044] {logging_mixin.py:109} INFO - [2022-06-16 12:24:43,043] {dag.py:2398} INFO - Sync 1 DAGs
[2022-06-16 12:24:43,053] {logging_mixin.py:109} INFO - [2022-06-16 12:24:43,053] {dag.py:2937} INFO - Setting next_dagrun for example_skip_dag to 2022-06-15T10:24:43.052881+00:00
[2022-06-16 12:24:43,066] {processor.py:171} INFO - Processing /home/notme/airflow_venv/airflow_venv/lib/python3.8/site-packages/airflow/example_dags/example_skip_dag.py took 0.044 seconds
[2022-06-16 12:25:15,120] {processor.py:163} INFO - Started process (PID=9672) to work on /home/notme/airflow_venv/airflow_venv/lib/python3.8/site-packages/airflow/example_dags/example_skip_dag.py
[2022-06-16 12:25:15,121] {processor.py:642} INFO - Processing file /home/notme/airflow_venv/airflow_venv/lib/python3.8/site-packages/airflow/example_dags/example_skip_dag.py for tasks to queue
[2022-06-16 12:25:15,122] {logging_mixin.py:109} INFO - [2022-06-16 12:25:15,122] {dagbag.py:500} INFO - Filling up the DagBag from /home/notme/airflow_venv/airflow_venv/lib/python3.8/site-packages/airflow/example_dags/example_skip_dag.py
[2022-06-16 12:25:15,141] {processor.py:652} INFO - DAG(s) dict_keys(['example_skip_dag']) retrieved from /home/notme/airflow_venv/airflow_venv/lib/python3.8/site-packages/airflow/example_dags/example_skip_dag.py
[2022-06-16 12:25:15,157] {logging_mixin.py:109} INFO - [2022-06-16 12:25:15,156] {dag.py:2398} INFO - Sync 1 DAGs
[2022-06-16 12:25:15,167] {logging_mixin.py:109} INFO - [2022-06-16 12:25:15,167] {dag.py:2937} INFO - Setting next_dagrun for example_skip_dag to 2022-06-15T10:25:15.167416+00:00
[2022-06-16 12:25:15,181] {processor.py:171} INFO - Processing /home/notme/airflow_venv/airflow_venv/lib/python3.8/site-packages/airflow/example_dags/example_skip_dag.py took 0.062 seconds
[2022-06-16 12:25:47,528] {processor.py:163} INFO - Started process (PID=9934) to work on /home/notme/airflow_venv/airflow_venv/lib/python3.8/site-packages/airflow/example_dags/example_skip_dag.py
[2022-06-16 12:25:47,529] {processor.py:642} INFO - Processing file /home/notme/airflow_venv/airflow_venv/lib/python3.8/site-packages/airflow/example_dags/example_skip_dag.py for tasks to queue
[2022-06-16 12:25:47,529] {logging_mixin.py:109} INFO - [2022-06-16 12:25:47,529] {dagbag.py:500} INFO - Filling up the DagBag from /home/notme/airflow_venv/airflow_venv/lib/python3.8/site-packages/airflow/example_dags/example_skip_dag.py
[2022-06-16 12:25:47,538] {processor.py:652} INFO - DAG(s) dict_keys(['example_skip_dag']) retrieved from /home/notme/airflow_venv/airflow_venv/lib/python3.8/site-packages/airflow/example_dags/example_skip_dag.py
[2022-06-16 12:25:47,547] {logging_mixin.py:109} INFO - [2022-06-16 12:25:47,547] {dag.py:2398} INFO - Sync 1 DAGs
[2022-06-16 12:25:47,556] {logging_mixin.py:109} INFO - [2022-06-16 12:25:47,556] {dag.py:2937} INFO - Setting next_dagrun for example_skip_dag to 2022-06-15T10:25:47.556399+00:00
[2022-06-16 12:25:47,571] {processor.py:171} INFO - Processing /home/notme/airflow_venv/airflow_venv/lib/python3.8/site-packages/airflow/example_dags/example_skip_dag.py took 0.046 seconds
[2022-06-16 12:26:20,278] {processor.py:163} INFO - Started process (PID=9982) to work on /home/notme/airflow_venv/airflow_venv/lib/python3.8/site-packages/airflow/example_dags/example_skip_dag.py
[2022-06-16 12:26:20,279] {processor.py:642} INFO - Processing file /home/notme/airflow_venv/airflow_venv/lib/python3.8/site-packages/airflow/example_dags/example_skip_dag.py for tasks to queue
[2022-06-16 12:26:20,280] {logging_mixin.py:109} INFO - [2022-06-16 12:26:20,280] {dagbag.py:500} INFO - Filling up the DagBag from /home/notme/airflow_venv/airflow_venv/lib/python3.8/site-packages/airflow/example_dags/example_skip_dag.py
[2022-06-16 12:26:20,289] {processor.py:652} INFO - DAG(s) dict_keys(['example_skip_dag']) retrieved from /home/notme/airflow_venv/airflow_venv/lib/python3.8/site-packages/airflow/example_dags/example_skip_dag.py
[2022-06-16 12:26:20,301] {logging_mixin.py:109} INFO - [2022-06-16 12:26:20,301] {dag.py:2398} INFO - Sync 1 DAGs
[2022-06-16 12:26:20,314] {logging_mixin.py:109} INFO - [2022-06-16 12:26:20,314] {dag.py:2937} INFO - Setting next_dagrun for example_skip_dag to 2022-06-15T10:26:20.314482+00:00
[2022-06-16 12:26:20,329] {processor.py:171} INFO - Processing /home/notme/airflow_venv/airflow_venv/lib/python3.8/site-packages/airflow/example_dags/example_skip_dag.py took 0.052 seconds
[2022-06-16 12:26:52,847] {processor.py:163} INFO - Started process (PID=10399) to work on /home/notme/airflow_venv/airflow_venv/lib/python3.8/site-packages/airflow/example_dags/example_skip_dag.py
[2022-06-16 12:26:52,848] {processor.py:642} INFO - Processing file /home/notme/airflow_venv/airflow_venv/lib/python3.8/site-packages/airflow/example_dags/example_skip_dag.py for tasks to queue
[2022-06-16 12:26:52,848] {logging_mixin.py:109} INFO - [2022-06-16 12:26:52,848] {dagbag.py:500} INFO - Filling up the DagBag from /home/notme/airflow_venv/airflow_venv/lib/python3.8/site-packages/airflow/example_dags/example_skip_dag.py
[2022-06-16 12:26:52,858] {processor.py:652} INFO - DAG(s) dict_keys(['example_skip_dag']) retrieved from /home/notme/airflow_venv/airflow_venv/lib/python3.8/site-packages/airflow/example_dags/example_skip_dag.py
[2022-06-16 12:26:52,867] {logging_mixin.py:109} INFO - [2022-06-16 12:26:52,867] {dag.py:2398} INFO - Sync 1 DAGs
[2022-06-16 12:26:52,876] {logging_mixin.py:109} INFO - [2022-06-16 12:26:52,876] {dag.py:2937} INFO - Setting next_dagrun for example_skip_dag to 2022-06-15T10:26:52.875947+00:00
[2022-06-16 12:26:52,889] {processor.py:171} INFO - Processing /home/notme/airflow_venv/airflow_venv/lib/python3.8/site-packages/airflow/example_dags/example_skip_dag.py took 0.044 seconds
[2022-06-16 12:27:25,831] {processor.py:163} INFO - Started process (PID=10442) to work on /home/notme/airflow_venv/airflow_venv/lib/python3.8/site-packages/airflow/example_dags/example_skip_dag.py
[2022-06-16 12:27:25,832] {processor.py:642} INFO - Processing file /home/notme/airflow_venv/airflow_venv/lib/python3.8/site-packages/airflow/example_dags/example_skip_dag.py for tasks to queue
[2022-06-16 12:27:25,832] {logging_mixin.py:109} INFO - [2022-06-16 12:27:25,832] {dagbag.py:500} INFO - Filling up the DagBag from /home/notme/airflow_venv/airflow_venv/lib/python3.8/site-packages/airflow/example_dags/example_skip_dag.py
[2022-06-16 12:27:25,843] {processor.py:652} INFO - DAG(s) dict_keys(['example_skip_dag']) retrieved from /home/notme/airflow_venv/airflow_venv/lib/python3.8/site-packages/airflow/example_dags/example_skip_dag.py
[2022-06-16 12:27:25,853] {logging_mixin.py:109} INFO - [2022-06-16 12:27:25,853] {dag.py:2398} INFO - Sync 1 DAGs
[2022-06-16 12:27:25,865] {logging_mixin.py:109} INFO - [2022-06-16 12:27:25,864] {dag.py:2937} INFO - Setting next_dagrun for example_skip_dag to 2022-06-15T10:27:25.864598+00:00
[2022-06-16 12:27:25,880] {processor.py:171} INFO - Processing /home/notme/airflow_venv/airflow_venv/lib/python3.8/site-packages/airflow/example_dags/example_skip_dag.py took 0.051 seconds
[2022-06-16 12:28:02,073] {processor.py:163} INFO - Started process (PID=10771) to work on /home/notme/airflow_venv/airflow_venv/lib/python3.8/site-packages/airflow/example_dags/example_skip_dag.py
[2022-06-16 12:28:02,074] {processor.py:642} INFO - Processing file /home/notme/airflow_venv/airflow_venv/lib/python3.8/site-packages/airflow/example_dags/example_skip_dag.py for tasks to queue
[2022-06-16 12:28:02,075] {logging_mixin.py:109} INFO - [2022-06-16 12:28:02,075] {dagbag.py:500} INFO - Filling up the DagBag from /home/notme/airflow_venv/airflow_venv/lib/python3.8/site-packages/airflow/example_dags/example_skip_dag.py
[2022-06-16 12:28:02,086] {processor.py:652} INFO - DAG(s) dict_keys(['example_skip_dag']) retrieved from /home/notme/airflow_venv/airflow_venv/lib/python3.8/site-packages/airflow/example_dags/example_skip_dag.py
[2022-06-16 12:28:02,096] {logging_mixin.py:109} INFO - [2022-06-16 12:28:02,096] {dag.py:2398} INFO - Sync 1 DAGs
[2022-06-16 12:28:02,109] {logging_mixin.py:109} INFO - [2022-06-16 12:28:02,109] {dag.py:2937} INFO - Setting next_dagrun for example_skip_dag to 2022-06-15T10:28:02.109005+00:00
[2022-06-16 12:28:02,124] {processor.py:171} INFO - Processing /home/notme/airflow_venv/airflow_venv/lib/python3.8/site-packages/airflow/example_dags/example_skip_dag.py took 0.053 seconds
[2022-06-16 12:28:38,570] {processor.py:163} INFO - Started process (PID=11035) to work on /home/notme/airflow_venv/airflow_venv/lib/python3.8/site-packages/airflow/example_dags/example_skip_dag.py
[2022-06-16 12:28:38,571] {processor.py:642} INFO - Processing file /home/notme/airflow_venv/airflow_venv/lib/python3.8/site-packages/airflow/example_dags/example_skip_dag.py for tasks to queue
[2022-06-16 12:28:38,572] {logging_mixin.py:109} INFO - [2022-06-16 12:28:38,572] {dagbag.py:500} INFO - Filling up the DagBag from /home/notme/airflow_venv/airflow_venv/lib/python3.8/site-packages/airflow/example_dags/example_skip_dag.py
[2022-06-16 12:28:38,585] {processor.py:652} INFO - DAG(s) dict_keys(['example_skip_dag']) retrieved from /home/notme/airflow_venv/airflow_venv/lib/python3.8/site-packages/airflow/example_dags/example_skip_dag.py
[2022-06-16 12:28:38,595] {logging_mixin.py:109} INFO - [2022-06-16 12:28:38,595] {dag.py:2398} INFO - Sync 1 DAGs
[2022-06-16 12:28:38,605] {logging_mixin.py:109} INFO - [2022-06-16 12:28:38,605] {dag.py:2937} INFO - Setting next_dagrun for example_skip_dag to 2022-06-15T10:28:38.605578+00:00
[2022-06-16 12:28:38,618] {processor.py:171} INFO - Processing /home/notme/airflow_venv/airflow_venv/lib/python3.8/site-packages/airflow/example_dags/example_skip_dag.py took 0.050 seconds
[2022-06-16 12:29:13,109] {processor.py:163} INFO - Started process (PID=11077) to work on /home/notme/airflow_venv/airflow_venv/lib/python3.8/site-packages/airflow/example_dags/example_skip_dag.py
[2022-06-16 12:29:13,110] {processor.py:642} INFO - Processing file /home/notme/airflow_venv/airflow_venv/lib/python3.8/site-packages/airflow/example_dags/example_skip_dag.py for tasks to queue
[2022-06-16 12:29:13,111] {logging_mixin.py:109} INFO - [2022-06-16 12:29:13,111] {dagbag.py:500} INFO - Filling up the DagBag from /home/notme/airflow_venv/airflow_venv/lib/python3.8/site-packages/airflow/example_dags/example_skip_dag.py
[2022-06-16 12:29:13,125] {processor.py:652} INFO - DAG(s) dict_keys(['example_skip_dag']) retrieved from /home/notme/airflow_venv/airflow_venv/lib/python3.8/site-packages/airflow/example_dags/example_skip_dag.py
[2022-06-16 12:29:13,134] {logging_mixin.py:109} INFO - [2022-06-16 12:29:13,134] {dag.py:2398} INFO - Sync 1 DAGs
[2022-06-16 12:29:13,145] {logging_mixin.py:109} INFO - [2022-06-16 12:29:13,144] {dag.py:2937} INFO - Setting next_dagrun for example_skip_dag to 2022-06-15T10:29:13.144699+00:00
[2022-06-16 12:29:13,160] {processor.py:171} INFO - Processing /home/notme/airflow_venv/airflow_venv/lib/python3.8/site-packages/airflow/example_dags/example_skip_dag.py took 0.052 seconds
[2022-06-16 12:29:44,904] {processor.py:163} INFO - Started process (PID=11125) to work on /home/notme/airflow_venv/airflow_venv/lib/python3.8/site-packages/airflow/example_dags/example_skip_dag.py
[2022-06-16 12:29:44,905] {processor.py:642} INFO - Processing file /home/notme/airflow_venv/airflow_venv/lib/python3.8/site-packages/airflow/example_dags/example_skip_dag.py for tasks to queue
[2022-06-16 12:29:44,905] {logging_mixin.py:109} INFO - [2022-06-16 12:29:44,905] {dagbag.py:500} INFO - Filling up the DagBag from /home/notme/airflow_venv/airflow_venv/lib/python3.8/site-packages/airflow/example_dags/example_skip_dag.py
[2022-06-16 12:29:44,914] {processor.py:652} INFO - DAG(s) dict_keys(['example_skip_dag']) retrieved from /home/notme/airflow_venv/airflow_venv/lib/python3.8/site-packages/airflow/example_dags/example_skip_dag.py
[2022-06-16 12:29:44,924] {logging_mixin.py:109} INFO - [2022-06-16 12:29:44,924] {dag.py:2398} INFO - Sync 1 DAGs
[2022-06-16 12:29:44,933] {logging_mixin.py:109} INFO - [2022-06-16 12:29:44,933] {dag.py:2937} INFO - Setting next_dagrun for example_skip_dag to 2022-06-15T10:29:44.933591+00:00
[2022-06-16 12:29:44,947] {processor.py:171} INFO - Processing /home/notme/airflow_venv/airflow_venv/lib/python3.8/site-packages/airflow/example_dags/example_skip_dag.py took 0.044 seconds
[2022-06-16 12:30:18,195] {processor.py:163} INFO - Started process (PID=11329) to work on /home/notme/airflow_venv/airflow_venv/lib/python3.8/site-packages/airflow/example_dags/example_skip_dag.py
[2022-06-16 12:30:18,196] {processor.py:642} INFO - Processing file /home/notme/airflow_venv/airflow_venv/lib/python3.8/site-packages/airflow/example_dags/example_skip_dag.py for tasks to queue
[2022-06-16 12:30:18,197] {logging_mixin.py:109} INFO - [2022-06-16 12:30:18,197] {dagbag.py:500} INFO - Filling up the DagBag from /home/notme/airflow_venv/airflow_venv/lib/python3.8/site-packages/airflow/example_dags/example_skip_dag.py
[2022-06-16 12:30:18,206] {processor.py:652} INFO - DAG(s) dict_keys(['example_skip_dag']) retrieved from /home/notme/airflow_venv/airflow_venv/lib/python3.8/site-packages/airflow/example_dags/example_skip_dag.py
[2022-06-16 12:30:18,216] {logging_mixin.py:109} INFO - [2022-06-16 12:30:18,216] {dag.py:2398} INFO - Sync 1 DAGs
[2022-06-16 12:30:18,225] {logging_mixin.py:109} INFO - [2022-06-16 12:30:18,225] {dag.py:2937} INFO - Setting next_dagrun for example_skip_dag to 2022-06-15T10:30:18.225319+00:00
[2022-06-16 12:30:18,238] {processor.py:171} INFO - Processing /home/notme/airflow_venv/airflow_venv/lib/python3.8/site-packages/airflow/example_dags/example_skip_dag.py took 0.044 seconds
