[2022-06-16 12:15:42,794] {processor.py:163} INFO - Started process (PID=1273) to work on /home/notme/airflow_venv/airflow_venv/lib/python3.8/site-packages/airflow/example_dags/example_sla_dag.py
[2022-06-16 12:15:42,795] {processor.py:642} INFO - Processing file /home/notme/airflow_venv/airflow_venv/lib/python3.8/site-packages/airflow/example_dags/example_sla_dag.py for tasks to queue
[2022-06-16 12:15:42,795] {logging_mixin.py:109} INFO - [2022-06-16 12:15:42,795] {dagbag.py:500} INFO - Filling up the DagBag from /home/notme/airflow_venv/airflow_venv/lib/python3.8/site-packages/airflow/example_dags/example_sla_dag.py
[2022-06-16 12:15:42,813] {processor.py:652} INFO - DAG(s) dict_keys(['example_sla_dag']) retrieved from /home/notme/airflow_venv/airflow_venv/lib/python3.8/site-packages/airflow/example_dags/example_sla_dag.py
[2022-06-16 12:15:42,823] {logging_mixin.py:109} INFO - [2022-06-16 12:15:42,823] {dag.py:2398} INFO - Sync 1 DAGs
[2022-06-16 12:15:42,839] {logging_mixin.py:109} INFO - [2022-06-16 12:15:42,839] {dag.py:2937} INFO - Setting next_dagrun for example_sla_dag to 2022-06-16T10:12:00+00:00
[2022-06-16 12:15:42,898] {processor.py:171} INFO - Processing /home/notme/airflow_venv/airflow_venv/lib/python3.8/site-packages/airflow/example_dags/example_sla_dag.py took 0.106 seconds
[2022-06-16 12:16:17,546] {processor.py:163} INFO - Started process (PID=1431) to work on /home/notme/airflow_venv/airflow_venv/lib/python3.8/site-packages/airflow/example_dags/example_sla_dag.py
[2022-06-16 12:16:17,547] {processor.py:642} INFO - Processing file /home/notme/airflow_venv/airflow_venv/lib/python3.8/site-packages/airflow/example_dags/example_sla_dag.py for tasks to queue
[2022-06-16 12:16:17,547] {logging_mixin.py:109} INFO - [2022-06-16 12:16:17,547] {dagbag.py:500} INFO - Filling up the DagBag from /home/notme/airflow_venv/airflow_venv/lib/python3.8/site-packages/airflow/example_dags/example_sla_dag.py
[2022-06-16 12:16:17,560] {processor.py:652} INFO - DAG(s) dict_keys(['example_sla_dag']) retrieved from /home/notme/airflow_venv/airflow_venv/lib/python3.8/site-packages/airflow/example_dags/example_sla_dag.py
[2022-06-16 12:16:17,568] {logging_mixin.py:109} INFO - [2022-06-16 12:16:17,568] {dag.py:2398} INFO - Sync 1 DAGs
[2022-06-16 12:16:17,583] {logging_mixin.py:109} INFO - [2022-06-16 12:16:17,583] {dag.py:2937} INFO - Setting next_dagrun for example_sla_dag to 2022-06-16T10:14:00+00:00
[2022-06-16 12:16:17,599] {processor.py:171} INFO - Processing /home/notme/airflow_venv/airflow_venv/lib/python3.8/site-packages/airflow/example_dags/example_sla_dag.py took 0.056 seconds
[2022-06-16 12:16:52,519] {processor.py:163} INFO - Started process (PID=1777) to work on /home/notme/airflow_venv/airflow_venv/lib/python3.8/site-packages/airflow/example_dags/example_sla_dag.py
[2022-06-16 12:16:52,520] {processor.py:642} INFO - Processing file /home/notme/airflow_venv/airflow_venv/lib/python3.8/site-packages/airflow/example_dags/example_sla_dag.py for tasks to queue
[2022-06-16 12:16:52,521] {logging_mixin.py:109} INFO - [2022-06-16 12:16:52,521] {dagbag.py:500} INFO - Filling up the DagBag from /home/notme/airflow_venv/airflow_venv/lib/python3.8/site-packages/airflow/example_dags/example_sla_dag.py
[2022-06-16 12:16:52,535] {processor.py:652} INFO - DAG(s) dict_keys(['example_sla_dag']) retrieved from /home/notme/airflow_venv/airflow_venv/lib/python3.8/site-packages/airflow/example_dags/example_sla_dag.py
[2022-06-16 12:16:52,544] {logging_mixin.py:109} INFO - [2022-06-16 12:16:52,543] {dag.py:2398} INFO - Sync 1 DAGs
[2022-06-16 12:16:52,557] {logging_mixin.py:109} INFO - [2022-06-16 12:16:52,557] {dag.py:2937} INFO - Setting next_dagrun for example_sla_dag to 2022-06-16T10:14:00+00:00
[2022-06-16 12:16:52,570] {processor.py:171} INFO - Processing /home/notme/airflow_venv/airflow_venv/lib/python3.8/site-packages/airflow/example_dags/example_sla_dag.py took 0.052 seconds
[2022-06-16 12:17:25,378] {processor.py:163} INFO - Started process (PID=1830) to work on /home/notme/airflow_venv/airflow_venv/lib/python3.8/site-packages/airflow/example_dags/example_sla_dag.py
[2022-06-16 12:17:25,379] {processor.py:642} INFO - Processing file /home/notme/airflow_venv/airflow_venv/lib/python3.8/site-packages/airflow/example_dags/example_sla_dag.py for tasks to queue
[2022-06-16 12:17:25,380] {logging_mixin.py:109} INFO - [2022-06-16 12:17:25,380] {dagbag.py:500} INFO - Filling up the DagBag from /home/notme/airflow_venv/airflow_venv/lib/python3.8/site-packages/airflow/example_dags/example_sla_dag.py
[2022-06-16 12:17:25,399] {processor.py:652} INFO - DAG(s) dict_keys(['example_sla_dag']) retrieved from /home/notme/airflow_venv/airflow_venv/lib/python3.8/site-packages/airflow/example_dags/example_sla_dag.py
[2022-06-16 12:17:25,412] {logging_mixin.py:109} INFO - [2022-06-16 12:17:25,412] {dag.py:2398} INFO - Sync 1 DAGs
[2022-06-16 12:17:25,429] {logging_mixin.py:109} INFO - [2022-06-16 12:17:25,429] {dag.py:2937} INFO - Setting next_dagrun for example_sla_dag to 2022-06-16T10:14:00+00:00
[2022-06-16 12:17:25,445] {processor.py:171} INFO - Processing /home/notme/airflow_venv/airflow_venv/lib/python3.8/site-packages/airflow/example_dags/example_sla_dag.py took 0.070 seconds
[2022-06-16 12:18:01,567] {processor.py:163} INFO - Started process (PID=2136) to work on /home/notme/airflow_venv/airflow_venv/lib/python3.8/site-packages/airflow/example_dags/example_sla_dag.py
[2022-06-16 12:18:01,568] {processor.py:642} INFO - Processing file /home/notme/airflow_venv/airflow_venv/lib/python3.8/site-packages/airflow/example_dags/example_sla_dag.py for tasks to queue
[2022-06-16 12:18:01,569] {logging_mixin.py:109} INFO - [2022-06-16 12:18:01,569] {dagbag.py:500} INFO - Filling up the DagBag from /home/notme/airflow_venv/airflow_venv/lib/python3.8/site-packages/airflow/example_dags/example_sla_dag.py
[2022-06-16 12:18:01,589] {processor.py:652} INFO - DAG(s) dict_keys(['example_sla_dag']) retrieved from /home/notme/airflow_venv/airflow_venv/lib/python3.8/site-packages/airflow/example_dags/example_sla_dag.py
[2022-06-16 12:18:01,603] {logging_mixin.py:109} INFO - [2022-06-16 12:18:01,603] {dag.py:2398} INFO - Sync 1 DAGs
[2022-06-16 12:18:01,618] {logging_mixin.py:109} INFO - [2022-06-16 12:18:01,618] {dag.py:2937} INFO - Setting next_dagrun for example_sla_dag to 2022-06-16T10:16:00+00:00
[2022-06-16 12:18:01,635] {processor.py:171} INFO - Processing /home/notme/airflow_venv/airflow_venv/lib/python3.8/site-packages/airflow/example_dags/example_sla_dag.py took 0.070 seconds
[2022-06-16 12:18:36,573] {processor.py:163} INFO - Started process (PID=2178) to work on /home/notme/airflow_venv/airflow_venv/lib/python3.8/site-packages/airflow/example_dags/example_sla_dag.py
[2022-06-16 12:18:36,574] {processor.py:642} INFO - Processing file /home/notme/airflow_venv/airflow_venv/lib/python3.8/site-packages/airflow/example_dags/example_sla_dag.py for tasks to queue
[2022-06-16 12:18:36,575] {logging_mixin.py:109} INFO - [2022-06-16 12:18:36,575] {dagbag.py:500} INFO - Filling up the DagBag from /home/notme/airflow_venv/airflow_venv/lib/python3.8/site-packages/airflow/example_dags/example_sla_dag.py
[2022-06-16 12:18:36,607] {processor.py:652} INFO - DAG(s) dict_keys(['example_sla_dag']) retrieved from /home/notme/airflow_venv/airflow_venv/lib/python3.8/site-packages/airflow/example_dags/example_sla_dag.py
[2022-06-16 12:18:36,628] {logging_mixin.py:109} INFO - [2022-06-16 12:18:36,628] {dag.py:2398} INFO - Sync 1 DAGs
[2022-06-16 12:18:36,661] {logging_mixin.py:109} INFO - [2022-06-16 12:18:36,661] {dag.py:2937} INFO - Setting next_dagrun for example_sla_dag to 2022-06-16T10:16:00+00:00
[2022-06-16 12:18:36,680] {processor.py:171} INFO - Processing /home/notme/airflow_venv/airflow_venv/lib/python3.8/site-packages/airflow/example_dags/example_sla_dag.py took 0.109 seconds
[2022-06-16 12:19:11,643] {processor.py:163} INFO - Started process (PID=2451) to work on /home/notme/airflow_venv/airflow_venv/lib/python3.8/site-packages/airflow/example_dags/example_sla_dag.py
[2022-06-16 12:19:11,644] {processor.py:642} INFO - Processing file /home/notme/airflow_venv/airflow_venv/lib/python3.8/site-packages/airflow/example_dags/example_sla_dag.py for tasks to queue
[2022-06-16 12:19:11,645] {logging_mixin.py:109} INFO - [2022-06-16 12:19:11,645] {dagbag.py:500} INFO - Filling up the DagBag from /home/notme/airflow_venv/airflow_venv/lib/python3.8/site-packages/airflow/example_dags/example_sla_dag.py
[2022-06-16 12:19:11,662] {processor.py:652} INFO - DAG(s) dict_keys(['example_sla_dag']) retrieved from /home/notme/airflow_venv/airflow_venv/lib/python3.8/site-packages/airflow/example_dags/example_sla_dag.py
[2022-06-16 12:19:11,673] {logging_mixin.py:109} INFO - [2022-06-16 12:19:11,673] {dag.py:2398} INFO - Sync 1 DAGs
[2022-06-16 12:19:11,691] {logging_mixin.py:109} INFO - [2022-06-16 12:19:11,691] {dag.py:2937} INFO - Setting next_dagrun for example_sla_dag to 2022-06-16T10:16:00+00:00
[2022-06-16 12:19:11,713] {processor.py:171} INFO - Processing /home/notme/airflow_venv/airflow_venv/lib/python3.8/site-packages/airflow/example_dags/example_sla_dag.py took 0.071 seconds
[2022-06-16 12:19:45,378] {processor.py:163} INFO - Started process (PID=2668) to work on /home/notme/airflow_venv/airflow_venv/lib/python3.8/site-packages/airflow/example_dags/example_sla_dag.py
[2022-06-16 12:19:45,379] {processor.py:642} INFO - Processing file /home/notme/airflow_venv/airflow_venv/lib/python3.8/site-packages/airflow/example_dags/example_sla_dag.py for tasks to queue
[2022-06-16 12:19:45,380] {logging_mixin.py:109} INFO - [2022-06-16 12:19:45,380] {dagbag.py:500} INFO - Filling up the DagBag from /home/notme/airflow_venv/airflow_venv/lib/python3.8/site-packages/airflow/example_dags/example_sla_dag.py
[2022-06-16 12:19:45,394] {processor.py:652} INFO - DAG(s) dict_keys(['example_sla_dag']) retrieved from /home/notme/airflow_venv/airflow_venv/lib/python3.8/site-packages/airflow/example_dags/example_sla_dag.py
[2022-06-16 12:19:45,404] {logging_mixin.py:109} INFO - [2022-06-16 12:19:45,404] {dag.py:2398} INFO - Sync 1 DAGs
[2022-06-16 12:19:45,420] {logging_mixin.py:109} INFO - [2022-06-16 12:19:45,420] {dag.py:2937} INFO - Setting next_dagrun for example_sla_dag to 2022-06-16T10:16:00+00:00
[2022-06-16 12:19:45,434] {processor.py:171} INFO - Processing /home/notme/airflow_venv/airflow_venv/lib/python3.8/site-packages/airflow/example_dags/example_sla_dag.py took 0.058 seconds
[2022-06-16 12:20:20,442] {processor.py:163} INFO - Started process (PID=2712) to work on /home/notme/airflow_venv/airflow_venv/lib/python3.8/site-packages/airflow/example_dags/example_sla_dag.py
[2022-06-16 12:20:20,443] {processor.py:642} INFO - Processing file /home/notme/airflow_venv/airflow_venv/lib/python3.8/site-packages/airflow/example_dags/example_sla_dag.py for tasks to queue
[2022-06-16 12:20:20,443] {logging_mixin.py:109} INFO - [2022-06-16 12:20:20,443] {dagbag.py:500} INFO - Filling up the DagBag from /home/notme/airflow_venv/airflow_venv/lib/python3.8/site-packages/airflow/example_dags/example_sla_dag.py
[2022-06-16 12:20:20,456] {processor.py:652} INFO - DAG(s) dict_keys(['example_sla_dag']) retrieved from /home/notme/airflow_venv/airflow_venv/lib/python3.8/site-packages/airflow/example_dags/example_sla_dag.py
[2022-06-16 12:20:20,464] {logging_mixin.py:109} INFO - [2022-06-16 12:20:20,464] {dag.py:2398} INFO - Sync 1 DAGs
[2022-06-16 12:20:20,479] {logging_mixin.py:109} INFO - [2022-06-16 12:20:20,479] {dag.py:2937} INFO - Setting next_dagrun for example_sla_dag to 2022-06-16T10:18:00+00:00
[2022-06-16 12:20:20,492] {processor.py:171} INFO - Processing /home/notme/airflow_venv/airflow_venv/lib/python3.8/site-packages/airflow/example_dags/example_sla_dag.py took 0.052 seconds
[2022-06-16 12:20:54,464] {processor.py:163} INFO - Started process (PID=2754) to work on /home/notme/airflow_venv/airflow_venv/lib/python3.8/site-packages/airflow/example_dags/example_sla_dag.py
[2022-06-16 12:20:54,466] {processor.py:642} INFO - Processing file /home/notme/airflow_venv/airflow_venv/lib/python3.8/site-packages/airflow/example_dags/example_sla_dag.py for tasks to queue
[2022-06-16 12:20:54,466] {logging_mixin.py:109} INFO - [2022-06-16 12:20:54,466] {dagbag.py:500} INFO - Filling up the DagBag from /home/notme/airflow_venv/airflow_venv/lib/python3.8/site-packages/airflow/example_dags/example_sla_dag.py
[2022-06-16 12:20:54,483] {processor.py:652} INFO - DAG(s) dict_keys(['example_sla_dag']) retrieved from /home/notme/airflow_venv/airflow_venv/lib/python3.8/site-packages/airflow/example_dags/example_sla_dag.py
[2022-06-16 12:20:54,494] {logging_mixin.py:109} INFO - [2022-06-16 12:20:54,494] {dag.py:2398} INFO - Sync 1 DAGs
[2022-06-16 12:20:54,508] {logging_mixin.py:109} INFO - [2022-06-16 12:20:54,508] {dag.py:2937} INFO - Setting next_dagrun for example_sla_dag to 2022-06-16T10:18:00+00:00
[2022-06-16 12:20:54,526] {processor.py:171} INFO - Processing /home/notme/airflow_venv/airflow_venv/lib/python3.8/site-packages/airflow/example_dags/example_sla_dag.py took 0.063 seconds
[2022-06-16 12:21:28,352] {processor.py:163} INFO - Started process (PID=2963) to work on /home/notme/airflow_venv/airflow_venv/lib/python3.8/site-packages/airflow/example_dags/example_sla_dag.py
[2022-06-16 12:21:28,353] {processor.py:642} INFO - Processing file /home/notme/airflow_venv/airflow_venv/lib/python3.8/site-packages/airflow/example_dags/example_sla_dag.py for tasks to queue
[2022-06-16 12:21:28,353] {logging_mixin.py:109} INFO - [2022-06-16 12:21:28,353] {dagbag.py:500} INFO - Filling up the DagBag from /home/notme/airflow_venv/airflow_venv/lib/python3.8/site-packages/airflow/example_dags/example_sla_dag.py
[2022-06-16 12:21:28,367] {processor.py:652} INFO - DAG(s) dict_keys(['example_sla_dag']) retrieved from /home/notme/airflow_venv/airflow_venv/lib/python3.8/site-packages/airflow/example_dags/example_sla_dag.py
[2022-06-16 12:21:28,376] {logging_mixin.py:109} INFO - [2022-06-16 12:21:28,376] {dag.py:2398} INFO - Sync 1 DAGs
[2022-06-16 12:21:28,389] {logging_mixin.py:109} INFO - [2022-06-16 12:21:28,389] {dag.py:2937} INFO - Setting next_dagrun for example_sla_dag to 2022-06-16T10:18:00+00:00
[2022-06-16 12:21:28,401] {processor.py:171} INFO - Processing /home/notme/airflow_venv/airflow_venv/lib/python3.8/site-packages/airflow/example_dags/example_sla_dag.py took 0.051 seconds
[2022-06-16 12:22:02,784] {processor.py:163} INFO - Started process (PID=3134) to work on /home/notme/airflow_venv/airflow_venv/lib/python3.8/site-packages/airflow/example_dags/example_sla_dag.py
[2022-06-16 12:22:02,785] {processor.py:642} INFO - Processing file /home/notme/airflow_venv/airflow_venv/lib/python3.8/site-packages/airflow/example_dags/example_sla_dag.py for tasks to queue
[2022-06-16 12:22:02,786] {logging_mixin.py:109} INFO - [2022-06-16 12:22:02,786] {dagbag.py:500} INFO - Filling up the DagBag from /home/notme/airflow_venv/airflow_venv/lib/python3.8/site-packages/airflow/example_dags/example_sla_dag.py
[2022-06-16 12:22:02,811] {processor.py:652} INFO - DAG(s) dict_keys(['example_sla_dag']) retrieved from /home/notme/airflow_venv/airflow_venv/lib/python3.8/site-packages/airflow/example_dags/example_sla_dag.py
[2022-06-16 12:22:02,826] {logging_mixin.py:109} INFO - [2022-06-16 12:22:02,826] {dag.py:2398} INFO - Sync 1 DAGs
[2022-06-16 12:22:02,845] {logging_mixin.py:109} INFO - [2022-06-16 12:22:02,845] {dag.py:2937} INFO - Setting next_dagrun for example_sla_dag to 2022-06-16T10:20:00+00:00
[2022-06-16 12:22:02,867] {processor.py:171} INFO - Processing /home/notme/airflow_venv/airflow_venv/lib/python3.8/site-packages/airflow/example_dags/example_sla_dag.py took 0.085 seconds
[2022-06-16 12:22:36,808] {processor.py:163} INFO - Started process (PID=3445) to work on /home/notme/airflow_venv/airflow_venv/lib/python3.8/site-packages/airflow/example_dags/example_sla_dag.py
[2022-06-16 12:22:36,809] {processor.py:642} INFO - Processing file /home/notme/airflow_venv/airflow_venv/lib/python3.8/site-packages/airflow/example_dags/example_sla_dag.py for tasks to queue
[2022-06-16 12:22:36,809] {logging_mixin.py:109} INFO - [2022-06-16 12:22:36,809] {dagbag.py:500} INFO - Filling up the DagBag from /home/notme/airflow_venv/airflow_venv/lib/python3.8/site-packages/airflow/example_dags/example_sla_dag.py
[2022-06-16 12:22:36,824] {processor.py:652} INFO - DAG(s) dict_keys(['example_sla_dag']) retrieved from /home/notme/airflow_venv/airflow_venv/lib/python3.8/site-packages/airflow/example_dags/example_sla_dag.py
[2022-06-16 12:22:36,833] {logging_mixin.py:109} INFO - [2022-06-16 12:22:36,833] {dag.py:2398} INFO - Sync 1 DAGs
[2022-06-16 12:22:36,846] {logging_mixin.py:109} INFO - [2022-06-16 12:22:36,846] {dag.py:2937} INFO - Setting next_dagrun for example_sla_dag to 2022-06-16T10:20:00+00:00
[2022-06-16 12:22:36,860] {processor.py:171} INFO - Processing /home/notme/airflow_venv/airflow_venv/lib/python3.8/site-packages/airflow/example_dags/example_sla_dag.py took 0.054 seconds
[2022-06-16 12:23:12,554] {processor.py:163} INFO - Started process (PID=3504) to work on /home/notme/airflow_venv/airflow_venv/lib/python3.8/site-packages/airflow/example_dags/example_sla_dag.py
[2022-06-16 12:23:12,555] {processor.py:642} INFO - Processing file /home/notme/airflow_venv/airflow_venv/lib/python3.8/site-packages/airflow/example_dags/example_sla_dag.py for tasks to queue
[2022-06-16 12:23:12,556] {logging_mixin.py:109} INFO - [2022-06-16 12:23:12,556] {dagbag.py:500} INFO - Filling up the DagBag from /home/notme/airflow_venv/airflow_venv/lib/python3.8/site-packages/airflow/example_dags/example_sla_dag.py
[2022-06-16 12:23:12,570] {processor.py:652} INFO - DAG(s) dict_keys(['example_sla_dag']) retrieved from /home/notme/airflow_venv/airflow_venv/lib/python3.8/site-packages/airflow/example_dags/example_sla_dag.py
[2022-06-16 12:23:12,580] {logging_mixin.py:109} INFO - [2022-06-16 12:23:12,580] {dag.py:2398} INFO - Sync 1 DAGs
[2022-06-16 12:23:12,596] {logging_mixin.py:109} INFO - [2022-06-16 12:23:12,596] {dag.py:2937} INFO - Setting next_dagrun for example_sla_dag to 2022-06-16T10:20:00+00:00
[2022-06-16 12:23:12,608] {processor.py:171} INFO - Processing /home/notme/airflow_venv/airflow_venv/lib/python3.8/site-packages/airflow/example_dags/example_sla_dag.py took 0.057 seconds
[2022-06-16 12:23:46,134] {processor.py:163} INFO - Started process (PID=3875) to work on /home/notme/airflow_venv/airflow_venv/lib/python3.8/site-packages/airflow/example_dags/example_sla_dag.py
[2022-06-16 12:23:46,135] {processor.py:642} INFO - Processing file /home/notme/airflow_venv/airflow_venv/lib/python3.8/site-packages/airflow/example_dags/example_sla_dag.py for tasks to queue
[2022-06-16 12:23:46,135] {logging_mixin.py:109} INFO - [2022-06-16 12:23:46,135] {dagbag.py:500} INFO - Filling up the DagBag from /home/notme/airflow_venv/airflow_venv/lib/python3.8/site-packages/airflow/example_dags/example_sla_dag.py
[2022-06-16 12:23:46,158] {processor.py:652} INFO - DAG(s) dict_keys(['example_sla_dag']) retrieved from /home/notme/airflow_venv/airflow_venv/lib/python3.8/site-packages/airflow/example_dags/example_sla_dag.py
[2022-06-16 12:23:46,166] {logging_mixin.py:109} INFO - [2022-06-16 12:23:46,166] {dag.py:2398} INFO - Sync 1 DAGs
[2022-06-16 12:23:46,179] {logging_mixin.py:109} INFO - [2022-06-16 12:23:46,179] {dag.py:2937} INFO - Setting next_dagrun for example_sla_dag to 2022-06-16T10:20:00+00:00
[2022-06-16 12:23:46,191] {processor.py:171} INFO - Processing /home/notme/airflow_venv/airflow_venv/lib/python3.8/site-packages/airflow/example_dags/example_sla_dag.py took 0.059 seconds
[2022-06-16 12:24:18,910] {processor.py:163} INFO - Started process (PID=3932) to work on /home/notme/airflow_venv/airflow_venv/lib/python3.8/site-packages/airflow/example_dags/example_sla_dag.py
[2022-06-16 12:24:18,911] {processor.py:642} INFO - Processing file /home/notme/airflow_venv/airflow_venv/lib/python3.8/site-packages/airflow/example_dags/example_sla_dag.py for tasks to queue
[2022-06-16 12:24:18,911] {logging_mixin.py:109} INFO - [2022-06-16 12:24:18,911] {dagbag.py:500} INFO - Filling up the DagBag from /home/notme/airflow_venv/airflow_venv/lib/python3.8/site-packages/airflow/example_dags/example_sla_dag.py
[2022-06-16 12:24:18,925] {processor.py:652} INFO - DAG(s) dict_keys(['example_sla_dag']) retrieved from /home/notme/airflow_venv/airflow_venv/lib/python3.8/site-packages/airflow/example_dags/example_sla_dag.py
[2022-06-16 12:24:18,933] {logging_mixin.py:109} INFO - [2022-06-16 12:24:18,933] {dag.py:2398} INFO - Sync 1 DAGs
[2022-06-16 12:24:18,945] {logging_mixin.py:109} INFO - [2022-06-16 12:24:18,944] {dag.py:2937} INFO - Setting next_dagrun for example_sla_dag to 2022-06-16T10:22:00+00:00
[2022-06-16 12:24:18,958] {processor.py:171} INFO - Processing /home/notme/airflow_venv/airflow_venv/lib/python3.8/site-packages/airflow/example_dags/example_sla_dag.py took 0.049 seconds
[2022-06-16 12:24:55,364] {processor.py:163} INFO - Started process (PID=9428) to work on /home/notme/airflow_venv/airflow_venv/lib/python3.8/site-packages/airflow/example_dags/example_sla_dag.py
[2022-06-16 12:24:55,365] {processor.py:642} INFO - Processing file /home/notme/airflow_venv/airflow_venv/lib/python3.8/site-packages/airflow/example_dags/example_sla_dag.py for tasks to queue
[2022-06-16 12:24:55,365] {logging_mixin.py:109} INFO - [2022-06-16 12:24:55,365] {dagbag.py:500} INFO - Filling up the DagBag from /home/notme/airflow_venv/airflow_venv/lib/python3.8/site-packages/airflow/example_dags/example_sla_dag.py
[2022-06-16 12:24:55,382] {processor.py:652} INFO - DAG(s) dict_keys(['example_sla_dag']) retrieved from /home/notme/airflow_venv/airflow_venv/lib/python3.8/site-packages/airflow/example_dags/example_sla_dag.py
[2022-06-16 12:24:55,393] {logging_mixin.py:109} INFO - [2022-06-16 12:24:55,393] {dag.py:2398} INFO - Sync 1 DAGs
[2022-06-16 12:24:55,408] {logging_mixin.py:109} INFO - [2022-06-16 12:24:55,408] {dag.py:2937} INFO - Setting next_dagrun for example_sla_dag to 2022-06-16T10:22:00+00:00
[2022-06-16 12:24:55,423] {processor.py:171} INFO - Processing /home/notme/airflow_venv/airflow_venv/lib/python3.8/site-packages/airflow/example_dags/example_sla_dag.py took 0.061 seconds
[2022-06-16 12:25:30,554] {processor.py:163} INFO - Started process (PID=9918) to work on /home/notme/airflow_venv/airflow_venv/lib/python3.8/site-packages/airflow/example_dags/example_sla_dag.py
[2022-06-16 12:25:30,555] {processor.py:642} INFO - Processing file /home/notme/airflow_venv/airflow_venv/lib/python3.8/site-packages/airflow/example_dags/example_sla_dag.py for tasks to queue
[2022-06-16 12:25:30,556] {logging_mixin.py:109} INFO - [2022-06-16 12:25:30,556] {dagbag.py:500} INFO - Filling up the DagBag from /home/notme/airflow_venv/airflow_venv/lib/python3.8/site-packages/airflow/example_dags/example_sla_dag.py
[2022-06-16 12:25:30,571] {processor.py:652} INFO - DAG(s) dict_keys(['example_sla_dag']) retrieved from /home/notme/airflow_venv/airflow_venv/lib/python3.8/site-packages/airflow/example_dags/example_sla_dag.py
[2022-06-16 12:25:30,581] {logging_mixin.py:109} INFO - [2022-06-16 12:25:30,581] {dag.py:2398} INFO - Sync 1 DAGs
[2022-06-16 12:25:30,593] {logging_mixin.py:109} INFO - [2022-06-16 12:25:30,593] {dag.py:2937} INFO - Setting next_dagrun for example_sla_dag to 2022-06-16T10:22:00+00:00
[2022-06-16 12:25:30,606] {processor.py:171} INFO - Processing /home/notme/airflow_venv/airflow_venv/lib/python3.8/site-packages/airflow/example_dags/example_sla_dag.py took 0.054 seconds
[2022-06-16 12:26:04,003] {processor.py:163} INFO - Started process (PID=9960) to work on /home/notme/airflow_venv/airflow_venv/lib/python3.8/site-packages/airflow/example_dags/example_sla_dag.py
[2022-06-16 12:26:04,005] {processor.py:642} INFO - Processing file /home/notme/airflow_venv/airflow_venv/lib/python3.8/site-packages/airflow/example_dags/example_sla_dag.py for tasks to queue
[2022-06-16 12:26:04,005] {logging_mixin.py:109} INFO - [2022-06-16 12:26:04,005] {dagbag.py:500} INFO - Filling up the DagBag from /home/notme/airflow_venv/airflow_venv/lib/python3.8/site-packages/airflow/example_dags/example_sla_dag.py
[2022-06-16 12:26:04,018] {processor.py:652} INFO - DAG(s) dict_keys(['example_sla_dag']) retrieved from /home/notme/airflow_venv/airflow_venv/lib/python3.8/site-packages/airflow/example_dags/example_sla_dag.py
[2022-06-16 12:26:04,026] {logging_mixin.py:109} INFO - [2022-06-16 12:26:04,025] {dag.py:2398} INFO - Sync 1 DAGs
[2022-06-16 12:26:04,039] {logging_mixin.py:109} INFO - [2022-06-16 12:26:04,039] {dag.py:2937} INFO - Setting next_dagrun for example_sla_dag to 2022-06-16T10:24:00+00:00
[2022-06-16 12:26:04,052] {processor.py:171} INFO - Processing /home/notme/airflow_venv/airflow_venv/lib/python3.8/site-packages/airflow/example_dags/example_sla_dag.py took 0.051 seconds
[2022-06-16 12:26:35,451] {processor.py:163} INFO - Started process (PID=10150) to work on /home/notme/airflow_venv/airflow_venv/lib/python3.8/site-packages/airflow/example_dags/example_sla_dag.py
[2022-06-16 12:26:35,451] {processor.py:642} INFO - Processing file /home/notme/airflow_venv/airflow_venv/lib/python3.8/site-packages/airflow/example_dags/example_sla_dag.py for tasks to queue
[2022-06-16 12:26:35,452] {logging_mixin.py:109} INFO - [2022-06-16 12:26:35,452] {dagbag.py:500} INFO - Filling up the DagBag from /home/notme/airflow_venv/airflow_venv/lib/python3.8/site-packages/airflow/example_dags/example_sla_dag.py
[2022-06-16 12:26:35,474] {processor.py:652} INFO - DAG(s) dict_keys(['example_sla_dag']) retrieved from /home/notme/airflow_venv/airflow_venv/lib/python3.8/site-packages/airflow/example_dags/example_sla_dag.py
[2022-06-16 12:26:35,486] {logging_mixin.py:109} INFO - [2022-06-16 12:26:35,486] {dag.py:2398} INFO - Sync 1 DAGs
[2022-06-16 12:26:35,501] {logging_mixin.py:109} INFO - [2022-06-16 12:26:35,501] {dag.py:2937} INFO - Setting next_dagrun for example_sla_dag to 2022-06-16T10:24:00+00:00
[2022-06-16 12:26:35,516] {processor.py:171} INFO - Processing /home/notme/airflow_venv/airflow_venv/lib/python3.8/site-packages/airflow/example_dags/example_sla_dag.py took 0.068 seconds
[2022-06-16 12:27:08,900] {processor.py:163} INFO - Started process (PID=10425) to work on /home/notme/airflow_venv/airflow_venv/lib/python3.8/site-packages/airflow/example_dags/example_sla_dag.py
[2022-06-16 12:27:08,902] {processor.py:642} INFO - Processing file /home/notme/airflow_venv/airflow_venv/lib/python3.8/site-packages/airflow/example_dags/example_sla_dag.py for tasks to queue
[2022-06-16 12:27:08,902] {logging_mixin.py:109} INFO - [2022-06-16 12:27:08,902] {dagbag.py:500} INFO - Filling up the DagBag from /home/notme/airflow_venv/airflow_venv/lib/python3.8/site-packages/airflow/example_dags/example_sla_dag.py
[2022-06-16 12:27:08,917] {processor.py:652} INFO - DAG(s) dict_keys(['example_sla_dag']) retrieved from /home/notme/airflow_venv/airflow_venv/lib/python3.8/site-packages/airflow/example_dags/example_sla_dag.py
[2022-06-16 12:27:08,926] {logging_mixin.py:109} INFO - [2022-06-16 12:27:08,926] {dag.py:2398} INFO - Sync 1 DAGs
[2022-06-16 12:27:08,939] {logging_mixin.py:109} INFO - [2022-06-16 12:27:08,939] {dag.py:2937} INFO - Setting next_dagrun for example_sla_dag to 2022-06-16T10:24:00+00:00
[2022-06-16 12:27:08,951] {processor.py:171} INFO - Processing /home/notme/airflow_venv/airflow_venv/lib/python3.8/site-packages/airflow/example_dags/example_sla_dag.py took 0.052 seconds
[2022-06-16 12:27:43,602] {processor.py:163} INFO - Started process (PID=10475) to work on /home/notme/airflow_venv/airflow_venv/lib/python3.8/site-packages/airflow/example_dags/example_sla_dag.py
[2022-06-16 12:27:43,603] {processor.py:642} INFO - Processing file /home/notme/airflow_venv/airflow_venv/lib/python3.8/site-packages/airflow/example_dags/example_sla_dag.py for tasks to queue
[2022-06-16 12:27:43,604] {logging_mixin.py:109} INFO - [2022-06-16 12:27:43,604] {dagbag.py:500} INFO - Filling up the DagBag from /home/notme/airflow_venv/airflow_venv/lib/python3.8/site-packages/airflow/example_dags/example_sla_dag.py
[2022-06-16 12:27:43,616] {processor.py:652} INFO - DAG(s) dict_keys(['example_sla_dag']) retrieved from /home/notme/airflow_venv/airflow_venv/lib/python3.8/site-packages/airflow/example_dags/example_sla_dag.py
[2022-06-16 12:27:43,624] {logging_mixin.py:109} INFO - [2022-06-16 12:27:43,624] {dag.py:2398} INFO - Sync 1 DAGs
[2022-06-16 12:27:43,637] {logging_mixin.py:109} INFO - [2022-06-16 12:27:43,637] {dag.py:2937} INFO - Setting next_dagrun for example_sla_dag to 2022-06-16T10:24:00+00:00
[2022-06-16 12:27:43,650] {processor.py:171} INFO - Processing /home/notme/airflow_venv/airflow_venv/lib/python3.8/site-packages/airflow/example_dags/example_sla_dag.py took 0.050 seconds
[2022-06-16 12:28:17,549] {processor.py:163} INFO - Started process (PID=11000) to work on /home/notme/airflow_venv/airflow_venv/lib/python3.8/site-packages/airflow/example_dags/example_sla_dag.py
[2022-06-16 12:28:17,550] {processor.py:642} INFO - Processing file /home/notme/airflow_venv/airflow_venv/lib/python3.8/site-packages/airflow/example_dags/example_sla_dag.py for tasks to queue
[2022-06-16 12:28:17,550] {logging_mixin.py:109} INFO - [2022-06-16 12:28:17,550] {dagbag.py:500} INFO - Filling up the DagBag from /home/notme/airflow_venv/airflow_venv/lib/python3.8/site-packages/airflow/example_dags/example_sla_dag.py
[2022-06-16 12:28:17,563] {processor.py:652} INFO - DAG(s) dict_keys(['example_sla_dag']) retrieved from /home/notme/airflow_venv/airflow_venv/lib/python3.8/site-packages/airflow/example_dags/example_sla_dag.py
[2022-06-16 12:28:17,571] {logging_mixin.py:109} INFO - [2022-06-16 12:28:17,570] {dag.py:2398} INFO - Sync 1 DAGs
[2022-06-16 12:28:17,583] {logging_mixin.py:109} INFO - [2022-06-16 12:28:17,583] {dag.py:2937} INFO - Setting next_dagrun for example_sla_dag to 2022-06-16T10:26:00+00:00
[2022-06-16 12:28:17,596] {processor.py:171} INFO - Processing /home/notme/airflow_venv/airflow_venv/lib/python3.8/site-packages/airflow/example_dags/example_sla_dag.py took 0.049 seconds
[2022-06-16 12:28:52,876] {processor.py:163} INFO - Started process (PID=11049) to work on /home/notme/airflow_venv/airflow_venv/lib/python3.8/site-packages/airflow/example_dags/example_sla_dag.py
[2022-06-16 12:28:52,877] {processor.py:642} INFO - Processing file /home/notme/airflow_venv/airflow_venv/lib/python3.8/site-packages/airflow/example_dags/example_sla_dag.py for tasks to queue
[2022-06-16 12:28:52,878] {logging_mixin.py:109} INFO - [2022-06-16 12:28:52,878] {dagbag.py:500} INFO - Filling up the DagBag from /home/notme/airflow_venv/airflow_venv/lib/python3.8/site-packages/airflow/example_dags/example_sla_dag.py
[2022-06-16 12:28:52,895] {processor.py:652} INFO - DAG(s) dict_keys(['example_sla_dag']) retrieved from /home/notme/airflow_venv/airflow_venv/lib/python3.8/site-packages/airflow/example_dags/example_sla_dag.py
[2022-06-16 12:28:52,904] {logging_mixin.py:109} INFO - [2022-06-16 12:28:52,904] {dag.py:2398} INFO - Sync 1 DAGs
[2022-06-16 12:28:52,918] {logging_mixin.py:109} INFO - [2022-06-16 12:28:52,918] {dag.py:2937} INFO - Setting next_dagrun for example_sla_dag to 2022-06-16T10:26:00+00:00
[2022-06-16 12:28:52,930] {processor.py:171} INFO - Processing /home/notme/airflow_venv/airflow_venv/lib/python3.8/site-packages/airflow/example_dags/example_sla_dag.py took 0.055 seconds
[2022-06-16 12:29:24,281] {processor.py:163} INFO - Started process (PID=11097) to work on /home/notme/airflow_venv/airflow_venv/lib/python3.8/site-packages/airflow/example_dags/example_sla_dag.py
[2022-06-16 12:29:24,282] {processor.py:642} INFO - Processing file /home/notme/airflow_venv/airflow_venv/lib/python3.8/site-packages/airflow/example_dags/example_sla_dag.py for tasks to queue
[2022-06-16 12:29:24,283] {logging_mixin.py:109} INFO - [2022-06-16 12:29:24,283] {dagbag.py:500} INFO - Filling up the DagBag from /home/notme/airflow_venv/airflow_venv/lib/python3.8/site-packages/airflow/example_dags/example_sla_dag.py
[2022-06-16 12:29:24,296] {processor.py:652} INFO - DAG(s) dict_keys(['example_sla_dag']) retrieved from /home/notme/airflow_venv/airflow_venv/lib/python3.8/site-packages/airflow/example_dags/example_sla_dag.py
[2022-06-16 12:29:24,305] {logging_mixin.py:109} INFO - [2022-06-16 12:29:24,305] {dag.py:2398} INFO - Sync 1 DAGs
[2022-06-16 12:29:24,317] {logging_mixin.py:109} INFO - [2022-06-16 12:29:24,316] {dag.py:2937} INFO - Setting next_dagrun for example_sla_dag to 2022-06-16T10:26:00+00:00
[2022-06-16 12:29:24,329] {processor.py:171} INFO - Processing /home/notme/airflow_venv/airflow_venv/lib/python3.8/site-packages/airflow/example_dags/example_sla_dag.py took 0.050 seconds
[2022-06-16 12:29:56,461] {processor.py:163} INFO - Started process (PID=11299) to work on /home/notme/airflow_venv/airflow_venv/lib/python3.8/site-packages/airflow/example_dags/example_sla_dag.py
[2022-06-16 12:29:56,462] {processor.py:642} INFO - Processing file /home/notme/airflow_venv/airflow_venv/lib/python3.8/site-packages/airflow/example_dags/example_sla_dag.py for tasks to queue
[2022-06-16 12:29:56,462] {logging_mixin.py:109} INFO - [2022-06-16 12:29:56,462] {dagbag.py:500} INFO - Filling up the DagBag from /home/notme/airflow_venv/airflow_venv/lib/python3.8/site-packages/airflow/example_dags/example_sla_dag.py
[2022-06-16 12:29:56,476] {processor.py:652} INFO - DAG(s) dict_keys(['example_sla_dag']) retrieved from /home/notme/airflow_venv/airflow_venv/lib/python3.8/site-packages/airflow/example_dags/example_sla_dag.py
[2022-06-16 12:29:56,487] {logging_mixin.py:109} INFO - [2022-06-16 12:29:56,486] {dag.py:2398} INFO - Sync 1 DAGs
[2022-06-16 12:29:56,499] {logging_mixin.py:109} INFO - [2022-06-16 12:29:56,499] {dag.py:2937} INFO - Setting next_dagrun for example_sla_dag to 2022-06-16T10:26:00+00:00
[2022-06-16 12:29:56,514] {processor.py:171} INFO - Processing /home/notme/airflow_venv/airflow_venv/lib/python3.8/site-packages/airflow/example_dags/example_sla_dag.py took 0.055 seconds
[2022-06-16 12:30:30,969] {processor.py:163} INFO - Started process (PID=11341) to work on /home/notme/airflow_venv/airflow_venv/lib/python3.8/site-packages/airflow/example_dags/example_sla_dag.py
[2022-06-16 12:30:30,970] {processor.py:642} INFO - Processing file /home/notme/airflow_venv/airflow_venv/lib/python3.8/site-packages/airflow/example_dags/example_sla_dag.py for tasks to queue
[2022-06-16 12:30:30,970] {logging_mixin.py:109} INFO - [2022-06-16 12:30:30,970] {dagbag.py:500} INFO - Filling up the DagBag from /home/notme/airflow_venv/airflow_venv/lib/python3.8/site-packages/airflow/example_dags/example_sla_dag.py
[2022-06-16 12:30:30,985] {processor.py:652} INFO - DAG(s) dict_keys(['example_sla_dag']) retrieved from /home/notme/airflow_venv/airflow_venv/lib/python3.8/site-packages/airflow/example_dags/example_sla_dag.py
[2022-06-16 12:30:30,992] {logging_mixin.py:109} INFO - [2022-06-16 12:30:30,992] {dag.py:2398} INFO - Sync 1 DAGs
[2022-06-16 12:30:31,004] {logging_mixin.py:109} INFO - [2022-06-16 12:30:31,004] {dag.py:2937} INFO - Setting next_dagrun for example_sla_dag to 2022-06-16T10:28:00+00:00
[2022-06-16 12:30:31,017] {processor.py:171} INFO - Processing /home/notme/airflow_venv/airflow_venv/lib/python3.8/site-packages/airflow/example_dags/example_sla_dag.py took 0.050 seconds
