[2022-06-16 12:15:32,407] {processor.py:163} INFO - Started process (PID=1264) to work on /home/notme/airflow_venv/airflow_venv/lib/python3.8/site-packages/airflow/example_dags/example_kubernetes_executor.py
[2022-06-16 12:15:32,408] {processor.py:642} INFO - Processing file /home/notme/airflow_venv/airflow_venv/lib/python3.8/site-packages/airflow/example_dags/example_kubernetes_executor.py for tasks to queue
[2022-06-16 12:15:32,408] {logging_mixin.py:109} INFO - [2022-06-16 12:15:32,408] {dagbag.py:500} INFO - Filling up the DagBag from /home/notme/airflow_venv/airflow_venv/lib/python3.8/site-packages/airflow/example_dags/example_kubernetes_executor.py
[2022-06-16 12:15:32,426] {logging_mixin.py:109} INFO - [2022-06-16 12:15:32,426] {example_kubernetes_executor.py:39} WARNING - The example_kubernetes_executor example DAG requires the kubernetes provider. Please install it with: pip install apache-airflow[cncf.kubernetes]
[2022-06-16 12:15:32,427] {processor.py:654} WARNING - No viable dags retrieved from /home/notme/airflow_venv/airflow_venv/lib/python3.8/site-packages/airflow/example_dags/example_kubernetes_executor.py
[2022-06-16 12:15:32,436] {processor.py:171} INFO - Processing /home/notme/airflow_venv/airflow_venv/lib/python3.8/site-packages/airflow/example_dags/example_kubernetes_executor.py took 0.033 seconds
[2022-06-16 12:16:08,388] {processor.py:163} INFO - Started process (PID=1422) to work on /home/notme/airflow_venv/airflow_venv/lib/python3.8/site-packages/airflow/example_dags/example_kubernetes_executor.py
[2022-06-16 12:16:08,389] {processor.py:642} INFO - Processing file /home/notme/airflow_venv/airflow_venv/lib/python3.8/site-packages/airflow/example_dags/example_kubernetes_executor.py for tasks to queue
[2022-06-16 12:16:08,390] {logging_mixin.py:109} INFO - [2022-06-16 12:16:08,390] {dagbag.py:500} INFO - Filling up the DagBag from /home/notme/airflow_venv/airflow_venv/lib/python3.8/site-packages/airflow/example_dags/example_kubernetes_executor.py
[2022-06-16 12:16:08,401] {logging_mixin.py:109} INFO - [2022-06-16 12:16:08,401] {example_kubernetes_executor.py:39} WARNING - The example_kubernetes_executor example DAG requires the kubernetes provider. Please install it with: pip install apache-airflow[cncf.kubernetes]
[2022-06-16 12:16:08,402] {processor.py:654} WARNING - No viable dags retrieved from /home/notme/airflow_venv/airflow_venv/lib/python3.8/site-packages/airflow/example_dags/example_kubernetes_executor.py
[2022-06-16 12:16:08,409] {processor.py:171} INFO - Processing /home/notme/airflow_venv/airflow_venv/lib/python3.8/site-packages/airflow/example_dags/example_kubernetes_executor.py took 0.023 seconds
[2022-06-16 12:16:42,893] {processor.py:163} INFO - Started process (PID=1764) to work on /home/notme/airflow_venv/airflow_venv/lib/python3.8/site-packages/airflow/example_dags/example_kubernetes_executor.py
[2022-06-16 12:16:42,894] {processor.py:642} INFO - Processing file /home/notme/airflow_venv/airflow_venv/lib/python3.8/site-packages/airflow/example_dags/example_kubernetes_executor.py for tasks to queue
[2022-06-16 12:16:42,894] {logging_mixin.py:109} INFO - [2022-06-16 12:16:42,894] {dagbag.py:500} INFO - Filling up the DagBag from /home/notme/airflow_venv/airflow_venv/lib/python3.8/site-packages/airflow/example_dags/example_kubernetes_executor.py
[2022-06-16 12:16:42,901] {logging_mixin.py:109} INFO - [2022-06-16 12:16:42,901] {example_kubernetes_executor.py:39} WARNING - The example_kubernetes_executor example DAG requires the kubernetes provider. Please install it with: pip install apache-airflow[cncf.kubernetes]
[2022-06-16 12:16:42,901] {processor.py:654} WARNING - No viable dags retrieved from /home/notme/airflow_venv/airflow_venv/lib/python3.8/site-packages/airflow/example_dags/example_kubernetes_executor.py
[2022-06-16 12:16:42,906] {processor.py:171} INFO - Processing /home/notme/airflow_venv/airflow_venv/lib/python3.8/site-packages/airflow/example_dags/example_kubernetes_executor.py took 0.015 seconds
[2022-06-16 12:17:16,190] {processor.py:163} INFO - Started process (PID=1812) to work on /home/notme/airflow_venv/airflow_venv/lib/python3.8/site-packages/airflow/example_dags/example_kubernetes_executor.py
[2022-06-16 12:17:16,192] {processor.py:642} INFO - Processing file /home/notme/airflow_venv/airflow_venv/lib/python3.8/site-packages/airflow/example_dags/example_kubernetes_executor.py for tasks to queue
[2022-06-16 12:17:16,192] {logging_mixin.py:109} INFO - [2022-06-16 12:17:16,192] {dagbag.py:500} INFO - Filling up the DagBag from /home/notme/airflow_venv/airflow_venv/lib/python3.8/site-packages/airflow/example_dags/example_kubernetes_executor.py
[2022-06-16 12:17:16,198] {logging_mixin.py:109} INFO - [2022-06-16 12:17:16,198] {example_kubernetes_executor.py:39} WARNING - The example_kubernetes_executor example DAG requires the kubernetes provider. Please install it with: pip install apache-airflow[cncf.kubernetes]
[2022-06-16 12:17:16,198] {processor.py:654} WARNING - No viable dags retrieved from /home/notme/airflow_venv/airflow_venv/lib/python3.8/site-packages/airflow/example_dags/example_kubernetes_executor.py
[2022-06-16 12:17:16,203] {processor.py:171} INFO - Processing /home/notme/airflow_venv/airflow_venv/lib/python3.8/site-packages/airflow/example_dags/example_kubernetes_executor.py took 0.015 seconds
[2022-06-16 12:17:51,131] {processor.py:163} INFO - Started process (PID=2126) to work on /home/notme/airflow_venv/airflow_venv/lib/python3.8/site-packages/airflow/example_dags/example_kubernetes_executor.py
[2022-06-16 12:17:51,132] {processor.py:642} INFO - Processing file /home/notme/airflow_venv/airflow_venv/lib/python3.8/site-packages/airflow/example_dags/example_kubernetes_executor.py for tasks to queue
[2022-06-16 12:17:51,133] {logging_mixin.py:109} INFO - [2022-06-16 12:17:51,133] {dagbag.py:500} INFO - Filling up the DagBag from /home/notme/airflow_venv/airflow_venv/lib/python3.8/site-packages/airflow/example_dags/example_kubernetes_executor.py
[2022-06-16 12:17:51,139] {logging_mixin.py:109} INFO - [2022-06-16 12:17:51,139] {example_kubernetes_executor.py:39} WARNING - The example_kubernetes_executor example DAG requires the kubernetes provider. Please install it with: pip install apache-airflow[cncf.kubernetes]
[2022-06-16 12:17:51,139] {processor.py:654} WARNING - No viable dags retrieved from /home/notme/airflow_venv/airflow_venv/lib/python3.8/site-packages/airflow/example_dags/example_kubernetes_executor.py
[2022-06-16 12:17:51,144] {processor.py:171} INFO - Processing /home/notme/airflow_venv/airflow_venv/lib/python3.8/site-packages/airflow/example_dags/example_kubernetes_executor.py took 0.015 seconds
[2022-06-16 12:18:26,327] {processor.py:163} INFO - Started process (PID=2168) to work on /home/notme/airflow_venv/airflow_venv/lib/python3.8/site-packages/airflow/example_dags/example_kubernetes_executor.py
[2022-06-16 12:18:26,328] {processor.py:642} INFO - Processing file /home/notme/airflow_venv/airflow_venv/lib/python3.8/site-packages/airflow/example_dags/example_kubernetes_executor.py for tasks to queue
[2022-06-16 12:18:26,329] {logging_mixin.py:109} INFO - [2022-06-16 12:18:26,328] {dagbag.py:500} INFO - Filling up the DagBag from /home/notme/airflow_venv/airflow_venv/lib/python3.8/site-packages/airflow/example_dags/example_kubernetes_executor.py
[2022-06-16 12:18:26,334] {logging_mixin.py:109} INFO - [2022-06-16 12:18:26,334] {example_kubernetes_executor.py:39} WARNING - The example_kubernetes_executor example DAG requires the kubernetes provider. Please install it with: pip install apache-airflow[cncf.kubernetes]
[2022-06-16 12:18:26,334] {processor.py:654} WARNING - No viable dags retrieved from /home/notme/airflow_venv/airflow_venv/lib/python3.8/site-packages/airflow/example_dags/example_kubernetes_executor.py
[2022-06-16 12:18:26,341] {processor.py:171} INFO - Processing /home/notme/airflow_venv/airflow_venv/lib/python3.8/site-packages/airflow/example_dags/example_kubernetes_executor.py took 0.016 seconds
[2022-06-16 12:19:00,071] {processor.py:163} INFO - Started process (PID=2439) to work on /home/notme/airflow_venv/airflow_venv/lib/python3.8/site-packages/airflow/example_dags/example_kubernetes_executor.py
[2022-06-16 12:19:00,073] {processor.py:642} INFO - Processing file /home/notme/airflow_venv/airflow_venv/lib/python3.8/site-packages/airflow/example_dags/example_kubernetes_executor.py for tasks to queue
[2022-06-16 12:19:00,073] {logging_mixin.py:109} INFO - [2022-06-16 12:19:00,073] {dagbag.py:500} INFO - Filling up the DagBag from /home/notme/airflow_venv/airflow_venv/lib/python3.8/site-packages/airflow/example_dags/example_kubernetes_executor.py
[2022-06-16 12:19:00,081] {logging_mixin.py:109} INFO - [2022-06-16 12:19:00,081] {example_kubernetes_executor.py:39} WARNING - The example_kubernetes_executor example DAG requires the kubernetes provider. Please install it with: pip install apache-airflow[cncf.kubernetes]
[2022-06-16 12:19:00,081] {processor.py:654} WARNING - No viable dags retrieved from /home/notme/airflow_venv/airflow_venv/lib/python3.8/site-packages/airflow/example_dags/example_kubernetes_executor.py
[2022-06-16 12:19:00,087] {processor.py:171} INFO - Processing /home/notme/airflow_venv/airflow_venv/lib/python3.8/site-packages/airflow/example_dags/example_kubernetes_executor.py took 0.017 seconds
[2022-06-16 12:19:34,278] {processor.py:163} INFO - Started process (PID=2658) to work on /home/notme/airflow_venv/airflow_venv/lib/python3.8/site-packages/airflow/example_dags/example_kubernetes_executor.py
[2022-06-16 12:19:34,283] {processor.py:642} INFO - Processing file /home/notme/airflow_venv/airflow_venv/lib/python3.8/site-packages/airflow/example_dags/example_kubernetes_executor.py for tasks to queue
[2022-06-16 12:19:34,284] {logging_mixin.py:109} INFO - [2022-06-16 12:19:34,284] {dagbag.py:500} INFO - Filling up the DagBag from /home/notme/airflow_venv/airflow_venv/lib/python3.8/site-packages/airflow/example_dags/example_kubernetes_executor.py
[2022-06-16 12:19:34,291] {logging_mixin.py:109} INFO - [2022-06-16 12:19:34,291] {example_kubernetes_executor.py:39} WARNING - The example_kubernetes_executor example DAG requires the kubernetes provider. Please install it with: pip install apache-airflow[cncf.kubernetes]
[2022-06-16 12:19:34,291] {processor.py:654} WARNING - No viable dags retrieved from /home/notme/airflow_venv/airflow_venv/lib/python3.8/site-packages/airflow/example_dags/example_kubernetes_executor.py
[2022-06-16 12:19:34,296] {processor.py:171} INFO - Processing /home/notme/airflow_venv/airflow_venv/lib/python3.8/site-packages/airflow/example_dags/example_kubernetes_executor.py took 0.020 seconds
[2022-06-16 12:20:09,056] {processor.py:163} INFO - Started process (PID=2700) to work on /home/notme/airflow_venv/airflow_venv/lib/python3.8/site-packages/airflow/example_dags/example_kubernetes_executor.py
[2022-06-16 12:20:09,058] {processor.py:642} INFO - Processing file /home/notme/airflow_venv/airflow_venv/lib/python3.8/site-packages/airflow/example_dags/example_kubernetes_executor.py for tasks to queue
[2022-06-16 12:20:09,059] {logging_mixin.py:109} INFO - [2022-06-16 12:20:09,058] {dagbag.py:500} INFO - Filling up the DagBag from /home/notme/airflow_venv/airflow_venv/lib/python3.8/site-packages/airflow/example_dags/example_kubernetes_executor.py
[2022-06-16 12:20:09,067] {logging_mixin.py:109} INFO - [2022-06-16 12:20:09,067] {example_kubernetes_executor.py:39} WARNING - The example_kubernetes_executor example DAG requires the kubernetes provider. Please install it with: pip install apache-airflow[cncf.kubernetes]
[2022-06-16 12:20:09,067] {processor.py:654} WARNING - No viable dags retrieved from /home/notme/airflow_venv/airflow_venv/lib/python3.8/site-packages/airflow/example_dags/example_kubernetes_executor.py
[2022-06-16 12:20:09,073] {processor.py:171} INFO - Processing /home/notme/airflow_venv/airflow_venv/lib/python3.8/site-packages/airflow/example_dags/example_kubernetes_executor.py took 0.019 seconds
[2022-06-16 12:20:42,331] {processor.py:163} INFO - Started process (PID=2741) to work on /home/notme/airflow_venv/airflow_venv/lib/python3.8/site-packages/airflow/example_dags/example_kubernetes_executor.py
[2022-06-16 12:20:42,332] {processor.py:642} INFO - Processing file /home/notme/airflow_venv/airflow_venv/lib/python3.8/site-packages/airflow/example_dags/example_kubernetes_executor.py for tasks to queue
[2022-06-16 12:20:42,333] {logging_mixin.py:109} INFO - [2022-06-16 12:20:42,333] {dagbag.py:500} INFO - Filling up the DagBag from /home/notme/airflow_venv/airflow_venv/lib/python3.8/site-packages/airflow/example_dags/example_kubernetes_executor.py
[2022-06-16 12:20:42,339] {logging_mixin.py:109} INFO - [2022-06-16 12:20:42,339] {example_kubernetes_executor.py:39} WARNING - The example_kubernetes_executor example DAG requires the kubernetes provider. Please install it with: pip install apache-airflow[cncf.kubernetes]
[2022-06-16 12:20:42,339] {processor.py:654} WARNING - No viable dags retrieved from /home/notme/airflow_venv/airflow_venv/lib/python3.8/site-packages/airflow/example_dags/example_kubernetes_executor.py
[2022-06-16 12:20:42,345] {processor.py:171} INFO - Processing /home/notme/airflow_venv/airflow_venv/lib/python3.8/site-packages/airflow/example_dags/example_kubernetes_executor.py took 0.015 seconds
[2022-06-16 12:21:15,657] {processor.py:163} INFO - Started process (PID=2782) to work on /home/notme/airflow_venv/airflow_venv/lib/python3.8/site-packages/airflow/example_dags/example_kubernetes_executor.py
[2022-06-16 12:21:15,658] {processor.py:642} INFO - Processing file /home/notme/airflow_venv/airflow_venv/lib/python3.8/site-packages/airflow/example_dags/example_kubernetes_executor.py for tasks to queue
[2022-06-16 12:21:15,659] {logging_mixin.py:109} INFO - [2022-06-16 12:21:15,659] {dagbag.py:500} INFO - Filling up the DagBag from /home/notme/airflow_venv/airflow_venv/lib/python3.8/site-packages/airflow/example_dags/example_kubernetes_executor.py
[2022-06-16 12:21:15,666] {logging_mixin.py:109} INFO - [2022-06-16 12:21:15,666] {example_kubernetes_executor.py:39} WARNING - The example_kubernetes_executor example DAG requires the kubernetes provider. Please install it with: pip install apache-airflow[cncf.kubernetes]
[2022-06-16 12:21:15,666] {processor.py:654} WARNING - No viable dags retrieved from /home/notme/airflow_venv/airflow_venv/lib/python3.8/site-packages/airflow/example_dags/example_kubernetes_executor.py
[2022-06-16 12:21:15,671] {processor.py:171} INFO - Processing /home/notme/airflow_venv/airflow_venv/lib/python3.8/site-packages/airflow/example_dags/example_kubernetes_executor.py took 0.017 seconds
[2022-06-16 12:21:50,623] {processor.py:163} INFO - Started process (PID=3121) to work on /home/notme/airflow_venv/airflow_venv/lib/python3.8/site-packages/airflow/example_dags/example_kubernetes_executor.py
[2022-06-16 12:21:50,624] {processor.py:642} INFO - Processing file /home/notme/airflow_venv/airflow_venv/lib/python3.8/site-packages/airflow/example_dags/example_kubernetes_executor.py for tasks to queue
[2022-06-16 12:21:50,624] {logging_mixin.py:109} INFO - [2022-06-16 12:21:50,624] {dagbag.py:500} INFO - Filling up the DagBag from /home/notme/airflow_venv/airflow_venv/lib/python3.8/site-packages/airflow/example_dags/example_kubernetes_executor.py
[2022-06-16 12:21:50,632] {logging_mixin.py:109} INFO - [2022-06-16 12:21:50,632] {example_kubernetes_executor.py:39} WARNING - The example_kubernetes_executor example DAG requires the kubernetes provider. Please install it with: pip install apache-airflow[cncf.kubernetes]
[2022-06-16 12:21:50,633] {processor.py:654} WARNING - No viable dags retrieved from /home/notme/airflow_venv/airflow_venv/lib/python3.8/site-packages/airflow/example_dags/example_kubernetes_executor.py
[2022-06-16 12:21:50,639] {processor.py:171} INFO - Processing /home/notme/airflow_venv/airflow_venv/lib/python3.8/site-packages/airflow/example_dags/example_kubernetes_executor.py took 0.018 seconds
[2022-06-16 12:22:22,961] {processor.py:163} INFO - Started process (PID=3343) to work on /home/notme/airflow_venv/airflow_venv/lib/python3.8/site-packages/airflow/example_dags/example_kubernetes_executor.py
[2022-06-16 12:22:22,962] {processor.py:642} INFO - Processing file /home/notme/airflow_venv/airflow_venv/lib/python3.8/site-packages/airflow/example_dags/example_kubernetes_executor.py for tasks to queue
[2022-06-16 12:22:22,962] {logging_mixin.py:109} INFO - [2022-06-16 12:22:22,962] {dagbag.py:500} INFO - Filling up the DagBag from /home/notme/airflow_venv/airflow_venv/lib/python3.8/site-packages/airflow/example_dags/example_kubernetes_executor.py
[2022-06-16 12:22:22,970] {logging_mixin.py:109} INFO - [2022-06-16 12:22:22,969] {example_kubernetes_executor.py:39} WARNING - The example_kubernetes_executor example DAG requires the kubernetes provider. Please install it with: pip install apache-airflow[cncf.kubernetes]
[2022-06-16 12:22:22,970] {processor.py:654} WARNING - No viable dags retrieved from /home/notme/airflow_venv/airflow_venv/lib/python3.8/site-packages/airflow/example_dags/example_kubernetes_executor.py
[2022-06-16 12:22:22,975] {processor.py:171} INFO - Processing /home/notme/airflow_venv/airflow_venv/lib/python3.8/site-packages/airflow/example_dags/example_kubernetes_executor.py took 0.016 seconds
[2022-06-16 12:22:56,501] {processor.py:163} INFO - Started process (PID=3473) to work on /home/notme/airflow_venv/airflow_venv/lib/python3.8/site-packages/airflow/example_dags/example_kubernetes_executor.py
[2022-06-16 12:22:56,502] {processor.py:642} INFO - Processing file /home/notme/airflow_venv/airflow_venv/lib/python3.8/site-packages/airflow/example_dags/example_kubernetes_executor.py for tasks to queue
[2022-06-16 12:22:56,502] {logging_mixin.py:109} INFO - [2022-06-16 12:22:56,502] {dagbag.py:500} INFO - Filling up the DagBag from /home/notme/airflow_venv/airflow_venv/lib/python3.8/site-packages/airflow/example_dags/example_kubernetes_executor.py
[2022-06-16 12:22:56,510] {logging_mixin.py:109} INFO - [2022-06-16 12:22:56,510] {example_kubernetes_executor.py:39} WARNING - The example_kubernetes_executor example DAG requires the kubernetes provider. Please install it with: pip install apache-airflow[cncf.kubernetes]
[2022-06-16 12:22:56,510] {processor.py:654} WARNING - No viable dags retrieved from /home/notme/airflow_venv/airflow_venv/lib/python3.8/site-packages/airflow/example_dags/example_kubernetes_executor.py
[2022-06-16 12:22:56,516] {processor.py:171} INFO - Processing /home/notme/airflow_venv/airflow_venv/lib/python3.8/site-packages/airflow/example_dags/example_kubernetes_executor.py took 0.017 seconds
[2022-06-16 12:23:28,234] {processor.py:163} INFO - Started process (PID=3849) to work on /home/notme/airflow_venv/airflow_venv/lib/python3.8/site-packages/airflow/example_dags/example_kubernetes_executor.py
[2022-06-16 12:23:28,235] {processor.py:642} INFO - Processing file /home/notme/airflow_venv/airflow_venv/lib/python3.8/site-packages/airflow/example_dags/example_kubernetes_executor.py for tasks to queue
[2022-06-16 12:23:28,235] {logging_mixin.py:109} INFO - [2022-06-16 12:23:28,235] {dagbag.py:500} INFO - Filling up the DagBag from /home/notme/airflow_venv/airflow_venv/lib/python3.8/site-packages/airflow/example_dags/example_kubernetes_executor.py
[2022-06-16 12:23:28,242] {logging_mixin.py:109} INFO - [2022-06-16 12:23:28,242] {example_kubernetes_executor.py:39} WARNING - The example_kubernetes_executor example DAG requires the kubernetes provider. Please install it with: pip install apache-airflow[cncf.kubernetes]
[2022-06-16 12:23:28,242] {processor.py:654} WARNING - No viable dags retrieved from /home/notme/airflow_venv/airflow_venv/lib/python3.8/site-packages/airflow/example_dags/example_kubernetes_executor.py
[2022-06-16 12:23:28,246] {processor.py:171} INFO - Processing /home/notme/airflow_venv/airflow_venv/lib/python3.8/site-packages/airflow/example_dags/example_kubernetes_executor.py took 0.014 seconds
[2022-06-16 12:24:02,193] {processor.py:163} INFO - Started process (PID=3894) to work on /home/notme/airflow_venv/airflow_venv/lib/python3.8/site-packages/airflow/example_dags/example_kubernetes_executor.py
[2022-06-16 12:24:02,194] {processor.py:642} INFO - Processing file /home/notme/airflow_venv/airflow_venv/lib/python3.8/site-packages/airflow/example_dags/example_kubernetes_executor.py for tasks to queue
[2022-06-16 12:24:02,194] {logging_mixin.py:109} INFO - [2022-06-16 12:24:02,194] {dagbag.py:500} INFO - Filling up the DagBag from /home/notme/airflow_venv/airflow_venv/lib/python3.8/site-packages/airflow/example_dags/example_kubernetes_executor.py
[2022-06-16 12:24:02,202] {logging_mixin.py:109} INFO - [2022-06-16 12:24:02,201] {example_kubernetes_executor.py:39} WARNING - The example_kubernetes_executor example DAG requires the kubernetes provider. Please install it with: pip install apache-airflow[cncf.kubernetes]
[2022-06-16 12:24:02,202] {processor.py:654} WARNING - No viable dags retrieved from /home/notme/airflow_venv/airflow_venv/lib/python3.8/site-packages/airflow/example_dags/example_kubernetes_executor.py
[2022-06-16 12:24:02,206] {processor.py:171} INFO - Processing /home/notme/airflow_venv/airflow_venv/lib/python3.8/site-packages/airflow/example_dags/example_kubernetes_executor.py took 0.015 seconds
[2022-06-16 12:24:34,450] {processor.py:163} INFO - Started process (PID=3947) to work on /home/notme/airflow_venv/airflow_venv/lib/python3.8/site-packages/airflow/example_dags/example_kubernetes_executor.py
[2022-06-16 12:24:34,451] {processor.py:642} INFO - Processing file /home/notme/airflow_venv/airflow_venv/lib/python3.8/site-packages/airflow/example_dags/example_kubernetes_executor.py for tasks to queue
[2022-06-16 12:24:34,452] {logging_mixin.py:109} INFO - [2022-06-16 12:24:34,452] {dagbag.py:500} INFO - Filling up the DagBag from /home/notme/airflow_venv/airflow_venv/lib/python3.8/site-packages/airflow/example_dags/example_kubernetes_executor.py
[2022-06-16 12:24:34,463] {logging_mixin.py:109} INFO - [2022-06-16 12:24:34,463] {example_kubernetes_executor.py:39} WARNING - The example_kubernetes_executor example DAG requires the kubernetes provider. Please install it with: pip install apache-airflow[cncf.kubernetes]
[2022-06-16 12:24:34,463] {processor.py:654} WARNING - No viable dags retrieved from /home/notme/airflow_venv/airflow_venv/lib/python3.8/site-packages/airflow/example_dags/example_kubernetes_executor.py
[2022-06-16 12:24:34,468] {processor.py:171} INFO - Processing /home/notme/airflow_venv/airflow_venv/lib/python3.8/site-packages/airflow/example_dags/example_kubernetes_executor.py took 0.020 seconds
[2022-06-16 12:25:09,388] {processor.py:163} INFO - Started process (PID=9596) to work on /home/notme/airflow_venv/airflow_venv/lib/python3.8/site-packages/airflow/example_dags/example_kubernetes_executor.py
[2022-06-16 12:25:09,389] {processor.py:642} INFO - Processing file /home/notme/airflow_venv/airflow_venv/lib/python3.8/site-packages/airflow/example_dags/example_kubernetes_executor.py for tasks to queue
[2022-06-16 12:25:09,390] {logging_mixin.py:109} INFO - [2022-06-16 12:25:09,390] {dagbag.py:500} INFO - Filling up the DagBag from /home/notme/airflow_venv/airflow_venv/lib/python3.8/site-packages/airflow/example_dags/example_kubernetes_executor.py
[2022-06-16 12:25:09,398] {logging_mixin.py:109} INFO - [2022-06-16 12:25:09,398] {example_kubernetes_executor.py:39} WARNING - The example_kubernetes_executor example DAG requires the kubernetes provider. Please install it with: pip install apache-airflow[cncf.kubernetes]
[2022-06-16 12:25:09,398] {processor.py:654} WARNING - No viable dags retrieved from /home/notme/airflow_venv/airflow_venv/lib/python3.8/site-packages/airflow/example_dags/example_kubernetes_executor.py
[2022-06-16 12:25:09,403] {processor.py:171} INFO - Processing /home/notme/airflow_venv/airflow_venv/lib/python3.8/site-packages/airflow/example_dags/example_kubernetes_executor.py took 0.017 seconds
[2022-06-16 12:25:40,550] {processor.py:163} INFO - Started process (PID=9927) to work on /home/notme/airflow_venv/airflow_venv/lib/python3.8/site-packages/airflow/example_dags/example_kubernetes_executor.py
[2022-06-16 12:25:40,551] {processor.py:642} INFO - Processing file /home/notme/airflow_venv/airflow_venv/lib/python3.8/site-packages/airflow/example_dags/example_kubernetes_executor.py for tasks to queue
[2022-06-16 12:25:40,551] {logging_mixin.py:109} INFO - [2022-06-16 12:25:40,551] {dagbag.py:500} INFO - Filling up the DagBag from /home/notme/airflow_venv/airflow_venv/lib/python3.8/site-packages/airflow/example_dags/example_kubernetes_executor.py
[2022-06-16 12:25:40,557] {logging_mixin.py:109} INFO - [2022-06-16 12:25:40,557] {example_kubernetes_executor.py:39} WARNING - The example_kubernetes_executor example DAG requires the kubernetes provider. Please install it with: pip install apache-airflow[cncf.kubernetes]
[2022-06-16 12:25:40,557] {processor.py:654} WARNING - No viable dags retrieved from /home/notme/airflow_venv/airflow_venv/lib/python3.8/site-packages/airflow/example_dags/example_kubernetes_executor.py
[2022-06-16 12:25:40,562] {processor.py:171} INFO - Processing /home/notme/airflow_venv/airflow_venv/lib/python3.8/site-packages/airflow/example_dags/example_kubernetes_executor.py took 0.013 seconds
[2022-06-16 12:26:13,296] {processor.py:163} INFO - Started process (PID=9974) to work on /home/notme/airflow_venv/airflow_venv/lib/python3.8/site-packages/airflow/example_dags/example_kubernetes_executor.py
[2022-06-16 12:26:13,297] {processor.py:642} INFO - Processing file /home/notme/airflow_venv/airflow_venv/lib/python3.8/site-packages/airflow/example_dags/example_kubernetes_executor.py for tasks to queue
[2022-06-16 12:26:13,298] {logging_mixin.py:109} INFO - [2022-06-16 12:26:13,298] {dagbag.py:500} INFO - Filling up the DagBag from /home/notme/airflow_venv/airflow_venv/lib/python3.8/site-packages/airflow/example_dags/example_kubernetes_executor.py
[2022-06-16 12:26:13,306] {logging_mixin.py:109} INFO - [2022-06-16 12:26:13,306] {example_kubernetes_executor.py:39} WARNING - The example_kubernetes_executor example DAG requires the kubernetes provider. Please install it with: pip install apache-airflow[cncf.kubernetes]
[2022-06-16 12:26:13,306] {processor.py:654} WARNING - No viable dags retrieved from /home/notme/airflow_venv/airflow_venv/lib/python3.8/site-packages/airflow/example_dags/example_kubernetes_executor.py
[2022-06-16 12:26:13,315] {processor.py:171} INFO - Processing /home/notme/airflow_venv/airflow_venv/lib/python3.8/site-packages/airflow/example_dags/example_kubernetes_executor.py took 0.021 seconds
[2022-06-16 12:26:45,412] {processor.py:163} INFO - Started process (PID=10392) to work on /home/notme/airflow_venv/airflow_venv/lib/python3.8/site-packages/airflow/example_dags/example_kubernetes_executor.py
[2022-06-16 12:26:45,413] {processor.py:642} INFO - Processing file /home/notme/airflow_venv/airflow_venv/lib/python3.8/site-packages/airflow/example_dags/example_kubernetes_executor.py for tasks to queue
[2022-06-16 12:26:45,413] {logging_mixin.py:109} INFO - [2022-06-16 12:26:45,413] {dagbag.py:500} INFO - Filling up the DagBag from /home/notme/airflow_venv/airflow_venv/lib/python3.8/site-packages/airflow/example_dags/example_kubernetes_executor.py
[2022-06-16 12:26:45,419] {logging_mixin.py:109} INFO - [2022-06-16 12:26:45,419] {example_kubernetes_executor.py:39} WARNING - The example_kubernetes_executor example DAG requires the kubernetes provider. Please install it with: pip install apache-airflow[cncf.kubernetes]
[2022-06-16 12:26:45,419] {processor.py:654} WARNING - No viable dags retrieved from /home/notme/airflow_venv/airflow_venv/lib/python3.8/site-packages/airflow/example_dags/example_kubernetes_executor.py
[2022-06-16 12:26:45,424] {processor.py:171} INFO - Processing /home/notme/airflow_venv/airflow_venv/lib/python3.8/site-packages/airflow/example_dags/example_kubernetes_executor.py took 0.014 seconds
[2022-06-16 12:27:18,570] {processor.py:163} INFO - Started process (PID=10434) to work on /home/notme/airflow_venv/airflow_venv/lib/python3.8/site-packages/airflow/example_dags/example_kubernetes_executor.py
[2022-06-16 12:27:18,571] {processor.py:642} INFO - Processing file /home/notme/airflow_venv/airflow_venv/lib/python3.8/site-packages/airflow/example_dags/example_kubernetes_executor.py for tasks to queue
[2022-06-16 12:27:18,572] {logging_mixin.py:109} INFO - [2022-06-16 12:27:18,572] {dagbag.py:500} INFO - Filling up the DagBag from /home/notme/airflow_venv/airflow_venv/lib/python3.8/site-packages/airflow/example_dags/example_kubernetes_executor.py
[2022-06-16 12:27:18,578] {logging_mixin.py:109} INFO - [2022-06-16 12:27:18,578] {example_kubernetes_executor.py:39} WARNING - The example_kubernetes_executor example DAG requires the kubernetes provider. Please install it with: pip install apache-airflow[cncf.kubernetes]
[2022-06-16 12:27:18,579] {processor.py:654} WARNING - No viable dags retrieved from /home/notme/airflow_venv/airflow_venv/lib/python3.8/site-packages/airflow/example_dags/example_kubernetes_executor.py
[2022-06-16 12:27:18,583] {processor.py:171} INFO - Processing /home/notme/airflow_venv/airflow_venv/lib/python3.8/site-packages/airflow/example_dags/example_kubernetes_executor.py took 0.015 seconds
[2022-06-16 12:27:51,830] {processor.py:163} INFO - Started process (PID=10642) to work on /home/notme/airflow_venv/airflow_venv/lib/python3.8/site-packages/airflow/example_dags/example_kubernetes_executor.py
[2022-06-16 12:27:51,831] {processor.py:642} INFO - Processing file /home/notme/airflow_venv/airflow_venv/lib/python3.8/site-packages/airflow/example_dags/example_kubernetes_executor.py for tasks to queue
[2022-06-16 12:27:51,831] {logging_mixin.py:109} INFO - [2022-06-16 12:27:51,831] {dagbag.py:500} INFO - Filling up the DagBag from /home/notme/airflow_venv/airflow_venv/lib/python3.8/site-packages/airflow/example_dags/example_kubernetes_executor.py
[2022-06-16 12:27:51,837] {logging_mixin.py:109} INFO - [2022-06-16 12:27:51,837] {example_kubernetes_executor.py:39} WARNING - The example_kubernetes_executor example DAG requires the kubernetes provider. Please install it with: pip install apache-airflow[cncf.kubernetes]
[2022-06-16 12:27:51,837] {processor.py:654} WARNING - No viable dags retrieved from /home/notme/airflow_venv/airflow_venv/lib/python3.8/site-packages/airflow/example_dags/example_kubernetes_executor.py
[2022-06-16 12:27:51,843] {processor.py:171} INFO - Processing /home/notme/airflow_venv/airflow_venv/lib/python3.8/site-packages/airflow/example_dags/example_kubernetes_executor.py took 0.015 seconds
[2022-06-16 12:28:26,702] {processor.py:163} INFO - Started process (PID=11010) to work on /home/notme/airflow_venv/airflow_venv/lib/python3.8/site-packages/airflow/example_dags/example_kubernetes_executor.py
[2022-06-16 12:28:26,704] {processor.py:642} INFO - Processing file /home/notme/airflow_venv/airflow_venv/lib/python3.8/site-packages/airflow/example_dags/example_kubernetes_executor.py for tasks to queue
[2022-06-16 12:28:26,704] {logging_mixin.py:109} INFO - [2022-06-16 12:28:26,704] {dagbag.py:500} INFO - Filling up the DagBag from /home/notme/airflow_venv/airflow_venv/lib/python3.8/site-packages/airflow/example_dags/example_kubernetes_executor.py
[2022-06-16 12:28:26,710] {logging_mixin.py:109} INFO - [2022-06-16 12:28:26,710] {example_kubernetes_executor.py:39} WARNING - The example_kubernetes_executor example DAG requires the kubernetes provider. Please install it with: pip install apache-airflow[cncf.kubernetes]
[2022-06-16 12:28:26,710] {processor.py:654} WARNING - No viable dags retrieved from /home/notme/airflow_venv/airflow_venv/lib/python3.8/site-packages/airflow/example_dags/example_kubernetes_executor.py
[2022-06-16 12:28:26,717] {processor.py:171} INFO - Processing /home/notme/airflow_venv/airflow_venv/lib/python3.8/site-packages/airflow/example_dags/example_kubernetes_executor.py took 0.016 seconds
[2022-06-16 12:28:58,027] {processor.py:163} INFO - Started process (PID=11054) to work on /home/notme/airflow_venv/airflow_venv/lib/python3.8/site-packages/airflow/example_dags/example_kubernetes_executor.py
[2022-06-16 12:28:58,028] {processor.py:642} INFO - Processing file /home/notme/airflow_venv/airflow_venv/lib/python3.8/site-packages/airflow/example_dags/example_kubernetes_executor.py for tasks to queue
[2022-06-16 12:28:58,029] {logging_mixin.py:109} INFO - [2022-06-16 12:28:58,029] {dagbag.py:500} INFO - Filling up the DagBag from /home/notme/airflow_venv/airflow_venv/lib/python3.8/site-packages/airflow/example_dags/example_kubernetes_executor.py
[2022-06-16 12:28:58,035] {logging_mixin.py:109} INFO - [2022-06-16 12:28:58,035] {example_kubernetes_executor.py:39} WARNING - The example_kubernetes_executor example DAG requires the kubernetes provider. Please install it with: pip install apache-airflow[cncf.kubernetes]
[2022-06-16 12:28:58,035] {processor.py:654} WARNING - No viable dags retrieved from /home/notme/airflow_venv/airflow_venv/lib/python3.8/site-packages/airflow/example_dags/example_kubernetes_executor.py
[2022-06-16 12:28:58,040] {processor.py:171} INFO - Processing /home/notme/airflow_venv/airflow_venv/lib/python3.8/site-packages/airflow/example_dags/example_kubernetes_executor.py took 0.015 seconds
[2022-06-16 12:29:29,431] {processor.py:163} INFO - Started process (PID=11102) to work on /home/notme/airflow_venv/airflow_venv/lib/python3.8/site-packages/airflow/example_dags/example_kubernetes_executor.py
[2022-06-16 12:29:29,432] {processor.py:642} INFO - Processing file /home/notme/airflow_venv/airflow_venv/lib/python3.8/site-packages/airflow/example_dags/example_kubernetes_executor.py for tasks to queue
[2022-06-16 12:29:29,432] {logging_mixin.py:109} INFO - [2022-06-16 12:29:29,432] {dagbag.py:500} INFO - Filling up the DagBag from /home/notme/airflow_venv/airflow_venv/lib/python3.8/site-packages/airflow/example_dags/example_kubernetes_executor.py
[2022-06-16 12:29:29,438] {logging_mixin.py:109} INFO - [2022-06-16 12:29:29,438] {example_kubernetes_executor.py:39} WARNING - The example_kubernetes_executor example DAG requires the kubernetes provider. Please install it with: pip install apache-airflow[cncf.kubernetes]
[2022-06-16 12:29:29,438] {processor.py:654} WARNING - No viable dags retrieved from /home/notme/airflow_venv/airflow_venv/lib/python3.8/site-packages/airflow/example_dags/example_kubernetes_executor.py
[2022-06-16 12:29:29,442] {processor.py:171} INFO - Processing /home/notme/airflow_venv/airflow_venv/lib/python3.8/site-packages/airflow/example_dags/example_kubernetes_executor.py took 0.014 seconds
[2022-06-16 12:30:00,461] {processor.py:163} INFO - Started process (PID=11303) to work on /home/notme/airflow_venv/airflow_venv/lib/python3.8/site-packages/airflow/example_dags/example_kubernetes_executor.py
[2022-06-16 12:30:00,462] {processor.py:642} INFO - Processing file /home/notme/airflow_venv/airflow_venv/lib/python3.8/site-packages/airflow/example_dags/example_kubernetes_executor.py for tasks to queue
[2022-06-16 12:30:00,462] {logging_mixin.py:109} INFO - [2022-06-16 12:30:00,462] {dagbag.py:500} INFO - Filling up the DagBag from /home/notme/airflow_venv/airflow_venv/lib/python3.8/site-packages/airflow/example_dags/example_kubernetes_executor.py
[2022-06-16 12:30:00,468] {logging_mixin.py:109} INFO - [2022-06-16 12:30:00,468] {example_kubernetes_executor.py:39} WARNING - The example_kubernetes_executor example DAG requires the kubernetes provider. Please install it with: pip install apache-airflow[cncf.kubernetes]
[2022-06-16 12:30:00,469] {processor.py:654} WARNING - No viable dags retrieved from /home/notme/airflow_venv/airflow_venv/lib/python3.8/site-packages/airflow/example_dags/example_kubernetes_executor.py
[2022-06-16 12:30:00,473] {processor.py:171} INFO - Processing /home/notme/airflow_venv/airflow_venv/lib/python3.8/site-packages/airflow/example_dags/example_kubernetes_executor.py took 0.015 seconds
[2022-06-16 12:30:34,903] {processor.py:163} INFO - Started process (PID=11346) to work on /home/notme/airflow_venv/airflow_venv/lib/python3.8/site-packages/airflow/example_dags/example_kubernetes_executor.py
[2022-06-16 12:30:34,904] {processor.py:642} INFO - Processing file /home/notme/airflow_venv/airflow_venv/lib/python3.8/site-packages/airflow/example_dags/example_kubernetes_executor.py for tasks to queue
[2022-06-16 12:30:34,904] {logging_mixin.py:109} INFO - [2022-06-16 12:30:34,904] {dagbag.py:500} INFO - Filling up the DagBag from /home/notme/airflow_venv/airflow_venv/lib/python3.8/site-packages/airflow/example_dags/example_kubernetes_executor.py
[2022-06-16 12:30:34,911] {logging_mixin.py:109} INFO - [2022-06-16 12:30:34,911] {example_kubernetes_executor.py:39} WARNING - The example_kubernetes_executor example DAG requires the kubernetes provider. Please install it with: pip install apache-airflow[cncf.kubernetes]
[2022-06-16 12:30:34,911] {processor.py:654} WARNING - No viable dags retrieved from /home/notme/airflow_venv/airflow_venv/lib/python3.8/site-packages/airflow/example_dags/example_kubernetes_executor.py
[2022-06-16 12:30:34,916] {processor.py:171} INFO - Processing /home/notme/airflow_venv/airflow_venv/lib/python3.8/site-packages/airflow/example_dags/example_kubernetes_executor.py took 0.016 seconds
[2022-06-16 13:53:35,266] {processor.py:163} INFO - Started process (PID=7451) to work on /home/notme/airflow_venv/airflow_venv/lib/python3.8/site-packages/airflow/example_dags/example_kubernetes_executor.py
[2022-06-16 13:53:35,268] {processor.py:642} INFO - Processing file /home/notme/airflow_venv/airflow_venv/lib/python3.8/site-packages/airflow/example_dags/example_kubernetes_executor.py for tasks to queue
[2022-06-16 13:53:35,268] {logging_mixin.py:109} INFO - [2022-06-16 13:53:35,268] {dagbag.py:500} INFO - Filling up the DagBag from /home/notme/airflow_venv/airflow_venv/lib/python3.8/site-packages/airflow/example_dags/example_kubernetes_executor.py
[2022-06-16 13:53:35,274] {logging_mixin.py:109} INFO - [2022-06-16 13:53:35,274] {example_kubernetes_executor.py:39} WARNING - The example_kubernetes_executor example DAG requires the kubernetes provider. Please install it with: pip install apache-airflow[cncf.kubernetes]
[2022-06-16 13:53:35,275] {processor.py:654} WARNING - No viable dags retrieved from /home/notme/airflow_venv/airflow_venv/lib/python3.8/site-packages/airflow/example_dags/example_kubernetes_executor.py
[2022-06-16 13:53:35,279] {processor.py:171} INFO - Processing /home/notme/airflow_venv/airflow_venv/lib/python3.8/site-packages/airflow/example_dags/example_kubernetes_executor.py took 0.014 seconds
