[2022-06-16 12:15:50,498] {processor.py:163} INFO - Started process (PID=1396) to work on /home/notme/airflow_venv/airflow_venv/lib/python3.8/site-packages/airflow/example_dags/example_trigger_target_dag.py
[2022-06-16 12:15:50,499] {processor.py:642} INFO - Processing file /home/notme/airflow_venv/airflow_venv/lib/python3.8/site-packages/airflow/example_dags/example_trigger_target_dag.py for tasks to queue
[2022-06-16 12:15:50,499] {logging_mixin.py:109} INFO - [2022-06-16 12:15:50,499] {dagbag.py:500} INFO - Filling up the DagBag from /home/notme/airflow_venv/airflow_venv/lib/python3.8/site-packages/airflow/example_dags/example_trigger_target_dag.py
[2022-06-16 12:15:50,515] {processor.py:652} INFO - DAG(s) dict_keys(['example_trigger_target_dag']) retrieved from /home/notme/airflow_venv/airflow_venv/lib/python3.8/site-packages/airflow/example_dags/example_trigger_target_dag.py
[2022-06-16 12:15:50,527] {logging_mixin.py:109} INFO - [2022-06-16 12:15:50,527] {dag.py:2398} INFO - Sync 1 DAGs
[2022-06-16 12:15:50,540] {logging_mixin.py:109} INFO - [2022-06-16 12:15:50,540] {dag.py:2937} INFO - Setting next_dagrun for example_trigger_target_dag to None
[2022-06-16 12:15:50,574] {processor.py:171} INFO - Processing /home/notme/airflow_venv/airflow_venv/lib/python3.8/site-packages/airflow/example_dags/example_trigger_target_dag.py took 0.077 seconds
[2022-06-16 12:16:25,003] {processor.py:163} INFO - Started process (PID=1438) to work on /home/notme/airflow_venv/airflow_venv/lib/python3.8/site-packages/airflow/example_dags/example_trigger_target_dag.py
[2022-06-16 12:16:25,004] {processor.py:642} INFO - Processing file /home/notme/airflow_venv/airflow_venv/lib/python3.8/site-packages/airflow/example_dags/example_trigger_target_dag.py for tasks to queue
[2022-06-16 12:16:25,005] {logging_mixin.py:109} INFO - [2022-06-16 12:16:25,005] {dagbag.py:500} INFO - Filling up the DagBag from /home/notme/airflow_venv/airflow_venv/lib/python3.8/site-packages/airflow/example_dags/example_trigger_target_dag.py
[2022-06-16 12:16:25,021] {processor.py:652} INFO - DAG(s) dict_keys(['example_trigger_target_dag']) retrieved from /home/notme/airflow_venv/airflow_venv/lib/python3.8/site-packages/airflow/example_dags/example_trigger_target_dag.py
[2022-06-16 12:16:25,031] {logging_mixin.py:109} INFO - [2022-06-16 12:16:25,031] {dag.py:2398} INFO - Sync 1 DAGs
[2022-06-16 12:16:25,043] {logging_mixin.py:109} INFO - [2022-06-16 12:16:25,043] {dag.py:2937} INFO - Setting next_dagrun for example_trigger_target_dag to None
[2022-06-16 12:16:25,059] {processor.py:171} INFO - Processing /home/notme/airflow_venv/airflow_venv/lib/python3.8/site-packages/airflow/example_dags/example_trigger_target_dag.py took 0.058 seconds
[2022-06-16 12:16:59,076] {processor.py:163} INFO - Started process (PID=1785) to work on /home/notme/airflow_venv/airflow_venv/lib/python3.8/site-packages/airflow/example_dags/example_trigger_target_dag.py
[2022-06-16 12:16:59,078] {processor.py:642} INFO - Processing file /home/notme/airflow_venv/airflow_venv/lib/python3.8/site-packages/airflow/example_dags/example_trigger_target_dag.py for tasks to queue
[2022-06-16 12:16:59,078] {logging_mixin.py:109} INFO - [2022-06-16 12:16:59,078] {dagbag.py:500} INFO - Filling up the DagBag from /home/notme/airflow_venv/airflow_venv/lib/python3.8/site-packages/airflow/example_dags/example_trigger_target_dag.py
[2022-06-16 12:16:59,091] {processor.py:652} INFO - DAG(s) dict_keys(['example_trigger_target_dag']) retrieved from /home/notme/airflow_venv/airflow_venv/lib/python3.8/site-packages/airflow/example_dags/example_trigger_target_dag.py
[2022-06-16 12:16:59,099] {logging_mixin.py:109} INFO - [2022-06-16 12:16:59,099] {dag.py:2398} INFO - Sync 1 DAGs
[2022-06-16 12:16:59,109] {logging_mixin.py:109} INFO - [2022-06-16 12:16:59,109] {dag.py:2937} INFO - Setting next_dagrun for example_trigger_target_dag to None
[2022-06-16 12:16:59,121] {processor.py:171} INFO - Processing /home/notme/airflow_venv/airflow_venv/lib/python3.8/site-packages/airflow/example_dags/example_trigger_target_dag.py took 0.048 seconds
[2022-06-16 12:17:32,846] {processor.py:163} INFO - Started process (PID=1838) to work on /home/notme/airflow_venv/airflow_venv/lib/python3.8/site-packages/airflow/example_dags/example_trigger_target_dag.py
[2022-06-16 12:17:32,848] {processor.py:642} INFO - Processing file /home/notme/airflow_venv/airflow_venv/lib/python3.8/site-packages/airflow/example_dags/example_trigger_target_dag.py for tasks to queue
[2022-06-16 12:17:32,848] {logging_mixin.py:109} INFO - [2022-06-16 12:17:32,848] {dagbag.py:500} INFO - Filling up the DagBag from /home/notme/airflow_venv/airflow_venv/lib/python3.8/site-packages/airflow/example_dags/example_trigger_target_dag.py
[2022-06-16 12:17:32,862] {processor.py:652} INFO - DAG(s) dict_keys(['example_trigger_target_dag']) retrieved from /home/notme/airflow_venv/airflow_venv/lib/python3.8/site-packages/airflow/example_dags/example_trigger_target_dag.py
[2022-06-16 12:17:32,870] {logging_mixin.py:109} INFO - [2022-06-16 12:17:32,870] {dag.py:2398} INFO - Sync 1 DAGs
[2022-06-16 12:17:32,880] {logging_mixin.py:109} INFO - [2022-06-16 12:17:32,879] {dag.py:2937} INFO - Setting next_dagrun for example_trigger_target_dag to None
[2022-06-16 12:17:32,893] {processor.py:171} INFO - Processing /home/notme/airflow_venv/airflow_venv/lib/python3.8/site-packages/airflow/example_dags/example_trigger_target_dag.py took 0.049 seconds
[2022-06-16 12:18:08,362] {processor.py:163} INFO - Started process (PID=2144) to work on /home/notme/airflow_venv/airflow_venv/lib/python3.8/site-packages/airflow/example_dags/example_trigger_target_dag.py
[2022-06-16 12:18:08,364] {processor.py:642} INFO - Processing file /home/notme/airflow_venv/airflow_venv/lib/python3.8/site-packages/airflow/example_dags/example_trigger_target_dag.py for tasks to queue
[2022-06-16 12:18:08,364] {logging_mixin.py:109} INFO - [2022-06-16 12:18:08,364] {dagbag.py:500} INFO - Filling up the DagBag from /home/notme/airflow_venv/airflow_venv/lib/python3.8/site-packages/airflow/example_dags/example_trigger_target_dag.py
[2022-06-16 12:18:08,380] {processor.py:652} INFO - DAG(s) dict_keys(['example_trigger_target_dag']) retrieved from /home/notme/airflow_venv/airflow_venv/lib/python3.8/site-packages/airflow/example_dags/example_trigger_target_dag.py
[2022-06-16 12:18:08,391] {logging_mixin.py:109} INFO - [2022-06-16 12:18:08,391] {dag.py:2398} INFO - Sync 1 DAGs
[2022-06-16 12:18:08,410] {logging_mixin.py:109} INFO - [2022-06-16 12:18:08,410] {dag.py:2937} INFO - Setting next_dagrun for example_trigger_target_dag to None
[2022-06-16 12:18:08,426] {processor.py:171} INFO - Processing /home/notme/airflow_venv/airflow_venv/lib/python3.8/site-packages/airflow/example_dags/example_trigger_target_dag.py took 0.065 seconds
[2022-06-16 12:18:43,321] {processor.py:163} INFO - Started process (PID=2185) to work on /home/notme/airflow_venv/airflow_venv/lib/python3.8/site-packages/airflow/example_dags/example_trigger_target_dag.py
[2022-06-16 12:18:43,322] {processor.py:642} INFO - Processing file /home/notme/airflow_venv/airflow_venv/lib/python3.8/site-packages/airflow/example_dags/example_trigger_target_dag.py for tasks to queue
[2022-06-16 12:18:43,322] {logging_mixin.py:109} INFO - [2022-06-16 12:18:43,322] {dagbag.py:500} INFO - Filling up the DagBag from /home/notme/airflow_venv/airflow_venv/lib/python3.8/site-packages/airflow/example_dags/example_trigger_target_dag.py
[2022-06-16 12:18:43,336] {processor.py:652} INFO - DAG(s) dict_keys(['example_trigger_target_dag']) retrieved from /home/notme/airflow_venv/airflow_venv/lib/python3.8/site-packages/airflow/example_dags/example_trigger_target_dag.py
[2022-06-16 12:18:43,346] {logging_mixin.py:109} INFO - [2022-06-16 12:18:43,346] {dag.py:2398} INFO - Sync 1 DAGs
[2022-06-16 12:18:43,360] {logging_mixin.py:109} INFO - [2022-06-16 12:18:43,359] {dag.py:2937} INFO - Setting next_dagrun for example_trigger_target_dag to None
[2022-06-16 12:18:43,375] {processor.py:171} INFO - Processing /home/notme/airflow_venv/airflow_venv/lib/python3.8/site-packages/airflow/example_dags/example_trigger_target_dag.py took 0.056 seconds
[2022-06-16 12:19:19,187] {processor.py:163} INFO - Started process (PID=2458) to work on /home/notme/airflow_venv/airflow_venv/lib/python3.8/site-packages/airflow/example_dags/example_trigger_target_dag.py
[2022-06-16 12:19:19,188] {processor.py:642} INFO - Processing file /home/notme/airflow_venv/airflow_venv/lib/python3.8/site-packages/airflow/example_dags/example_trigger_target_dag.py for tasks to queue
[2022-06-16 12:19:19,189] {logging_mixin.py:109} INFO - [2022-06-16 12:19:19,188] {dagbag.py:500} INFO - Filling up the DagBag from /home/notme/airflow_venv/airflow_venv/lib/python3.8/site-packages/airflow/example_dags/example_trigger_target_dag.py
[2022-06-16 12:19:19,203] {processor.py:652} INFO - DAG(s) dict_keys(['example_trigger_target_dag']) retrieved from /home/notme/airflow_venv/airflow_venv/lib/python3.8/site-packages/airflow/example_dags/example_trigger_target_dag.py
[2022-06-16 12:19:19,212] {logging_mixin.py:109} INFO - [2022-06-16 12:19:19,212] {dag.py:2398} INFO - Sync 1 DAGs
[2022-06-16 12:19:19,224] {logging_mixin.py:109} INFO - [2022-06-16 12:19:19,224] {dag.py:2937} INFO - Setting next_dagrun for example_trigger_target_dag to None
[2022-06-16 12:19:19,238] {processor.py:171} INFO - Processing /home/notme/airflow_venv/airflow_venv/lib/python3.8/site-packages/airflow/example_dags/example_trigger_target_dag.py took 0.053 seconds
[2022-06-16 12:19:54,924] {processor.py:163} INFO - Started process (PID=2686) to work on /home/notme/airflow_venv/airflow_venv/lib/python3.8/site-packages/airflow/example_dags/example_trigger_target_dag.py
[2022-06-16 12:19:54,925] {processor.py:642} INFO - Processing file /home/notme/airflow_venv/airflow_venv/lib/python3.8/site-packages/airflow/example_dags/example_trigger_target_dag.py for tasks to queue
[2022-06-16 12:19:54,925] {logging_mixin.py:109} INFO - [2022-06-16 12:19:54,925] {dagbag.py:500} INFO - Filling up the DagBag from /home/notme/airflow_venv/airflow_venv/lib/python3.8/site-packages/airflow/example_dags/example_trigger_target_dag.py
[2022-06-16 12:19:54,940] {processor.py:652} INFO - DAG(s) dict_keys(['example_trigger_target_dag']) retrieved from /home/notme/airflow_venv/airflow_venv/lib/python3.8/site-packages/airflow/example_dags/example_trigger_target_dag.py
[2022-06-16 12:19:54,950] {logging_mixin.py:109} INFO - [2022-06-16 12:19:54,950] {dag.py:2398} INFO - Sync 1 DAGs
[2022-06-16 12:19:54,960] {logging_mixin.py:109} INFO - [2022-06-16 12:19:54,960] {dag.py:2937} INFO - Setting next_dagrun for example_trigger_target_dag to None
[2022-06-16 12:19:54,973] {processor.py:171} INFO - Processing /home/notme/airflow_venv/airflow_venv/lib/python3.8/site-packages/airflow/example_dags/example_trigger_target_dag.py took 0.051 seconds
[2022-06-16 12:20:32,287] {processor.py:163} INFO - Started process (PID=2732) to work on /home/notme/airflow_venv/airflow_venv/lib/python3.8/site-packages/airflow/example_dags/example_trigger_target_dag.py
[2022-06-16 12:20:32,291] {processor.py:642} INFO - Processing file /home/notme/airflow_venv/airflow_venv/lib/python3.8/site-packages/airflow/example_dags/example_trigger_target_dag.py for tasks to queue
[2022-06-16 12:20:32,291] {logging_mixin.py:109} INFO - [2022-06-16 12:20:32,291] {dagbag.py:500} INFO - Filling up the DagBag from /home/notme/airflow_venv/airflow_venv/lib/python3.8/site-packages/airflow/example_dags/example_trigger_target_dag.py
[2022-06-16 12:20:32,310] {processor.py:652} INFO - DAG(s) dict_keys(['example_trigger_target_dag']) retrieved from /home/notme/airflow_venv/airflow_venv/lib/python3.8/site-packages/airflow/example_dags/example_trigger_target_dag.py
[2022-06-16 12:20:32,319] {logging_mixin.py:109} INFO - [2022-06-16 12:20:32,319] {dag.py:2398} INFO - Sync 1 DAGs
[2022-06-16 12:20:32,332] {logging_mixin.py:109} INFO - [2022-06-16 12:20:32,332] {dag.py:2937} INFO - Setting next_dagrun for example_trigger_target_dag to None
[2022-06-16 12:20:32,351] {processor.py:171} INFO - Processing /home/notme/airflow_venv/airflow_venv/lib/python3.8/site-packages/airflow/example_dags/example_trigger_target_dag.py took 0.066 seconds
[2022-06-16 12:21:07,454] {processor.py:163} INFO - Started process (PID=2774) to work on /home/notme/airflow_venv/airflow_venv/lib/python3.8/site-packages/airflow/example_dags/example_trigger_target_dag.py
[2022-06-16 12:21:07,455] {processor.py:642} INFO - Processing file /home/notme/airflow_venv/airflow_venv/lib/python3.8/site-packages/airflow/example_dags/example_trigger_target_dag.py for tasks to queue
[2022-06-16 12:21:07,456] {logging_mixin.py:109} INFO - [2022-06-16 12:21:07,456] {dagbag.py:500} INFO - Filling up the DagBag from /home/notme/airflow_venv/airflow_venv/lib/python3.8/site-packages/airflow/example_dags/example_trigger_target_dag.py
[2022-06-16 12:21:07,479] {processor.py:652} INFO - DAG(s) dict_keys(['example_trigger_target_dag']) retrieved from /home/notme/airflow_venv/airflow_venv/lib/python3.8/site-packages/airflow/example_dags/example_trigger_target_dag.py
[2022-06-16 12:21:07,492] {logging_mixin.py:109} INFO - [2022-06-16 12:21:07,492] {dag.py:2398} INFO - Sync 1 DAGs
[2022-06-16 12:21:07,505] {logging_mixin.py:109} INFO - [2022-06-16 12:21:07,505] {dag.py:2937} INFO - Setting next_dagrun for example_trigger_target_dag to None
[2022-06-16 12:21:07,521] {processor.py:171} INFO - Processing /home/notme/airflow_venv/airflow_venv/lib/python3.8/site-packages/airflow/example_dags/example_trigger_target_dag.py took 0.069 seconds
[2022-06-16 12:21:42,906] {processor.py:163} INFO - Started process (PID=3114) to work on /home/notme/airflow_venv/airflow_venv/lib/python3.8/site-packages/airflow/example_dags/example_trigger_target_dag.py
[2022-06-16 12:21:42,907] {processor.py:642} INFO - Processing file /home/notme/airflow_venv/airflow_venv/lib/python3.8/site-packages/airflow/example_dags/example_trigger_target_dag.py for tasks to queue
[2022-06-16 12:21:42,908] {logging_mixin.py:109} INFO - [2022-06-16 12:21:42,908] {dagbag.py:500} INFO - Filling up the DagBag from /home/notme/airflow_venv/airflow_venv/lib/python3.8/site-packages/airflow/example_dags/example_trigger_target_dag.py
[2022-06-16 12:21:42,927] {processor.py:652} INFO - DAG(s) dict_keys(['example_trigger_target_dag']) retrieved from /home/notme/airflow_venv/airflow_venv/lib/python3.8/site-packages/airflow/example_dags/example_trigger_target_dag.py
[2022-06-16 12:21:42,940] {logging_mixin.py:109} INFO - [2022-06-16 12:21:42,939] {dag.py:2398} INFO - Sync 1 DAGs
[2022-06-16 12:21:42,950] {logging_mixin.py:109} INFO - [2022-06-16 12:21:42,950] {dag.py:2937} INFO - Setting next_dagrun for example_trigger_target_dag to None
[2022-06-16 12:21:42,965] {processor.py:171} INFO - Processing /home/notme/airflow_venv/airflow_venv/lib/python3.8/site-packages/airflow/example_dags/example_trigger_target_dag.py took 0.062 seconds
[2022-06-16 12:22:20,316] {processor.py:163} INFO - Started process (PID=3184) to work on /home/notme/airflow_venv/airflow_venv/lib/python3.8/site-packages/airflow/example_dags/example_trigger_target_dag.py
[2022-06-16 12:22:20,317] {processor.py:642} INFO - Processing file /home/notme/airflow_venv/airflow_venv/lib/python3.8/site-packages/airflow/example_dags/example_trigger_target_dag.py for tasks to queue
[2022-06-16 12:22:20,317] {logging_mixin.py:109} INFO - [2022-06-16 12:22:20,317] {dagbag.py:500} INFO - Filling up the DagBag from /home/notme/airflow_venv/airflow_venv/lib/python3.8/site-packages/airflow/example_dags/example_trigger_target_dag.py
[2022-06-16 12:22:20,337] {processor.py:652} INFO - DAG(s) dict_keys(['example_trigger_target_dag']) retrieved from /home/notme/airflow_venv/airflow_venv/lib/python3.8/site-packages/airflow/example_dags/example_trigger_target_dag.py
[2022-06-16 12:22:20,350] {logging_mixin.py:109} INFO - [2022-06-16 12:22:20,350] {dag.py:2398} INFO - Sync 1 DAGs
[2022-06-16 12:22:20,361] {logging_mixin.py:109} INFO - [2022-06-16 12:22:20,361] {dag.py:2937} INFO - Setting next_dagrun for example_trigger_target_dag to None
[2022-06-16 12:22:20,380] {processor.py:171} INFO - Processing /home/notme/airflow_venv/airflow_venv/lib/python3.8/site-packages/airflow/example_dags/example_trigger_target_dag.py took 0.066 seconds
[2022-06-16 12:22:54,204] {processor.py:163} INFO - Started process (PID=3471) to work on /home/notme/airflow_venv/airflow_venv/lib/python3.8/site-packages/airflow/example_dags/example_trigger_target_dag.py
[2022-06-16 12:22:54,205] {processor.py:642} INFO - Processing file /home/notme/airflow_venv/airflow_venv/lib/python3.8/site-packages/airflow/example_dags/example_trigger_target_dag.py for tasks to queue
[2022-06-16 12:22:54,206] {logging_mixin.py:109} INFO - [2022-06-16 12:22:54,206] {dagbag.py:500} INFO - Filling up the DagBag from /home/notme/airflow_venv/airflow_venv/lib/python3.8/site-packages/airflow/example_dags/example_trigger_target_dag.py
[2022-06-16 12:22:54,219] {processor.py:652} INFO - DAG(s) dict_keys(['example_trigger_target_dag']) retrieved from /home/notme/airflow_venv/airflow_venv/lib/python3.8/site-packages/airflow/example_dags/example_trigger_target_dag.py
[2022-06-16 12:22:54,227] {logging_mixin.py:109} INFO - [2022-06-16 12:22:54,227] {dag.py:2398} INFO - Sync 1 DAGs
[2022-06-16 12:22:54,236] {logging_mixin.py:109} INFO - [2022-06-16 12:22:54,236] {dag.py:2937} INFO - Setting next_dagrun for example_trigger_target_dag to None
[2022-06-16 12:22:54,247] {processor.py:171} INFO - Processing /home/notme/airflow_venv/airflow_venv/lib/python3.8/site-packages/airflow/example_dags/example_trigger_target_dag.py took 0.045 seconds
[2022-06-16 12:23:29,370] {processor.py:163} INFO - Started process (PID=3850) to work on /home/notme/airflow_venv/airflow_venv/lib/python3.8/site-packages/airflow/example_dags/example_trigger_target_dag.py
[2022-06-16 12:23:29,371] {processor.py:642} INFO - Processing file /home/notme/airflow_venv/airflow_venv/lib/python3.8/site-packages/airflow/example_dags/example_trigger_target_dag.py for tasks to queue
[2022-06-16 12:23:29,372] {logging_mixin.py:109} INFO - [2022-06-16 12:23:29,372] {dagbag.py:500} INFO - Filling up the DagBag from /home/notme/airflow_venv/airflow_venv/lib/python3.8/site-packages/airflow/example_dags/example_trigger_target_dag.py
[2022-06-16 12:23:29,386] {processor.py:652} INFO - DAG(s) dict_keys(['example_trigger_target_dag']) retrieved from /home/notme/airflow_venv/airflow_venv/lib/python3.8/site-packages/airflow/example_dags/example_trigger_target_dag.py
[2022-06-16 12:23:29,395] {logging_mixin.py:109} INFO - [2022-06-16 12:23:29,395] {dag.py:2398} INFO - Sync 1 DAGs
[2022-06-16 12:23:29,404] {logging_mixin.py:109} INFO - [2022-06-16 12:23:29,404] {dag.py:2937} INFO - Setting next_dagrun for example_trigger_target_dag to None
[2022-06-16 12:23:29,415] {processor.py:171} INFO - Processing /home/notme/airflow_venv/airflow_venv/lib/python3.8/site-packages/airflow/example_dags/example_trigger_target_dag.py took 0.047 seconds
[2022-06-16 12:24:04,580] {processor.py:163} INFO - Started process (PID=3896) to work on /home/notme/airflow_venv/airflow_venv/lib/python3.8/site-packages/airflow/example_dags/example_trigger_target_dag.py
[2022-06-16 12:24:04,581] {processor.py:642} INFO - Processing file /home/notme/airflow_venv/airflow_venv/lib/python3.8/site-packages/airflow/example_dags/example_trigger_target_dag.py for tasks to queue
[2022-06-16 12:24:04,581] {logging_mixin.py:109} INFO - [2022-06-16 12:24:04,581] {dagbag.py:500} INFO - Filling up the DagBag from /home/notme/airflow_venv/airflow_venv/lib/python3.8/site-packages/airflow/example_dags/example_trigger_target_dag.py
[2022-06-16 12:24:04,595] {processor.py:652} INFO - DAG(s) dict_keys(['example_trigger_target_dag']) retrieved from /home/notme/airflow_venv/airflow_venv/lib/python3.8/site-packages/airflow/example_dags/example_trigger_target_dag.py
[2022-06-16 12:24:04,603] {logging_mixin.py:109} INFO - [2022-06-16 12:24:04,603] {dag.py:2398} INFO - Sync 1 DAGs
[2022-06-16 12:24:04,613] {logging_mixin.py:109} INFO - [2022-06-16 12:24:04,613] {dag.py:2937} INFO - Setting next_dagrun for example_trigger_target_dag to None
[2022-06-16 12:24:04,628] {processor.py:171} INFO - Processing /home/notme/airflow_venv/airflow_venv/lib/python3.8/site-packages/airflow/example_dags/example_trigger_target_dag.py took 0.050 seconds
[2022-06-16 12:24:40,744] {processor.py:163} INFO - Started process (PID=3953) to work on /home/notme/airflow_venv/airflow_venv/lib/python3.8/site-packages/airflow/example_dags/example_trigger_target_dag.py
[2022-06-16 12:24:40,745] {processor.py:642} INFO - Processing file /home/notme/airflow_venv/airflow_venv/lib/python3.8/site-packages/airflow/example_dags/example_trigger_target_dag.py for tasks to queue
[2022-06-16 12:24:40,746] {logging_mixin.py:109} INFO - [2022-06-16 12:24:40,746] {dagbag.py:500} INFO - Filling up the DagBag from /home/notme/airflow_venv/airflow_venv/lib/python3.8/site-packages/airflow/example_dags/example_trigger_target_dag.py
[2022-06-16 12:24:40,760] {processor.py:652} INFO - DAG(s) dict_keys(['example_trigger_target_dag']) retrieved from /home/notme/airflow_venv/airflow_venv/lib/python3.8/site-packages/airflow/example_dags/example_trigger_target_dag.py
[2022-06-16 12:24:40,769] {logging_mixin.py:109} INFO - [2022-06-16 12:24:40,769] {dag.py:2398} INFO - Sync 1 DAGs
[2022-06-16 12:24:40,779] {logging_mixin.py:109} INFO - [2022-06-16 12:24:40,779] {dag.py:2937} INFO - Setting next_dagrun for example_trigger_target_dag to None
[2022-06-16 12:24:40,791] {processor.py:171} INFO - Processing /home/notme/airflow_venv/airflow_venv/lib/python3.8/site-packages/airflow/example_dags/example_trigger_target_dag.py took 0.049 seconds
[2022-06-16 12:25:17,417] {processor.py:163} INFO - Started process (PID=9683) to work on /home/notme/airflow_venv/airflow_venv/lib/python3.8/site-packages/airflow/example_dags/example_trigger_target_dag.py
[2022-06-16 12:25:17,419] {processor.py:642} INFO - Processing file /home/notme/airflow_venv/airflow_venv/lib/python3.8/site-packages/airflow/example_dags/example_trigger_target_dag.py for tasks to queue
[2022-06-16 12:25:17,419] {logging_mixin.py:109} INFO - [2022-06-16 12:25:17,419] {dagbag.py:500} INFO - Filling up the DagBag from /home/notme/airflow_venv/airflow_venv/lib/python3.8/site-packages/airflow/example_dags/example_trigger_target_dag.py
[2022-06-16 12:25:17,434] {processor.py:652} INFO - DAG(s) dict_keys(['example_trigger_target_dag']) retrieved from /home/notme/airflow_venv/airflow_venv/lib/python3.8/site-packages/airflow/example_dags/example_trigger_target_dag.py
[2022-06-16 12:25:17,445] {logging_mixin.py:109} INFO - [2022-06-16 12:25:17,445] {dag.py:2398} INFO - Sync 1 DAGs
[2022-06-16 12:25:17,457] {logging_mixin.py:109} INFO - [2022-06-16 12:25:17,457] {dag.py:2937} INFO - Setting next_dagrun for example_trigger_target_dag to None
[2022-06-16 12:25:17,474] {processor.py:171} INFO - Processing /home/notme/airflow_venv/airflow_venv/lib/python3.8/site-packages/airflow/example_dags/example_trigger_target_dag.py took 0.058 seconds
[2022-06-16 12:25:51,227] {processor.py:163} INFO - Started process (PID=9938) to work on /home/notme/airflow_venv/airflow_venv/lib/python3.8/site-packages/airflow/example_dags/example_trigger_target_dag.py
[2022-06-16 12:25:51,229] {processor.py:642} INFO - Processing file /home/notme/airflow_venv/airflow_venv/lib/python3.8/site-packages/airflow/example_dags/example_trigger_target_dag.py for tasks to queue
[2022-06-16 12:25:51,229] {logging_mixin.py:109} INFO - [2022-06-16 12:25:51,229] {dagbag.py:500} INFO - Filling up the DagBag from /home/notme/airflow_venv/airflow_venv/lib/python3.8/site-packages/airflow/example_dags/example_trigger_target_dag.py
[2022-06-16 12:25:51,245] {processor.py:652} INFO - DAG(s) dict_keys(['example_trigger_target_dag']) retrieved from /home/notme/airflow_venv/airflow_venv/lib/python3.8/site-packages/airflow/example_dags/example_trigger_target_dag.py
[2022-06-16 12:25:51,253] {logging_mixin.py:109} INFO - [2022-06-16 12:25:51,253] {dag.py:2398} INFO - Sync 1 DAGs
[2022-06-16 12:25:51,262] {logging_mixin.py:109} INFO - [2022-06-16 12:25:51,261] {dag.py:2937} INFO - Setting next_dagrun for example_trigger_target_dag to None
[2022-06-16 12:25:51,274] {processor.py:171} INFO - Processing /home/notme/airflow_venv/airflow_venv/lib/python3.8/site-packages/airflow/example_dags/example_trigger_target_dag.py took 0.048 seconds
[2022-06-16 12:26:27,530] {processor.py:163} INFO - Started process (PID=10067) to work on /home/notme/airflow_venv/airflow_venv/lib/python3.8/site-packages/airflow/example_dags/example_trigger_target_dag.py
[2022-06-16 12:26:27,531] {processor.py:642} INFO - Processing file /home/notme/airflow_venv/airflow_venv/lib/python3.8/site-packages/airflow/example_dags/example_trigger_target_dag.py for tasks to queue
[2022-06-16 12:26:27,532] {logging_mixin.py:109} INFO - [2022-06-16 12:26:27,531] {dagbag.py:500} INFO - Filling up the DagBag from /home/notme/airflow_venv/airflow_venv/lib/python3.8/site-packages/airflow/example_dags/example_trigger_target_dag.py
[2022-06-16 12:26:27,544] {processor.py:652} INFO - DAG(s) dict_keys(['example_trigger_target_dag']) retrieved from /home/notme/airflow_venv/airflow_venv/lib/python3.8/site-packages/airflow/example_dags/example_trigger_target_dag.py
[2022-06-16 12:26:27,554] {logging_mixin.py:109} INFO - [2022-06-16 12:26:27,554] {dag.py:2398} INFO - Sync 1 DAGs
[2022-06-16 12:26:27,566] {logging_mixin.py:109} INFO - [2022-06-16 12:26:27,566] {dag.py:2937} INFO - Setting next_dagrun for example_trigger_target_dag to None
[2022-06-16 12:26:27,578] {processor.py:171} INFO - Processing /home/notme/airflow_venv/airflow_venv/lib/python3.8/site-packages/airflow/example_dags/example_trigger_target_dag.py took 0.051 seconds
[2022-06-16 12:27:06,146] {processor.py:163} INFO - Started process (PID=10422) to work on /home/notme/airflow_venv/airflow_venv/lib/python3.8/site-packages/airflow/example_dags/example_trigger_target_dag.py
[2022-06-16 12:27:06,147] {processor.py:642} INFO - Processing file /home/notme/airflow_venv/airflow_venv/lib/python3.8/site-packages/airflow/example_dags/example_trigger_target_dag.py for tasks to queue
[2022-06-16 12:27:06,147] {logging_mixin.py:109} INFO - [2022-06-16 12:27:06,147] {dagbag.py:500} INFO - Filling up the DagBag from /home/notme/airflow_venv/airflow_venv/lib/python3.8/site-packages/airflow/example_dags/example_trigger_target_dag.py
[2022-06-16 12:27:06,168] {processor.py:652} INFO - DAG(s) dict_keys(['example_trigger_target_dag']) retrieved from /home/notme/airflow_venv/airflow_venv/lib/python3.8/site-packages/airflow/example_dags/example_trigger_target_dag.py
[2022-06-16 12:27:06,179] {logging_mixin.py:109} INFO - [2022-06-16 12:27:06,178] {dag.py:2398} INFO - Sync 1 DAGs
[2022-06-16 12:27:06,192] {logging_mixin.py:109} INFO - [2022-06-16 12:27:06,192] {dag.py:2937} INFO - Setting next_dagrun for example_trigger_target_dag to None
[2022-06-16 12:27:06,318] {processor.py:171} INFO - Processing /home/notme/airflow_venv/airflow_venv/lib/python3.8/site-packages/airflow/example_dags/example_trigger_target_dag.py took 0.174 seconds
[2022-06-16 12:27:40,160] {processor.py:163} INFO - Started process (PID=10472) to work on /home/notme/airflow_venv/airflow_venv/lib/python3.8/site-packages/airflow/example_dags/example_trigger_target_dag.py
[2022-06-16 12:27:40,161] {processor.py:642} INFO - Processing file /home/notme/airflow_venv/airflow_venv/lib/python3.8/site-packages/airflow/example_dags/example_trigger_target_dag.py for tasks to queue
[2022-06-16 12:27:40,161] {logging_mixin.py:109} INFO - [2022-06-16 12:27:40,161] {dagbag.py:500} INFO - Filling up the DagBag from /home/notme/airflow_venv/airflow_venv/lib/python3.8/site-packages/airflow/example_dags/example_trigger_target_dag.py
[2022-06-16 12:27:40,175] {processor.py:652} INFO - DAG(s) dict_keys(['example_trigger_target_dag']) retrieved from /home/notme/airflow_venv/airflow_venv/lib/python3.8/site-packages/airflow/example_dags/example_trigger_target_dag.py
[2022-06-16 12:27:40,185] {logging_mixin.py:109} INFO - [2022-06-16 12:27:40,185] {dag.py:2398} INFO - Sync 1 DAGs
[2022-06-16 12:27:40,195] {logging_mixin.py:109} INFO - [2022-06-16 12:27:40,195] {dag.py:2937} INFO - Setting next_dagrun for example_trigger_target_dag to None
[2022-06-16 12:27:40,208] {processor.py:171} INFO - Processing /home/notme/airflow_venv/airflow_venv/lib/python3.8/site-packages/airflow/example_dags/example_trigger_target_dag.py took 0.050 seconds
[2022-06-16 12:28:14,767] {processor.py:163} INFO - Started process (PID=10997) to work on /home/notme/airflow_venv/airflow_venv/lib/python3.8/site-packages/airflow/example_dags/example_trigger_target_dag.py
[2022-06-16 12:28:14,769] {processor.py:642} INFO - Processing file /home/notme/airflow_venv/airflow_venv/lib/python3.8/site-packages/airflow/example_dags/example_trigger_target_dag.py for tasks to queue
[2022-06-16 12:28:14,769] {logging_mixin.py:109} INFO - [2022-06-16 12:28:14,769] {dagbag.py:500} INFO - Filling up the DagBag from /home/notme/airflow_venv/airflow_venv/lib/python3.8/site-packages/airflow/example_dags/example_trigger_target_dag.py
[2022-06-16 12:28:14,782] {processor.py:652} INFO - DAG(s) dict_keys(['example_trigger_target_dag']) retrieved from /home/notme/airflow_venv/airflow_venv/lib/python3.8/site-packages/airflow/example_dags/example_trigger_target_dag.py
[2022-06-16 12:28:14,790] {logging_mixin.py:109} INFO - [2022-06-16 12:28:14,790] {dag.py:2398} INFO - Sync 1 DAGs
[2022-06-16 12:28:14,800] {logging_mixin.py:109} INFO - [2022-06-16 12:28:14,800] {dag.py:2937} INFO - Setting next_dagrun for example_trigger_target_dag to None
[2022-06-16 12:28:14,814] {processor.py:171} INFO - Processing /home/notme/airflow_venv/airflow_venv/lib/python3.8/site-packages/airflow/example_dags/example_trigger_target_dag.py took 0.049 seconds
[2022-06-16 12:28:49,411] {processor.py:163} INFO - Started process (PID=11046) to work on /home/notme/airflow_venv/airflow_venv/lib/python3.8/site-packages/airflow/example_dags/example_trigger_target_dag.py
[2022-06-16 12:28:49,413] {processor.py:642} INFO - Processing file /home/notme/airflow_venv/airflow_venv/lib/python3.8/site-packages/airflow/example_dags/example_trigger_target_dag.py for tasks to queue
[2022-06-16 12:28:49,413] {logging_mixin.py:109} INFO - [2022-06-16 12:28:49,413] {dagbag.py:500} INFO - Filling up the DagBag from /home/notme/airflow_venv/airflow_venv/lib/python3.8/site-packages/airflow/example_dags/example_trigger_target_dag.py
[2022-06-16 12:28:49,427] {processor.py:652} INFO - DAG(s) dict_keys(['example_trigger_target_dag']) retrieved from /home/notme/airflow_venv/airflow_venv/lib/python3.8/site-packages/airflow/example_dags/example_trigger_target_dag.py
[2022-06-16 12:28:49,435] {logging_mixin.py:109} INFO - [2022-06-16 12:28:49,435] {dag.py:2398} INFO - Sync 1 DAGs
[2022-06-16 12:28:49,444] {logging_mixin.py:109} INFO - [2022-06-16 12:28:49,444] {dag.py:2937} INFO - Setting next_dagrun for example_trigger_target_dag to None
[2022-06-16 12:28:49,457] {processor.py:171} INFO - Processing /home/notme/airflow_venv/airflow_venv/lib/python3.8/site-packages/airflow/example_dags/example_trigger_target_dag.py took 0.049 seconds
[2022-06-16 12:29:26,565] {processor.py:163} INFO - Started process (PID=11099) to work on /home/notme/airflow_venv/airflow_venv/lib/python3.8/site-packages/airflow/example_dags/example_trigger_target_dag.py
[2022-06-16 12:29:26,567] {processor.py:642} INFO - Processing file /home/notme/airflow_venv/airflow_venv/lib/python3.8/site-packages/airflow/example_dags/example_trigger_target_dag.py for tasks to queue
[2022-06-16 12:29:26,567] {logging_mixin.py:109} INFO - [2022-06-16 12:29:26,567] {dagbag.py:500} INFO - Filling up the DagBag from /home/notme/airflow_venv/airflow_venv/lib/python3.8/site-packages/airflow/example_dags/example_trigger_target_dag.py
[2022-06-16 12:29:26,580] {processor.py:652} INFO - DAG(s) dict_keys(['example_trigger_target_dag']) retrieved from /home/notme/airflow_venv/airflow_venv/lib/python3.8/site-packages/airflow/example_dags/example_trigger_target_dag.py
[2022-06-16 12:29:26,588] {logging_mixin.py:109} INFO - [2022-06-16 12:29:26,588] {dag.py:2398} INFO - Sync 1 DAGs
[2022-06-16 12:29:26,598] {logging_mixin.py:109} INFO - [2022-06-16 12:29:26,598] {dag.py:2937} INFO - Setting next_dagrun for example_trigger_target_dag to None
[2022-06-16 12:29:26,611] {processor.py:171} INFO - Processing /home/notme/airflow_venv/airflow_venv/lib/python3.8/site-packages/airflow/example_dags/example_trigger_target_dag.py took 0.047 seconds
[2022-06-16 12:30:02,745] {processor.py:163} INFO - Started process (PID=11305) to work on /home/notme/airflow_venv/airflow_venv/lib/python3.8/site-packages/airflow/example_dags/example_trigger_target_dag.py
[2022-06-16 12:30:02,746] {processor.py:642} INFO - Processing file /home/notme/airflow_venv/airflow_venv/lib/python3.8/site-packages/airflow/example_dags/example_trigger_target_dag.py for tasks to queue
[2022-06-16 12:30:02,747] {logging_mixin.py:109} INFO - [2022-06-16 12:30:02,747] {dagbag.py:500} INFO - Filling up the DagBag from /home/notme/airflow_venv/airflow_venv/lib/python3.8/site-packages/airflow/example_dags/example_trigger_target_dag.py
[2022-06-16 12:30:02,760] {processor.py:652} INFO - DAG(s) dict_keys(['example_trigger_target_dag']) retrieved from /home/notme/airflow_venv/airflow_venv/lib/python3.8/site-packages/airflow/example_dags/example_trigger_target_dag.py
[2022-06-16 12:30:02,769] {logging_mixin.py:109} INFO - [2022-06-16 12:30:02,769] {dag.py:2398} INFO - Sync 1 DAGs
[2022-06-16 12:30:02,778] {logging_mixin.py:109} INFO - [2022-06-16 12:30:02,778] {dag.py:2937} INFO - Setting next_dagrun for example_trigger_target_dag to None
[2022-06-16 12:30:02,790] {processor.py:171} INFO - Processing /home/notme/airflow_venv/airflow_venv/lib/python3.8/site-packages/airflow/example_dags/example_trigger_target_dag.py took 0.047 seconds
[2022-06-16 12:30:36,519] {processor.py:163} INFO - Started process (PID=11348) to work on /home/notme/airflow_venv/airflow_venv/lib/python3.8/site-packages/airflow/example_dags/example_trigger_target_dag.py
[2022-06-16 12:30:36,520] {processor.py:642} INFO - Processing file /home/notme/airflow_venv/airflow_venv/lib/python3.8/site-packages/airflow/example_dags/example_trigger_target_dag.py for tasks to queue
[2022-06-16 12:30:36,520] {logging_mixin.py:109} INFO - [2022-06-16 12:30:36,520] {dagbag.py:500} INFO - Filling up the DagBag from /home/notme/airflow_venv/airflow_venv/lib/python3.8/site-packages/airflow/example_dags/example_trigger_target_dag.py
[2022-06-16 12:30:36,532] {processor.py:652} INFO - DAG(s) dict_keys(['example_trigger_target_dag']) retrieved from /home/notme/airflow_venv/airflow_venv/lib/python3.8/site-packages/airflow/example_dags/example_trigger_target_dag.py
[2022-06-16 12:30:36,540] {logging_mixin.py:109} INFO - [2022-06-16 12:30:36,540] {dag.py:2398} INFO - Sync 1 DAGs
[2022-06-16 12:30:36,550] {logging_mixin.py:109} INFO - [2022-06-16 12:30:36,550] {dag.py:2937} INFO - Setting next_dagrun for example_trigger_target_dag to None
[2022-06-16 12:30:36,562] {processor.py:171} INFO - Processing /home/notme/airflow_venv/airflow_venv/lib/python3.8/site-packages/airflow/example_dags/example_trigger_target_dag.py took 0.045 seconds
