[2022-06-16 12:15:57,227] {processor.py:163} INFO - Started process (PID=1403) to work on /home/notme/airflow_venv/airflow_venv/lib/python3.8/site-packages/airflow/example_dags/example_branch_operator.py
[2022-06-16 12:15:57,228] {processor.py:642} INFO - Processing file /home/notme/airflow_venv/airflow_venv/lib/python3.8/site-packages/airflow/example_dags/example_branch_operator.py for tasks to queue
[2022-06-16 12:15:57,228] {logging_mixin.py:109} INFO - [2022-06-16 12:15:57,228] {dagbag.py:500} INFO - Filling up the DagBag from /home/notme/airflow_venv/airflow_venv/lib/python3.8/site-packages/airflow/example_dags/example_branch_operator.py
[2022-06-16 12:15:57,243] {processor.py:652} INFO - DAG(s) dict_keys(['example_branch_operator']) retrieved from /home/notme/airflow_venv/airflow_venv/lib/python3.8/site-packages/airflow/example_dags/example_branch_operator.py
[2022-06-16 12:15:57,253] {logging_mixin.py:109} INFO - [2022-06-16 12:15:57,253] {dag.py:2398} INFO - Sync 1 DAGs
[2022-06-16 12:15:57,270] {logging_mixin.py:109} INFO - [2022-06-16 12:15:57,270] {dag.py:2937} INFO - Setting next_dagrun for example_branch_operator to 2022-06-15 00:00:00+00:00
[2022-06-16 12:15:57,301] {processor.py:171} INFO - Processing /home/notme/airflow_venv/airflow_venv/lib/python3.8/site-packages/airflow/example_dags/example_branch_operator.py took 0.076 seconds
[2022-06-16 12:16:32,438] {processor.py:163} INFO - Started process (PID=1745) to work on /home/notme/airflow_venv/airflow_venv/lib/python3.8/site-packages/airflow/example_dags/example_branch_operator.py
[2022-06-16 12:16:32,439] {processor.py:642} INFO - Processing file /home/notme/airflow_venv/airflow_venv/lib/python3.8/site-packages/airflow/example_dags/example_branch_operator.py for tasks to queue
[2022-06-16 12:16:32,439] {logging_mixin.py:109} INFO - [2022-06-16 12:16:32,439] {dagbag.py:500} INFO - Filling up the DagBag from /home/notme/airflow_venv/airflow_venv/lib/python3.8/site-packages/airflow/example_dags/example_branch_operator.py
[2022-06-16 12:16:32,451] {processor.py:652} INFO - DAG(s) dict_keys(['example_branch_operator']) retrieved from /home/notme/airflow_venv/airflow_venv/lib/python3.8/site-packages/airflow/example_dags/example_branch_operator.py
[2022-06-16 12:16:32,462] {logging_mixin.py:109} INFO - [2022-06-16 12:16:32,461] {dag.py:2398} INFO - Sync 1 DAGs
[2022-06-16 12:16:32,472] {logging_mixin.py:109} INFO - [2022-06-16 12:16:32,472] {dag.py:2937} INFO - Setting next_dagrun for example_branch_operator to 2022-06-15 00:00:00+00:00
[2022-06-16 12:16:32,487] {processor.py:171} INFO - Processing /home/notme/airflow_venv/airflow_venv/lib/python3.8/site-packages/airflow/example_dags/example_branch_operator.py took 0.051 seconds
[2022-06-16 12:17:05,757] {processor.py:163} INFO - Started process (PID=1794) to work on /home/notme/airflow_venv/airflow_venv/lib/python3.8/site-packages/airflow/example_dags/example_branch_operator.py
[2022-06-16 12:17:05,758] {processor.py:642} INFO - Processing file /home/notme/airflow_venv/airflow_venv/lib/python3.8/site-packages/airflow/example_dags/example_branch_operator.py for tasks to queue
[2022-06-16 12:17:05,759] {logging_mixin.py:109} INFO - [2022-06-16 12:17:05,759] {dagbag.py:500} INFO - Filling up the DagBag from /home/notme/airflow_venv/airflow_venv/lib/python3.8/site-packages/airflow/example_dags/example_branch_operator.py
[2022-06-16 12:17:05,770] {processor.py:652} INFO - DAG(s) dict_keys(['example_branch_operator']) retrieved from /home/notme/airflow_venv/airflow_venv/lib/python3.8/site-packages/airflow/example_dags/example_branch_operator.py
[2022-06-16 12:17:05,779] {logging_mixin.py:109} INFO - [2022-06-16 12:17:05,779] {dag.py:2398} INFO - Sync 1 DAGs
[2022-06-16 12:17:05,790] {logging_mixin.py:109} INFO - [2022-06-16 12:17:05,790] {dag.py:2937} INFO - Setting next_dagrun for example_branch_operator to 2022-06-15 00:00:00+00:00
[2022-06-16 12:17:05,803] {processor.py:171} INFO - Processing /home/notme/airflow_venv/airflow_venv/lib/python3.8/site-packages/airflow/example_dags/example_branch_operator.py took 0.048 seconds
[2022-06-16 12:17:43,631] {processor.py:163} INFO - Started process (PID=2119) to work on /home/notme/airflow_venv/airflow_venv/lib/python3.8/site-packages/airflow/example_dags/example_branch_operator.py
[2022-06-16 12:17:43,632] {processor.py:642} INFO - Processing file /home/notme/airflow_venv/airflow_venv/lib/python3.8/site-packages/airflow/example_dags/example_branch_operator.py for tasks to queue
[2022-06-16 12:17:43,633] {logging_mixin.py:109} INFO - [2022-06-16 12:17:43,632] {dagbag.py:500} INFO - Filling up the DagBag from /home/notme/airflow_venv/airflow_venv/lib/python3.8/site-packages/airflow/example_dags/example_branch_operator.py
[2022-06-16 12:17:43,645] {processor.py:652} INFO - DAG(s) dict_keys(['example_branch_operator']) retrieved from /home/notme/airflow_venv/airflow_venv/lib/python3.8/site-packages/airflow/example_dags/example_branch_operator.py
[2022-06-16 12:17:43,654] {logging_mixin.py:109} INFO - [2022-06-16 12:17:43,654] {dag.py:2398} INFO - Sync 1 DAGs
[2022-06-16 12:17:43,666] {logging_mixin.py:109} INFO - [2022-06-16 12:17:43,666] {dag.py:2937} INFO - Setting next_dagrun for example_branch_operator to 2022-06-15 00:00:00+00:00
[2022-06-16 12:17:43,678] {processor.py:171} INFO - Processing /home/notme/airflow_venv/airflow_venv/lib/python3.8/site-packages/airflow/example_dags/example_branch_operator.py took 0.049 seconds
[2022-06-16 12:18:18,680] {processor.py:163} INFO - Started process (PID=2161) to work on /home/notme/airflow_venv/airflow_venv/lib/python3.8/site-packages/airflow/example_dags/example_branch_operator.py
[2022-06-16 12:18:18,681] {processor.py:642} INFO - Processing file /home/notme/airflow_venv/airflow_venv/lib/python3.8/site-packages/airflow/example_dags/example_branch_operator.py for tasks to queue
[2022-06-16 12:18:18,681] {logging_mixin.py:109} INFO - [2022-06-16 12:18:18,681] {dagbag.py:500} INFO - Filling up the DagBag from /home/notme/airflow_venv/airflow_venv/lib/python3.8/site-packages/airflow/example_dags/example_branch_operator.py
[2022-06-16 12:18:18,693] {processor.py:652} INFO - DAG(s) dict_keys(['example_branch_operator']) retrieved from /home/notme/airflow_venv/airflow_venv/lib/python3.8/site-packages/airflow/example_dags/example_branch_operator.py
[2022-06-16 12:18:18,702] {logging_mixin.py:109} INFO - [2022-06-16 12:18:18,702] {dag.py:2398} INFO - Sync 1 DAGs
[2022-06-16 12:18:18,714] {logging_mixin.py:109} INFO - [2022-06-16 12:18:18,714] {dag.py:2937} INFO - Setting next_dagrun for example_branch_operator to 2022-06-15 00:00:00+00:00
[2022-06-16 12:18:18,727] {processor.py:171} INFO - Processing /home/notme/airflow_venv/airflow_venv/lib/python3.8/site-packages/airflow/example_dags/example_branch_operator.py took 0.049 seconds
[2022-06-16 12:18:57,232] {processor.py:163} INFO - Started process (PID=2436) to work on /home/notme/airflow_venv/airflow_venv/lib/python3.8/site-packages/airflow/example_dags/example_branch_operator.py
[2022-06-16 12:18:57,233] {processor.py:642} INFO - Processing file /home/notme/airflow_venv/airflow_venv/lib/python3.8/site-packages/airflow/example_dags/example_branch_operator.py for tasks to queue
[2022-06-16 12:18:57,234] {logging_mixin.py:109} INFO - [2022-06-16 12:18:57,234] {dagbag.py:500} INFO - Filling up the DagBag from /home/notme/airflow_venv/airflow_venv/lib/python3.8/site-packages/airflow/example_dags/example_branch_operator.py
[2022-06-16 12:18:57,247] {processor.py:652} INFO - DAG(s) dict_keys(['example_branch_operator']) retrieved from /home/notme/airflow_venv/airflow_venv/lib/python3.8/site-packages/airflow/example_dags/example_branch_operator.py
[2022-06-16 12:18:57,256] {logging_mixin.py:109} INFO - [2022-06-16 12:18:57,256] {dag.py:2398} INFO - Sync 1 DAGs
[2022-06-16 12:18:57,270] {logging_mixin.py:109} INFO - [2022-06-16 12:18:57,270] {dag.py:2937} INFO - Setting next_dagrun for example_branch_operator to 2022-06-15 00:00:00+00:00
[2022-06-16 12:18:57,283] {processor.py:171} INFO - Processing /home/notme/airflow_venv/airflow_venv/lib/python3.8/site-packages/airflow/example_dags/example_branch_operator.py took 0.052 seconds
[2022-06-16 12:19:30,376] {processor.py:163} INFO - Started process (PID=2478) to work on /home/notme/airflow_venv/airflow_venv/lib/python3.8/site-packages/airflow/example_dags/example_branch_operator.py
[2022-06-16 12:19:30,377] {processor.py:642} INFO - Processing file /home/notme/airflow_venv/airflow_venv/lib/python3.8/site-packages/airflow/example_dags/example_branch_operator.py for tasks to queue
[2022-06-16 12:19:30,378] {logging_mixin.py:109} INFO - [2022-06-16 12:19:30,377] {dagbag.py:500} INFO - Filling up the DagBag from /home/notme/airflow_venv/airflow_venv/lib/python3.8/site-packages/airflow/example_dags/example_branch_operator.py
[2022-06-16 12:19:30,393] {processor.py:652} INFO - DAG(s) dict_keys(['example_branch_operator']) retrieved from /home/notme/airflow_venv/airflow_venv/lib/python3.8/site-packages/airflow/example_dags/example_branch_operator.py
[2022-06-16 12:19:30,407] {logging_mixin.py:109} INFO - [2022-06-16 12:19:30,406] {dag.py:2398} INFO - Sync 1 DAGs
[2022-06-16 12:19:30,424] {logging_mixin.py:109} INFO - [2022-06-16 12:19:30,424] {dag.py:2937} INFO - Setting next_dagrun for example_branch_operator to 2022-06-15 00:00:00+00:00
[2022-06-16 12:19:30,439] {processor.py:171} INFO - Processing /home/notme/airflow_venv/airflow_venv/lib/python3.8/site-packages/airflow/example_dags/example_branch_operator.py took 0.066 seconds
[2022-06-16 12:20:06,557] {processor.py:163} INFO - Started process (PID=2697) to work on /home/notme/airflow_venv/airflow_venv/lib/python3.8/site-packages/airflow/example_dags/example_branch_operator.py
[2022-06-16 12:20:06,559] {processor.py:642} INFO - Processing file /home/notme/airflow_venv/airflow_venv/lib/python3.8/site-packages/airflow/example_dags/example_branch_operator.py for tasks to queue
[2022-06-16 12:20:06,559] {logging_mixin.py:109} INFO - [2022-06-16 12:20:06,559] {dagbag.py:500} INFO - Filling up the DagBag from /home/notme/airflow_venv/airflow_venv/lib/python3.8/site-packages/airflow/example_dags/example_branch_operator.py
[2022-06-16 12:20:06,573] {processor.py:652} INFO - DAG(s) dict_keys(['example_branch_operator']) retrieved from /home/notme/airflow_venv/airflow_venv/lib/python3.8/site-packages/airflow/example_dags/example_branch_operator.py
[2022-06-16 12:20:06,583] {logging_mixin.py:109} INFO - [2022-06-16 12:20:06,583] {dag.py:2398} INFO - Sync 1 DAGs
[2022-06-16 12:20:06,599] {logging_mixin.py:109} INFO - [2022-06-16 12:20:06,599] {dag.py:2937} INFO - Setting next_dagrun for example_branch_operator to 2022-06-15 00:00:00+00:00
[2022-06-16 12:20:06,621] {processor.py:171} INFO - Processing /home/notme/airflow_venv/airflow_venv/lib/python3.8/site-packages/airflow/example_dags/example_branch_operator.py took 0.066 seconds
[2022-06-16 12:20:45,152] {processor.py:163} INFO - Started process (PID=2744) to work on /home/notme/airflow_venv/airflow_venv/lib/python3.8/site-packages/airflow/example_dags/example_branch_operator.py
[2022-06-16 12:20:45,153] {processor.py:642} INFO - Processing file /home/notme/airflow_venv/airflow_venv/lib/python3.8/site-packages/airflow/example_dags/example_branch_operator.py for tasks to queue
[2022-06-16 12:20:45,154] {logging_mixin.py:109} INFO - [2022-06-16 12:20:45,154] {dagbag.py:500} INFO - Filling up the DagBag from /home/notme/airflow_venv/airflow_venv/lib/python3.8/site-packages/airflow/example_dags/example_branch_operator.py
[2022-06-16 12:20:45,170] {processor.py:652} INFO - DAG(s) dict_keys(['example_branch_operator']) retrieved from /home/notme/airflow_venv/airflow_venv/lib/python3.8/site-packages/airflow/example_dags/example_branch_operator.py
[2022-06-16 12:20:45,186] {logging_mixin.py:109} INFO - [2022-06-16 12:20:45,186] {dag.py:2398} INFO - Sync 1 DAGs
[2022-06-16 12:20:45,204] {logging_mixin.py:109} INFO - [2022-06-16 12:20:45,204] {dag.py:2937} INFO - Setting next_dagrun for example_branch_operator to 2022-06-15 00:00:00+00:00
[2022-06-16 12:20:45,234] {processor.py:171} INFO - Processing /home/notme/airflow_venv/airflow_venv/lib/python3.8/site-packages/airflow/example_dags/example_branch_operator.py took 0.084 seconds
[2022-06-16 12:21:24,448] {processor.py:163} INFO - Started process (PID=2959) to work on /home/notme/airflow_venv/airflow_venv/lib/python3.8/site-packages/airflow/example_dags/example_branch_operator.py
[2022-06-16 12:21:24,450] {processor.py:642} INFO - Processing file /home/notme/airflow_venv/airflow_venv/lib/python3.8/site-packages/airflow/example_dags/example_branch_operator.py for tasks to queue
[2022-06-16 12:21:24,450] {logging_mixin.py:109} INFO - [2022-06-16 12:21:24,450] {dagbag.py:500} INFO - Filling up the DagBag from /home/notme/airflow_venv/airflow_venv/lib/python3.8/site-packages/airflow/example_dags/example_branch_operator.py
[2022-06-16 12:21:24,474] {processor.py:652} INFO - DAG(s) dict_keys(['example_branch_operator']) retrieved from /home/notme/airflow_venv/airflow_venv/lib/python3.8/site-packages/airflow/example_dags/example_branch_operator.py
[2022-06-16 12:21:24,489] {logging_mixin.py:109} INFO - [2022-06-16 12:21:24,489] {dag.py:2398} INFO - Sync 1 DAGs
[2022-06-16 12:21:24,512] {logging_mixin.py:109} INFO - [2022-06-16 12:21:24,512] {dag.py:2937} INFO - Setting next_dagrun for example_branch_operator to 2022-06-15 00:00:00+00:00
[2022-06-16 12:21:24,541] {processor.py:171} INFO - Processing /home/notme/airflow_venv/airflow_venv/lib/python3.8/site-packages/airflow/example_dags/example_branch_operator.py took 0.095 seconds
[2022-06-16 12:21:59,946] {processor.py:163} INFO - Started process (PID=3131) to work on /home/notme/airflow_venv/airflow_venv/lib/python3.8/site-packages/airflow/example_dags/example_branch_operator.py
[2022-06-16 12:21:59,947] {processor.py:642} INFO - Processing file /home/notme/airflow_venv/airflow_venv/lib/python3.8/site-packages/airflow/example_dags/example_branch_operator.py for tasks to queue
[2022-06-16 12:21:59,948] {logging_mixin.py:109} INFO - [2022-06-16 12:21:59,948] {dagbag.py:500} INFO - Filling up the DagBag from /home/notme/airflow_venv/airflow_venv/lib/python3.8/site-packages/airflow/example_dags/example_branch_operator.py
[2022-06-16 12:21:59,966] {processor.py:652} INFO - DAG(s) dict_keys(['example_branch_operator']) retrieved from /home/notme/airflow_venv/airflow_venv/lib/python3.8/site-packages/airflow/example_dags/example_branch_operator.py
[2022-06-16 12:21:59,980] {logging_mixin.py:109} INFO - [2022-06-16 12:21:59,979] {dag.py:2398} INFO - Sync 1 DAGs
[2022-06-16 12:21:59,992] {logging_mixin.py:109} INFO - [2022-06-16 12:21:59,992] {dag.py:2937} INFO - Setting next_dagrun for example_branch_operator to 2022-06-15 00:00:00+00:00
[2022-06-16 12:22:00,018] {processor.py:171} INFO - Processing /home/notme/airflow_venv/airflow_venv/lib/python3.8/site-packages/airflow/example_dags/example_branch_operator.py took 0.074 seconds
[2022-06-16 12:22:37,943] {processor.py:163} INFO - Started process (PID=3446) to work on /home/notme/airflow_venv/airflow_venv/lib/python3.8/site-packages/airflow/example_dags/example_branch_operator.py
[2022-06-16 12:22:37,944] {processor.py:642} INFO - Processing file /home/notme/airflow_venv/airflow_venv/lib/python3.8/site-packages/airflow/example_dags/example_branch_operator.py for tasks to queue
[2022-06-16 12:22:37,945] {logging_mixin.py:109} INFO - [2022-06-16 12:22:37,945] {dagbag.py:500} INFO - Filling up the DagBag from /home/notme/airflow_venv/airflow_venv/lib/python3.8/site-packages/airflow/example_dags/example_branch_operator.py
[2022-06-16 12:22:37,959] {processor.py:652} INFO - DAG(s) dict_keys(['example_branch_operator']) retrieved from /home/notme/airflow_venv/airflow_venv/lib/python3.8/site-packages/airflow/example_dags/example_branch_operator.py
[2022-06-16 12:22:37,967] {logging_mixin.py:109} INFO - [2022-06-16 12:22:37,967] {dag.py:2398} INFO - Sync 1 DAGs
[2022-06-16 12:22:37,977] {logging_mixin.py:109} INFO - [2022-06-16 12:22:37,977] {dag.py:2937} INFO - Setting next_dagrun for example_branch_operator to 2022-06-15 00:00:00+00:00
[2022-06-16 12:22:37,991] {processor.py:171} INFO - Processing /home/notme/airflow_venv/airflow_venv/lib/python3.8/site-packages/airflow/example_dags/example_branch_operator.py took 0.050 seconds
[2022-06-16 12:23:13,697] {processor.py:163} INFO - Started process (PID=3505) to work on /home/notme/airflow_venv/airflow_venv/lib/python3.8/site-packages/airflow/example_dags/example_branch_operator.py
[2022-06-16 12:23:13,698] {processor.py:642} INFO - Processing file /home/notme/airflow_venv/airflow_venv/lib/python3.8/site-packages/airflow/example_dags/example_branch_operator.py for tasks to queue
[2022-06-16 12:23:13,699] {logging_mixin.py:109} INFO - [2022-06-16 12:23:13,699] {dagbag.py:500} INFO - Filling up the DagBag from /home/notme/airflow_venv/airflow_venv/lib/python3.8/site-packages/airflow/example_dags/example_branch_operator.py
[2022-06-16 12:23:13,714] {processor.py:652} INFO - DAG(s) dict_keys(['example_branch_operator']) retrieved from /home/notme/airflow_venv/airflow_venv/lib/python3.8/site-packages/airflow/example_dags/example_branch_operator.py
[2022-06-16 12:23:13,725] {logging_mixin.py:109} INFO - [2022-06-16 12:23:13,725] {dag.py:2398} INFO - Sync 1 DAGs
[2022-06-16 12:23:13,739] {logging_mixin.py:109} INFO - [2022-06-16 12:23:13,739] {dag.py:2937} INFO - Setting next_dagrun for example_branch_operator to 2022-06-15 00:00:00+00:00
[2022-06-16 12:23:13,751] {processor.py:171} INFO - Processing /home/notme/airflow_venv/airflow_venv/lib/python3.8/site-packages/airflow/example_dags/example_branch_operator.py took 0.056 seconds
[2022-06-16 12:23:49,969] {processor.py:163} INFO - Started process (PID=3879) to work on /home/notme/airflow_venv/airflow_venv/lib/python3.8/site-packages/airflow/example_dags/example_branch_operator.py
[2022-06-16 12:23:49,971] {processor.py:642} INFO - Processing file /home/notme/airflow_venv/airflow_venv/lib/python3.8/site-packages/airflow/example_dags/example_branch_operator.py for tasks to queue
[2022-06-16 12:23:49,971] {logging_mixin.py:109} INFO - [2022-06-16 12:23:49,971] {dagbag.py:500} INFO - Filling up the DagBag from /home/notme/airflow_venv/airflow_venv/lib/python3.8/site-packages/airflow/example_dags/example_branch_operator.py
[2022-06-16 12:23:49,986] {processor.py:652} INFO - DAG(s) dict_keys(['example_branch_operator']) retrieved from /home/notme/airflow_venv/airflow_venv/lib/python3.8/site-packages/airflow/example_dags/example_branch_operator.py
[2022-06-16 12:23:49,994] {logging_mixin.py:109} INFO - [2022-06-16 12:23:49,994] {dag.py:2398} INFO - Sync 1 DAGs
[2022-06-16 12:23:50,005] {logging_mixin.py:109} INFO - [2022-06-16 12:23:50,005] {dag.py:2937} INFO - Setting next_dagrun for example_branch_operator to 2022-06-15 00:00:00+00:00
[2022-06-16 12:23:50,018] {processor.py:171} INFO - Processing /home/notme/airflow_venv/airflow_venv/lib/python3.8/site-packages/airflow/example_dags/example_branch_operator.py took 0.050 seconds
[2022-06-16 12:24:24,059] {processor.py:163} INFO - Started process (PID=3937) to work on /home/notme/airflow_venv/airflow_venv/lib/python3.8/site-packages/airflow/example_dags/example_branch_operator.py
[2022-06-16 12:24:24,060] {processor.py:642} INFO - Processing file /home/notme/airflow_venv/airflow_venv/lib/python3.8/site-packages/airflow/example_dags/example_branch_operator.py for tasks to queue
[2022-06-16 12:24:24,060] {logging_mixin.py:109} INFO - [2022-06-16 12:24:24,060] {dagbag.py:500} INFO - Filling up the DagBag from /home/notme/airflow_venv/airflow_venv/lib/python3.8/site-packages/airflow/example_dags/example_branch_operator.py
[2022-06-16 12:24:24,073] {processor.py:652} INFO - DAG(s) dict_keys(['example_branch_operator']) retrieved from /home/notme/airflow_venv/airflow_venv/lib/python3.8/site-packages/airflow/example_dags/example_branch_operator.py
[2022-06-16 12:24:24,083] {logging_mixin.py:109} INFO - [2022-06-16 12:24:24,083] {dag.py:2398} INFO - Sync 1 DAGs
[2022-06-16 12:24:24,094] {logging_mixin.py:109} INFO - [2022-06-16 12:24:24,094] {dag.py:2937} INFO - Setting next_dagrun for example_branch_operator to 2022-06-15 00:00:00+00:00
[2022-06-16 12:24:24,107] {processor.py:171} INFO - Processing /home/notme/airflow_venv/airflow_venv/lib/python3.8/site-packages/airflow/example_dags/example_branch_operator.py took 0.050 seconds
[2022-06-16 12:25:01,657] {processor.py:163} INFO - Started process (PID=9434) to work on /home/notme/airflow_venv/airflow_venv/lib/python3.8/site-packages/airflow/example_dags/example_branch_operator.py
[2022-06-16 12:25:01,658] {processor.py:642} INFO - Processing file /home/notme/airflow_venv/airflow_venv/lib/python3.8/site-packages/airflow/example_dags/example_branch_operator.py for tasks to queue
[2022-06-16 12:25:01,659] {logging_mixin.py:109} INFO - [2022-06-16 12:25:01,659] {dagbag.py:500} INFO - Filling up the DagBag from /home/notme/airflow_venv/airflow_venv/lib/python3.8/site-packages/airflow/example_dags/example_branch_operator.py
[2022-06-16 12:25:01,673] {processor.py:652} INFO - DAG(s) dict_keys(['example_branch_operator']) retrieved from /home/notme/airflow_venv/airflow_venv/lib/python3.8/site-packages/airflow/example_dags/example_branch_operator.py
[2022-06-16 12:25:01,683] {logging_mixin.py:109} INFO - [2022-06-16 12:25:01,683] {dag.py:2398} INFO - Sync 1 DAGs
[2022-06-16 12:25:01,696] {logging_mixin.py:109} INFO - [2022-06-16 12:25:01,696] {dag.py:2937} INFO - Setting next_dagrun for example_branch_operator to 2022-06-15 00:00:00+00:00
[2022-06-16 12:25:01,709] {processor.py:171} INFO - Processing /home/notme/airflow_venv/airflow_venv/lib/python3.8/site-packages/airflow/example_dags/example_branch_operator.py took 0.053 seconds
[2022-06-16 12:25:38,265] {processor.py:163} INFO - Started process (PID=9925) to work on /home/notme/airflow_venv/airflow_venv/lib/python3.8/site-packages/airflow/example_dags/example_branch_operator.py
[2022-06-16 12:25:38,266] {processor.py:642} INFO - Processing file /home/notme/airflow_venv/airflow_venv/lib/python3.8/site-packages/airflow/example_dags/example_branch_operator.py for tasks to queue
[2022-06-16 12:25:38,266] {logging_mixin.py:109} INFO - [2022-06-16 12:25:38,266] {dagbag.py:500} INFO - Filling up the DagBag from /home/notme/airflow_venv/airflow_venv/lib/python3.8/site-packages/airflow/example_dags/example_branch_operator.py
[2022-06-16 12:25:38,278] {processor.py:652} INFO - DAG(s) dict_keys(['example_branch_operator']) retrieved from /home/notme/airflow_venv/airflow_venv/lib/python3.8/site-packages/airflow/example_dags/example_branch_operator.py
[2022-06-16 12:25:38,288] {logging_mixin.py:109} INFO - [2022-06-16 12:25:38,288] {dag.py:2398} INFO - Sync 1 DAGs
[2022-06-16 12:25:38,302] {logging_mixin.py:109} INFO - [2022-06-16 12:25:38,302] {dag.py:2937} INFO - Setting next_dagrun for example_branch_operator to 2022-06-15 00:00:00+00:00
[2022-06-16 12:25:38,319] {processor.py:171} INFO - Processing /home/notme/airflow_venv/airflow_venv/lib/python3.8/site-packages/airflow/example_dags/example_branch_operator.py took 0.056 seconds
[2022-06-16 12:26:11,647] {processor.py:163} INFO - Started process (PID=9967) to work on /home/notme/airflow_venv/airflow_venv/lib/python3.8/site-packages/airflow/example_dags/example_branch_operator.py
[2022-06-16 12:26:11,648] {processor.py:642} INFO - Processing file /home/notme/airflow_venv/airflow_venv/lib/python3.8/site-packages/airflow/example_dags/example_branch_operator.py for tasks to queue
[2022-06-16 12:26:11,649] {logging_mixin.py:109} INFO - [2022-06-16 12:26:11,649] {dagbag.py:500} INFO - Filling up the DagBag from /home/notme/airflow_venv/airflow_venv/lib/python3.8/site-packages/airflow/example_dags/example_branch_operator.py
[2022-06-16 12:26:11,664] {processor.py:652} INFO - DAG(s) dict_keys(['example_branch_operator']) retrieved from /home/notme/airflow_venv/airflow_venv/lib/python3.8/site-packages/airflow/example_dags/example_branch_operator.py
[2022-06-16 12:26:11,675] {logging_mixin.py:109} INFO - [2022-06-16 12:26:11,675] {dag.py:2398} INFO - Sync 1 DAGs
[2022-06-16 12:26:11,689] {logging_mixin.py:109} INFO - [2022-06-16 12:26:11,689] {dag.py:2937} INFO - Setting next_dagrun for example_branch_operator to 2022-06-15 00:00:00+00:00
[2022-06-16 12:26:11,703] {processor.py:171} INFO - Processing /home/notme/airflow_venv/airflow_venv/lib/python3.8/site-packages/airflow/example_dags/example_branch_operator.py took 0.057 seconds
[2022-06-16 12:26:48,268] {processor.py:163} INFO - Started process (PID=10395) to work on /home/notme/airflow_venv/airflow_venv/lib/python3.8/site-packages/airflow/example_dags/example_branch_operator.py
[2022-06-16 12:26:48,269] {processor.py:642} INFO - Processing file /home/notme/airflow_venv/airflow_venv/lib/python3.8/site-packages/airflow/example_dags/example_branch_operator.py for tasks to queue
[2022-06-16 12:26:48,270] {logging_mixin.py:109} INFO - [2022-06-16 12:26:48,270] {dagbag.py:500} INFO - Filling up the DagBag from /home/notme/airflow_venv/airflow_venv/lib/python3.8/site-packages/airflow/example_dags/example_branch_operator.py
[2022-06-16 12:26:48,283] {processor.py:652} INFO - DAG(s) dict_keys(['example_branch_operator']) retrieved from /home/notme/airflow_venv/airflow_venv/lib/python3.8/site-packages/airflow/example_dags/example_branch_operator.py
[2022-06-16 12:26:48,293] {logging_mixin.py:109} INFO - [2022-06-16 12:26:48,293] {dag.py:2398} INFO - Sync 1 DAGs
[2022-06-16 12:26:48,305] {logging_mixin.py:109} INFO - [2022-06-16 12:26:48,305] {dag.py:2937} INFO - Setting next_dagrun for example_branch_operator to 2022-06-15 00:00:00+00:00
[2022-06-16 12:26:48,317] {processor.py:171} INFO - Processing /home/notme/airflow_venv/airflow_venv/lib/python3.8/site-packages/airflow/example_dags/example_branch_operator.py took 0.052 seconds
[2022-06-16 12:27:22,946] {processor.py:163} INFO - Started process (PID=10438) to work on /home/notme/airflow_venv/airflow_venv/lib/python3.8/site-packages/airflow/example_dags/example_branch_operator.py
[2022-06-16 12:27:22,947] {processor.py:642} INFO - Processing file /home/notme/airflow_venv/airflow_venv/lib/python3.8/site-packages/airflow/example_dags/example_branch_operator.py for tasks to queue
[2022-06-16 12:27:22,948] {logging_mixin.py:109} INFO - [2022-06-16 12:27:22,948] {dagbag.py:500} INFO - Filling up the DagBag from /home/notme/airflow_venv/airflow_venv/lib/python3.8/site-packages/airflow/example_dags/example_branch_operator.py
[2022-06-16 12:27:22,960] {processor.py:652} INFO - DAG(s) dict_keys(['example_branch_operator']) retrieved from /home/notme/airflow_venv/airflow_venv/lib/python3.8/site-packages/airflow/example_dags/example_branch_operator.py
[2022-06-16 12:27:22,969] {logging_mixin.py:109} INFO - [2022-06-16 12:27:22,969] {dag.py:2398} INFO - Sync 1 DAGs
[2022-06-16 12:27:22,980] {logging_mixin.py:109} INFO - [2022-06-16 12:27:22,979] {dag.py:2937} INFO - Setting next_dagrun for example_branch_operator to 2022-06-15 00:00:00+00:00
[2022-06-16 12:27:22,992] {processor.py:171} INFO - Processing /home/notme/airflow_venv/airflow_venv/lib/python3.8/site-packages/airflow/example_dags/example_branch_operator.py took 0.048 seconds
[2022-06-16 12:27:59,277] {processor.py:163} INFO - Started process (PID=10713) to work on /home/notme/airflow_venv/airflow_venv/lib/python3.8/site-packages/airflow/example_dags/example_branch_operator.py
[2022-06-16 12:27:59,278] {processor.py:642} INFO - Processing file /home/notme/airflow_venv/airflow_venv/lib/python3.8/site-packages/airflow/example_dags/example_branch_operator.py for tasks to queue
[2022-06-16 12:27:59,278] {logging_mixin.py:109} INFO - [2022-06-16 12:27:59,278] {dagbag.py:500} INFO - Filling up the DagBag from /home/notme/airflow_venv/airflow_venv/lib/python3.8/site-packages/airflow/example_dags/example_branch_operator.py
[2022-06-16 12:27:59,290] {processor.py:652} INFO - DAG(s) dict_keys(['example_branch_operator']) retrieved from /home/notme/airflow_venv/airflow_venv/lib/python3.8/site-packages/airflow/example_dags/example_branch_operator.py
[2022-06-16 12:27:59,299] {logging_mixin.py:109} INFO - [2022-06-16 12:27:59,299] {dag.py:2398} INFO - Sync 1 DAGs
[2022-06-16 12:27:59,309] {logging_mixin.py:109} INFO - [2022-06-16 12:27:59,309] {dag.py:2937} INFO - Setting next_dagrun for example_branch_operator to 2022-06-15 00:00:00+00:00
[2022-06-16 12:27:59,321] {processor.py:171} INFO - Processing /home/notme/airflow_venv/airflow_venv/lib/python3.8/site-packages/airflow/example_dags/example_branch_operator.py took 0.046 seconds
[2022-06-16 12:28:35,410] {processor.py:163} INFO - Started process (PID=11032) to work on /home/notme/airflow_venv/airflow_venv/lib/python3.8/site-packages/airflow/example_dags/example_branch_operator.py
[2022-06-16 12:28:35,411] {processor.py:642} INFO - Processing file /home/notme/airflow_venv/airflow_venv/lib/python3.8/site-packages/airflow/example_dags/example_branch_operator.py for tasks to queue
[2022-06-16 12:28:35,412] {logging_mixin.py:109} INFO - [2022-06-16 12:28:35,412] {dagbag.py:500} INFO - Filling up the DagBag from /home/notme/airflow_venv/airflow_venv/lib/python3.8/site-packages/airflow/example_dags/example_branch_operator.py
[2022-06-16 12:28:35,425] {processor.py:652} INFO - DAG(s) dict_keys(['example_branch_operator']) retrieved from /home/notme/airflow_venv/airflow_venv/lib/python3.8/site-packages/airflow/example_dags/example_branch_operator.py
[2022-06-16 12:28:35,442] {logging_mixin.py:109} INFO - [2022-06-16 12:28:35,442] {dag.py:2398} INFO - Sync 1 DAGs
[2022-06-16 12:28:35,461] {logging_mixin.py:109} INFO - [2022-06-16 12:28:35,461] {dag.py:2937} INFO - Setting next_dagrun for example_branch_operator to 2022-06-15 00:00:00+00:00
[2022-06-16 12:28:35,478] {processor.py:171} INFO - Processing /home/notme/airflow_venv/airflow_venv/lib/python3.8/site-packages/airflow/example_dags/example_branch_operator.py took 0.069 seconds
[2022-06-16 12:29:11,966] {processor.py:163} INFO - Started process (PID=11076) to work on /home/notme/airflow_venv/airflow_venv/lib/python3.8/site-packages/airflow/example_dags/example_branch_operator.py
[2022-06-16 12:29:11,967] {processor.py:642} INFO - Processing file /home/notme/airflow_venv/airflow_venv/lib/python3.8/site-packages/airflow/example_dags/example_branch_operator.py for tasks to queue
[2022-06-16 12:29:11,968] {logging_mixin.py:109} INFO - [2022-06-16 12:29:11,968] {dagbag.py:500} INFO - Filling up the DagBag from /home/notme/airflow_venv/airflow_venv/lib/python3.8/site-packages/airflow/example_dags/example_branch_operator.py
[2022-06-16 12:29:11,979] {processor.py:652} INFO - DAG(s) dict_keys(['example_branch_operator']) retrieved from /home/notme/airflow_venv/airflow_venv/lib/python3.8/site-packages/airflow/example_dags/example_branch_operator.py
[2022-06-16 12:29:11,990] {logging_mixin.py:109} INFO - [2022-06-16 12:29:11,990] {dag.py:2398} INFO - Sync 1 DAGs
[2022-06-16 12:29:12,000] {logging_mixin.py:109} INFO - [2022-06-16 12:29:12,000] {dag.py:2937} INFO - Setting next_dagrun for example_branch_operator to 2022-06-15 00:00:00+00:00
[2022-06-16 12:29:12,013] {processor.py:171} INFO - Processing /home/notme/airflow_venv/airflow_venv/lib/python3.8/site-packages/airflow/example_dags/example_branch_operator.py took 0.049 seconds
[2022-06-16 12:29:48,537] {processor.py:163} INFO - Started process (PID=11291) to work on /home/notme/airflow_venv/airflow_venv/lib/python3.8/site-packages/airflow/example_dags/example_branch_operator.py
[2022-06-16 12:29:48,539] {processor.py:642} INFO - Processing file /home/notme/airflow_venv/airflow_venv/lib/python3.8/site-packages/airflow/example_dags/example_branch_operator.py for tasks to queue
[2022-06-16 12:29:48,539] {logging_mixin.py:109} INFO - [2022-06-16 12:29:48,539] {dagbag.py:500} INFO - Filling up the DagBag from /home/notme/airflow_venv/airflow_venv/lib/python3.8/site-packages/airflow/example_dags/example_branch_operator.py
[2022-06-16 12:29:48,553] {processor.py:652} INFO - DAG(s) dict_keys(['example_branch_operator']) retrieved from /home/notme/airflow_venv/airflow_venv/lib/python3.8/site-packages/airflow/example_dags/example_branch_operator.py
[2022-06-16 12:29:48,562] {logging_mixin.py:109} INFO - [2022-06-16 12:29:48,562] {dag.py:2398} INFO - Sync 1 DAGs
[2022-06-16 12:29:48,573] {logging_mixin.py:109} INFO - [2022-06-16 12:29:48,573] {dag.py:2937} INFO - Setting next_dagrun for example_branch_operator to 2022-06-15 00:00:00+00:00
[2022-06-16 12:29:48,585] {processor.py:171} INFO - Processing /home/notme/airflow_venv/airflow_venv/lib/python3.8/site-packages/airflow/example_dags/example_branch_operator.py took 0.050 seconds
[2022-06-16 12:30:24,491] {processor.py:163} INFO - Started process (PID=11335) to work on /home/notme/airflow_venv/airflow_venv/lib/python3.8/site-packages/airflow/example_dags/example_branch_operator.py
[2022-06-16 12:30:24,492] {processor.py:642} INFO - Processing file /home/notme/airflow_venv/airflow_venv/lib/python3.8/site-packages/airflow/example_dags/example_branch_operator.py for tasks to queue
[2022-06-16 12:30:24,493] {logging_mixin.py:109} INFO - [2022-06-16 12:30:24,492] {dagbag.py:500} INFO - Filling up the DagBag from /home/notme/airflow_venv/airflow_venv/lib/python3.8/site-packages/airflow/example_dags/example_branch_operator.py
[2022-06-16 12:30:24,504] {processor.py:652} INFO - DAG(s) dict_keys(['example_branch_operator']) retrieved from /home/notme/airflow_venv/airflow_venv/lib/python3.8/site-packages/airflow/example_dags/example_branch_operator.py
[2022-06-16 12:30:24,512] {logging_mixin.py:109} INFO - [2022-06-16 12:30:24,512] {dag.py:2398} INFO - Sync 1 DAGs
[2022-06-16 12:30:24,523] {logging_mixin.py:109} INFO - [2022-06-16 12:30:24,523] {dag.py:2937} INFO - Setting next_dagrun for example_branch_operator to 2022-06-15 00:00:00+00:00
[2022-06-16 12:30:24,534] {processor.py:171} INFO - Processing /home/notme/airflow_venv/airflow_venv/lib/python3.8/site-packages/airflow/example_dags/example_branch_operator.py took 0.045 seconds
