[2022-06-16 12:16:00,652] {processor.py:163} INFO - Started process (PID=1406) to work on /home/notme/airflow_venv/airflow_venv/lib/python3.8/site-packages/airflow/example_dags/example_branch_python_dop_operator_3.py
[2022-06-16 12:16:00,653] {processor.py:642} INFO - Processing file /home/notme/airflow_venv/airflow_venv/lib/python3.8/site-packages/airflow/example_dags/example_branch_python_dop_operator_3.py for tasks to queue
[2022-06-16 12:16:00,657] {logging_mixin.py:109} INFO - [2022-06-16 12:16:00,653] {dagbag.py:500} INFO - Filling up the DagBag from /home/notme/airflow_venv/airflow_venv/lib/python3.8/site-packages/airflow/example_dags/example_branch_python_dop_operator_3.py
[2022-06-16 12:16:00,680] {processor.py:652} INFO - DAG(s) dict_keys(['example_branch_dop_operator_v3']) retrieved from /home/notme/airflow_venv/airflow_venv/lib/python3.8/site-packages/airflow/example_dags/example_branch_python_dop_operator_3.py
[2022-06-16 12:16:00,711] {logging_mixin.py:109} INFO - [2022-06-16 12:16:00,711] {dag.py:2398} INFO - Sync 1 DAGs
[2022-06-16 12:16:00,727] {logging_mixin.py:109} INFO - [2022-06-16 12:16:00,727] {dag.py:2937} INFO - Setting next_dagrun for example_branch_dop_operator_v3 to 2022-06-16T10:15:00+00:00
[2022-06-16 12:16:00,756] {processor.py:171} INFO - Processing /home/notme/airflow_venv/airflow_venv/lib/python3.8/site-packages/airflow/example_dags/example_branch_python_dop_operator_3.py took 0.107 seconds
[2022-06-16 12:16:36,838] {processor.py:163} INFO - Started process (PID=1757) to work on /home/notme/airflow_venv/airflow_venv/lib/python3.8/site-packages/airflow/example_dags/example_branch_python_dop_operator_3.py
[2022-06-16 12:16:36,839] {processor.py:642} INFO - Processing file /home/notme/airflow_venv/airflow_venv/lib/python3.8/site-packages/airflow/example_dags/example_branch_python_dop_operator_3.py for tasks to queue
[2022-06-16 12:16:36,839] {logging_mixin.py:109} INFO - [2022-06-16 12:16:36,839] {dagbag.py:500} INFO - Filling up the DagBag from /home/notme/airflow_venv/airflow_venv/lib/python3.8/site-packages/airflow/example_dags/example_branch_python_dop_operator_3.py
[2022-06-16 12:16:36,851] {processor.py:652} INFO - DAG(s) dict_keys(['example_branch_dop_operator_v3']) retrieved from /home/notme/airflow_venv/airflow_venv/lib/python3.8/site-packages/airflow/example_dags/example_branch_python_dop_operator_3.py
[2022-06-16 12:16:36,859] {logging_mixin.py:109} INFO - [2022-06-16 12:16:36,859] {dag.py:2398} INFO - Sync 1 DAGs
[2022-06-16 12:16:36,873] {logging_mixin.py:109} INFO - [2022-06-16 12:16:36,873] {dag.py:2937} INFO - Setting next_dagrun for example_branch_dop_operator_v3 to 2022-06-16T10:15:00+00:00
[2022-06-16 12:16:36,886] {processor.py:171} INFO - Processing /home/notme/airflow_venv/airflow_venv/lib/python3.8/site-packages/airflow/example_dags/example_branch_python_dop_operator_3.py took 0.050 seconds
[2022-06-16 12:17:11,947] {processor.py:163} INFO - Started process (PID=1808) to work on /home/notme/airflow_venv/airflow_venv/lib/python3.8/site-packages/airflow/example_dags/example_branch_python_dop_operator_3.py
[2022-06-16 12:17:11,948] {processor.py:642} INFO - Processing file /home/notme/airflow_venv/airflow_venv/lib/python3.8/site-packages/airflow/example_dags/example_branch_python_dop_operator_3.py for tasks to queue
[2022-06-16 12:17:11,949] {logging_mixin.py:109} INFO - [2022-06-16 12:17:11,949] {dagbag.py:500} INFO - Filling up the DagBag from /home/notme/airflow_venv/airflow_venv/lib/python3.8/site-packages/airflow/example_dags/example_branch_python_dop_operator_3.py
[2022-06-16 12:17:11,961] {processor.py:652} INFO - DAG(s) dict_keys(['example_branch_dop_operator_v3']) retrieved from /home/notme/airflow_venv/airflow_venv/lib/python3.8/site-packages/airflow/example_dags/example_branch_python_dop_operator_3.py
[2022-06-16 12:17:11,971] {logging_mixin.py:109} INFO - [2022-06-16 12:17:11,971] {dag.py:2398} INFO - Sync 1 DAGs
[2022-06-16 12:17:11,989] {logging_mixin.py:109} INFO - [2022-06-16 12:17:11,988] {dag.py:2937} INFO - Setting next_dagrun for example_branch_dop_operator_v3 to 2022-06-16T10:16:00+00:00
[2022-06-16 12:17:12,005] {processor.py:171} INFO - Processing /home/notme/airflow_venv/airflow_venv/lib/python3.8/site-packages/airflow/example_dags/example_branch_python_dop_operator_3.py took 0.060 seconds
[2022-06-16 12:17:51,614] {processor.py:163} INFO - Started process (PID=2127) to work on /home/notme/airflow_venv/airflow_venv/lib/python3.8/site-packages/airflow/example_dags/example_branch_python_dop_operator_3.py
[2022-06-16 12:17:51,615] {processor.py:642} INFO - Processing file /home/notme/airflow_venv/airflow_venv/lib/python3.8/site-packages/airflow/example_dags/example_branch_python_dop_operator_3.py for tasks to queue
[2022-06-16 12:17:51,615] {logging_mixin.py:109} INFO - [2022-06-16 12:17:51,615] {dagbag.py:500} INFO - Filling up the DagBag from /home/notme/airflow_venv/airflow_venv/lib/python3.8/site-packages/airflow/example_dags/example_branch_python_dop_operator_3.py
[2022-06-16 12:17:51,630] {processor.py:652} INFO - DAG(s) dict_keys(['example_branch_dop_operator_v3']) retrieved from /home/notme/airflow_venv/airflow_venv/lib/python3.8/site-packages/airflow/example_dags/example_branch_python_dop_operator_3.py
[2022-06-16 12:17:51,641] {logging_mixin.py:109} INFO - [2022-06-16 12:17:51,641] {dag.py:2398} INFO - Sync 1 DAGs
[2022-06-16 12:17:51,656] {logging_mixin.py:109} INFO - [2022-06-16 12:17:51,655] {dag.py:2937} INFO - Setting next_dagrun for example_branch_dop_operator_v3 to 2022-06-16T10:16:00+00:00
[2022-06-16 12:17:51,668] {processor.py:171} INFO - Processing /home/notme/airflow_venv/airflow_venv/lib/python3.8/site-packages/airflow/example_dags/example_branch_python_dop_operator_3.py took 0.057 seconds
[2022-06-16 12:18:30,142] {processor.py:163} INFO - Started process (PID=2172) to work on /home/notme/airflow_venv/airflow_venv/lib/python3.8/site-packages/airflow/example_dags/example_branch_python_dop_operator_3.py
[2022-06-16 12:18:30,152] {processor.py:642} INFO - Processing file /home/notme/airflow_venv/airflow_venv/lib/python3.8/site-packages/airflow/example_dags/example_branch_python_dop_operator_3.py for tasks to queue
[2022-06-16 12:18:30,152] {logging_mixin.py:109} INFO - [2022-06-16 12:18:30,152] {dagbag.py:500} INFO - Filling up the DagBag from /home/notme/airflow_venv/airflow_venv/lib/python3.8/site-packages/airflow/example_dags/example_branch_python_dop_operator_3.py
[2022-06-16 12:18:30,170] {processor.py:652} INFO - DAG(s) dict_keys(['example_branch_dop_operator_v3']) retrieved from /home/notme/airflow_venv/airflow_venv/lib/python3.8/site-packages/airflow/example_dags/example_branch_python_dop_operator_3.py
[2022-06-16 12:18:30,189] {logging_mixin.py:109} INFO - [2022-06-16 12:18:30,189] {dag.py:2398} INFO - Sync 1 DAGs
[2022-06-16 12:18:30,219] {logging_mixin.py:109} INFO - [2022-06-16 12:18:30,219] {dag.py:2937} INFO - Setting next_dagrun for example_branch_dop_operator_v3 to 2022-06-16T10:17:00+00:00
[2022-06-16 12:18:30,238] {processor.py:171} INFO - Processing /home/notme/airflow_venv/airflow_venv/lib/python3.8/site-packages/airflow/example_dags/example_branch_python_dop_operator_3.py took 0.100 seconds
[2022-06-16 12:19:08,863] {processor.py:163} INFO - Started process (PID=2448) to work on /home/notme/airflow_venv/airflow_venv/lib/python3.8/site-packages/airflow/example_dags/example_branch_python_dop_operator_3.py
[2022-06-16 12:19:08,866] {processor.py:642} INFO - Processing file /home/notme/airflow_venv/airflow_venv/lib/python3.8/site-packages/airflow/example_dags/example_branch_python_dop_operator_3.py for tasks to queue
[2022-06-16 12:19:08,867] {logging_mixin.py:109} INFO - [2022-06-16 12:19:08,867] {dagbag.py:500} INFO - Filling up the DagBag from /home/notme/airflow_venv/airflow_venv/lib/python3.8/site-packages/airflow/example_dags/example_branch_python_dop_operator_3.py
[2022-06-16 12:19:08,888] {processor.py:652} INFO - DAG(s) dict_keys(['example_branch_dop_operator_v3']) retrieved from /home/notme/airflow_venv/airflow_venv/lib/python3.8/site-packages/airflow/example_dags/example_branch_python_dop_operator_3.py
[2022-06-16 12:19:08,903] {logging_mixin.py:109} INFO - [2022-06-16 12:19:08,903] {dag.py:2398} INFO - Sync 1 DAGs
[2022-06-16 12:19:08,924] {logging_mixin.py:109} INFO - [2022-06-16 12:19:08,924] {dag.py:2937} INFO - Setting next_dagrun for example_branch_dop_operator_v3 to 2022-06-16T10:18:00+00:00
[2022-06-16 12:19:08,940] {processor.py:171} INFO - Processing /home/notme/airflow_venv/airflow_venv/lib/python3.8/site-packages/airflow/example_dags/example_branch_python_dop_operator_3.py took 0.081 seconds
[2022-06-16 12:19:47,098] {processor.py:163} INFO - Started process (PID=2670) to work on /home/notme/airflow_venv/airflow_venv/lib/python3.8/site-packages/airflow/example_dags/example_branch_python_dop_operator_3.py
[2022-06-16 12:19:47,099] {processor.py:642} INFO - Processing file /home/notme/airflow_venv/airflow_venv/lib/python3.8/site-packages/airflow/example_dags/example_branch_python_dop_operator_3.py for tasks to queue
[2022-06-16 12:19:47,100] {logging_mixin.py:109} INFO - [2022-06-16 12:19:47,100] {dagbag.py:500} INFO - Filling up the DagBag from /home/notme/airflow_venv/airflow_venv/lib/python3.8/site-packages/airflow/example_dags/example_branch_python_dop_operator_3.py
[2022-06-16 12:19:47,117] {processor.py:652} INFO - DAG(s) dict_keys(['example_branch_dop_operator_v3']) retrieved from /home/notme/airflow_venv/airflow_venv/lib/python3.8/site-packages/airflow/example_dags/example_branch_python_dop_operator_3.py
[2022-06-16 12:19:47,127] {logging_mixin.py:109} INFO - [2022-06-16 12:19:47,127] {dag.py:2398} INFO - Sync 1 DAGs
[2022-06-16 12:19:47,145] {logging_mixin.py:109} INFO - [2022-06-16 12:19:47,145] {dag.py:2937} INFO - Setting next_dagrun for example_branch_dop_operator_v3 to 2022-06-16T10:18:00+00:00
[2022-06-16 12:19:47,159] {processor.py:171} INFO - Processing /home/notme/airflow_venv/airflow_venv/lib/python3.8/site-packages/airflow/example_dags/example_branch_python_dop_operator_3.py took 0.062 seconds
[2022-06-16 12:20:22,055] {processor.py:163} INFO - Started process (PID=2714) to work on /home/notme/airflow_venv/airflow_venv/lib/python3.8/site-packages/airflow/example_dags/example_branch_python_dop_operator_3.py
[2022-06-16 12:20:22,057] {processor.py:642} INFO - Processing file /home/notme/airflow_venv/airflow_venv/lib/python3.8/site-packages/airflow/example_dags/example_branch_python_dop_operator_3.py for tasks to queue
[2022-06-16 12:20:22,057] {logging_mixin.py:109} INFO - [2022-06-16 12:20:22,057] {dagbag.py:500} INFO - Filling up the DagBag from /home/notme/airflow_venv/airflow_venv/lib/python3.8/site-packages/airflow/example_dags/example_branch_python_dop_operator_3.py
[2022-06-16 12:20:22,072] {processor.py:652} INFO - DAG(s) dict_keys(['example_branch_dop_operator_v3']) retrieved from /home/notme/airflow_venv/airflow_venv/lib/python3.8/site-packages/airflow/example_dags/example_branch_python_dop_operator_3.py
[2022-06-16 12:20:22,082] {logging_mixin.py:109} INFO - [2022-06-16 12:20:22,082] {dag.py:2398} INFO - Sync 1 DAGs
[2022-06-16 12:20:22,105] {logging_mixin.py:109} INFO - [2022-06-16 12:20:22,105] {dag.py:2937} INFO - Setting next_dagrun for example_branch_dop_operator_v3 to 2022-06-16T10:19:00+00:00
[2022-06-16 12:20:22,119] {processor.py:171} INFO - Processing /home/notme/airflow_venv/airflow_venv/lib/python3.8/site-packages/airflow/example_dags/example_branch_python_dop_operator_3.py took 0.068 seconds
[2022-06-16 12:20:57,979] {processor.py:163} INFO - Started process (PID=2757) to work on /home/notme/airflow_venv/airflow_venv/lib/python3.8/site-packages/airflow/example_dags/example_branch_python_dop_operator_3.py
[2022-06-16 12:20:57,980] {processor.py:642} INFO - Processing file /home/notme/airflow_venv/airflow_venv/lib/python3.8/site-packages/airflow/example_dags/example_branch_python_dop_operator_3.py for tasks to queue
[2022-06-16 12:20:57,981] {logging_mixin.py:109} INFO - [2022-06-16 12:20:57,981] {dagbag.py:500} INFO - Filling up the DagBag from /home/notme/airflow_venv/airflow_venv/lib/python3.8/site-packages/airflow/example_dags/example_branch_python_dop_operator_3.py
[2022-06-16 12:20:57,993] {processor.py:652} INFO - DAG(s) dict_keys(['example_branch_dop_operator_v3']) retrieved from /home/notme/airflow_venv/airflow_venv/lib/python3.8/site-packages/airflow/example_dags/example_branch_python_dop_operator_3.py
[2022-06-16 12:20:58,004] {logging_mixin.py:109} INFO - [2022-06-16 12:20:58,004] {dag.py:2398} INFO - Sync 1 DAGs
[2022-06-16 12:20:58,019] {logging_mixin.py:109} INFO - [2022-06-16 12:20:58,019] {dag.py:2937} INFO - Setting next_dagrun for example_branch_dop_operator_v3 to 2022-06-16T10:19:00+00:00
[2022-06-16 12:20:58,036] {processor.py:171} INFO - Processing /home/notme/airflow_venv/airflow_venv/lib/python3.8/site-packages/airflow/example_dags/example_branch_python_dop_operator_3.py took 0.059 seconds
[2022-06-16 12:21:33,454] {processor.py:163} INFO - Started process (PID=2969) to work on /home/notme/airflow_venv/airflow_venv/lib/python3.8/site-packages/airflow/example_dags/example_branch_python_dop_operator_3.py
[2022-06-16 12:21:33,456] {processor.py:642} INFO - Processing file /home/notme/airflow_venv/airflow_venv/lib/python3.8/site-packages/airflow/example_dags/example_branch_python_dop_operator_3.py for tasks to queue
[2022-06-16 12:21:33,457] {logging_mixin.py:109} INFO - [2022-06-16 12:21:33,456] {dagbag.py:500} INFO - Filling up the DagBag from /home/notme/airflow_venv/airflow_venv/lib/python3.8/site-packages/airflow/example_dags/example_branch_python_dop_operator_3.py
[2022-06-16 12:21:33,479] {processor.py:652} INFO - DAG(s) dict_keys(['example_branch_dop_operator_v3']) retrieved from /home/notme/airflow_venv/airflow_venv/lib/python3.8/site-packages/airflow/example_dags/example_branch_python_dop_operator_3.py
[2022-06-16 12:21:33,494] {logging_mixin.py:109} INFO - [2022-06-16 12:21:33,494] {dag.py:2398} INFO - Sync 1 DAGs
[2022-06-16 12:21:33,512] {logging_mixin.py:109} INFO - [2022-06-16 12:21:33,512] {dag.py:2937} INFO - Setting next_dagrun for example_branch_dop_operator_v3 to 2022-06-16T10:20:00+00:00
[2022-06-16 12:21:33,534] {processor.py:171} INFO - Processing /home/notme/airflow_venv/airflow_venv/lib/python3.8/site-packages/airflow/example_dags/example_branch_python_dop_operator_3.py took 0.082 seconds
[2022-06-16 12:22:11,049] {processor.py:163} INFO - Started process (PID=3151) to work on /home/notme/airflow_venv/airflow_venv/lib/python3.8/site-packages/airflow/example_dags/example_branch_python_dop_operator_3.py
[2022-06-16 12:22:11,050] {processor.py:642} INFO - Processing file /home/notme/airflow_venv/airflow_venv/lib/python3.8/site-packages/airflow/example_dags/example_branch_python_dop_operator_3.py for tasks to queue
[2022-06-16 12:22:11,050] {logging_mixin.py:109} INFO - [2022-06-16 12:22:11,050] {dagbag.py:500} INFO - Filling up the DagBag from /home/notme/airflow_venv/airflow_venv/lib/python3.8/site-packages/airflow/example_dags/example_branch_python_dop_operator_3.py
[2022-06-16 12:22:11,064] {processor.py:652} INFO - DAG(s) dict_keys(['example_branch_dop_operator_v3']) retrieved from /home/notme/airflow_venv/airflow_venv/lib/python3.8/site-packages/airflow/example_dags/example_branch_python_dop_operator_3.py
[2022-06-16 12:22:11,072] {logging_mixin.py:109} INFO - [2022-06-16 12:22:11,072] {dag.py:2398} INFO - Sync 1 DAGs
[2022-06-16 12:22:11,085] {logging_mixin.py:109} INFO - [2022-06-16 12:22:11,085] {dag.py:2937} INFO - Setting next_dagrun for example_branch_dop_operator_v3 to 2022-06-16T10:21:00+00:00
[2022-06-16 12:22:11,098] {processor.py:171} INFO - Processing /home/notme/airflow_venv/airflow_venv/lib/python3.8/site-packages/airflow/example_dags/example_branch_python_dop_operator_3.py took 0.051 seconds
[2022-06-16 12:22:46,569] {processor.py:163} INFO - Started process (PID=3463) to work on /home/notme/airflow_venv/airflow_venv/lib/python3.8/site-packages/airflow/example_dags/example_branch_python_dop_operator_3.py
[2022-06-16 12:22:46,571] {processor.py:642} INFO - Processing file /home/notme/airflow_venv/airflow_venv/lib/python3.8/site-packages/airflow/example_dags/example_branch_python_dop_operator_3.py for tasks to queue
[2022-06-16 12:22:46,571] {logging_mixin.py:109} INFO - [2022-06-16 12:22:46,571] {dagbag.py:500} INFO - Filling up the DagBag from /home/notme/airflow_venv/airflow_venv/lib/python3.8/site-packages/airflow/example_dags/example_branch_python_dop_operator_3.py
[2022-06-16 12:22:46,584] {processor.py:652} INFO - DAG(s) dict_keys(['example_branch_dop_operator_v3']) retrieved from /home/notme/airflow_venv/airflow_venv/lib/python3.8/site-packages/airflow/example_dags/example_branch_python_dop_operator_3.py
[2022-06-16 12:22:46,592] {logging_mixin.py:109} INFO - [2022-06-16 12:22:46,592] {dag.py:2398} INFO - Sync 1 DAGs
[2022-06-16 12:22:46,605] {logging_mixin.py:109} INFO - [2022-06-16 12:22:46,605] {dag.py:2937} INFO - Setting next_dagrun for example_branch_dop_operator_v3 to 2022-06-16T10:21:00+00:00
[2022-06-16 12:22:46,618] {processor.py:171} INFO - Processing /home/notme/airflow_venv/airflow_venv/lib/python3.8/site-packages/airflow/example_dags/example_branch_python_dop_operator_3.py took 0.051 seconds
[2022-06-16 12:23:21,619] {processor.py:163} INFO - Started process (PID=3588) to work on /home/notme/airflow_venv/airflow_venv/lib/python3.8/site-packages/airflow/example_dags/example_branch_python_dop_operator_3.py
[2022-06-16 12:23:21,621] {processor.py:642} INFO - Processing file /home/notme/airflow_venv/airflow_venv/lib/python3.8/site-packages/airflow/example_dags/example_branch_python_dop_operator_3.py for tasks to queue
[2022-06-16 12:23:21,622] {logging_mixin.py:109} INFO - [2022-06-16 12:23:21,622] {dagbag.py:500} INFO - Filling up the DagBag from /home/notme/airflow_venv/airflow_venv/lib/python3.8/site-packages/airflow/example_dags/example_branch_python_dop_operator_3.py
[2022-06-16 12:23:21,643] {processor.py:652} INFO - DAG(s) dict_keys(['example_branch_dop_operator_v3']) retrieved from /home/notme/airflow_venv/airflow_venv/lib/python3.8/site-packages/airflow/example_dags/example_branch_python_dop_operator_3.py
[2022-06-16 12:23:21,656] {logging_mixin.py:109} INFO - [2022-06-16 12:23:21,655] {dag.py:2398} INFO - Sync 1 DAGs
[2022-06-16 12:23:21,672] {logging_mixin.py:109} INFO - [2022-06-16 12:23:21,672] {dag.py:2937} INFO - Setting next_dagrun for example_branch_dop_operator_v3 to 2022-06-16T10:22:00+00:00
[2022-06-16 12:23:21,691] {processor.py:171} INFO - Processing /home/notme/airflow_venv/airflow_venv/lib/python3.8/site-packages/airflow/example_dags/example_branch_python_dop_operator_3.py took 0.074 seconds
[2022-06-16 12:24:00,473] {processor.py:163} INFO - Started process (PID=3892) to work on /home/notme/airflow_venv/airflow_venv/lib/python3.8/site-packages/airflow/example_dags/example_branch_python_dop_operator_3.py
[2022-06-16 12:24:00,475] {processor.py:642} INFO - Processing file /home/notme/airflow_venv/airflow_venv/lib/python3.8/site-packages/airflow/example_dags/example_branch_python_dop_operator_3.py for tasks to queue
[2022-06-16 12:24:00,475] {logging_mixin.py:109} INFO - [2022-06-16 12:24:00,475] {dagbag.py:500} INFO - Filling up the DagBag from /home/notme/airflow_venv/airflow_venv/lib/python3.8/site-packages/airflow/example_dags/example_branch_python_dop_operator_3.py
[2022-06-16 12:24:00,488] {processor.py:652} INFO - DAG(s) dict_keys(['example_branch_dop_operator_v3']) retrieved from /home/notme/airflow_venv/airflow_venv/lib/python3.8/site-packages/airflow/example_dags/example_branch_python_dop_operator_3.py
[2022-06-16 12:24:00,497] {logging_mixin.py:109} INFO - [2022-06-16 12:24:00,497] {dag.py:2398} INFO - Sync 1 DAGs
[2022-06-16 12:24:00,512] {logging_mixin.py:109} INFO - [2022-06-16 12:24:00,511] {dag.py:2937} INFO - Setting next_dagrun for example_branch_dop_operator_v3 to 2022-06-16T10:23:00+00:00
[2022-06-16 12:24:00,525] {processor.py:171} INFO - Processing /home/notme/airflow_venv/airflow_venv/lib/python3.8/site-packages/airflow/example_dags/example_branch_python_dop_operator_3.py took 0.054 seconds
[2022-06-16 12:24:36,730] {processor.py:163} INFO - Started process (PID=3949) to work on /home/notme/airflow_venv/airflow_venv/lib/python3.8/site-packages/airflow/example_dags/example_branch_python_dop_operator_3.py
[2022-06-16 12:24:36,731] {processor.py:642} INFO - Processing file /home/notme/airflow_venv/airflow_venv/lib/python3.8/site-packages/airflow/example_dags/example_branch_python_dop_operator_3.py for tasks to queue
[2022-06-16 12:24:36,731] {logging_mixin.py:109} INFO - [2022-06-16 12:24:36,731] {dagbag.py:500} INFO - Filling up the DagBag from /home/notme/airflow_venv/airflow_venv/lib/python3.8/site-packages/airflow/example_dags/example_branch_python_dop_operator_3.py
[2022-06-16 12:24:36,744] {processor.py:652} INFO - DAG(s) dict_keys(['example_branch_dop_operator_v3']) retrieved from /home/notme/airflow_venv/airflow_venv/lib/python3.8/site-packages/airflow/example_dags/example_branch_python_dop_operator_3.py
[2022-06-16 12:24:36,753] {logging_mixin.py:109} INFO - [2022-06-16 12:24:36,753] {dag.py:2398} INFO - Sync 1 DAGs
[2022-06-16 12:24:36,768] {logging_mixin.py:109} INFO - [2022-06-16 12:24:36,767] {dag.py:2937} INFO - Setting next_dagrun for example_branch_dop_operator_v3 to 2022-06-16T10:23:00+00:00
[2022-06-16 12:24:36,781] {processor.py:171} INFO - Processing /home/notme/airflow_venv/airflow_venv/lib/python3.8/site-packages/airflow/example_dags/example_branch_python_dop_operator_3.py took 0.053 seconds
[2022-06-16 12:25:13,399] {processor.py:163} INFO - Started process (PID=9600) to work on /home/notme/airflow_venv/airflow_venv/lib/python3.8/site-packages/airflow/example_dags/example_branch_python_dop_operator_3.py
[2022-06-16 12:25:13,400] {processor.py:642} INFO - Processing file /home/notme/airflow_venv/airflow_venv/lib/python3.8/site-packages/airflow/example_dags/example_branch_python_dop_operator_3.py for tasks to queue
[2022-06-16 12:25:13,401] {logging_mixin.py:109} INFO - [2022-06-16 12:25:13,401] {dagbag.py:500} INFO - Filling up the DagBag from /home/notme/airflow_venv/airflow_venv/lib/python3.8/site-packages/airflow/example_dags/example_branch_python_dop_operator_3.py
[2022-06-16 12:25:13,415] {processor.py:652} INFO - DAG(s) dict_keys(['example_branch_dop_operator_v3']) retrieved from /home/notme/airflow_venv/airflow_venv/lib/python3.8/site-packages/airflow/example_dags/example_branch_python_dop_operator_3.py
[2022-06-16 12:25:13,423] {logging_mixin.py:109} INFO - [2022-06-16 12:25:13,423] {dag.py:2398} INFO - Sync 1 DAGs
[2022-06-16 12:25:13,438] {logging_mixin.py:109} INFO - [2022-06-16 12:25:13,437] {dag.py:2937} INFO - Setting next_dagrun for example_branch_dop_operator_v3 to 2022-06-16T10:24:00+00:00
[2022-06-16 12:25:13,452] {processor.py:171} INFO - Processing /home/notme/airflow_venv/airflow_venv/lib/python3.8/site-packages/airflow/example_dags/example_branch_python_dop_operator_3.py took 0.055 seconds
[2022-06-16 12:25:48,855] {processor.py:163} INFO - Started process (PID=9936) to work on /home/notme/airflow_venv/airflow_venv/lib/python3.8/site-packages/airflow/example_dags/example_branch_python_dop_operator_3.py
[2022-06-16 12:25:48,856] {processor.py:642} INFO - Processing file /home/notme/airflow_venv/airflow_venv/lib/python3.8/site-packages/airflow/example_dags/example_branch_python_dop_operator_3.py for tasks to queue
[2022-06-16 12:25:48,856] {logging_mixin.py:109} INFO - [2022-06-16 12:25:48,856] {dagbag.py:500} INFO - Filling up the DagBag from /home/notme/airflow_venv/airflow_venv/lib/python3.8/site-packages/airflow/example_dags/example_branch_python_dop_operator_3.py
[2022-06-16 12:25:48,868] {processor.py:652} INFO - DAG(s) dict_keys(['example_branch_dop_operator_v3']) retrieved from /home/notme/airflow_venv/airflow_venv/lib/python3.8/site-packages/airflow/example_dags/example_branch_python_dop_operator_3.py
[2022-06-16 12:25:48,877] {logging_mixin.py:109} INFO - [2022-06-16 12:25:48,877] {dag.py:2398} INFO - Sync 1 DAGs
[2022-06-16 12:25:48,892] {logging_mixin.py:109} INFO - [2022-06-16 12:25:48,892] {dag.py:2937} INFO - Setting next_dagrun for example_branch_dop_operator_v3 to 2022-06-16T10:24:00+00:00
[2022-06-16 12:25:48,904] {processor.py:171} INFO - Processing /home/notme/airflow_venv/airflow_venv/lib/python3.8/site-packages/airflow/example_dags/example_branch_python_dop_operator_3.py took 0.051 seconds
[2022-06-16 12:26:23,609] {processor.py:163} INFO - Started process (PID=9985) to work on /home/notme/airflow_venv/airflow_venv/lib/python3.8/site-packages/airflow/example_dags/example_branch_python_dop_operator_3.py
[2022-06-16 12:26:23,610] {processor.py:642} INFO - Processing file /home/notme/airflow_venv/airflow_venv/lib/python3.8/site-packages/airflow/example_dags/example_branch_python_dop_operator_3.py for tasks to queue
[2022-06-16 12:26:23,611] {logging_mixin.py:109} INFO - [2022-06-16 12:26:23,611] {dagbag.py:500} INFO - Filling up the DagBag from /home/notme/airflow_venv/airflow_venv/lib/python3.8/site-packages/airflow/example_dags/example_branch_python_dop_operator_3.py
[2022-06-16 12:26:23,622] {processor.py:652} INFO - DAG(s) dict_keys(['example_branch_dop_operator_v3']) retrieved from /home/notme/airflow_venv/airflow_venv/lib/python3.8/site-packages/airflow/example_dags/example_branch_python_dop_operator_3.py
[2022-06-16 12:26:23,631] {logging_mixin.py:109} INFO - [2022-06-16 12:26:23,631] {dag.py:2398} INFO - Sync 1 DAGs
[2022-06-16 12:26:23,645] {logging_mixin.py:109} INFO - [2022-06-16 12:26:23,645] {dag.py:2937} INFO - Setting next_dagrun for example_branch_dop_operator_v3 to 2022-06-16T10:25:00+00:00
[2022-06-16 12:26:23,657] {processor.py:171} INFO - Processing /home/notme/airflow_venv/airflow_venv/lib/python3.8/site-packages/airflow/example_dags/example_branch_python_dop_operator_3.py took 0.050 seconds
[2022-06-16 12:27:02,031] {processor.py:163} INFO - Started process (PID=10416) to work on /home/notme/airflow_venv/airflow_venv/lib/python3.8/site-packages/airflow/example_dags/example_branch_python_dop_operator_3.py
[2022-06-16 12:27:02,033] {processor.py:642} INFO - Processing file /home/notme/airflow_venv/airflow_venv/lib/python3.8/site-packages/airflow/example_dags/example_branch_python_dop_operator_3.py for tasks to queue
[2022-06-16 12:27:02,033] {logging_mixin.py:109} INFO - [2022-06-16 12:27:02,033] {dagbag.py:500} INFO - Filling up the DagBag from /home/notme/airflow_venv/airflow_venv/lib/python3.8/site-packages/airflow/example_dags/example_branch_python_dop_operator_3.py
[2022-06-16 12:27:02,054] {processor.py:652} INFO - DAG(s) dict_keys(['example_branch_dop_operator_v3']) retrieved from /home/notme/airflow_venv/airflow_venv/lib/python3.8/site-packages/airflow/example_dags/example_branch_python_dop_operator_3.py
[2022-06-16 12:27:02,067] {logging_mixin.py:109} INFO - [2022-06-16 12:27:02,067] {dag.py:2398} INFO - Sync 1 DAGs
[2022-06-16 12:27:02,088] {logging_mixin.py:109} INFO - [2022-06-16 12:27:02,088] {dag.py:2937} INFO - Setting next_dagrun for example_branch_dop_operator_v3 to 2022-06-16T10:26:00+00:00
[2022-06-16 12:27:02,105] {processor.py:171} INFO - Processing /home/notme/airflow_venv/airflow_venv/lib/python3.8/site-packages/airflow/example_dags/example_branch_python_dop_operator_3.py took 0.077 seconds
[2022-06-16 12:27:37,310] {processor.py:163} INFO - Started process (PID=10469) to work on /home/notme/airflow_venv/airflow_venv/lib/python3.8/site-packages/airflow/example_dags/example_branch_python_dop_operator_3.py
[2022-06-16 12:27:37,314] {processor.py:642} INFO - Processing file /home/notme/airflow_venv/airflow_venv/lib/python3.8/site-packages/airflow/example_dags/example_branch_python_dop_operator_3.py for tasks to queue
[2022-06-16 12:27:37,315] {logging_mixin.py:109} INFO - [2022-06-16 12:27:37,315] {dagbag.py:500} INFO - Filling up the DagBag from /home/notme/airflow_venv/airflow_venv/lib/python3.8/site-packages/airflow/example_dags/example_branch_python_dop_operator_3.py
[2022-06-16 12:27:37,339] {processor.py:652} INFO - DAG(s) dict_keys(['example_branch_dop_operator_v3']) retrieved from /home/notme/airflow_venv/airflow_venv/lib/python3.8/site-packages/airflow/example_dags/example_branch_python_dop_operator_3.py
[2022-06-16 12:27:37,353] {logging_mixin.py:109} INFO - [2022-06-16 12:27:37,353] {dag.py:2398} INFO - Sync 1 DAGs
[2022-06-16 12:27:37,382] {logging_mixin.py:109} INFO - [2022-06-16 12:27:37,382] {dag.py:2937} INFO - Setting next_dagrun for example_branch_dop_operator_v3 to 2022-06-16T10:26:00+00:00
[2022-06-16 12:27:37,405] {processor.py:171} INFO - Processing /home/notme/airflow_venv/airflow_venv/lib/python3.8/site-packages/airflow/example_dags/example_branch_python_dop_operator_3.py took 0.098 seconds
[2022-06-16 12:28:15,909] {processor.py:163} INFO - Started process (PID=10998) to work on /home/notme/airflow_venv/airflow_venv/lib/python3.8/site-packages/airflow/example_dags/example_branch_python_dop_operator_3.py
[2022-06-16 12:28:15,910] {processor.py:642} INFO - Processing file /home/notme/airflow_venv/airflow_venv/lib/python3.8/site-packages/airflow/example_dags/example_branch_python_dop_operator_3.py for tasks to queue
[2022-06-16 12:28:15,910] {logging_mixin.py:109} INFO - [2022-06-16 12:28:15,910] {dagbag.py:500} INFO - Filling up the DagBag from /home/notme/airflow_venv/airflow_venv/lib/python3.8/site-packages/airflow/example_dags/example_branch_python_dop_operator_3.py
[2022-06-16 12:28:15,923] {processor.py:652} INFO - DAG(s) dict_keys(['example_branch_dop_operator_v3']) retrieved from /home/notme/airflow_venv/airflow_venv/lib/python3.8/site-packages/airflow/example_dags/example_branch_python_dop_operator_3.py
[2022-06-16 12:28:15,931] {logging_mixin.py:109} INFO - [2022-06-16 12:28:15,931] {dag.py:2398} INFO - Sync 1 DAGs
[2022-06-16 12:28:15,947] {logging_mixin.py:109} INFO - [2022-06-16 12:28:15,946] {dag.py:2937} INFO - Setting next_dagrun for example_branch_dop_operator_v3 to 2022-06-16T10:27:00+00:00
[2022-06-16 12:28:15,960] {processor.py:171} INFO - Processing /home/notme/airflow_venv/airflow_venv/lib/python3.8/site-packages/airflow/example_dags/example_branch_python_dop_operator_3.py took 0.054 seconds
[2022-06-16 12:28:50,554] {processor.py:163} INFO - Started process (PID=11047) to work on /home/notme/airflow_venv/airflow_venv/lib/python3.8/site-packages/airflow/example_dags/example_branch_python_dop_operator_3.py
[2022-06-16 12:28:50,555] {processor.py:642} INFO - Processing file /home/notme/airflow_venv/airflow_venv/lib/python3.8/site-packages/airflow/example_dags/example_branch_python_dop_operator_3.py for tasks to queue
[2022-06-16 12:28:50,555] {logging_mixin.py:109} INFO - [2022-06-16 12:28:50,555] {dagbag.py:500} INFO - Filling up the DagBag from /home/notme/airflow_venv/airflow_venv/lib/python3.8/site-packages/airflow/example_dags/example_branch_python_dop_operator_3.py
[2022-06-16 12:28:50,568] {processor.py:652} INFO - DAG(s) dict_keys(['example_branch_dop_operator_v3']) retrieved from /home/notme/airflow_venv/airflow_venv/lib/python3.8/site-packages/airflow/example_dags/example_branch_python_dop_operator_3.py
[2022-06-16 12:28:50,577] {logging_mixin.py:109} INFO - [2022-06-16 12:28:50,577] {dag.py:2398} INFO - Sync 1 DAGs
[2022-06-16 12:28:50,592] {logging_mixin.py:109} INFO - [2022-06-16 12:28:50,592] {dag.py:2937} INFO - Setting next_dagrun for example_branch_dop_operator_v3 to 2022-06-16T10:27:00+00:00
[2022-06-16 12:28:50,605] {processor.py:171} INFO - Processing /home/notme/airflow_venv/airflow_venv/lib/python3.8/site-packages/airflow/example_dags/example_branch_python_dop_operator_3.py took 0.053 seconds
[2022-06-16 12:29:27,701] {processor.py:163} INFO - Started process (PID=11100) to work on /home/notme/airflow_venv/airflow_venv/lib/python3.8/site-packages/airflow/example_dags/example_branch_python_dop_operator_3.py
[2022-06-16 12:29:27,702] {processor.py:642} INFO - Processing file /home/notme/airflow_venv/airflow_venv/lib/python3.8/site-packages/airflow/example_dags/example_branch_python_dop_operator_3.py for tasks to queue
[2022-06-16 12:29:27,703] {logging_mixin.py:109} INFO - [2022-06-16 12:29:27,703] {dagbag.py:500} INFO - Filling up the DagBag from /home/notme/airflow_venv/airflow_venv/lib/python3.8/site-packages/airflow/example_dags/example_branch_python_dop_operator_3.py
[2022-06-16 12:29:27,714] {processor.py:652} INFO - DAG(s) dict_keys(['example_branch_dop_operator_v3']) retrieved from /home/notme/airflow_venv/airflow_venv/lib/python3.8/site-packages/airflow/example_dags/example_branch_python_dop_operator_3.py
[2022-06-16 12:29:27,722] {logging_mixin.py:109} INFO - [2022-06-16 12:29:27,722] {dag.py:2398} INFO - Sync 1 DAGs
[2022-06-16 12:29:27,737] {logging_mixin.py:109} INFO - [2022-06-16 12:29:27,737] {dag.py:2937} INFO - Setting next_dagrun for example_branch_dop_operator_v3 to 2022-06-16T10:28:00+00:00
[2022-06-16 12:29:27,750] {processor.py:171} INFO - Processing /home/notme/airflow_venv/airflow_venv/lib/python3.8/site-packages/airflow/example_dags/example_branch_python_dop_operator_3.py took 0.051 seconds
[2022-06-16 12:30:03,889] {processor.py:163} INFO - Started process (PID=11306) to work on /home/notme/airflow_venv/airflow_venv/lib/python3.8/site-packages/airflow/example_dags/example_branch_python_dop_operator_3.py
[2022-06-16 12:30:03,890] {processor.py:642} INFO - Processing file /home/notme/airflow_venv/airflow_venv/lib/python3.8/site-packages/airflow/example_dags/example_branch_python_dop_operator_3.py for tasks to queue
[2022-06-16 12:30:03,891] {logging_mixin.py:109} INFO - [2022-06-16 12:30:03,891] {dagbag.py:500} INFO - Filling up the DagBag from /home/notme/airflow_venv/airflow_venv/lib/python3.8/site-packages/airflow/example_dags/example_branch_python_dop_operator_3.py
[2022-06-16 12:30:03,901] {processor.py:652} INFO - DAG(s) dict_keys(['example_branch_dop_operator_v3']) retrieved from /home/notme/airflow_venv/airflow_venv/lib/python3.8/site-packages/airflow/example_dags/example_branch_python_dop_operator_3.py
[2022-06-16 12:30:03,909] {logging_mixin.py:109} INFO - [2022-06-16 12:30:03,909] {dag.py:2398} INFO - Sync 1 DAGs
[2022-06-16 12:30:03,924] {logging_mixin.py:109} INFO - [2022-06-16 12:30:03,924] {dag.py:2937} INFO - Setting next_dagrun for example_branch_dop_operator_v3 to 2022-06-16T10:29:00+00:00
[2022-06-16 12:30:03,937] {processor.py:171} INFO - Processing /home/notme/airflow_venv/airflow_venv/lib/python3.8/site-packages/airflow/example_dags/example_branch_python_dop_operator_3.py took 0.050 seconds
[2022-06-16 12:30:41,482] {processor.py:163} INFO - Started process (PID=11360) to work on /home/notme/airflow_venv/airflow_venv/lib/python3.8/site-packages/airflow/example_dags/example_branch_python_dop_operator_3.py
[2022-06-16 12:30:41,483] {processor.py:642} INFO - Processing file /home/notme/airflow_venv/airflow_venv/lib/python3.8/site-packages/airflow/example_dags/example_branch_python_dop_operator_3.py for tasks to queue
[2022-06-16 12:30:41,483] {logging_mixin.py:109} INFO - [2022-06-16 12:30:41,483] {dagbag.py:500} INFO - Filling up the DagBag from /home/notme/airflow_venv/airflow_venv/lib/python3.8/site-packages/airflow/example_dags/example_branch_python_dop_operator_3.py
[2022-06-16 12:30:41,494] {processor.py:652} INFO - DAG(s) dict_keys(['example_branch_dop_operator_v3']) retrieved from /home/notme/airflow_venv/airflow_venv/lib/python3.8/site-packages/airflow/example_dags/example_branch_python_dop_operator_3.py
[2022-06-16 12:30:41,502] {logging_mixin.py:109} INFO - [2022-06-16 12:30:41,502] {dag.py:2398} INFO - Sync 1 DAGs
[2022-06-16 12:30:41,517] {logging_mixin.py:109} INFO - [2022-06-16 12:30:41,517] {dag.py:2937} INFO - Setting next_dagrun for example_branch_dop_operator_v3 to 2022-06-16T10:29:00+00:00
[2022-06-16 12:30:41,530] {processor.py:171} INFO - Processing /home/notme/airflow_venv/airflow_venv/lib/python3.8/site-packages/airflow/example_dags/example_branch_python_dop_operator_3.py took 0.050 seconds
