[2022-06-16 12:15:56,023] {processor.py:163} INFO - Started process (PID=1402) to work on /home/notme/airflow_venv/airflow_venv/lib/python3.8/site-packages/airflow/example_dags/example_branch_day_of_week_operator.py
[2022-06-16 12:15:56,025] {processor.py:642} INFO - Processing file /home/notme/airflow_venv/airflow_venv/lib/python3.8/site-packages/airflow/example_dags/example_branch_day_of_week_operator.py for tasks to queue
[2022-06-16 12:15:56,025] {logging_mixin.py:109} INFO - [2022-06-16 12:15:56,025] {dagbag.py:500} INFO - Filling up the DagBag from /home/notme/airflow_venv/airflow_venv/lib/python3.8/site-packages/airflow/example_dags/example_branch_day_of_week_operator.py
[2022-06-16 12:15:56,041] {processor.py:652} INFO - DAG(s) dict_keys(['example_weekday_branch_operator']) retrieved from /home/notme/airflow_venv/airflow_venv/lib/python3.8/site-packages/airflow/example_dags/example_branch_day_of_week_operator.py
[2022-06-16 12:15:56,053] {logging_mixin.py:109} INFO - [2022-06-16 12:15:56,052] {dag.py:2398} INFO - Sync 1 DAGs
[2022-06-16 12:15:56,071] {logging_mixin.py:109} INFO - [2022-06-16 12:15:56,071] {dag.py:2937} INFO - Setting next_dagrun for example_weekday_branch_operator to 2022-06-15 00:00:00+00:00
[2022-06-16 12:15:56,102] {processor.py:171} INFO - Processing /home/notme/airflow_venv/airflow_venv/lib/python3.8/site-packages/airflow/example_dags/example_branch_day_of_week_operator.py took 0.080 seconds
[2022-06-16 12:16:31,295] {processor.py:163} INFO - Started process (PID=1744) to work on /home/notme/airflow_venv/airflow_venv/lib/python3.8/site-packages/airflow/example_dags/example_branch_day_of_week_operator.py
[2022-06-16 12:16:31,296] {processor.py:642} INFO - Processing file /home/notme/airflow_venv/airflow_venv/lib/python3.8/site-packages/airflow/example_dags/example_branch_day_of_week_operator.py for tasks to queue
[2022-06-16 12:16:31,297] {logging_mixin.py:109} INFO - [2022-06-16 12:16:31,297] {dagbag.py:500} INFO - Filling up the DagBag from /home/notme/airflow_venv/airflow_venv/lib/python3.8/site-packages/airflow/example_dags/example_branch_day_of_week_operator.py
[2022-06-16 12:16:31,313] {processor.py:652} INFO - DAG(s) dict_keys(['example_weekday_branch_operator']) retrieved from /home/notme/airflow_venv/airflow_venv/lib/python3.8/site-packages/airflow/example_dags/example_branch_day_of_week_operator.py
[2022-06-16 12:16:31,324] {logging_mixin.py:109} INFO - [2022-06-16 12:16:31,324] {dag.py:2398} INFO - Sync 1 DAGs
[2022-06-16 12:16:31,338] {logging_mixin.py:109} INFO - [2022-06-16 12:16:31,338] {dag.py:2937} INFO - Setting next_dagrun for example_weekday_branch_operator to 2022-06-15 00:00:00+00:00
[2022-06-16 12:16:31,355] {processor.py:171} INFO - Processing /home/notme/airflow_venv/airflow_venv/lib/python3.8/site-packages/airflow/example_dags/example_branch_day_of_week_operator.py took 0.062 seconds
[2022-06-16 12:17:04,440] {processor.py:163} INFO - Started process (PID=1792) to work on /home/notme/airflow_venv/airflow_venv/lib/python3.8/site-packages/airflow/example_dags/example_branch_day_of_week_operator.py
[2022-06-16 12:17:04,453] {processor.py:642} INFO - Processing file /home/notme/airflow_venv/airflow_venv/lib/python3.8/site-packages/airflow/example_dags/example_branch_day_of_week_operator.py for tasks to queue
[2022-06-16 12:17:04,454] {logging_mixin.py:109} INFO - [2022-06-16 12:17:04,453] {dagbag.py:500} INFO - Filling up the DagBag from /home/notme/airflow_venv/airflow_venv/lib/python3.8/site-packages/airflow/example_dags/example_branch_day_of_week_operator.py
[2022-06-16 12:17:04,489] {processor.py:652} INFO - DAG(s) dict_keys(['example_weekday_branch_operator']) retrieved from /home/notme/airflow_venv/airflow_venv/lib/python3.8/site-packages/airflow/example_dags/example_branch_day_of_week_operator.py
[2022-06-16 12:17:04,516] {logging_mixin.py:109} INFO - [2022-06-16 12:17:04,516] {dag.py:2398} INFO - Sync 1 DAGs
[2022-06-16 12:17:04,549] {logging_mixin.py:109} INFO - [2022-06-16 12:17:04,549] {dag.py:2937} INFO - Setting next_dagrun for example_weekday_branch_operator to 2022-06-15 00:00:00+00:00
[2022-06-16 12:17:04,582] {processor.py:171} INFO - Processing /home/notme/airflow_venv/airflow_venv/lib/python3.8/site-packages/airflow/example_dags/example_branch_day_of_week_operator.py took 0.145 seconds
[2022-06-16 12:17:39,231] {processor.py:163} INFO - Started process (PID=1844) to work on /home/notme/airflow_venv/airflow_venv/lib/python3.8/site-packages/airflow/example_dags/example_branch_day_of_week_operator.py
[2022-06-16 12:17:39,232] {processor.py:642} INFO - Processing file /home/notme/airflow_venv/airflow_venv/lib/python3.8/site-packages/airflow/example_dags/example_branch_day_of_week_operator.py for tasks to queue
[2022-06-16 12:17:39,233] {logging_mixin.py:109} INFO - [2022-06-16 12:17:39,232] {dagbag.py:500} INFO - Filling up the DagBag from /home/notme/airflow_venv/airflow_venv/lib/python3.8/site-packages/airflow/example_dags/example_branch_day_of_week_operator.py
[2022-06-16 12:17:39,244] {processor.py:652} INFO - DAG(s) dict_keys(['example_weekday_branch_operator']) retrieved from /home/notme/airflow_venv/airflow_venv/lib/python3.8/site-packages/airflow/example_dags/example_branch_day_of_week_operator.py
[2022-06-16 12:17:39,254] {logging_mixin.py:109} INFO - [2022-06-16 12:17:39,254] {dag.py:2398} INFO - Sync 1 DAGs
[2022-06-16 12:17:39,267] {logging_mixin.py:109} INFO - [2022-06-16 12:17:39,267] {dag.py:2937} INFO - Setting next_dagrun for example_weekday_branch_operator to 2022-06-15 00:00:00+00:00
[2022-06-16 12:17:39,283] {processor.py:171} INFO - Processing /home/notme/airflow_venv/airflow_venv/lib/python3.8/site-packages/airflow/example_dags/example_branch_day_of_week_operator.py took 0.054 seconds
[2022-06-16 12:18:14,675] {processor.py:163} INFO - Started process (PID=2150) to work on /home/notme/airflow_venv/airflow_venv/lib/python3.8/site-packages/airflow/example_dags/example_branch_day_of_week_operator.py
[2022-06-16 12:18:14,676] {processor.py:642} INFO - Processing file /home/notme/airflow_venv/airflow_venv/lib/python3.8/site-packages/airflow/example_dags/example_branch_day_of_week_operator.py for tasks to queue
[2022-06-16 12:18:14,677] {logging_mixin.py:109} INFO - [2022-06-16 12:18:14,677] {dagbag.py:500} INFO - Filling up the DagBag from /home/notme/airflow_venv/airflow_venv/lib/python3.8/site-packages/airflow/example_dags/example_branch_day_of_week_operator.py
[2022-06-16 12:18:14,694] {processor.py:652} INFO - DAG(s) dict_keys(['example_weekday_branch_operator']) retrieved from /home/notme/airflow_venv/airflow_venv/lib/python3.8/site-packages/airflow/example_dags/example_branch_day_of_week_operator.py
[2022-06-16 12:18:14,708] {logging_mixin.py:109} INFO - [2022-06-16 12:18:14,708] {dag.py:2398} INFO - Sync 1 DAGs
[2022-06-16 12:18:14,725] {logging_mixin.py:109} INFO - [2022-06-16 12:18:14,725] {dag.py:2937} INFO - Setting next_dagrun for example_weekday_branch_operator to 2022-06-15 00:00:00+00:00
[2022-06-16 12:18:14,743] {processor.py:171} INFO - Processing /home/notme/airflow_venv/airflow_venv/lib/python3.8/site-packages/airflow/example_dags/example_branch_day_of_week_operator.py took 0.070 seconds
[2022-06-16 12:18:52,163] {processor.py:163} INFO - Started process (PID=2431) to work on /home/notme/airflow_venv/airflow_venv/lib/python3.8/site-packages/airflow/example_dags/example_branch_day_of_week_operator.py
[2022-06-16 12:18:52,164] {processor.py:642} INFO - Processing file /home/notme/airflow_venv/airflow_venv/lib/python3.8/site-packages/airflow/example_dags/example_branch_day_of_week_operator.py for tasks to queue
[2022-06-16 12:18:52,164] {logging_mixin.py:109} INFO - [2022-06-16 12:18:52,164] {dagbag.py:500} INFO - Filling up the DagBag from /home/notme/airflow_venv/airflow_venv/lib/python3.8/site-packages/airflow/example_dags/example_branch_day_of_week_operator.py
[2022-06-16 12:18:52,175] {processor.py:652} INFO - DAG(s) dict_keys(['example_weekday_branch_operator']) retrieved from /home/notme/airflow_venv/airflow_venv/lib/python3.8/site-packages/airflow/example_dags/example_branch_day_of_week_operator.py
[2022-06-16 12:18:52,185] {logging_mixin.py:109} INFO - [2022-06-16 12:18:52,185] {dag.py:2398} INFO - Sync 1 DAGs
[2022-06-16 12:18:52,197] {logging_mixin.py:109} INFO - [2022-06-16 12:18:52,197] {dag.py:2937} INFO - Setting next_dagrun for example_weekday_branch_operator to 2022-06-15 00:00:00+00:00
[2022-06-16 12:18:52,213] {processor.py:171} INFO - Processing /home/notme/airflow_venv/airflow_venv/lib/python3.8/site-packages/airflow/example_dags/example_branch_day_of_week_operator.py took 0.052 seconds
[2022-06-16 12:19:27,855] {processor.py:163} INFO - Started process (PID=2475) to work on /home/notme/airflow_venv/airflow_venv/lib/python3.8/site-packages/airflow/example_dags/example_branch_day_of_week_operator.py
[2022-06-16 12:19:27,856] {processor.py:642} INFO - Processing file /home/notme/airflow_venv/airflow_venv/lib/python3.8/site-packages/airflow/example_dags/example_branch_day_of_week_operator.py for tasks to queue
[2022-06-16 12:19:27,857] {logging_mixin.py:109} INFO - [2022-06-16 12:19:27,857] {dagbag.py:500} INFO - Filling up the DagBag from /home/notme/airflow_venv/airflow_venv/lib/python3.8/site-packages/airflow/example_dags/example_branch_day_of_week_operator.py
[2022-06-16 12:19:27,870] {processor.py:652} INFO - DAG(s) dict_keys(['example_weekday_branch_operator']) retrieved from /home/notme/airflow_venv/airflow_venv/lib/python3.8/site-packages/airflow/example_dags/example_branch_day_of_week_operator.py
[2022-06-16 12:19:27,879] {logging_mixin.py:109} INFO - [2022-06-16 12:19:27,879] {dag.py:2398} INFO - Sync 1 DAGs
[2022-06-16 12:19:27,893] {logging_mixin.py:109} INFO - [2022-06-16 12:19:27,892] {dag.py:2937} INFO - Setting next_dagrun for example_weekday_branch_operator to 2022-06-15 00:00:00+00:00
[2022-06-16 12:19:27,917] {processor.py:171} INFO - Processing /home/notme/airflow_venv/airflow_venv/lib/python3.8/site-packages/airflow/example_dags/example_branch_day_of_week_operator.py took 0.065 seconds
[2022-06-16 12:20:05,737] {processor.py:163} INFO - Started process (PID=2696) to work on /home/notme/airflow_venv/airflow_venv/lib/python3.8/site-packages/airflow/example_dags/example_branch_day_of_week_operator.py
[2022-06-16 12:20:05,738] {processor.py:642} INFO - Processing file /home/notme/airflow_venv/airflow_venv/lib/python3.8/site-packages/airflow/example_dags/example_branch_day_of_week_operator.py for tasks to queue
[2022-06-16 12:20:05,739] {logging_mixin.py:109} INFO - [2022-06-16 12:20:05,738] {dagbag.py:500} INFO - Filling up the DagBag from /home/notme/airflow_venv/airflow_venv/lib/python3.8/site-packages/airflow/example_dags/example_branch_day_of_week_operator.py
[2022-06-16 12:20:05,753] {processor.py:652} INFO - DAG(s) dict_keys(['example_weekday_branch_operator']) retrieved from /home/notme/airflow_venv/airflow_venv/lib/python3.8/site-packages/airflow/example_dags/example_branch_day_of_week_operator.py
[2022-06-16 12:20:05,767] {logging_mixin.py:109} INFO - [2022-06-16 12:20:05,767] {dag.py:2398} INFO - Sync 1 DAGs
[2022-06-16 12:20:05,785] {logging_mixin.py:109} INFO - [2022-06-16 12:20:05,784] {dag.py:2937} INFO - Setting next_dagrun for example_weekday_branch_operator to 2022-06-15 00:00:00+00:00
[2022-06-16 12:20:05,800] {processor.py:171} INFO - Processing /home/notme/airflow_venv/airflow_venv/lib/python3.8/site-packages/airflow/example_dags/example_branch_day_of_week_operator.py took 0.064 seconds
[2022-06-16 12:20:44,008] {processor.py:163} INFO - Started process (PID=2743) to work on /home/notme/airflow_venv/airflow_venv/lib/python3.8/site-packages/airflow/example_dags/example_branch_day_of_week_operator.py
[2022-06-16 12:20:44,009] {processor.py:642} INFO - Processing file /home/notme/airflow_venv/airflow_venv/lib/python3.8/site-packages/airflow/example_dags/example_branch_day_of_week_operator.py for tasks to queue
[2022-06-16 12:20:44,010] {logging_mixin.py:109} INFO - [2022-06-16 12:20:44,010] {dagbag.py:500} INFO - Filling up the DagBag from /home/notme/airflow_venv/airflow_venv/lib/python3.8/site-packages/airflow/example_dags/example_branch_day_of_week_operator.py
[2022-06-16 12:20:44,025] {processor.py:652} INFO - DAG(s) dict_keys(['example_weekday_branch_operator']) retrieved from /home/notme/airflow_venv/airflow_venv/lib/python3.8/site-packages/airflow/example_dags/example_branch_day_of_week_operator.py
[2022-06-16 12:20:44,037] {logging_mixin.py:109} INFO - [2022-06-16 12:20:44,037] {dag.py:2398} INFO - Sync 1 DAGs
[2022-06-16 12:20:44,051] {logging_mixin.py:109} INFO - [2022-06-16 12:20:44,051] {dag.py:2937} INFO - Setting next_dagrun for example_weekday_branch_operator to 2022-06-15 00:00:00+00:00
[2022-06-16 12:20:44,066] {processor.py:171} INFO - Processing /home/notme/airflow_venv/airflow_venv/lib/python3.8/site-packages/airflow/example_dags/example_branch_day_of_week_operator.py took 0.061 seconds
[2022-06-16 12:21:19,272] {processor.py:163} INFO - Started process (PID=2954) to work on /home/notme/airflow_venv/airflow_venv/lib/python3.8/site-packages/airflow/example_dags/example_branch_day_of_week_operator.py
[2022-06-16 12:21:19,274] {processor.py:642} INFO - Processing file /home/notme/airflow_venv/airflow_venv/lib/python3.8/site-packages/airflow/example_dags/example_branch_day_of_week_operator.py for tasks to queue
[2022-06-16 12:21:19,275] {logging_mixin.py:109} INFO - [2022-06-16 12:21:19,275] {dagbag.py:500} INFO - Filling up the DagBag from /home/notme/airflow_venv/airflow_venv/lib/python3.8/site-packages/airflow/example_dags/example_branch_day_of_week_operator.py
[2022-06-16 12:21:19,303] {processor.py:652} INFO - DAG(s) dict_keys(['example_weekday_branch_operator']) retrieved from /home/notme/airflow_venv/airflow_venv/lib/python3.8/site-packages/airflow/example_dags/example_branch_day_of_week_operator.py
[2022-06-16 12:21:19,324] {logging_mixin.py:109} INFO - [2022-06-16 12:21:19,323] {dag.py:2398} INFO - Sync 1 DAGs
[2022-06-16 12:21:19,344] {logging_mixin.py:109} INFO - [2022-06-16 12:21:19,344] {dag.py:2937} INFO - Setting next_dagrun for example_weekday_branch_operator to 2022-06-15 00:00:00+00:00
[2022-06-16 12:21:19,363] {processor.py:171} INFO - Processing /home/notme/airflow_venv/airflow_venv/lib/python3.8/site-packages/airflow/example_dags/example_branch_day_of_week_operator.py took 0.093 seconds
[2022-06-16 12:21:54,652] {processor.py:163} INFO - Started process (PID=3125) to work on /home/notme/airflow_venv/airflow_venv/lib/python3.8/site-packages/airflow/example_dags/example_branch_day_of_week_operator.py
[2022-06-16 12:21:54,653] {processor.py:642} INFO - Processing file /home/notme/airflow_venv/airflow_venv/lib/python3.8/site-packages/airflow/example_dags/example_branch_day_of_week_operator.py for tasks to queue
[2022-06-16 12:21:54,654] {logging_mixin.py:109} INFO - [2022-06-16 12:21:54,654] {dagbag.py:500} INFO - Filling up the DagBag from /home/notme/airflow_venv/airflow_venv/lib/python3.8/site-packages/airflow/example_dags/example_branch_day_of_week_operator.py
[2022-06-16 12:21:54,669] {processor.py:652} INFO - DAG(s) dict_keys(['example_weekday_branch_operator']) retrieved from /home/notme/airflow_venv/airflow_venv/lib/python3.8/site-packages/airflow/example_dags/example_branch_day_of_week_operator.py
[2022-06-16 12:21:54,680] {logging_mixin.py:109} INFO - [2022-06-16 12:21:54,680] {dag.py:2398} INFO - Sync 1 DAGs
[2022-06-16 12:21:54,694] {logging_mixin.py:109} INFO - [2022-06-16 12:21:54,694] {dag.py:2937} INFO - Setting next_dagrun for example_weekday_branch_operator to 2022-06-15 00:00:00+00:00
[2022-06-16 12:21:54,710] {processor.py:171} INFO - Processing /home/notme/airflow_venv/airflow_venv/lib/python3.8/site-packages/airflow/example_dags/example_branch_day_of_week_operator.py took 0.060 seconds
[2022-06-16 12:22:32,570] {processor.py:163} INFO - Started process (PID=3353) to work on /home/notme/airflow_venv/airflow_venv/lib/python3.8/site-packages/airflow/example_dags/example_branch_day_of_week_operator.py
[2022-06-16 12:22:32,574] {processor.py:642} INFO - Processing file /home/notme/airflow_venv/airflow_venv/lib/python3.8/site-packages/airflow/example_dags/example_branch_day_of_week_operator.py for tasks to queue
[2022-06-16 12:22:32,575] {logging_mixin.py:109} INFO - [2022-06-16 12:22:32,575] {dagbag.py:500} INFO - Filling up the DagBag from /home/notme/airflow_venv/airflow_venv/lib/python3.8/site-packages/airflow/example_dags/example_branch_day_of_week_operator.py
[2022-06-16 12:22:32,588] {processor.py:652} INFO - DAG(s) dict_keys(['example_weekday_branch_operator']) retrieved from /home/notme/airflow_venv/airflow_venv/lib/python3.8/site-packages/airflow/example_dags/example_branch_day_of_week_operator.py
[2022-06-16 12:22:32,597] {logging_mixin.py:109} INFO - [2022-06-16 12:22:32,597] {dag.py:2398} INFO - Sync 1 DAGs
[2022-06-16 12:22:32,609] {logging_mixin.py:109} INFO - [2022-06-16 12:22:32,608] {dag.py:2937} INFO - Setting next_dagrun for example_weekday_branch_operator to 2022-06-15 00:00:00+00:00
[2022-06-16 12:22:32,625] {processor.py:171} INFO - Processing /home/notme/airflow_venv/airflow_venv/lib/python3.8/site-packages/airflow/example_dags/example_branch_day_of_week_operator.py took 0.057 seconds
[2022-06-16 12:23:09,076] {processor.py:163} INFO - Started process (PID=3491) to work on /home/notme/airflow_venv/airflow_venv/lib/python3.8/site-packages/airflow/example_dags/example_branch_day_of_week_operator.py
[2022-06-16 12:23:09,077] {processor.py:642} INFO - Processing file /home/notme/airflow_venv/airflow_venv/lib/python3.8/site-packages/airflow/example_dags/example_branch_day_of_week_operator.py for tasks to queue
[2022-06-16 12:23:09,078] {logging_mixin.py:109} INFO - [2022-06-16 12:23:09,078] {dagbag.py:500} INFO - Filling up the DagBag from /home/notme/airflow_venv/airflow_venv/lib/python3.8/site-packages/airflow/example_dags/example_branch_day_of_week_operator.py
[2022-06-16 12:23:09,089] {processor.py:652} INFO - DAG(s) dict_keys(['example_weekday_branch_operator']) retrieved from /home/notme/airflow_venv/airflow_venv/lib/python3.8/site-packages/airflow/example_dags/example_branch_day_of_week_operator.py
[2022-06-16 12:23:09,097] {logging_mixin.py:109} INFO - [2022-06-16 12:23:09,097] {dag.py:2398} INFO - Sync 1 DAGs
[2022-06-16 12:23:09,107] {logging_mixin.py:109} INFO - [2022-06-16 12:23:09,107] {dag.py:2937} INFO - Setting next_dagrun for example_weekday_branch_operator to 2022-06-15 00:00:00+00:00
[2022-06-16 12:23:09,120] {processor.py:171} INFO - Processing /home/notme/airflow_venv/airflow_venv/lib/python3.8/site-packages/airflow/example_dags/example_branch_day_of_week_operator.py took 0.046 seconds
[2022-06-16 12:23:42,539] {processor.py:163} INFO - Started process (PID=3864) to work on /home/notme/airflow_venv/airflow_venv/lib/python3.8/site-packages/airflow/example_dags/example_branch_day_of_week_operator.py
[2022-06-16 12:23:42,541] {processor.py:642} INFO - Processing file /home/notme/airflow_venv/airflow_venv/lib/python3.8/site-packages/airflow/example_dags/example_branch_day_of_week_operator.py for tasks to queue
[2022-06-16 12:23:42,541] {logging_mixin.py:109} INFO - [2022-06-16 12:23:42,541] {dagbag.py:500} INFO - Filling up the DagBag from /home/notme/airflow_venv/airflow_venv/lib/python3.8/site-packages/airflow/example_dags/example_branch_day_of_week_operator.py
[2022-06-16 12:23:42,553] {processor.py:652} INFO - DAG(s) dict_keys(['example_weekday_branch_operator']) retrieved from /home/notme/airflow_venv/airflow_venv/lib/python3.8/site-packages/airflow/example_dags/example_branch_day_of_week_operator.py
[2022-06-16 12:23:42,562] {logging_mixin.py:109} INFO - [2022-06-16 12:23:42,561] {dag.py:2398} INFO - Sync 1 DAGs
[2022-06-16 12:23:42,572] {logging_mixin.py:109} INFO - [2022-06-16 12:23:42,572] {dag.py:2937} INFO - Setting next_dagrun for example_weekday_branch_operator to 2022-06-15 00:00:00+00:00
[2022-06-16 12:23:42,588] {processor.py:171} INFO - Processing /home/notme/airflow_venv/airflow_venv/lib/python3.8/site-packages/airflow/example_dags/example_branch_day_of_week_operator.py took 0.050 seconds
[2022-06-16 12:24:20,046] {processor.py:163} INFO - Started process (PID=3933) to work on /home/notme/airflow_venv/airflow_venv/lib/python3.8/site-packages/airflow/example_dags/example_branch_day_of_week_operator.py
[2022-06-16 12:24:20,048] {processor.py:642} INFO - Processing file /home/notme/airflow_venv/airflow_venv/lib/python3.8/site-packages/airflow/example_dags/example_branch_day_of_week_operator.py for tasks to queue
[2022-06-16 12:24:20,048] {logging_mixin.py:109} INFO - [2022-06-16 12:24:20,048] {dagbag.py:500} INFO - Filling up the DagBag from /home/notme/airflow_venv/airflow_venv/lib/python3.8/site-packages/airflow/example_dags/example_branch_day_of_week_operator.py
[2022-06-16 12:24:20,060] {processor.py:652} INFO - DAG(s) dict_keys(['example_weekday_branch_operator']) retrieved from /home/notme/airflow_venv/airflow_venv/lib/python3.8/site-packages/airflow/example_dags/example_branch_day_of_week_operator.py
[2022-06-16 12:24:20,068] {logging_mixin.py:109} INFO - [2022-06-16 12:24:20,068] {dag.py:2398} INFO - Sync 1 DAGs
[2022-06-16 12:24:20,078] {logging_mixin.py:109} INFO - [2022-06-16 12:24:20,078] {dag.py:2937} INFO - Setting next_dagrun for example_weekday_branch_operator to 2022-06-15 00:00:00+00:00
[2022-06-16 12:24:20,093] {processor.py:171} INFO - Processing /home/notme/airflow_venv/airflow_venv/lib/python3.8/site-packages/airflow/example_dags/example_branch_day_of_week_operator.py took 0.048 seconds
[2022-06-16 12:24:57,640] {processor.py:163} INFO - Started process (PID=9430) to work on /home/notme/airflow_venv/airflow_venv/lib/python3.8/site-packages/airflow/example_dags/example_branch_day_of_week_operator.py
[2022-06-16 12:24:57,642] {processor.py:642} INFO - Processing file /home/notme/airflow_venv/airflow_venv/lib/python3.8/site-packages/airflow/example_dags/example_branch_day_of_week_operator.py for tasks to queue
[2022-06-16 12:24:57,642] {logging_mixin.py:109} INFO - [2022-06-16 12:24:57,642] {dagbag.py:500} INFO - Filling up the DagBag from /home/notme/airflow_venv/airflow_venv/lib/python3.8/site-packages/airflow/example_dags/example_branch_day_of_week_operator.py
[2022-06-16 12:24:57,654] {processor.py:652} INFO - DAG(s) dict_keys(['example_weekday_branch_operator']) retrieved from /home/notme/airflow_venv/airflow_venv/lib/python3.8/site-packages/airflow/example_dags/example_branch_day_of_week_operator.py
[2022-06-16 12:24:57,663] {logging_mixin.py:109} INFO - [2022-06-16 12:24:57,663] {dag.py:2398} INFO - Sync 1 DAGs
[2022-06-16 12:24:57,676] {logging_mixin.py:109} INFO - [2022-06-16 12:24:57,676] {dag.py:2937} INFO - Setting next_dagrun for example_weekday_branch_operator to 2022-06-15 00:00:00+00:00
[2022-06-16 12:24:57,691] {processor.py:171} INFO - Processing /home/notme/airflow_venv/airflow_venv/lib/python3.8/site-packages/airflow/example_dags/example_branch_day_of_week_operator.py took 0.052 seconds
[2022-06-16 12:25:33,717] {processor.py:163} INFO - Started process (PID=9921) to work on /home/notme/airflow_venv/airflow_venv/lib/python3.8/site-packages/airflow/example_dags/example_branch_day_of_week_operator.py
[2022-06-16 12:25:33,719] {processor.py:642} INFO - Processing file /home/notme/airflow_venv/airflow_venv/lib/python3.8/site-packages/airflow/example_dags/example_branch_day_of_week_operator.py for tasks to queue
[2022-06-16 12:25:33,719] {logging_mixin.py:109} INFO - [2022-06-16 12:25:33,719] {dagbag.py:500} INFO - Filling up the DagBag from /home/notme/airflow_venv/airflow_venv/lib/python3.8/site-packages/airflow/example_dags/example_branch_day_of_week_operator.py
[2022-06-16 12:25:33,730] {processor.py:652} INFO - DAG(s) dict_keys(['example_weekday_branch_operator']) retrieved from /home/notme/airflow_venv/airflow_venv/lib/python3.8/site-packages/airflow/example_dags/example_branch_day_of_week_operator.py
[2022-06-16 12:25:33,739] {logging_mixin.py:109} INFO - [2022-06-16 12:25:33,739] {dag.py:2398} INFO - Sync 1 DAGs
[2022-06-16 12:25:33,751] {logging_mixin.py:109} INFO - [2022-06-16 12:25:33,751] {dag.py:2937} INFO - Setting next_dagrun for example_weekday_branch_operator to 2022-06-15 00:00:00+00:00
[2022-06-16 12:25:33,765] {processor.py:171} INFO - Processing /home/notme/airflow_venv/airflow_venv/lib/python3.8/site-packages/airflow/example_dags/example_branch_day_of_week_operator.py took 0.050 seconds
[2022-06-16 12:26:09,375] {processor.py:163} INFO - Started process (PID=9965) to work on /home/notme/airflow_venv/airflow_venv/lib/python3.8/site-packages/airflow/example_dags/example_branch_day_of_week_operator.py
[2022-06-16 12:26:09,377] {processor.py:642} INFO - Processing file /home/notme/airflow_venv/airflow_venv/lib/python3.8/site-packages/airflow/example_dags/example_branch_day_of_week_operator.py for tasks to queue
[2022-06-16 12:26:09,377] {logging_mixin.py:109} INFO - [2022-06-16 12:26:09,377] {dagbag.py:500} INFO - Filling up the DagBag from /home/notme/airflow_venv/airflow_venv/lib/python3.8/site-packages/airflow/example_dags/example_branch_day_of_week_operator.py
[2022-06-16 12:26:09,389] {processor.py:652} INFO - DAG(s) dict_keys(['example_weekday_branch_operator']) retrieved from /home/notme/airflow_venv/airflow_venv/lib/python3.8/site-packages/airflow/example_dags/example_branch_day_of_week_operator.py
[2022-06-16 12:26:09,397] {logging_mixin.py:109} INFO - [2022-06-16 12:26:09,397] {dag.py:2398} INFO - Sync 1 DAGs
[2022-06-16 12:26:09,408] {logging_mixin.py:109} INFO - [2022-06-16 12:26:09,408] {dag.py:2937} INFO - Setting next_dagrun for example_weekday_branch_operator to 2022-06-15 00:00:00+00:00
[2022-06-16 12:26:09,422] {processor.py:171} INFO - Processing /home/notme/airflow_venv/airflow_venv/lib/python3.8/site-packages/airflow/example_dags/example_branch_day_of_week_operator.py took 0.048 seconds
[2022-06-16 12:26:44,267] {processor.py:163} INFO - Started process (PID=10391) to work on /home/notme/airflow_venv/airflow_venv/lib/python3.8/site-packages/airflow/example_dags/example_branch_day_of_week_operator.py
[2022-06-16 12:26:44,269] {processor.py:642} INFO - Processing file /home/notme/airflow_venv/airflow_venv/lib/python3.8/site-packages/airflow/example_dags/example_branch_day_of_week_operator.py for tasks to queue
[2022-06-16 12:26:44,269] {logging_mixin.py:109} INFO - [2022-06-16 12:26:44,269] {dagbag.py:500} INFO - Filling up the DagBag from /home/notme/airflow_venv/airflow_venv/lib/python3.8/site-packages/airflow/example_dags/example_branch_day_of_week_operator.py
[2022-06-16 12:26:44,280] {processor.py:652} INFO - DAG(s) dict_keys(['example_weekday_branch_operator']) retrieved from /home/notme/airflow_venv/airflow_venv/lib/python3.8/site-packages/airflow/example_dags/example_branch_day_of_week_operator.py
[2022-06-16 12:26:44,290] {logging_mixin.py:109} INFO - [2022-06-16 12:26:44,290] {dag.py:2398} INFO - Sync 1 DAGs
[2022-06-16 12:26:44,301] {logging_mixin.py:109} INFO - [2022-06-16 12:26:44,301] {dag.py:2937} INFO - Setting next_dagrun for example_weekday_branch_operator to 2022-06-15 00:00:00+00:00
[2022-06-16 12:26:44,314] {processor.py:171} INFO - Processing /home/notme/airflow_venv/airflow_venv/lib/python3.8/site-packages/airflow/example_dags/example_branch_day_of_week_operator.py took 0.048 seconds
[2022-06-16 12:27:21,810] {processor.py:163} INFO - Started process (PID=10437) to work on /home/notme/airflow_venv/airflow_venv/lib/python3.8/site-packages/airflow/example_dags/example_branch_day_of_week_operator.py
[2022-06-16 12:27:21,811] {processor.py:642} INFO - Processing file /home/notme/airflow_venv/airflow_venv/lib/python3.8/site-packages/airflow/example_dags/example_branch_day_of_week_operator.py for tasks to queue
[2022-06-16 12:27:21,811] {logging_mixin.py:109} INFO - [2022-06-16 12:27:21,811] {dagbag.py:500} INFO - Filling up the DagBag from /home/notme/airflow_venv/airflow_venv/lib/python3.8/site-packages/airflow/example_dags/example_branch_day_of_week_operator.py
[2022-06-16 12:27:21,824] {processor.py:652} INFO - DAG(s) dict_keys(['example_weekday_branch_operator']) retrieved from /home/notme/airflow_venv/airflow_venv/lib/python3.8/site-packages/airflow/example_dags/example_branch_day_of_week_operator.py
[2022-06-16 12:27:21,834] {logging_mixin.py:109} INFO - [2022-06-16 12:27:21,834] {dag.py:2398} INFO - Sync 1 DAGs
[2022-06-16 12:27:21,845] {logging_mixin.py:109} INFO - [2022-06-16 12:27:21,845] {dag.py:2937} INFO - Setting next_dagrun for example_weekday_branch_operator to 2022-06-15 00:00:00+00:00
[2022-06-16 12:27:21,859] {processor.py:171} INFO - Processing /home/notme/airflow_venv/airflow_venv/lib/python3.8/site-packages/airflow/example_dags/example_branch_day_of_week_operator.py took 0.050 seconds
[2022-06-16 12:27:58,127] {processor.py:163} INFO - Started process (PID=10709) to work on /home/notme/airflow_venv/airflow_venv/lib/python3.8/site-packages/airflow/example_dags/example_branch_day_of_week_operator.py
[2022-06-16 12:27:58,128] {processor.py:642} INFO - Processing file /home/notme/airflow_venv/airflow_venv/lib/python3.8/site-packages/airflow/example_dags/example_branch_day_of_week_operator.py for tasks to queue
[2022-06-16 12:27:58,128] {logging_mixin.py:109} INFO - [2022-06-16 12:27:58,128] {dagbag.py:500} INFO - Filling up the DagBag from /home/notme/airflow_venv/airflow_venv/lib/python3.8/site-packages/airflow/example_dags/example_branch_day_of_week_operator.py
[2022-06-16 12:27:58,141] {processor.py:652} INFO - DAG(s) dict_keys(['example_weekday_branch_operator']) retrieved from /home/notme/airflow_venv/airflow_venv/lib/python3.8/site-packages/airflow/example_dags/example_branch_day_of_week_operator.py
[2022-06-16 12:27:58,153] {logging_mixin.py:109} INFO - [2022-06-16 12:27:58,152] {dag.py:2398} INFO - Sync 1 DAGs
[2022-06-16 12:27:58,169] {logging_mixin.py:109} INFO - [2022-06-16 12:27:58,169] {dag.py:2937} INFO - Setting next_dagrun for example_weekday_branch_operator to 2022-06-15 00:00:00+00:00
[2022-06-16 12:27:58,183] {processor.py:171} INFO - Processing /home/notme/airflow_venv/airflow_venv/lib/python3.8/site-packages/airflow/example_dags/example_branch_day_of_week_operator.py took 0.058 seconds
[2022-06-16 12:28:34,271] {processor.py:163} INFO - Started process (PID=11031) to work on /home/notme/airflow_venv/airflow_venv/lib/python3.8/site-packages/airflow/example_dags/example_branch_day_of_week_operator.py
[2022-06-16 12:28:34,273] {processor.py:642} INFO - Processing file /home/notme/airflow_venv/airflow_venv/lib/python3.8/site-packages/airflow/example_dags/example_branch_day_of_week_operator.py for tasks to queue
[2022-06-16 12:28:34,273] {logging_mixin.py:109} INFO - [2022-06-16 12:28:34,273] {dagbag.py:500} INFO - Filling up the DagBag from /home/notme/airflow_venv/airflow_venv/lib/python3.8/site-packages/airflow/example_dags/example_branch_day_of_week_operator.py
[2022-06-16 12:28:34,285] {processor.py:652} INFO - DAG(s) dict_keys(['example_weekday_branch_operator']) retrieved from /home/notme/airflow_venv/airflow_venv/lib/python3.8/site-packages/airflow/example_dags/example_branch_day_of_week_operator.py
[2022-06-16 12:28:34,294] {logging_mixin.py:109} INFO - [2022-06-16 12:28:34,294] {dag.py:2398} INFO - Sync 1 DAGs
[2022-06-16 12:28:34,305] {logging_mixin.py:109} INFO - [2022-06-16 12:28:34,305] {dag.py:2937} INFO - Setting next_dagrun for example_weekday_branch_operator to 2022-06-15 00:00:00+00:00
[2022-06-16 12:28:34,318] {processor.py:171} INFO - Processing /home/notme/airflow_venv/airflow_venv/lib/python3.8/site-packages/airflow/example_dags/example_branch_day_of_week_operator.py took 0.048 seconds
[2022-06-16 12:29:10,815] {processor.py:163} INFO - Started process (PID=11075) to work on /home/notme/airflow_venv/airflow_venv/lib/python3.8/site-packages/airflow/example_dags/example_branch_day_of_week_operator.py
[2022-06-16 12:29:10,816] {processor.py:642} INFO - Processing file /home/notme/airflow_venv/airflow_venv/lib/python3.8/site-packages/airflow/example_dags/example_branch_day_of_week_operator.py for tasks to queue
[2022-06-16 12:29:10,817] {logging_mixin.py:109} INFO - [2022-06-16 12:29:10,817] {dagbag.py:500} INFO - Filling up the DagBag from /home/notme/airflow_venv/airflow_venv/lib/python3.8/site-packages/airflow/example_dags/example_branch_day_of_week_operator.py
[2022-06-16 12:29:10,828] {processor.py:652} INFO - DAG(s) dict_keys(['example_weekday_branch_operator']) retrieved from /home/notme/airflow_venv/airflow_venv/lib/python3.8/site-packages/airflow/example_dags/example_branch_day_of_week_operator.py
[2022-06-16 12:29:10,836] {logging_mixin.py:109} INFO - [2022-06-16 12:29:10,836] {dag.py:2398} INFO - Sync 1 DAGs
[2022-06-16 12:29:10,847] {logging_mixin.py:109} INFO - [2022-06-16 12:29:10,847] {dag.py:2937} INFO - Setting next_dagrun for example_weekday_branch_operator to 2022-06-15 00:00:00+00:00
[2022-06-16 12:29:10,860] {processor.py:171} INFO - Processing /home/notme/airflow_venv/airflow_venv/lib/python3.8/site-packages/airflow/example_dags/example_branch_day_of_week_operator.py took 0.046 seconds
[2022-06-16 12:29:47,403] {processor.py:163} INFO - Started process (PID=11285) to work on /home/notme/airflow_venv/airflow_venv/lib/python3.8/site-packages/airflow/example_dags/example_branch_day_of_week_operator.py
[2022-06-16 12:29:47,404] {processor.py:642} INFO - Processing file /home/notme/airflow_venv/airflow_venv/lib/python3.8/site-packages/airflow/example_dags/example_branch_day_of_week_operator.py for tasks to queue
[2022-06-16 12:29:47,404] {logging_mixin.py:109} INFO - [2022-06-16 12:29:47,404] {dagbag.py:500} INFO - Filling up the DagBag from /home/notme/airflow_venv/airflow_venv/lib/python3.8/site-packages/airflow/example_dags/example_branch_day_of_week_operator.py
[2022-06-16 12:29:47,414] {processor.py:652} INFO - DAG(s) dict_keys(['example_weekday_branch_operator']) retrieved from /home/notme/airflow_venv/airflow_venv/lib/python3.8/site-packages/airflow/example_dags/example_branch_day_of_week_operator.py
[2022-06-16 12:29:47,422] {logging_mixin.py:109} INFO - [2022-06-16 12:29:47,422] {dag.py:2398} INFO - Sync 1 DAGs
[2022-06-16 12:29:47,433] {logging_mixin.py:109} INFO - [2022-06-16 12:29:47,433] {dag.py:2937} INFO - Setting next_dagrun for example_weekday_branch_operator to 2022-06-15 00:00:00+00:00
[2022-06-16 12:29:47,446] {processor.py:171} INFO - Processing /home/notme/airflow_venv/airflow_venv/lib/python3.8/site-packages/airflow/example_dags/example_branch_day_of_week_operator.py took 0.046 seconds
[2022-06-16 12:30:23,346] {processor.py:163} INFO - Started process (PID=11334) to work on /home/notme/airflow_venv/airflow_venv/lib/python3.8/site-packages/airflow/example_dags/example_branch_day_of_week_operator.py
[2022-06-16 12:30:23,347] {processor.py:642} INFO - Processing file /home/notme/airflow_venv/airflow_venv/lib/python3.8/site-packages/airflow/example_dags/example_branch_day_of_week_operator.py for tasks to queue
[2022-06-16 12:30:23,348] {logging_mixin.py:109} INFO - [2022-06-16 12:30:23,348] {dagbag.py:500} INFO - Filling up the DagBag from /home/notme/airflow_venv/airflow_venv/lib/python3.8/site-packages/airflow/example_dags/example_branch_day_of_week_operator.py
[2022-06-16 12:30:23,358] {processor.py:652} INFO - DAG(s) dict_keys(['example_weekday_branch_operator']) retrieved from /home/notme/airflow_venv/airflow_venv/lib/python3.8/site-packages/airflow/example_dags/example_branch_day_of_week_operator.py
[2022-06-16 12:30:23,366] {logging_mixin.py:109} INFO - [2022-06-16 12:30:23,366] {dag.py:2398} INFO - Sync 1 DAGs
[2022-06-16 12:30:23,376] {logging_mixin.py:109} INFO - [2022-06-16 12:30:23,376] {dag.py:2937} INFO - Setting next_dagrun for example_weekday_branch_operator to 2022-06-15 00:00:00+00:00
[2022-06-16 12:30:23,388] {processor.py:171} INFO - Processing /home/notme/airflow_venv/airflow_venv/lib/python3.8/site-packages/airflow/example_dags/example_branch_day_of_week_operator.py took 0.043 seconds
