[2022-06-16 12:15:45,181] {processor.py:163} INFO - Started process (PID=1276) to work on /home/notme/airflow_venv/airflow_venv/lib/python3.8/site-packages/airflow/example_dags/example_nested_branch_dag.py
[2022-06-16 12:15:45,182] {processor.py:642} INFO - Processing file /home/notme/airflow_venv/airflow_venv/lib/python3.8/site-packages/airflow/example_dags/example_nested_branch_dag.py for tasks to queue
[2022-06-16 12:15:45,182] {logging_mixin.py:109} INFO - [2022-06-16 12:15:45,182] {dagbag.py:500} INFO - Filling up the DagBag from /home/notme/airflow_venv/airflow_venv/lib/python3.8/site-packages/airflow/example_dags/example_nested_branch_dag.py
[2022-06-16 12:15:45,204] {processor.py:652} INFO - DAG(s) dict_keys(['example_nested_branch_dag']) retrieved from /home/notme/airflow_venv/airflow_venv/lib/python3.8/site-packages/airflow/example_dags/example_nested_branch_dag.py
[2022-06-16 12:15:45,222] {logging_mixin.py:109} INFO - [2022-06-16 12:15:45,222] {dag.py:2398} INFO - Sync 1 DAGs
[2022-06-16 12:15:45,246] {logging_mixin.py:109} INFO - [2022-06-16 12:15:45,246] {dag.py:2937} INFO - Setting next_dagrun for example_nested_branch_dag to 2022-06-15 00:00:00+00:00
[2022-06-16 12:15:45,363] {processor.py:171} INFO - Processing /home/notme/airflow_venv/airflow_venv/lib/python3.8/site-packages/airflow/example_dags/example_nested_branch_dag.py took 0.185 seconds
[2022-06-16 12:16:19,854] {processor.py:163} INFO - Started process (PID=1433) to work on /home/notme/airflow_venv/airflow_venv/lib/python3.8/site-packages/airflow/example_dags/example_nested_branch_dag.py
[2022-06-16 12:16:19,855] {processor.py:642} INFO - Processing file /home/notme/airflow_venv/airflow_venv/lib/python3.8/site-packages/airflow/example_dags/example_nested_branch_dag.py for tasks to queue
[2022-06-16 12:16:19,855] {logging_mixin.py:109} INFO - [2022-06-16 12:16:19,855] {dagbag.py:500} INFO - Filling up the DagBag from /home/notme/airflow_venv/airflow_venv/lib/python3.8/site-packages/airflow/example_dags/example_nested_branch_dag.py
[2022-06-16 12:16:19,868] {processor.py:652} INFO - DAG(s) dict_keys(['example_nested_branch_dag']) retrieved from /home/notme/airflow_venv/airflow_venv/lib/python3.8/site-packages/airflow/example_dags/example_nested_branch_dag.py
[2022-06-16 12:16:19,879] {logging_mixin.py:109} INFO - [2022-06-16 12:16:19,879] {dag.py:2398} INFO - Sync 1 DAGs
[2022-06-16 12:16:19,892] {logging_mixin.py:109} INFO - [2022-06-16 12:16:19,892] {dag.py:2937} INFO - Setting next_dagrun for example_nested_branch_dag to 2022-06-15 00:00:00+00:00
[2022-06-16 12:16:19,906] {processor.py:171} INFO - Processing /home/notme/airflow_venv/airflow_venv/lib/python3.8/site-packages/airflow/example_dags/example_nested_branch_dag.py took 0.054 seconds
[2022-06-16 12:16:54,128] {processor.py:163} INFO - Started process (PID=1779) to work on /home/notme/airflow_venv/airflow_venv/lib/python3.8/site-packages/airflow/example_dags/example_nested_branch_dag.py
[2022-06-16 12:16:54,129] {processor.py:642} INFO - Processing file /home/notme/airflow_venv/airflow_venv/lib/python3.8/site-packages/airflow/example_dags/example_nested_branch_dag.py for tasks to queue
[2022-06-16 12:16:54,130] {logging_mixin.py:109} INFO - [2022-06-16 12:16:54,129] {dagbag.py:500} INFO - Filling up the DagBag from /home/notme/airflow_venv/airflow_venv/lib/python3.8/site-packages/airflow/example_dags/example_nested_branch_dag.py
[2022-06-16 12:16:54,142] {processor.py:652} INFO - DAG(s) dict_keys(['example_nested_branch_dag']) retrieved from /home/notme/airflow_venv/airflow_venv/lib/python3.8/site-packages/airflow/example_dags/example_nested_branch_dag.py
[2022-06-16 12:16:54,151] {logging_mixin.py:109} INFO - [2022-06-16 12:16:54,151] {dag.py:2398} INFO - Sync 1 DAGs
[2022-06-16 12:16:54,162] {logging_mixin.py:109} INFO - [2022-06-16 12:16:54,162] {dag.py:2937} INFO - Setting next_dagrun for example_nested_branch_dag to 2022-06-15 00:00:00+00:00
[2022-06-16 12:16:54,175] {processor.py:171} INFO - Processing /home/notme/airflow_venv/airflow_venv/lib/python3.8/site-packages/airflow/example_dags/example_nested_branch_dag.py took 0.049 seconds
[2022-06-16 12:17:27,091] {processor.py:163} INFO - Started process (PID=1832) to work on /home/notme/airflow_venv/airflow_venv/lib/python3.8/site-packages/airflow/example_dags/example_nested_branch_dag.py
[2022-06-16 12:17:27,092] {processor.py:642} INFO - Processing file /home/notme/airflow_venv/airflow_venv/lib/python3.8/site-packages/airflow/example_dags/example_nested_branch_dag.py for tasks to queue
[2022-06-16 12:17:27,093] {logging_mixin.py:109} INFO - [2022-06-16 12:17:27,093] {dagbag.py:500} INFO - Filling up the DagBag from /home/notme/airflow_venv/airflow_venv/lib/python3.8/site-packages/airflow/example_dags/example_nested_branch_dag.py
[2022-06-16 12:17:27,105] {processor.py:652} INFO - DAG(s) dict_keys(['example_nested_branch_dag']) retrieved from /home/notme/airflow_venv/airflow_venv/lib/python3.8/site-packages/airflow/example_dags/example_nested_branch_dag.py
[2022-06-16 12:17:27,114] {logging_mixin.py:109} INFO - [2022-06-16 12:17:27,114] {dag.py:2398} INFO - Sync 1 DAGs
[2022-06-16 12:17:27,127] {logging_mixin.py:109} INFO - [2022-06-16 12:17:27,127] {dag.py:2937} INFO - Setting next_dagrun for example_nested_branch_dag to 2022-06-15 00:00:00+00:00
[2022-06-16 12:17:27,139] {processor.py:171} INFO - Processing /home/notme/airflow_venv/airflow_venv/lib/python3.8/site-packages/airflow/example_dags/example_nested_branch_dag.py took 0.050 seconds
[2022-06-16 12:18:03,188] {processor.py:163} INFO - Started process (PID=2138) to work on /home/notme/airflow_venv/airflow_venv/lib/python3.8/site-packages/airflow/example_dags/example_nested_branch_dag.py
[2022-06-16 12:18:03,190] {processor.py:642} INFO - Processing file /home/notme/airflow_venv/airflow_venv/lib/python3.8/site-packages/airflow/example_dags/example_nested_branch_dag.py for tasks to queue
[2022-06-16 12:18:03,190] {logging_mixin.py:109} INFO - [2022-06-16 12:18:03,190] {dagbag.py:500} INFO - Filling up the DagBag from /home/notme/airflow_venv/airflow_venv/lib/python3.8/site-packages/airflow/example_dags/example_nested_branch_dag.py
[2022-06-16 12:18:03,207] {processor.py:652} INFO - DAG(s) dict_keys(['example_nested_branch_dag']) retrieved from /home/notme/airflow_venv/airflow_venv/lib/python3.8/site-packages/airflow/example_dags/example_nested_branch_dag.py
[2022-06-16 12:18:03,224] {logging_mixin.py:109} INFO - [2022-06-16 12:18:03,224] {dag.py:2398} INFO - Sync 1 DAGs
[2022-06-16 12:18:03,242] {logging_mixin.py:109} INFO - [2022-06-16 12:18:03,242] {dag.py:2937} INFO - Setting next_dagrun for example_nested_branch_dag to 2022-06-15 00:00:00+00:00
[2022-06-16 12:18:03,259] {processor.py:171} INFO - Processing /home/notme/airflow_venv/airflow_venv/lib/python3.8/site-packages/airflow/example_dags/example_nested_branch_dag.py took 0.072 seconds
[2022-06-16 12:18:38,167] {processor.py:163} INFO - Started process (PID=2180) to work on /home/notme/airflow_venv/airflow_venv/lib/python3.8/site-packages/airflow/example_dags/example_nested_branch_dag.py
[2022-06-16 12:18:38,169] {processor.py:642} INFO - Processing file /home/notme/airflow_venv/airflow_venv/lib/python3.8/site-packages/airflow/example_dags/example_nested_branch_dag.py for tasks to queue
[2022-06-16 12:18:38,169] {logging_mixin.py:109} INFO - [2022-06-16 12:18:38,169] {dagbag.py:500} INFO - Filling up the DagBag from /home/notme/airflow_venv/airflow_venv/lib/python3.8/site-packages/airflow/example_dags/example_nested_branch_dag.py
[2022-06-16 12:18:38,185] {processor.py:652} INFO - DAG(s) dict_keys(['example_nested_branch_dag']) retrieved from /home/notme/airflow_venv/airflow_venv/lib/python3.8/site-packages/airflow/example_dags/example_nested_branch_dag.py
[2022-06-16 12:18:38,197] {logging_mixin.py:109} INFO - [2022-06-16 12:18:38,196] {dag.py:2398} INFO - Sync 1 DAGs
[2022-06-16 12:18:38,214] {logging_mixin.py:109} INFO - [2022-06-16 12:18:38,214] {dag.py:2937} INFO - Setting next_dagrun for example_nested_branch_dag to 2022-06-15 00:00:00+00:00
[2022-06-16 12:18:38,229] {processor.py:171} INFO - Processing /home/notme/airflow_venv/airflow_venv/lib/python3.8/site-packages/airflow/example_dags/example_nested_branch_dag.py took 0.065 seconds
[2022-06-16 12:19:13,855] {processor.py:163} INFO - Started process (PID=2453) to work on /home/notme/airflow_venv/airflow_venv/lib/python3.8/site-packages/airflow/example_dags/example_nested_branch_dag.py
[2022-06-16 12:19:13,856] {processor.py:642} INFO - Processing file /home/notme/airflow_venv/airflow_venv/lib/python3.8/site-packages/airflow/example_dags/example_nested_branch_dag.py for tasks to queue
[2022-06-16 12:19:13,857] {logging_mixin.py:109} INFO - [2022-06-16 12:19:13,857] {dagbag.py:500} INFO - Filling up the DagBag from /home/notme/airflow_venv/airflow_venv/lib/python3.8/site-packages/airflow/example_dags/example_nested_branch_dag.py
[2022-06-16 12:19:13,872] {processor.py:652} INFO - DAG(s) dict_keys(['example_nested_branch_dag']) retrieved from /home/notme/airflow_venv/airflow_venv/lib/python3.8/site-packages/airflow/example_dags/example_nested_branch_dag.py
[2022-06-16 12:19:13,884] {logging_mixin.py:109} INFO - [2022-06-16 12:19:13,884] {dag.py:2398} INFO - Sync 1 DAGs
[2022-06-16 12:19:13,899] {logging_mixin.py:109} INFO - [2022-06-16 12:19:13,899] {dag.py:2937} INFO - Setting next_dagrun for example_nested_branch_dag to 2022-06-15 00:00:00+00:00
[2022-06-16 12:19:13,912] {processor.py:171} INFO - Processing /home/notme/airflow_venv/airflow_venv/lib/python3.8/site-packages/airflow/example_dags/example_nested_branch_dag.py took 0.059 seconds
[2022-06-16 12:19:48,241] {processor.py:163} INFO - Started process (PID=2671) to work on /home/notme/airflow_venv/airflow_venv/lib/python3.8/site-packages/airflow/example_dags/example_nested_branch_dag.py
[2022-06-16 12:19:48,242] {processor.py:642} INFO - Processing file /home/notme/airflow_venv/airflow_venv/lib/python3.8/site-packages/airflow/example_dags/example_nested_branch_dag.py for tasks to queue
[2022-06-16 12:19:48,242] {logging_mixin.py:109} INFO - [2022-06-16 12:19:48,242] {dagbag.py:500} INFO - Filling up the DagBag from /home/notme/airflow_venv/airflow_venv/lib/python3.8/site-packages/airflow/example_dags/example_nested_branch_dag.py
[2022-06-16 12:19:48,258] {processor.py:652} INFO - DAG(s) dict_keys(['example_nested_branch_dag']) retrieved from /home/notme/airflow_venv/airflow_venv/lib/python3.8/site-packages/airflow/example_dags/example_nested_branch_dag.py
[2022-06-16 12:19:48,270] {logging_mixin.py:109} INFO - [2022-06-16 12:19:48,270] {dag.py:2398} INFO - Sync 1 DAGs
[2022-06-16 12:19:48,289] {logging_mixin.py:109} INFO - [2022-06-16 12:19:48,289] {dag.py:2937} INFO - Setting next_dagrun for example_nested_branch_dag to 2022-06-15 00:00:00+00:00
[2022-06-16 12:19:48,309] {processor.py:171} INFO - Processing /home/notme/airflow_venv/airflow_venv/lib/python3.8/site-packages/airflow/example_dags/example_nested_branch_dag.py took 0.070 seconds
[2022-06-16 12:20:23,204] {processor.py:163} INFO - Started process (PID=2715) to work on /home/notme/airflow_venv/airflow_venv/lib/python3.8/site-packages/airflow/example_dags/example_nested_branch_dag.py
[2022-06-16 12:20:23,206] {processor.py:642} INFO - Processing file /home/notme/airflow_venv/airflow_venv/lib/python3.8/site-packages/airflow/example_dags/example_nested_branch_dag.py for tasks to queue
[2022-06-16 12:20:23,206] {logging_mixin.py:109} INFO - [2022-06-16 12:20:23,206] {dagbag.py:500} INFO - Filling up the DagBag from /home/notme/airflow_venv/airflow_venv/lib/python3.8/site-packages/airflow/example_dags/example_nested_branch_dag.py
[2022-06-16 12:20:23,219] {processor.py:652} INFO - DAG(s) dict_keys(['example_nested_branch_dag']) retrieved from /home/notme/airflow_venv/airflow_venv/lib/python3.8/site-packages/airflow/example_dags/example_nested_branch_dag.py
[2022-06-16 12:20:23,228] {logging_mixin.py:109} INFO - [2022-06-16 12:20:23,227] {dag.py:2398} INFO - Sync 1 DAGs
[2022-06-16 12:20:23,241] {logging_mixin.py:109} INFO - [2022-06-16 12:20:23,241] {dag.py:2937} INFO - Setting next_dagrun for example_nested_branch_dag to 2022-06-15 00:00:00+00:00
[2022-06-16 12:20:23,263] {processor.py:171} INFO - Processing /home/notme/airflow_venv/airflow_venv/lib/python3.8/site-packages/airflow/example_dags/example_nested_branch_dag.py took 0.061 seconds
[2022-06-16 12:20:58,463] {processor.py:163} INFO - Started process (PID=2758) to work on /home/notme/airflow_venv/airflow_venv/lib/python3.8/site-packages/airflow/example_dags/example_nested_branch_dag.py
[2022-06-16 12:20:58,464] {processor.py:642} INFO - Processing file /home/notme/airflow_venv/airflow_venv/lib/python3.8/site-packages/airflow/example_dags/example_nested_branch_dag.py for tasks to queue
[2022-06-16 12:20:58,465] {logging_mixin.py:109} INFO - [2022-06-16 12:20:58,465] {dagbag.py:500} INFO - Filling up the DagBag from /home/notme/airflow_venv/airflow_venv/lib/python3.8/site-packages/airflow/example_dags/example_nested_branch_dag.py
[2022-06-16 12:20:58,482] {processor.py:652} INFO - DAG(s) dict_keys(['example_nested_branch_dag']) retrieved from /home/notme/airflow_venv/airflow_venv/lib/python3.8/site-packages/airflow/example_dags/example_nested_branch_dag.py
[2022-06-16 12:20:58,497] {logging_mixin.py:109} INFO - [2022-06-16 12:20:58,497] {dag.py:2398} INFO - Sync 1 DAGs
[2022-06-16 12:20:58,511] {logging_mixin.py:109} INFO - [2022-06-16 12:20:58,511] {dag.py:2937} INFO - Setting next_dagrun for example_nested_branch_dag to 2022-06-15 00:00:00+00:00
[2022-06-16 12:20:58,528] {processor.py:171} INFO - Processing /home/notme/airflow_venv/airflow_venv/lib/python3.8/site-packages/airflow/example_dags/example_nested_branch_dag.py took 0.067 seconds
[2022-06-16 12:21:29,966] {processor.py:163} INFO - Started process (PID=2966) to work on /home/notme/airflow_venv/airflow_venv/lib/python3.8/site-packages/airflow/example_dags/example_nested_branch_dag.py
[2022-06-16 12:21:29,968] {processor.py:642} INFO - Processing file /home/notme/airflow_venv/airflow_venv/lib/python3.8/site-packages/airflow/example_dags/example_nested_branch_dag.py for tasks to queue
[2022-06-16 12:21:29,968] {logging_mixin.py:109} INFO - [2022-06-16 12:21:29,968] {dagbag.py:500} INFO - Filling up the DagBag from /home/notme/airflow_venv/airflow_venv/lib/python3.8/site-packages/airflow/example_dags/example_nested_branch_dag.py
[2022-06-16 12:21:29,981] {processor.py:652} INFO - DAG(s) dict_keys(['example_nested_branch_dag']) retrieved from /home/notme/airflow_venv/airflow_venv/lib/python3.8/site-packages/airflow/example_dags/example_nested_branch_dag.py
[2022-06-16 12:21:29,991] {logging_mixin.py:109} INFO - [2022-06-16 12:21:29,991] {dag.py:2398} INFO - Sync 1 DAGs
[2022-06-16 12:21:30,002] {logging_mixin.py:109} INFO - [2022-06-16 12:21:30,002] {dag.py:2937} INFO - Setting next_dagrun for example_nested_branch_dag to 2022-06-15 00:00:00+00:00
[2022-06-16 12:21:30,016] {processor.py:171} INFO - Processing /home/notme/airflow_venv/airflow_venv/lib/python3.8/site-packages/airflow/example_dags/example_nested_branch_dag.py took 0.051 seconds
[2022-06-16 12:22:05,173] {processor.py:163} INFO - Started process (PID=3136) to work on /home/notme/airflow_venv/airflow_venv/lib/python3.8/site-packages/airflow/example_dags/example_nested_branch_dag.py
[2022-06-16 12:22:05,175] {processor.py:642} INFO - Processing file /home/notme/airflow_venv/airflow_venv/lib/python3.8/site-packages/airflow/example_dags/example_nested_branch_dag.py for tasks to queue
[2022-06-16 12:22:05,176] {logging_mixin.py:109} INFO - [2022-06-16 12:22:05,175] {dagbag.py:500} INFO - Filling up the DagBag from /home/notme/airflow_venv/airflow_venv/lib/python3.8/site-packages/airflow/example_dags/example_nested_branch_dag.py
[2022-06-16 12:22:05,193] {processor.py:652} INFO - DAG(s) dict_keys(['example_nested_branch_dag']) retrieved from /home/notme/airflow_venv/airflow_venv/lib/python3.8/site-packages/airflow/example_dags/example_nested_branch_dag.py
[2022-06-16 12:22:05,204] {logging_mixin.py:109} INFO - [2022-06-16 12:22:05,203] {dag.py:2398} INFO - Sync 1 DAGs
[2022-06-16 12:22:05,217] {logging_mixin.py:109} INFO - [2022-06-16 12:22:05,217] {dag.py:2937} INFO - Setting next_dagrun for example_nested_branch_dag to 2022-06-15 00:00:00+00:00
[2022-06-16 12:22:05,242] {processor.py:171} INFO - Processing /home/notme/airflow_venv/airflow_venv/lib/python3.8/site-packages/airflow/example_dags/example_nested_branch_dag.py took 0.071 seconds
[2022-06-16 12:22:41,119] {processor.py:163} INFO - Started process (PID=3457) to work on /home/notme/airflow_venv/airflow_venv/lib/python3.8/site-packages/airflow/example_dags/example_nested_branch_dag.py
[2022-06-16 12:22:41,121] {processor.py:642} INFO - Processing file /home/notme/airflow_venv/airflow_venv/lib/python3.8/site-packages/airflow/example_dags/example_nested_branch_dag.py for tasks to queue
[2022-06-16 12:22:41,121] {logging_mixin.py:109} INFO - [2022-06-16 12:22:41,121] {dagbag.py:500} INFO - Filling up the DagBag from /home/notme/airflow_venv/airflow_venv/lib/python3.8/site-packages/airflow/example_dags/example_nested_branch_dag.py
[2022-06-16 12:22:41,135] {processor.py:652} INFO - DAG(s) dict_keys(['example_nested_branch_dag']) retrieved from /home/notme/airflow_venv/airflow_venv/lib/python3.8/site-packages/airflow/example_dags/example_nested_branch_dag.py
[2022-06-16 12:22:41,145] {logging_mixin.py:109} INFO - [2022-06-16 12:22:41,145] {dag.py:2398} INFO - Sync 1 DAGs
[2022-06-16 12:22:41,155] {logging_mixin.py:109} INFO - [2022-06-16 12:22:41,155] {dag.py:2937} INFO - Setting next_dagrun for example_nested_branch_dag to 2022-06-15 00:00:00+00:00
[2022-06-16 12:22:41,168] {processor.py:171} INFO - Processing /home/notme/airflow_venv/airflow_venv/lib/python3.8/site-packages/airflow/example_dags/example_nested_branch_dag.py took 0.050 seconds
[2022-06-16 12:23:16,796] {processor.py:163} INFO - Started process (PID=3512) to work on /home/notme/airflow_venv/airflow_venv/lib/python3.8/site-packages/airflow/example_dags/example_nested_branch_dag.py
[2022-06-16 12:23:16,797] {processor.py:642} INFO - Processing file /home/notme/airflow_venv/airflow_venv/lib/python3.8/site-packages/airflow/example_dags/example_nested_branch_dag.py for tasks to queue
[2022-06-16 12:23:16,798] {logging_mixin.py:109} INFO - [2022-06-16 12:23:16,798] {dagbag.py:500} INFO - Filling up the DagBag from /home/notme/airflow_venv/airflow_venv/lib/python3.8/site-packages/airflow/example_dags/example_nested_branch_dag.py
[2022-06-16 12:23:16,814] {processor.py:652} INFO - DAG(s) dict_keys(['example_nested_branch_dag']) retrieved from /home/notme/airflow_venv/airflow_venv/lib/python3.8/site-packages/airflow/example_dags/example_nested_branch_dag.py
[2022-06-16 12:23:16,826] {logging_mixin.py:109} INFO - [2022-06-16 12:23:16,826] {dag.py:2398} INFO - Sync 1 DAGs
[2022-06-16 12:23:16,840] {logging_mixin.py:109} INFO - [2022-06-16 12:23:16,840] {dag.py:2937} INFO - Setting next_dagrun for example_nested_branch_dag to 2022-06-15 00:00:00+00:00
[2022-06-16 12:23:16,856] {processor.py:171} INFO - Processing /home/notme/airflow_venv/airflow_venv/lib/python3.8/site-packages/airflow/example_dags/example_nested_branch_dag.py took 0.062 seconds
[2022-06-16 12:23:51,690] {processor.py:163} INFO - Started process (PID=3881) to work on /home/notme/airflow_venv/airflow_venv/lib/python3.8/site-packages/airflow/example_dags/example_nested_branch_dag.py
[2022-06-16 12:23:51,691] {processor.py:642} INFO - Processing file /home/notme/airflow_venv/airflow_venv/lib/python3.8/site-packages/airflow/example_dags/example_nested_branch_dag.py for tasks to queue
[2022-06-16 12:23:51,691] {logging_mixin.py:109} INFO - [2022-06-16 12:23:51,691] {dagbag.py:500} INFO - Filling up the DagBag from /home/notme/airflow_venv/airflow_venv/lib/python3.8/site-packages/airflow/example_dags/example_nested_branch_dag.py
[2022-06-16 12:23:51,706] {processor.py:652} INFO - DAG(s) dict_keys(['example_nested_branch_dag']) retrieved from /home/notme/airflow_venv/airflow_venv/lib/python3.8/site-packages/airflow/example_dags/example_nested_branch_dag.py
[2022-06-16 12:23:51,717] {logging_mixin.py:109} INFO - [2022-06-16 12:23:51,716] {dag.py:2398} INFO - Sync 1 DAGs
[2022-06-16 12:23:51,729] {logging_mixin.py:109} INFO - [2022-06-16 12:23:51,729] {dag.py:2937} INFO - Setting next_dagrun for example_nested_branch_dag to 2022-06-15 00:00:00+00:00
[2022-06-16 12:23:51,742] {processor.py:171} INFO - Processing /home/notme/airflow_venv/airflow_venv/lib/python3.8/site-packages/airflow/example_dags/example_nested_branch_dag.py took 0.054 seconds
[2022-06-16 12:24:26,337] {processor.py:163} INFO - Started process (PID=3939) to work on /home/notme/airflow_venv/airflow_venv/lib/python3.8/site-packages/airflow/example_dags/example_nested_branch_dag.py
[2022-06-16 12:24:26,339] {processor.py:642} INFO - Processing file /home/notme/airflow_venv/airflow_venv/lib/python3.8/site-packages/airflow/example_dags/example_nested_branch_dag.py for tasks to queue
[2022-06-16 12:24:26,339] {logging_mixin.py:109} INFO - [2022-06-16 12:24:26,339] {dagbag.py:500} INFO - Filling up the DagBag from /home/notme/airflow_venv/airflow_venv/lib/python3.8/site-packages/airflow/example_dags/example_nested_branch_dag.py
[2022-06-16 12:24:26,351] {processor.py:652} INFO - DAG(s) dict_keys(['example_nested_branch_dag']) retrieved from /home/notme/airflow_venv/airflow_venv/lib/python3.8/site-packages/airflow/example_dags/example_nested_branch_dag.py
[2022-06-16 12:24:26,360] {logging_mixin.py:109} INFO - [2022-06-16 12:24:26,360] {dag.py:2398} INFO - Sync 1 DAGs
[2022-06-16 12:24:26,372] {logging_mixin.py:109} INFO - [2022-06-16 12:24:26,371] {dag.py:2937} INFO - Setting next_dagrun for example_nested_branch_dag to 2022-06-15 00:00:00+00:00
[2022-06-16 12:24:26,385] {processor.py:171} INFO - Processing /home/notme/airflow_venv/airflow_venv/lib/python3.8/site-packages/airflow/example_dags/example_nested_branch_dag.py took 0.049 seconds
[2022-06-16 12:24:59,363] {processor.py:163} INFO - Started process (PID=9432) to work on /home/notme/airflow_venv/airflow_venv/lib/python3.8/site-packages/airflow/example_dags/example_nested_branch_dag.py
[2022-06-16 12:24:59,364] {processor.py:642} INFO - Processing file /home/notme/airflow_venv/airflow_venv/lib/python3.8/site-packages/airflow/example_dags/example_nested_branch_dag.py for tasks to queue
[2022-06-16 12:24:59,364] {logging_mixin.py:109} INFO - [2022-06-16 12:24:59,364] {dagbag.py:500} INFO - Filling up the DagBag from /home/notme/airflow_venv/airflow_venv/lib/python3.8/site-packages/airflow/example_dags/example_nested_branch_dag.py
[2022-06-16 12:24:59,375] {processor.py:652} INFO - DAG(s) dict_keys(['example_nested_branch_dag']) retrieved from /home/notme/airflow_venv/airflow_venv/lib/python3.8/site-packages/airflow/example_dags/example_nested_branch_dag.py
[2022-06-16 12:24:59,384] {logging_mixin.py:109} INFO - [2022-06-16 12:24:59,383] {dag.py:2398} INFO - Sync 1 DAGs
[2022-06-16 12:24:59,394] {logging_mixin.py:109} INFO - [2022-06-16 12:24:59,394] {dag.py:2937} INFO - Setting next_dagrun for example_nested_branch_dag to 2022-06-15 00:00:00+00:00
[2022-06-16 12:24:59,405] {processor.py:171} INFO - Processing /home/notme/airflow_venv/airflow_venv/lib/python3.8/site-packages/airflow/example_dags/example_nested_branch_dag.py took 0.044 seconds
[2022-06-16 12:25:32,566] {processor.py:163} INFO - Started process (PID=9920) to work on /home/notme/airflow_venv/airflow_venv/lib/python3.8/site-packages/airflow/example_dags/example_nested_branch_dag.py
[2022-06-16 12:25:32,568] {processor.py:642} INFO - Processing file /home/notme/airflow_venv/airflow_venv/lib/python3.8/site-packages/airflow/example_dags/example_nested_branch_dag.py for tasks to queue
[2022-06-16 12:25:32,568] {logging_mixin.py:109} INFO - [2022-06-16 12:25:32,568] {dagbag.py:500} INFO - Filling up the DagBag from /home/notme/airflow_venv/airflow_venv/lib/python3.8/site-packages/airflow/example_dags/example_nested_branch_dag.py
[2022-06-16 12:25:32,584] {processor.py:652} INFO - DAG(s) dict_keys(['example_nested_branch_dag']) retrieved from /home/notme/airflow_venv/airflow_venv/lib/python3.8/site-packages/airflow/example_dags/example_nested_branch_dag.py
[2022-06-16 12:25:32,595] {logging_mixin.py:109} INFO - [2022-06-16 12:25:32,595] {dag.py:2398} INFO - Sync 1 DAGs
[2022-06-16 12:25:32,611] {logging_mixin.py:109} INFO - [2022-06-16 12:25:32,611] {dag.py:2937} INFO - Setting next_dagrun for example_nested_branch_dag to 2022-06-15 00:00:00+00:00
[2022-06-16 12:25:32,627] {processor.py:171} INFO - Processing /home/notme/airflow_venv/airflow_venv/lib/python3.8/site-packages/airflow/example_dags/example_nested_branch_dag.py took 0.062 seconds
[2022-06-16 12:26:06,279] {processor.py:163} INFO - Started process (PID=9962) to work on /home/notme/airflow_venv/airflow_venv/lib/python3.8/site-packages/airflow/example_dags/example_nested_branch_dag.py
[2022-06-16 12:26:06,280] {processor.py:642} INFO - Processing file /home/notme/airflow_venv/airflow_venv/lib/python3.8/site-packages/airflow/example_dags/example_nested_branch_dag.py for tasks to queue
[2022-06-16 12:26:06,280] {logging_mixin.py:109} INFO - [2022-06-16 12:26:06,280] {dagbag.py:500} INFO - Filling up the DagBag from /home/notme/airflow_venv/airflow_venv/lib/python3.8/site-packages/airflow/example_dags/example_nested_branch_dag.py
[2022-06-16 12:26:06,294] {processor.py:652} INFO - DAG(s) dict_keys(['example_nested_branch_dag']) retrieved from /home/notme/airflow_venv/airflow_venv/lib/python3.8/site-packages/airflow/example_dags/example_nested_branch_dag.py
[2022-06-16 12:26:06,304] {logging_mixin.py:109} INFO - [2022-06-16 12:26:06,304] {dag.py:2398} INFO - Sync 1 DAGs
[2022-06-16 12:26:06,316] {logging_mixin.py:109} INFO - [2022-06-16 12:26:06,316] {dag.py:2937} INFO - Setting next_dagrun for example_nested_branch_dag to 2022-06-15 00:00:00+00:00
[2022-06-16 12:26:06,330] {processor.py:171} INFO - Processing /home/notme/airflow_venv/airflow_venv/lib/python3.8/site-packages/airflow/example_dags/example_nested_branch_dag.py took 0.053 seconds
[2022-06-16 12:26:43,099] {processor.py:163} INFO - Started process (PID=10390) to work on /home/notme/airflow_venv/airflow_venv/lib/python3.8/site-packages/airflow/example_dags/example_nested_branch_dag.py
[2022-06-16 12:26:43,102] {processor.py:642} INFO - Processing file /home/notme/airflow_venv/airflow_venv/lib/python3.8/site-packages/airflow/example_dags/example_nested_branch_dag.py for tasks to queue
[2022-06-16 12:26:43,102] {logging_mixin.py:109} INFO - [2022-06-16 12:26:43,102] {dagbag.py:500} INFO - Filling up the DagBag from /home/notme/airflow_venv/airflow_venv/lib/python3.8/site-packages/airflow/example_dags/example_nested_branch_dag.py
[2022-06-16 12:26:43,118] {processor.py:652} INFO - DAG(s) dict_keys(['example_nested_branch_dag']) retrieved from /home/notme/airflow_venv/airflow_venv/lib/python3.8/site-packages/airflow/example_dags/example_nested_branch_dag.py
[2022-06-16 12:26:43,131] {logging_mixin.py:109} INFO - [2022-06-16 12:26:43,131] {dag.py:2398} INFO - Sync 1 DAGs
[2022-06-16 12:26:43,149] {logging_mixin.py:109} INFO - [2022-06-16 12:26:43,149] {dag.py:2937} INFO - Setting next_dagrun for example_nested_branch_dag to 2022-06-15 00:00:00+00:00
[2022-06-16 12:26:43,168] {processor.py:171} INFO - Processing /home/notme/airflow_venv/airflow_venv/lib/python3.8/site-packages/airflow/example_dags/example_nested_branch_dag.py took 0.070 seconds
[2022-06-16 12:27:16,562] {processor.py:163} INFO - Started process (PID=10432) to work on /home/notme/airflow_venv/airflow_venv/lib/python3.8/site-packages/airflow/example_dags/example_nested_branch_dag.py
[2022-06-16 12:27:16,562] {processor.py:642} INFO - Processing file /home/notme/airflow_venv/airflow_venv/lib/python3.8/site-packages/airflow/example_dags/example_nested_branch_dag.py for tasks to queue
[2022-06-16 12:27:16,563] {logging_mixin.py:109} INFO - [2022-06-16 12:27:16,563] {dagbag.py:500} INFO - Filling up the DagBag from /home/notme/airflow_venv/airflow_venv/lib/python3.8/site-packages/airflow/example_dags/example_nested_branch_dag.py
[2022-06-16 12:27:16,575] {processor.py:652} INFO - DAG(s) dict_keys(['example_nested_branch_dag']) retrieved from /home/notme/airflow_venv/airflow_venv/lib/python3.8/site-packages/airflow/example_dags/example_nested_branch_dag.py
[2022-06-16 12:27:16,584] {logging_mixin.py:109} INFO - [2022-06-16 12:27:16,584] {dag.py:2398} INFO - Sync 1 DAGs
[2022-06-16 12:27:16,597] {logging_mixin.py:109} INFO - [2022-06-16 12:27:16,597] {dag.py:2937} INFO - Setting next_dagrun for example_nested_branch_dag to 2022-06-15 00:00:00+00:00
[2022-06-16 12:27:16,611] {processor.py:171} INFO - Processing /home/notme/airflow_venv/airflow_venv/lib/python3.8/site-packages/airflow/example_dags/example_nested_branch_dag.py took 0.051 seconds
[2022-06-16 12:27:49,986] {processor.py:163} INFO - Started process (PID=10640) to work on /home/notme/airflow_venv/airflow_venv/lib/python3.8/site-packages/airflow/example_dags/example_nested_branch_dag.py
[2022-06-16 12:27:49,987] {processor.py:642} INFO - Processing file /home/notme/airflow_venv/airflow_venv/lib/python3.8/site-packages/airflow/example_dags/example_nested_branch_dag.py for tasks to queue
[2022-06-16 12:27:49,988] {logging_mixin.py:109} INFO - [2022-06-16 12:27:49,988] {dagbag.py:500} INFO - Filling up the DagBag from /home/notme/airflow_venv/airflow_venv/lib/python3.8/site-packages/airflow/example_dags/example_nested_branch_dag.py
[2022-06-16 12:27:50,007] {processor.py:652} INFO - DAG(s) dict_keys(['example_nested_branch_dag']) retrieved from /home/notme/airflow_venv/airflow_venv/lib/python3.8/site-packages/airflow/example_dags/example_nested_branch_dag.py
[2022-06-16 12:27:50,018] {logging_mixin.py:109} INFO - [2022-06-16 12:27:50,018] {dag.py:2398} INFO - Sync 1 DAGs
[2022-06-16 12:27:50,029] {logging_mixin.py:109} INFO - [2022-06-16 12:27:50,029] {dag.py:2937} INFO - Setting next_dagrun for example_nested_branch_dag to 2022-06-15 00:00:00+00:00
[2022-06-16 12:27:50,043] {processor.py:171} INFO - Processing /home/notme/airflow_venv/airflow_venv/lib/python3.8/site-packages/airflow/example_dags/example_nested_branch_dag.py took 0.058 seconds
[2022-06-16 12:28:25,081] {processor.py:163} INFO - Started process (PID=11007) to work on /home/notme/airflow_venv/airflow_venv/lib/python3.8/site-packages/airflow/example_dags/example_nested_branch_dag.py
[2022-06-16 12:28:25,082] {processor.py:642} INFO - Processing file /home/notme/airflow_venv/airflow_venv/lib/python3.8/site-packages/airflow/example_dags/example_nested_branch_dag.py for tasks to queue
[2022-06-16 12:28:25,083] {logging_mixin.py:109} INFO - [2022-06-16 12:28:25,083] {dagbag.py:500} INFO - Filling up the DagBag from /home/notme/airflow_venv/airflow_venv/lib/python3.8/site-packages/airflow/example_dags/example_nested_branch_dag.py
[2022-06-16 12:28:25,096] {processor.py:652} INFO - DAG(s) dict_keys(['example_nested_branch_dag']) retrieved from /home/notme/airflow_venv/airflow_venv/lib/python3.8/site-packages/airflow/example_dags/example_nested_branch_dag.py
[2022-06-16 12:28:25,106] {logging_mixin.py:109} INFO - [2022-06-16 12:28:25,106] {dag.py:2398} INFO - Sync 1 DAGs
[2022-06-16 12:28:25,118] {logging_mixin.py:109} INFO - [2022-06-16 12:28:25,118] {dag.py:2937} INFO - Setting next_dagrun for example_nested_branch_dag to 2022-06-15 00:00:00+00:00
[2022-06-16 12:28:25,131] {processor.py:171} INFO - Processing /home/notme/airflow_venv/airflow_venv/lib/python3.8/site-packages/airflow/example_dags/example_nested_branch_dag.py took 0.052 seconds
[2022-06-16 12:29:00,319] {processor.py:163} INFO - Started process (PID=11057) to work on /home/notme/airflow_venv/airflow_venv/lib/python3.8/site-packages/airflow/example_dags/example_nested_branch_dag.py
[2022-06-16 12:29:00,320] {processor.py:642} INFO - Processing file /home/notme/airflow_venv/airflow_venv/lib/python3.8/site-packages/airflow/example_dags/example_nested_branch_dag.py for tasks to queue
[2022-06-16 12:29:00,321] {logging_mixin.py:109} INFO - [2022-06-16 12:29:00,321] {dagbag.py:500} INFO - Filling up the DagBag from /home/notme/airflow_venv/airflow_venv/lib/python3.8/site-packages/airflow/example_dags/example_nested_branch_dag.py
[2022-06-16 12:29:00,336] {processor.py:652} INFO - DAG(s) dict_keys(['example_nested_branch_dag']) retrieved from /home/notme/airflow_venv/airflow_venv/lib/python3.8/site-packages/airflow/example_dags/example_nested_branch_dag.py
[2022-06-16 12:29:00,348] {logging_mixin.py:109} INFO - [2022-06-16 12:29:00,348] {dag.py:2398} INFO - Sync 1 DAGs
[2022-06-16 12:29:00,361] {logging_mixin.py:109} INFO - [2022-06-16 12:29:00,361] {dag.py:2937} INFO - Setting next_dagrun for example_nested_branch_dag to 2022-06-15 00:00:00+00:00
[2022-06-16 12:29:00,375] {processor.py:171} INFO - Processing /home/notme/airflow_venv/airflow_venv/lib/python3.8/site-packages/airflow/example_dags/example_nested_branch_dag.py took 0.059 seconds
[2022-06-16 12:29:37,305] {processor.py:163} INFO - Started process (PID=11117) to work on /home/notme/airflow_venv/airflow_venv/lib/python3.8/site-packages/airflow/example_dags/example_nested_branch_dag.py
[2022-06-16 12:29:37,306] {processor.py:642} INFO - Processing file /home/notme/airflow_venv/airflow_venv/lib/python3.8/site-packages/airflow/example_dags/example_nested_branch_dag.py for tasks to queue
[2022-06-16 12:29:37,307] {logging_mixin.py:109} INFO - [2022-06-16 12:29:37,307] {dagbag.py:500} INFO - Filling up the DagBag from /home/notme/airflow_venv/airflow_venv/lib/python3.8/site-packages/airflow/example_dags/example_nested_branch_dag.py
[2022-06-16 12:29:37,318] {processor.py:652} INFO - DAG(s) dict_keys(['example_nested_branch_dag']) retrieved from /home/notme/airflow_venv/airflow_venv/lib/python3.8/site-packages/airflow/example_dags/example_nested_branch_dag.py
[2022-06-16 12:29:37,331] {logging_mixin.py:109} INFO - [2022-06-16 12:29:37,331] {dag.py:2398} INFO - Sync 1 DAGs
[2022-06-16 12:29:37,341] {logging_mixin.py:109} INFO - [2022-06-16 12:29:37,341] {dag.py:2937} INFO - Setting next_dagrun for example_nested_branch_dag to 2022-06-15 00:00:00+00:00
[2022-06-16 12:29:37,354] {processor.py:171} INFO - Processing /home/notme/airflow_venv/airflow_venv/lib/python3.8/site-packages/airflow/example_dags/example_nested_branch_dag.py took 0.050 seconds
[2022-06-16 12:30:10,759] {processor.py:163} INFO - Started process (PID=11321) to work on /home/notme/airflow_venv/airflow_venv/lib/python3.8/site-packages/airflow/example_dags/example_nested_branch_dag.py
[2022-06-16 12:30:10,760] {processor.py:642} INFO - Processing file /home/notme/airflow_venv/airflow_venv/lib/python3.8/site-packages/airflow/example_dags/example_nested_branch_dag.py for tasks to queue
[2022-06-16 12:30:10,760] {logging_mixin.py:109} INFO - [2022-06-16 12:30:10,760] {dagbag.py:500} INFO - Filling up the DagBag from /home/notme/airflow_venv/airflow_venv/lib/python3.8/site-packages/airflow/example_dags/example_nested_branch_dag.py
[2022-06-16 12:30:10,772] {processor.py:652} INFO - DAG(s) dict_keys(['example_nested_branch_dag']) retrieved from /home/notme/airflow_venv/airflow_venv/lib/python3.8/site-packages/airflow/example_dags/example_nested_branch_dag.py
[2022-06-16 12:30:10,781] {logging_mixin.py:109} INFO - [2022-06-16 12:30:10,781] {dag.py:2398} INFO - Sync 1 DAGs
[2022-06-16 12:30:10,791] {logging_mixin.py:109} INFO - [2022-06-16 12:30:10,791] {dag.py:2937} INFO - Setting next_dagrun for example_nested_branch_dag to 2022-06-15 00:00:00+00:00
[2022-06-16 12:30:10,804] {processor.py:171} INFO - Processing /home/notme/airflow_venv/airflow_venv/lib/python3.8/site-packages/airflow/example_dags/example_nested_branch_dag.py took 0.047 seconds
[2022-06-16 12:30:44,054] {processor.py:163} INFO - Started process (PID=11364) to work on /home/notme/airflow_venv/airflow_venv/lib/python3.8/site-packages/airflow/example_dags/example_nested_branch_dag.py
[2022-06-16 12:30:44,055] {processor.py:642} INFO - Processing file /home/notme/airflow_venv/airflow_venv/lib/python3.8/site-packages/airflow/example_dags/example_nested_branch_dag.py for tasks to queue
[2022-06-16 12:30:44,056] {logging_mixin.py:109} INFO - [2022-06-16 12:30:44,056] {dagbag.py:500} INFO - Filling up the DagBag from /home/notme/airflow_venv/airflow_venv/lib/python3.8/site-packages/airflow/example_dags/example_nested_branch_dag.py
[2022-06-16 12:30:44,067] {processor.py:652} INFO - DAG(s) dict_keys(['example_nested_branch_dag']) retrieved from /home/notme/airflow_venv/airflow_venv/lib/python3.8/site-packages/airflow/example_dags/example_nested_branch_dag.py
[2022-06-16 12:30:44,075] {logging_mixin.py:109} INFO - [2022-06-16 12:30:44,075] {dag.py:2398} INFO - Sync 1 DAGs
[2022-06-16 12:30:44,085] {logging_mixin.py:109} INFO - [2022-06-16 12:30:44,085] {dag.py:2937} INFO - Setting next_dagrun for example_nested_branch_dag to 2022-06-15 00:00:00+00:00
[2022-06-16 12:30:44,098] {processor.py:171} INFO - Processing /home/notme/airflow_venv/airflow_venv/lib/python3.8/site-packages/airflow/example_dags/example_nested_branch_dag.py took 0.045 seconds
