[2022-06-16 12:15:46,868] {processor.py:163} INFO - Started process (PID=1393) to work on /home/notme/airflow_venv/airflow_venv/lib/python3.8/site-packages/airflow/example_dags/example_task_group_decorator.py
[2022-06-16 12:15:46,869] {processor.py:642} INFO - Processing file /home/notme/airflow_venv/airflow_venv/lib/python3.8/site-packages/airflow/example_dags/example_task_group_decorator.py for tasks to queue
[2022-06-16 12:15:46,869] {logging_mixin.py:109} INFO - [2022-06-16 12:15:46,869] {dagbag.py:500} INFO - Filling up the DagBag from /home/notme/airflow_venv/airflow_venv/lib/python3.8/site-packages/airflow/example_dags/example_task_group_decorator.py
[2022-06-16 12:15:46,899] {processor.py:652} INFO - DAG(s) dict_keys(['example_task_group_decorator']) retrieved from /home/notme/airflow_venv/airflow_venv/lib/python3.8/site-packages/airflow/example_dags/example_task_group_decorator.py
[2022-06-16 12:15:46,905] {logging_mixin.py:109} INFO - [2022-06-16 12:15:46,905] {dag.py:2398} INFO - Sync 1 DAGs
[2022-06-16 12:15:46,920] {logging_mixin.py:109} INFO - [2022-06-16 12:15:46,920] {dag.py:2937} INFO - Setting next_dagrun for example_task_group_decorator to 2022-06-15T10:15:46.920410+00:00
[2022-06-16 12:15:46,979] {processor.py:171} INFO - Processing /home/notme/airflow_venv/airflow_venv/lib/python3.8/site-packages/airflow/example_dags/example_task_group_decorator.py took 0.113 seconds
[2022-06-16 12:16:22,129] {processor.py:163} INFO - Started process (PID=1435) to work on /home/notme/airflow_venv/airflow_venv/lib/python3.8/site-packages/airflow/example_dags/example_task_group_decorator.py
[2022-06-16 12:16:22,130] {processor.py:642} INFO - Processing file /home/notme/airflow_venv/airflow_venv/lib/python3.8/site-packages/airflow/example_dags/example_task_group_decorator.py for tasks to queue
[2022-06-16 12:16:22,130] {logging_mixin.py:109} INFO - [2022-06-16 12:16:22,130] {dagbag.py:500} INFO - Filling up the DagBag from /home/notme/airflow_venv/airflow_venv/lib/python3.8/site-packages/airflow/example_dags/example_task_group_decorator.py
[2022-06-16 12:16:22,153] {processor.py:652} INFO - DAG(s) dict_keys(['example_task_group_decorator']) retrieved from /home/notme/airflow_venv/airflow_venv/lib/python3.8/site-packages/airflow/example_dags/example_task_group_decorator.py
[2022-06-16 12:16:22,339] {logging_mixin.py:109} INFO - [2022-06-16 12:16:22,339] {dag.py:2398} INFO - Sync 1 DAGs
[2022-06-16 12:16:22,349] {logging_mixin.py:109} INFO - [2022-06-16 12:16:22,349] {dag.py:2937} INFO - Setting next_dagrun for example_task_group_decorator to 2022-06-15T10:16:22.349019+00:00
[2022-06-16 12:16:22,364] {processor.py:171} INFO - Processing /home/notme/airflow_venv/airflow_venv/lib/python3.8/site-packages/airflow/example_dags/example_task_group_decorator.py took 0.237 seconds
[2022-06-16 12:16:55,554] {processor.py:163} INFO - Started process (PID=1782) to work on /home/notme/airflow_venv/airflow_venv/lib/python3.8/site-packages/airflow/example_dags/example_task_group_decorator.py
[2022-06-16 12:16:55,555] {processor.py:642} INFO - Processing file /home/notme/airflow_venv/airflow_venv/lib/python3.8/site-packages/airflow/example_dags/example_task_group_decorator.py for tasks to queue
[2022-06-16 12:16:55,556] {logging_mixin.py:109} INFO - [2022-06-16 12:16:55,556] {dagbag.py:500} INFO - Filling up the DagBag from /home/notme/airflow_venv/airflow_venv/lib/python3.8/site-packages/airflow/example_dags/example_task_group_decorator.py
[2022-06-16 12:16:55,574] {processor.py:652} INFO - DAG(s) dict_keys(['example_task_group_decorator']) retrieved from /home/notme/airflow_venv/airflow_venv/lib/python3.8/site-packages/airflow/example_dags/example_task_group_decorator.py
[2022-06-16 12:16:55,721] {logging_mixin.py:109} INFO - [2022-06-16 12:16:55,721] {dag.py:2398} INFO - Sync 1 DAGs
[2022-06-16 12:16:55,730] {logging_mixin.py:109} INFO - [2022-06-16 12:16:55,730] {dag.py:2937} INFO - Setting next_dagrun for example_task_group_decorator to 2022-06-15T10:16:55.730001+00:00
[2022-06-16 12:16:55,747] {processor.py:171} INFO - Processing /home/notme/airflow_venv/airflow_venv/lib/python3.8/site-packages/airflow/example_dags/example_task_group_decorator.py took 0.195 seconds
[2022-06-16 12:17:29,374] {processor.py:163} INFO - Started process (PID=1834) to work on /home/notme/airflow_venv/airflow_venv/lib/python3.8/site-packages/airflow/example_dags/example_task_group_decorator.py
[2022-06-16 12:17:29,375] {processor.py:642} INFO - Processing file /home/notme/airflow_venv/airflow_venv/lib/python3.8/site-packages/airflow/example_dags/example_task_group_decorator.py for tasks to queue
[2022-06-16 12:17:29,375] {logging_mixin.py:109} INFO - [2022-06-16 12:17:29,375] {dagbag.py:500} INFO - Filling up the DagBag from /home/notme/airflow_venv/airflow_venv/lib/python3.8/site-packages/airflow/example_dags/example_task_group_decorator.py
[2022-06-16 12:17:29,398] {processor.py:652} INFO - DAG(s) dict_keys(['example_task_group_decorator']) retrieved from /home/notme/airflow_venv/airflow_venv/lib/python3.8/site-packages/airflow/example_dags/example_task_group_decorator.py
[2022-06-16 12:17:29,577] {logging_mixin.py:109} INFO - [2022-06-16 12:17:29,577] {dag.py:2398} INFO - Sync 1 DAGs
[2022-06-16 12:17:29,586] {logging_mixin.py:109} INFO - [2022-06-16 12:17:29,586] {dag.py:2937} INFO - Setting next_dagrun for example_task_group_decorator to 2022-06-15T10:17:29.585970+00:00
[2022-06-16 12:17:29,600] {processor.py:171} INFO - Processing /home/notme/airflow_venv/airflow_venv/lib/python3.8/site-packages/airflow/example_dags/example_task_group_decorator.py took 0.228 seconds
[2022-06-16 12:18:05,479] {processor.py:163} INFO - Started process (PID=2140) to work on /home/notme/airflow_venv/airflow_venv/lib/python3.8/site-packages/airflow/example_dags/example_task_group_decorator.py
[2022-06-16 12:18:05,480] {processor.py:642} INFO - Processing file /home/notme/airflow_venv/airflow_venv/lib/python3.8/site-packages/airflow/example_dags/example_task_group_decorator.py for tasks to queue
[2022-06-16 12:18:05,481] {logging_mixin.py:109} INFO - [2022-06-16 12:18:05,481] {dagbag.py:500} INFO - Filling up the DagBag from /home/notme/airflow_venv/airflow_venv/lib/python3.8/site-packages/airflow/example_dags/example_task_group_decorator.py
[2022-06-16 12:18:05,510] {processor.py:652} INFO - DAG(s) dict_keys(['example_task_group_decorator']) retrieved from /home/notme/airflow_venv/airflow_venv/lib/python3.8/site-packages/airflow/example_dags/example_task_group_decorator.py
[2022-06-16 12:18:05,704] {logging_mixin.py:109} INFO - [2022-06-16 12:18:05,704] {dag.py:2398} INFO - Sync 1 DAGs
[2022-06-16 12:18:05,716] {logging_mixin.py:109} INFO - [2022-06-16 12:18:05,716] {dag.py:2937} INFO - Setting next_dagrun for example_task_group_decorator to 2022-06-15T10:18:05.715894+00:00
[2022-06-16 12:18:05,733] {processor.py:171} INFO - Processing /home/notme/airflow_venv/airflow_venv/lib/python3.8/site-packages/airflow/example_dags/example_task_group_decorator.py took 0.256 seconds
[2022-06-16 12:18:40,464] {processor.py:163} INFO - Started process (PID=2182) to work on /home/notme/airflow_venv/airflow_venv/lib/python3.8/site-packages/airflow/example_dags/example_task_group_decorator.py
[2022-06-16 12:18:40,465] {processor.py:642} INFO - Processing file /home/notme/airflow_venv/airflow_venv/lib/python3.8/site-packages/airflow/example_dags/example_task_group_decorator.py for tasks to queue
[2022-06-16 12:18:40,466] {logging_mixin.py:109} INFO - [2022-06-16 12:18:40,466] {dagbag.py:500} INFO - Filling up the DagBag from /home/notme/airflow_venv/airflow_venv/lib/python3.8/site-packages/airflow/example_dags/example_task_group_decorator.py
[2022-06-16 12:18:40,492] {processor.py:652} INFO - DAG(s) dict_keys(['example_task_group_decorator']) retrieved from /home/notme/airflow_venv/airflow_venv/lib/python3.8/site-packages/airflow/example_dags/example_task_group_decorator.py
[2022-06-16 12:18:40,672] {logging_mixin.py:109} INFO - [2022-06-16 12:18:40,672] {dag.py:2398} INFO - Sync 1 DAGs
[2022-06-16 12:18:40,683] {logging_mixin.py:109} INFO - [2022-06-16 12:18:40,683] {dag.py:2937} INFO - Setting next_dagrun for example_task_group_decorator to 2022-06-15T10:18:40.683552+00:00
[2022-06-16 12:18:40,700] {processor.py:171} INFO - Processing /home/notme/airflow_venv/airflow_venv/lib/python3.8/site-packages/airflow/example_dags/example_task_group_decorator.py took 0.237 seconds
[2022-06-16 12:19:15,574] {processor.py:163} INFO - Started process (PID=2455) to work on /home/notme/airflow_venv/airflow_venv/lib/python3.8/site-packages/airflow/example_dags/example_task_group_decorator.py
[2022-06-16 12:19:15,575] {processor.py:642} INFO - Processing file /home/notme/airflow_venv/airflow_venv/lib/python3.8/site-packages/airflow/example_dags/example_task_group_decorator.py for tasks to queue
[2022-06-16 12:19:15,576] {logging_mixin.py:109} INFO - [2022-06-16 12:19:15,576] {dagbag.py:500} INFO - Filling up the DagBag from /home/notme/airflow_venv/airflow_venv/lib/python3.8/site-packages/airflow/example_dags/example_task_group_decorator.py
[2022-06-16 12:19:15,604] {processor.py:652} INFO - DAG(s) dict_keys(['example_task_group_decorator']) retrieved from /home/notme/airflow_venv/airflow_venv/lib/python3.8/site-packages/airflow/example_dags/example_task_group_decorator.py
[2022-06-16 12:19:15,785] {logging_mixin.py:109} INFO - [2022-06-16 12:19:15,785] {dag.py:2398} INFO - Sync 1 DAGs
[2022-06-16 12:19:15,794] {logging_mixin.py:109} INFO - [2022-06-16 12:19:15,794] {dag.py:2937} INFO - Setting next_dagrun for example_task_group_decorator to 2022-06-15T10:19:15.794210+00:00
[2022-06-16 12:19:15,807] {processor.py:171} INFO - Processing /home/notme/airflow_venv/airflow_venv/lib/python3.8/site-packages/airflow/example_dags/example_task_group_decorator.py took 0.236 seconds
[2022-06-16 12:19:50,529] {processor.py:163} INFO - Started process (PID=2673) to work on /home/notme/airflow_venv/airflow_venv/lib/python3.8/site-packages/airflow/example_dags/example_task_group_decorator.py
[2022-06-16 12:19:50,530] {processor.py:642} INFO - Processing file /home/notme/airflow_venv/airflow_venv/lib/python3.8/site-packages/airflow/example_dags/example_task_group_decorator.py for tasks to queue
[2022-06-16 12:19:50,531] {logging_mixin.py:109} INFO - [2022-06-16 12:19:50,531] {dagbag.py:500} INFO - Filling up the DagBag from /home/notme/airflow_venv/airflow_venv/lib/python3.8/site-packages/airflow/example_dags/example_task_group_decorator.py
[2022-06-16 12:19:50,551] {processor.py:652} INFO - DAG(s) dict_keys(['example_task_group_decorator']) retrieved from /home/notme/airflow_venv/airflow_venv/lib/python3.8/site-packages/airflow/example_dags/example_task_group_decorator.py
[2022-06-16 12:19:50,725] {logging_mixin.py:109} INFO - [2022-06-16 12:19:50,725] {dag.py:2398} INFO - Sync 1 DAGs
[2022-06-16 12:19:50,735] {logging_mixin.py:109} INFO - [2022-06-16 12:19:50,735] {dag.py:2937} INFO - Setting next_dagrun for example_task_group_decorator to 2022-06-15T10:19:50.734909+00:00
[2022-06-16 12:19:50,751] {processor.py:171} INFO - Processing /home/notme/airflow_venv/airflow_venv/lib/python3.8/site-packages/airflow/example_dags/example_task_group_decorator.py took 0.223 seconds
[2022-06-16 12:20:24,877] {processor.py:163} INFO - Started process (PID=2717) to work on /home/notme/airflow_venv/airflow_venv/lib/python3.8/site-packages/airflow/example_dags/example_task_group_decorator.py
[2022-06-16 12:20:24,878] {processor.py:642} INFO - Processing file /home/notme/airflow_venv/airflow_venv/lib/python3.8/site-packages/airflow/example_dags/example_task_group_decorator.py for tasks to queue
[2022-06-16 12:20:24,878] {logging_mixin.py:109} INFO - [2022-06-16 12:20:24,878] {dagbag.py:500} INFO - Filling up the DagBag from /home/notme/airflow_venv/airflow_venv/lib/python3.8/site-packages/airflow/example_dags/example_task_group_decorator.py
[2022-06-16 12:20:24,897] {processor.py:652} INFO - DAG(s) dict_keys(['example_task_group_decorator']) retrieved from /home/notme/airflow_venv/airflow_venv/lib/python3.8/site-packages/airflow/example_dags/example_task_group_decorator.py
[2022-06-16 12:20:25,038] {logging_mixin.py:109} INFO - [2022-06-16 12:20:25,038] {dag.py:2398} INFO - Sync 1 DAGs
[2022-06-16 12:20:25,051] {logging_mixin.py:109} INFO - [2022-06-16 12:20:25,051] {dag.py:2937} INFO - Setting next_dagrun for example_task_group_decorator to 2022-06-15T10:20:25.050958+00:00
[2022-06-16 12:20:25,066] {processor.py:171} INFO - Processing /home/notme/airflow_venv/airflow_venv/lib/python3.8/site-packages/airflow/example_dags/example_task_group_decorator.py took 0.191 seconds
[2022-06-16 12:21:00,299] {processor.py:163} INFO - Started process (PID=2760) to work on /home/notme/airflow_venv/airflow_venv/lib/python3.8/site-packages/airflow/example_dags/example_task_group_decorator.py
[2022-06-16 12:21:00,300] {processor.py:642} INFO - Processing file /home/notme/airflow_venv/airflow_venv/lib/python3.8/site-packages/airflow/example_dags/example_task_group_decorator.py for tasks to queue
[2022-06-16 12:21:00,301] {logging_mixin.py:109} INFO - [2022-06-16 12:21:00,301] {dagbag.py:500} INFO - Filling up the DagBag from /home/notme/airflow_venv/airflow_venv/lib/python3.8/site-packages/airflow/example_dags/example_task_group_decorator.py
[2022-06-16 12:21:00,322] {processor.py:652} INFO - DAG(s) dict_keys(['example_task_group_decorator']) retrieved from /home/notme/airflow_venv/airflow_venv/lib/python3.8/site-packages/airflow/example_dags/example_task_group_decorator.py
[2022-06-16 12:21:00,485] {logging_mixin.py:109} INFO - [2022-06-16 12:21:00,485] {dag.py:2398} INFO - Sync 1 DAGs
[2022-06-16 12:21:00,499] {logging_mixin.py:109} INFO - [2022-06-16 12:21:00,499] {dag.py:2937} INFO - Setting next_dagrun for example_task_group_decorator to 2022-06-15T10:21:00.499117+00:00
[2022-06-16 12:21:00,515] {processor.py:171} INFO - Processing /home/notme/airflow_venv/airflow_venv/lib/python3.8/site-packages/airflow/example_dags/example_task_group_decorator.py took 0.218 seconds
[2022-06-16 12:21:36,475] {processor.py:163} INFO - Started process (PID=2979) to work on /home/notme/airflow_venv/airflow_venv/lib/python3.8/site-packages/airflow/example_dags/example_task_group_decorator.py
[2022-06-16 12:21:36,476] {processor.py:642} INFO - Processing file /home/notme/airflow_venv/airflow_venv/lib/python3.8/site-packages/airflow/example_dags/example_task_group_decorator.py for tasks to queue
[2022-06-16 12:21:36,477] {logging_mixin.py:109} INFO - [2022-06-16 12:21:36,477] {dagbag.py:500} INFO - Filling up the DagBag from /home/notme/airflow_venv/airflow_venv/lib/python3.8/site-packages/airflow/example_dags/example_task_group_decorator.py
[2022-06-16 12:21:36,531] {processor.py:652} INFO - DAG(s) dict_keys(['example_task_group_decorator']) retrieved from /home/notme/airflow_venv/airflow_venv/lib/python3.8/site-packages/airflow/example_dags/example_task_group_decorator.py
[2022-06-16 12:21:36,888] {logging_mixin.py:109} INFO - [2022-06-16 12:21:36,887] {dag.py:2398} INFO - Sync 1 DAGs
[2022-06-16 12:21:36,906] {logging_mixin.py:109} INFO - [2022-06-16 12:21:36,906] {dag.py:2937} INFO - Setting next_dagrun for example_task_group_decorator to 2022-06-15T10:21:36.905756+00:00
[2022-06-16 12:21:36,944] {processor.py:171} INFO - Processing /home/notme/airflow_venv/airflow_venv/lib/python3.8/site-packages/airflow/example_dags/example_task_group_decorator.py took 0.472 seconds
[2022-06-16 12:22:14,852] {processor.py:163} INFO - Started process (PID=3155) to work on /home/notme/airflow_venv/airflow_venv/lib/python3.8/site-packages/airflow/example_dags/example_task_group_decorator.py
[2022-06-16 12:22:14,853] {processor.py:642} INFO - Processing file /home/notme/airflow_venv/airflow_venv/lib/python3.8/site-packages/airflow/example_dags/example_task_group_decorator.py for tasks to queue
[2022-06-16 12:22:14,854] {logging_mixin.py:109} INFO - [2022-06-16 12:22:14,854] {dagbag.py:500} INFO - Filling up the DagBag from /home/notme/airflow_venv/airflow_venv/lib/python3.8/site-packages/airflow/example_dags/example_task_group_decorator.py
[2022-06-16 12:22:14,874] {processor.py:652} INFO - DAG(s) dict_keys(['example_task_group_decorator']) retrieved from /home/notme/airflow_venv/airflow_venv/lib/python3.8/site-packages/airflow/example_dags/example_task_group_decorator.py
[2022-06-16 12:22:15,034] {logging_mixin.py:109} INFO - [2022-06-16 12:22:15,034] {dag.py:2398} INFO - Sync 1 DAGs
[2022-06-16 12:22:15,046] {logging_mixin.py:109} INFO - [2022-06-16 12:22:15,045] {dag.py:2937} INFO - Setting next_dagrun for example_task_group_decorator to 2022-06-15T10:22:15.045610+00:00
[2022-06-16 12:22:15,062] {processor.py:171} INFO - Processing /home/notme/airflow_venv/airflow_venv/lib/python3.8/site-packages/airflow/example_dags/example_task_group_decorator.py took 0.211 seconds
[2022-06-16 12:22:48,849] {processor.py:163} INFO - Started process (PID=3465) to work on /home/notme/airflow_venv/airflow_venv/lib/python3.8/site-packages/airflow/example_dags/example_task_group_decorator.py
[2022-06-16 12:22:48,850] {processor.py:642} INFO - Processing file /home/notme/airflow_venv/airflow_venv/lib/python3.8/site-packages/airflow/example_dags/example_task_group_decorator.py for tasks to queue
[2022-06-16 12:22:48,850] {logging_mixin.py:109} INFO - [2022-06-16 12:22:48,850] {dagbag.py:500} INFO - Filling up the DagBag from /home/notme/airflow_venv/airflow_venv/lib/python3.8/site-packages/airflow/example_dags/example_task_group_decorator.py
[2022-06-16 12:22:48,873] {processor.py:652} INFO - DAG(s) dict_keys(['example_task_group_decorator']) retrieved from /home/notme/airflow_venv/airflow_venv/lib/python3.8/site-packages/airflow/example_dags/example_task_group_decorator.py
[2022-06-16 12:22:49,022] {logging_mixin.py:109} INFO - [2022-06-16 12:22:49,022] {dag.py:2398} INFO - Sync 1 DAGs
[2022-06-16 12:22:49,033] {logging_mixin.py:109} INFO - [2022-06-16 12:22:49,033] {dag.py:2937} INFO - Setting next_dagrun for example_task_group_decorator to 2022-06-15T10:22:49.032924+00:00
[2022-06-16 12:22:49,049] {processor.py:171} INFO - Processing /home/notme/airflow_venv/airflow_venv/lib/python3.8/site-packages/airflow/example_dags/example_task_group_decorator.py took 0.201 seconds
[2022-06-16 12:23:23,928] {processor.py:163} INFO - Started process (PID=3641) to work on /home/notme/airflow_venv/airflow_venv/lib/python3.8/site-packages/airflow/example_dags/example_task_group_decorator.py
[2022-06-16 12:23:23,929] {processor.py:642} INFO - Processing file /home/notme/airflow_venv/airflow_venv/lib/python3.8/site-packages/airflow/example_dags/example_task_group_decorator.py for tasks to queue
[2022-06-16 12:23:23,930] {logging_mixin.py:109} INFO - [2022-06-16 12:23:23,930] {dagbag.py:500} INFO - Filling up the DagBag from /home/notme/airflow_venv/airflow_venv/lib/python3.8/site-packages/airflow/example_dags/example_task_group_decorator.py
[2022-06-16 12:23:23,964] {processor.py:652} INFO - DAG(s) dict_keys(['example_task_group_decorator']) retrieved from /home/notme/airflow_venv/airflow_venv/lib/python3.8/site-packages/airflow/example_dags/example_task_group_decorator.py
[2022-06-16 12:23:24,120] {logging_mixin.py:109} INFO - [2022-06-16 12:23:24,120] {dag.py:2398} INFO - Sync 1 DAGs
[2022-06-16 12:23:24,130] {logging_mixin.py:109} INFO - [2022-06-16 12:23:24,130] {dag.py:2937} INFO - Setting next_dagrun for example_task_group_decorator to 2022-06-15T10:23:24.130464+00:00
[2022-06-16 12:23:24,144] {processor.py:171} INFO - Processing /home/notme/airflow_venv/airflow_venv/lib/python3.8/site-packages/airflow/example_dags/example_task_group_decorator.py took 0.219 seconds
[2022-06-16 12:23:56,843] {processor.py:163} INFO - Started process (PID=3886) to work on /home/notme/airflow_venv/airflow_venv/lib/python3.8/site-packages/airflow/example_dags/example_task_group_decorator.py
[2022-06-16 12:23:56,845] {processor.py:642} INFO - Processing file /home/notme/airflow_venv/airflow_venv/lib/python3.8/site-packages/airflow/example_dags/example_task_group_decorator.py for tasks to queue
[2022-06-16 12:23:56,846] {logging_mixin.py:109} INFO - [2022-06-16 12:23:56,845] {dagbag.py:500} INFO - Filling up the DagBag from /home/notme/airflow_venv/airflow_venv/lib/python3.8/site-packages/airflow/example_dags/example_task_group_decorator.py
[2022-06-16 12:23:56,874] {processor.py:652} INFO - DAG(s) dict_keys(['example_task_group_decorator']) retrieved from /home/notme/airflow_venv/airflow_venv/lib/python3.8/site-packages/airflow/example_dags/example_task_group_decorator.py
[2022-06-16 12:23:57,037] {logging_mixin.py:109} INFO - [2022-06-16 12:23:57,036] {dag.py:2398} INFO - Sync 1 DAGs
[2022-06-16 12:23:57,046] {logging_mixin.py:109} INFO - [2022-06-16 12:23:57,046] {dag.py:2937} INFO - Setting next_dagrun for example_task_group_decorator to 2022-06-15T10:23:57.046095+00:00
[2022-06-16 12:23:57,060] {processor.py:171} INFO - Processing /home/notme/airflow_venv/airflow_venv/lib/python3.8/site-packages/airflow/example_dags/example_task_group_decorator.py took 0.219 seconds
[2022-06-16 12:24:30,350] {processor.py:163} INFO - Started process (PID=3943) to work on /home/notme/airflow_venv/airflow_venv/lib/python3.8/site-packages/airflow/example_dags/example_task_group_decorator.py
[2022-06-16 12:24:30,351] {processor.py:642} INFO - Processing file /home/notme/airflow_venv/airflow_venv/lib/python3.8/site-packages/airflow/example_dags/example_task_group_decorator.py for tasks to queue
[2022-06-16 12:24:30,351] {logging_mixin.py:109} INFO - [2022-06-16 12:24:30,351] {dagbag.py:500} INFO - Filling up the DagBag from /home/notme/airflow_venv/airflow_venv/lib/python3.8/site-packages/airflow/example_dags/example_task_group_decorator.py
[2022-06-16 12:24:30,369] {processor.py:652} INFO - DAG(s) dict_keys(['example_task_group_decorator']) retrieved from /home/notme/airflow_venv/airflow_venv/lib/python3.8/site-packages/airflow/example_dags/example_task_group_decorator.py
[2022-06-16 12:24:30,506] {logging_mixin.py:109} INFO - [2022-06-16 12:24:30,506] {dag.py:2398} INFO - Sync 1 DAGs
[2022-06-16 12:24:30,514] {logging_mixin.py:109} INFO - [2022-06-16 12:24:30,514] {dag.py:2937} INFO - Setting next_dagrun for example_task_group_decorator to 2022-06-15T10:24:30.514313+00:00
[2022-06-16 12:24:30,528] {processor.py:171} INFO - Processing /home/notme/airflow_venv/airflow_venv/lib/python3.8/site-packages/airflow/example_dags/example_task_group_decorator.py took 0.180 seconds
[2022-06-16 12:25:05,768] {processor.py:163} INFO - Started process (PID=9438) to work on /home/notme/airflow_venv/airflow_venv/lib/python3.8/site-packages/airflow/example_dags/example_task_group_decorator.py
[2022-06-16 12:25:05,770] {processor.py:642} INFO - Processing file /home/notme/airflow_venv/airflow_venv/lib/python3.8/site-packages/airflow/example_dags/example_task_group_decorator.py for tasks to queue
[2022-06-16 12:25:05,770] {logging_mixin.py:109} INFO - [2022-06-16 12:25:05,770] {dagbag.py:500} INFO - Filling up the DagBag from /home/notme/airflow_venv/airflow_venv/lib/python3.8/site-packages/airflow/example_dags/example_task_group_decorator.py
[2022-06-16 12:25:05,790] {processor.py:652} INFO - DAG(s) dict_keys(['example_task_group_decorator']) retrieved from /home/notme/airflow_venv/airflow_venv/lib/python3.8/site-packages/airflow/example_dags/example_task_group_decorator.py
[2022-06-16 12:25:05,946] {logging_mixin.py:109} INFO - [2022-06-16 12:25:05,946] {dag.py:2398} INFO - Sync 1 DAGs
[2022-06-16 12:25:05,954] {logging_mixin.py:109} INFO - [2022-06-16 12:25:05,954] {dag.py:2937} INFO - Setting next_dagrun for example_task_group_decorator to 2022-06-15T10:25:05.954328+00:00
[2022-06-16 12:25:05,967] {processor.py:171} INFO - Processing /home/notme/airflow_venv/airflow_venv/lib/python3.8/site-packages/airflow/example_dags/example_task_group_decorator.py took 0.201 seconds
[2022-06-16 12:25:42,384] {processor.py:163} INFO - Started process (PID=9929) to work on /home/notme/airflow_venv/airflow_venv/lib/python3.8/site-packages/airflow/example_dags/example_task_group_decorator.py
[2022-06-16 12:25:42,385] {processor.py:642} INFO - Processing file /home/notme/airflow_venv/airflow_venv/lib/python3.8/site-packages/airflow/example_dags/example_task_group_decorator.py for tasks to queue
[2022-06-16 12:25:42,385] {logging_mixin.py:109} INFO - [2022-06-16 12:25:42,385] {dagbag.py:500} INFO - Filling up the DagBag from /home/notme/airflow_venv/airflow_venv/lib/python3.8/site-packages/airflow/example_dags/example_task_group_decorator.py
[2022-06-16 12:25:42,404] {processor.py:652} INFO - DAG(s) dict_keys(['example_task_group_decorator']) retrieved from /home/notme/airflow_venv/airflow_venv/lib/python3.8/site-packages/airflow/example_dags/example_task_group_decorator.py
[2022-06-16 12:25:42,548] {logging_mixin.py:109} INFO - [2022-06-16 12:25:42,548] {dag.py:2398} INFO - Sync 1 DAGs
[2022-06-16 12:25:42,557] {logging_mixin.py:109} INFO - [2022-06-16 12:25:42,557] {dag.py:2937} INFO - Setting next_dagrun for example_task_group_decorator to 2022-06-15T10:25:42.557228+00:00
[2022-06-16 12:25:42,573] {processor.py:171} INFO - Processing /home/notme/airflow_venv/airflow_venv/lib/python3.8/site-packages/airflow/example_dags/example_task_group_decorator.py took 0.191 seconds
[2022-06-16 12:26:15,771] {processor.py:163} INFO - Started process (PID=9977) to work on /home/notme/airflow_venv/airflow_venv/lib/python3.8/site-packages/airflow/example_dags/example_task_group_decorator.py
[2022-06-16 12:26:15,772] {processor.py:642} INFO - Processing file /home/notme/airflow_venv/airflow_venv/lib/python3.8/site-packages/airflow/example_dags/example_task_group_decorator.py for tasks to queue
[2022-06-16 12:26:15,773] {logging_mixin.py:109} INFO - [2022-06-16 12:26:15,773] {dagbag.py:500} INFO - Filling up the DagBag from /home/notme/airflow_venv/airflow_venv/lib/python3.8/site-packages/airflow/example_dags/example_task_group_decorator.py
[2022-06-16 12:26:15,794] {processor.py:652} INFO - DAG(s) dict_keys(['example_task_group_decorator']) retrieved from /home/notme/airflow_venv/airflow_venv/lib/python3.8/site-packages/airflow/example_dags/example_task_group_decorator.py
[2022-06-16 12:26:15,955] {logging_mixin.py:109} INFO - [2022-06-16 12:26:15,955] {dag.py:2398} INFO - Sync 1 DAGs
[2022-06-16 12:26:15,964] {logging_mixin.py:109} INFO - [2022-06-16 12:26:15,964] {dag.py:2937} INFO - Setting next_dagrun for example_task_group_decorator to 2022-06-15T10:26:15.964008+00:00
[2022-06-16 12:26:15,978] {processor.py:171} INFO - Processing /home/notme/airflow_venv/airflow_venv/lib/python3.8/site-packages/airflow/example_dags/example_task_group_decorator.py took 0.209 seconds
[2022-06-16 12:26:53,430] {processor.py:163} INFO - Started process (PID=10400) to work on /home/notme/airflow_venv/airflow_venv/lib/python3.8/site-packages/airflow/example_dags/example_task_group_decorator.py
[2022-06-16 12:26:53,431] {processor.py:642} INFO - Processing file /home/notme/airflow_venv/airflow_venv/lib/python3.8/site-packages/airflow/example_dags/example_task_group_decorator.py for tasks to queue
[2022-06-16 12:26:53,432] {logging_mixin.py:109} INFO - [2022-06-16 12:26:53,432] {dagbag.py:500} INFO - Filling up the DagBag from /home/notme/airflow_venv/airflow_venv/lib/python3.8/site-packages/airflow/example_dags/example_task_group_decorator.py
[2022-06-16 12:26:53,451] {processor.py:652} INFO - DAG(s) dict_keys(['example_task_group_decorator']) retrieved from /home/notme/airflow_venv/airflow_venv/lib/python3.8/site-packages/airflow/example_dags/example_task_group_decorator.py
[2022-06-16 12:26:53,600] {logging_mixin.py:109} INFO - [2022-06-16 12:26:53,600] {dag.py:2398} INFO - Sync 1 DAGs
[2022-06-16 12:26:53,608] {logging_mixin.py:109} INFO - [2022-06-16 12:26:53,608] {dag.py:2937} INFO - Setting next_dagrun for example_task_group_decorator to 2022-06-15T10:26:53.608221+00:00
[2022-06-16 12:26:53,622] {processor.py:171} INFO - Processing /home/notme/airflow_venv/airflow_venv/lib/python3.8/site-packages/airflow/example_dags/example_task_group_decorator.py took 0.194 seconds
[2022-06-16 12:27:26,973] {processor.py:163} INFO - Started process (PID=10443) to work on /home/notme/airflow_venv/airflow_venv/lib/python3.8/site-packages/airflow/example_dags/example_task_group_decorator.py
[2022-06-16 12:27:26,974] {processor.py:642} INFO - Processing file /home/notme/airflow_venv/airflow_venv/lib/python3.8/site-packages/airflow/example_dags/example_task_group_decorator.py for tasks to queue
[2022-06-16 12:27:26,975] {logging_mixin.py:109} INFO - [2022-06-16 12:27:26,975] {dagbag.py:500} INFO - Filling up the DagBag from /home/notme/airflow_venv/airflow_venv/lib/python3.8/site-packages/airflow/example_dags/example_task_group_decorator.py
[2022-06-16 12:27:26,995] {processor.py:652} INFO - DAG(s) dict_keys(['example_task_group_decorator']) retrieved from /home/notme/airflow_venv/airflow_venv/lib/python3.8/site-packages/airflow/example_dags/example_task_group_decorator.py
[2022-06-16 12:27:27,171] {logging_mixin.py:109} INFO - [2022-06-16 12:27:27,171] {dag.py:2398} INFO - Sync 1 DAGs
[2022-06-16 12:27:27,183] {logging_mixin.py:109} INFO - [2022-06-16 12:27:27,183] {dag.py:2937} INFO - Setting next_dagrun for example_task_group_decorator to 2022-06-15T10:27:27.183423+00:00
[2022-06-16 12:27:27,198] {processor.py:171} INFO - Processing /home/notme/airflow_venv/airflow_venv/lib/python3.8/site-packages/airflow/example_dags/example_task_group_decorator.py took 0.226 seconds
[2022-06-16 12:28:03,214] {processor.py:163} INFO - Started process (PID=10783) to work on /home/notme/airflow_venv/airflow_venv/lib/python3.8/site-packages/airflow/example_dags/example_task_group_decorator.py
[2022-06-16 12:28:03,223] {processor.py:642} INFO - Processing file /home/notme/airflow_venv/airflow_venv/lib/python3.8/site-packages/airflow/example_dags/example_task_group_decorator.py for tasks to queue
[2022-06-16 12:28:03,223] {logging_mixin.py:109} INFO - [2022-06-16 12:28:03,223] {dagbag.py:500} INFO - Filling up the DagBag from /home/notme/airflow_venv/airflow_venv/lib/python3.8/site-packages/airflow/example_dags/example_task_group_decorator.py
[2022-06-16 12:28:03,256] {processor.py:652} INFO - DAG(s) dict_keys(['example_task_group_decorator']) retrieved from /home/notme/airflow_venv/airflow_venv/lib/python3.8/site-packages/airflow/example_dags/example_task_group_decorator.py
[2022-06-16 12:28:03,461] {logging_mixin.py:109} INFO - [2022-06-16 12:28:03,461] {dag.py:2398} INFO - Sync 1 DAGs
[2022-06-16 12:28:03,472] {logging_mixin.py:109} INFO - [2022-06-16 12:28:03,472] {dag.py:2937} INFO - Setting next_dagrun for example_task_group_decorator to 2022-06-15T10:28:03.472237+00:00
[2022-06-16 12:28:03,488] {processor.py:171} INFO - Processing /home/notme/airflow_venv/airflow_venv/lib/python3.8/site-packages/airflow/example_dags/example_task_group_decorator.py took 0.276 seconds
[2022-06-16 12:28:39,718] {processor.py:163} INFO - Started process (PID=11036) to work on /home/notme/airflow_venv/airflow_venv/lib/python3.8/site-packages/airflow/example_dags/example_task_group_decorator.py
[2022-06-16 12:28:39,719] {processor.py:642} INFO - Processing file /home/notme/airflow_venv/airflow_venv/lib/python3.8/site-packages/airflow/example_dags/example_task_group_decorator.py for tasks to queue
[2022-06-16 12:28:39,719] {logging_mixin.py:109} INFO - [2022-06-16 12:28:39,719] {dagbag.py:500} INFO - Filling up the DagBag from /home/notme/airflow_venv/airflow_venv/lib/python3.8/site-packages/airflow/example_dags/example_task_group_decorator.py
[2022-06-16 12:28:39,742] {processor.py:652} INFO - DAG(s) dict_keys(['example_task_group_decorator']) retrieved from /home/notme/airflow_venv/airflow_venv/lib/python3.8/site-packages/airflow/example_dags/example_task_group_decorator.py
[2022-06-16 12:28:39,915] {logging_mixin.py:109} INFO - [2022-06-16 12:28:39,915] {dag.py:2398} INFO - Sync 1 DAGs
[2022-06-16 12:28:39,929] {logging_mixin.py:109} INFO - [2022-06-16 12:28:39,928] {dag.py:2937} INFO - Setting next_dagrun for example_task_group_decorator to 2022-06-15T10:28:39.928509+00:00
[2022-06-16 12:28:39,946] {processor.py:171} INFO - Processing /home/notme/airflow_venv/airflow_venv/lib/python3.8/site-packages/airflow/example_dags/example_task_group_decorator.py took 0.230 seconds
[2022-06-16 12:29:16,266] {processor.py:163} INFO - Started process (PID=11088) to work on /home/notme/airflow_venv/airflow_venv/lib/python3.8/site-packages/airflow/example_dags/example_task_group_decorator.py
[2022-06-16 12:29:16,267] {processor.py:642} INFO - Processing file /home/notme/airflow_venv/airflow_venv/lib/python3.8/site-packages/airflow/example_dags/example_task_group_decorator.py for tasks to queue
[2022-06-16 12:29:16,268] {logging_mixin.py:109} INFO - [2022-06-16 12:29:16,268] {dagbag.py:500} INFO - Filling up the DagBag from /home/notme/airflow_venv/airflow_venv/lib/python3.8/site-packages/airflow/example_dags/example_task_group_decorator.py
[2022-06-16 12:29:16,289] {processor.py:652} INFO - DAG(s) dict_keys(['example_task_group_decorator']) retrieved from /home/notme/airflow_venv/airflow_venv/lib/python3.8/site-packages/airflow/example_dags/example_task_group_decorator.py
[2022-06-16 12:29:16,441] {logging_mixin.py:109} INFO - [2022-06-16 12:29:16,441] {dag.py:2398} INFO - Sync 1 DAGs
[2022-06-16 12:29:16,451] {logging_mixin.py:109} INFO - [2022-06-16 12:29:16,450] {dag.py:2937} INFO - Setting next_dagrun for example_task_group_decorator to 2022-06-15T10:29:16.450495+00:00
[2022-06-16 12:29:16,466] {processor.py:171} INFO - Processing /home/notme/airflow_venv/airflow_venv/lib/python3.8/site-packages/airflow/example_dags/example_task_group_decorator.py took 0.201 seconds
[2022-06-16 12:29:52,354] {processor.py:163} INFO - Started process (PID=11295) to work on /home/notme/airflow_venv/airflow_venv/lib/python3.8/site-packages/airflow/example_dags/example_task_group_decorator.py
[2022-06-16 12:29:52,355] {processor.py:642} INFO - Processing file /home/notme/airflow_venv/airflow_venv/lib/python3.8/site-packages/airflow/example_dags/example_task_group_decorator.py for tasks to queue
[2022-06-16 12:29:52,355] {logging_mixin.py:109} INFO - [2022-06-16 12:29:52,355] {dagbag.py:500} INFO - Filling up the DagBag from /home/notme/airflow_venv/airflow_venv/lib/python3.8/site-packages/airflow/example_dags/example_task_group_decorator.py
[2022-06-16 12:29:52,374] {processor.py:652} INFO - DAG(s) dict_keys(['example_task_group_decorator']) retrieved from /home/notme/airflow_venv/airflow_venv/lib/python3.8/site-packages/airflow/example_dags/example_task_group_decorator.py
[2022-06-16 12:29:52,697] {logging_mixin.py:109} INFO - [2022-06-16 12:29:52,697] {dag.py:2398} INFO - Sync 1 DAGs
[2022-06-16 12:29:52,706] {logging_mixin.py:109} INFO - [2022-06-16 12:29:52,706] {dag.py:2937} INFO - Setting next_dagrun for example_task_group_decorator to 2022-06-15T10:29:52.706113+00:00
[2022-06-16 12:29:52,721] {processor.py:171} INFO - Processing /home/notme/airflow_venv/airflow_venv/lib/python3.8/site-packages/airflow/example_dags/example_task_group_decorator.py took 0.368 seconds
[2022-06-16 12:30:27,358] {processor.py:163} INFO - Started process (PID=11338) to work on /home/notme/airflow_venv/airflow_venv/lib/python3.8/site-packages/airflow/example_dags/example_task_group_decorator.py
[2022-06-16 12:30:27,360] {processor.py:642} INFO - Processing file /home/notme/airflow_venv/airflow_venv/lib/python3.8/site-packages/airflow/example_dags/example_task_group_decorator.py for tasks to queue
[2022-06-16 12:30:27,360] {logging_mixin.py:109} INFO - [2022-06-16 12:30:27,360] {dagbag.py:500} INFO - Filling up the DagBag from /home/notme/airflow_venv/airflow_venv/lib/python3.8/site-packages/airflow/example_dags/example_task_group_decorator.py
[2022-06-16 12:30:27,378] {processor.py:652} INFO - DAG(s) dict_keys(['example_task_group_decorator']) retrieved from /home/notme/airflow_venv/airflow_venv/lib/python3.8/site-packages/airflow/example_dags/example_task_group_decorator.py
[2022-06-16 12:30:27,518] {logging_mixin.py:109} INFO - [2022-06-16 12:30:27,518] {dag.py:2398} INFO - Sync 1 DAGs
[2022-06-16 12:30:27,526] {logging_mixin.py:109} INFO - [2022-06-16 12:30:27,526] {dag.py:2937} INFO - Setting next_dagrun for example_task_group_decorator to 2022-06-15T10:30:27.526532+00:00
[2022-06-16 12:30:27,541] {processor.py:171} INFO - Processing /home/notme/airflow_venv/airflow_venv/lib/python3.8/site-packages/airflow/example_dags/example_task_group_decorator.py took 0.184 seconds
