[2022-06-16 12:15:54,976] {processor.py:163} INFO - Started process (PID=1401) to work on /home/notme/airflow_venv/airflow_venv/lib/python3.8/site-packages/airflow/example_dags/example_complex.py
[2022-06-16 12:15:54,977] {processor.py:642} INFO - Processing file /home/notme/airflow_venv/airflow_venv/lib/python3.8/site-packages/airflow/example_dags/example_complex.py for tasks to queue
[2022-06-16 12:15:54,977] {logging_mixin.py:109} INFO - [2022-06-16 12:15:54,977] {dagbag.py:500} INFO - Filling up the DagBag from /home/notme/airflow_venv/airflow_venv/lib/python3.8/site-packages/airflow/example_dags/example_complex.py
[2022-06-16 12:15:54,995] {processor.py:652} INFO - DAG(s) dict_keys(['example_complex']) retrieved from /home/notme/airflow_venv/airflow_venv/lib/python3.8/site-packages/airflow/example_dags/example_complex.py
[2022-06-16 12:15:55,009] {logging_mixin.py:109} INFO - [2022-06-16 12:15:55,009] {dag.py:2398} INFO - Sync 1 DAGs
[2022-06-16 12:15:55,022] {logging_mixin.py:109} INFO - [2022-06-16 12:15:55,022] {dag.py:2937} INFO - Setting next_dagrun for example_complex to None
[2022-06-16 12:15:55,056] {processor.py:171} INFO - Processing /home/notme/airflow_venv/airflow_venv/lib/python3.8/site-packages/airflow/example_dags/example_complex.py took 0.082 seconds
[2022-06-16 12:16:30,153] {processor.py:163} INFO - Started process (PID=1743) to work on /home/notme/airflow_venv/airflow_venv/lib/python3.8/site-packages/airflow/example_dags/example_complex.py
[2022-06-16 12:16:30,155] {processor.py:642} INFO - Processing file /home/notme/airflow_venv/airflow_venv/lib/python3.8/site-packages/airflow/example_dags/example_complex.py for tasks to queue
[2022-06-16 12:16:30,155] {logging_mixin.py:109} INFO - [2022-06-16 12:16:30,155] {dagbag.py:500} INFO - Filling up the DagBag from /home/notme/airflow_venv/airflow_venv/lib/python3.8/site-packages/airflow/example_dags/example_complex.py
[2022-06-16 12:16:30,171] {processor.py:652} INFO - DAG(s) dict_keys(['example_complex']) retrieved from /home/notme/airflow_venv/airflow_venv/lib/python3.8/site-packages/airflow/example_dags/example_complex.py
[2022-06-16 12:16:30,183] {logging_mixin.py:109} INFO - [2022-06-16 12:16:30,183] {dag.py:2398} INFO - Sync 1 DAGs
[2022-06-16 12:16:30,194] {logging_mixin.py:109} INFO - [2022-06-16 12:16:30,194] {dag.py:2937} INFO - Setting next_dagrun for example_complex to None
[2022-06-16 12:16:30,208] {processor.py:171} INFO - Processing /home/notme/airflow_venv/airflow_venv/lib/python3.8/site-packages/airflow/example_dags/example_complex.py took 0.056 seconds
[2022-06-16 12:17:04,058] {processor.py:163} INFO - Started process (PID=1790) to work on /home/notme/airflow_venv/airflow_venv/lib/python3.8/site-packages/airflow/example_dags/example_complex.py
[2022-06-16 12:17:04,059] {processor.py:642} INFO - Processing file /home/notme/airflow_venv/airflow_venv/lib/python3.8/site-packages/airflow/example_dags/example_complex.py for tasks to queue
[2022-06-16 12:17:04,059] {logging_mixin.py:109} INFO - [2022-06-16 12:17:04,059] {dagbag.py:500} INFO - Filling up the DagBag from /home/notme/airflow_venv/airflow_venv/lib/python3.8/site-packages/airflow/example_dags/example_complex.py
[2022-06-16 12:17:04,082] {processor.py:652} INFO - DAG(s) dict_keys(['example_complex']) retrieved from /home/notme/airflow_venv/airflow_venv/lib/python3.8/site-packages/airflow/example_dags/example_complex.py
[2022-06-16 12:17:04,097] {logging_mixin.py:109} INFO - [2022-06-16 12:17:04,097] {dag.py:2398} INFO - Sync 1 DAGs
[2022-06-16 12:17:04,109] {logging_mixin.py:109} INFO - [2022-06-16 12:17:04,109] {dag.py:2937} INFO - Setting next_dagrun for example_complex to None
[2022-06-16 12:17:04,122] {processor.py:171} INFO - Processing /home/notme/airflow_venv/airflow_venv/lib/python3.8/site-packages/airflow/example_dags/example_complex.py took 0.067 seconds
[2022-06-16 12:17:38,093] {processor.py:163} INFO - Started process (PID=1843) to work on /home/notme/airflow_venv/airflow_venv/lib/python3.8/site-packages/airflow/example_dags/example_complex.py
[2022-06-16 12:17:38,094] {processor.py:642} INFO - Processing file /home/notme/airflow_venv/airflow_venv/lib/python3.8/site-packages/airflow/example_dags/example_complex.py for tasks to queue
[2022-06-16 12:17:38,094] {logging_mixin.py:109} INFO - [2022-06-16 12:17:38,094] {dagbag.py:500} INFO - Filling up the DagBag from /home/notme/airflow_venv/airflow_venv/lib/python3.8/site-packages/airflow/example_dags/example_complex.py
[2022-06-16 12:17:38,114] {processor.py:652} INFO - DAG(s) dict_keys(['example_complex']) retrieved from /home/notme/airflow_venv/airflow_venv/lib/python3.8/site-packages/airflow/example_dags/example_complex.py
[2022-06-16 12:17:38,129] {logging_mixin.py:109} INFO - [2022-06-16 12:17:38,129] {dag.py:2398} INFO - Sync 1 DAGs
[2022-06-16 12:17:38,141] {logging_mixin.py:109} INFO - [2022-06-16 12:17:38,141] {dag.py:2937} INFO - Setting next_dagrun for example_complex to None
[2022-06-16 12:17:38,155] {processor.py:171} INFO - Processing /home/notme/airflow_venv/airflow_venv/lib/python3.8/site-packages/airflow/example_dags/example_complex.py took 0.064 seconds
[2022-06-16 12:18:13,534] {processor.py:163} INFO - Started process (PID=2149) to work on /home/notme/airflow_venv/airflow_venv/lib/python3.8/site-packages/airflow/example_dags/example_complex.py
[2022-06-16 12:18:13,536] {processor.py:642} INFO - Processing file /home/notme/airflow_venv/airflow_venv/lib/python3.8/site-packages/airflow/example_dags/example_complex.py for tasks to queue
[2022-06-16 12:18:13,536] {logging_mixin.py:109} INFO - [2022-06-16 12:18:13,536] {dagbag.py:500} INFO - Filling up the DagBag from /home/notme/airflow_venv/airflow_venv/lib/python3.8/site-packages/airflow/example_dags/example_complex.py
[2022-06-16 12:18:13,553] {processor.py:652} INFO - DAG(s) dict_keys(['example_complex']) retrieved from /home/notme/airflow_venv/airflow_venv/lib/python3.8/site-packages/airflow/example_dags/example_complex.py
[2022-06-16 12:18:13,569] {logging_mixin.py:109} INFO - [2022-06-16 12:18:13,569] {dag.py:2398} INFO - Sync 1 DAGs
[2022-06-16 12:18:13,587] {logging_mixin.py:109} INFO - [2022-06-16 12:18:13,587] {dag.py:2937} INFO - Setting next_dagrun for example_complex to None
[2022-06-16 12:18:13,602] {processor.py:171} INFO - Processing /home/notme/airflow_venv/airflow_venv/lib/python3.8/site-packages/airflow/example_dags/example_complex.py took 0.070 seconds
[2022-06-16 12:18:50,910] {processor.py:163} INFO - Started process (PID=2353) to work on /home/notme/airflow_venv/airflow_venv/lib/python3.8/site-packages/airflow/example_dags/example_complex.py
[2022-06-16 12:18:50,912] {processor.py:642} INFO - Processing file /home/notme/airflow_venv/airflow_venv/lib/python3.8/site-packages/airflow/example_dags/example_complex.py for tasks to queue
[2022-06-16 12:18:50,913] {logging_mixin.py:109} INFO - [2022-06-16 12:18:50,913] {dagbag.py:500} INFO - Filling up the DagBag from /home/notme/airflow_venv/airflow_venv/lib/python3.8/site-packages/airflow/example_dags/example_complex.py
[2022-06-16 12:18:50,948] {processor.py:652} INFO - DAG(s) dict_keys(['example_complex']) retrieved from /home/notme/airflow_venv/airflow_venv/lib/python3.8/site-packages/airflow/example_dags/example_complex.py
[2022-06-16 12:18:50,978] {logging_mixin.py:109} INFO - [2022-06-16 12:18:50,978] {dag.py:2398} INFO - Sync 1 DAGs
[2022-06-16 12:18:51,014] {logging_mixin.py:109} INFO - [2022-06-16 12:18:51,014] {dag.py:2937} INFO - Setting next_dagrun for example_complex to None
[2022-06-16 12:18:51,043] {processor.py:171} INFO - Processing /home/notme/airflow_venv/airflow_venv/lib/python3.8/site-packages/airflow/example_dags/example_complex.py took 0.136 seconds
[2022-06-16 12:19:27,531] {processor.py:163} INFO - Started process (PID=2474) to work on /home/notme/airflow_venv/airflow_venv/lib/python3.8/site-packages/airflow/example_dags/example_complex.py
[2022-06-16 12:19:27,532] {processor.py:642} INFO - Processing file /home/notme/airflow_venv/airflow_venv/lib/python3.8/site-packages/airflow/example_dags/example_complex.py for tasks to queue
[2022-06-16 12:19:27,533] {logging_mixin.py:109} INFO - [2022-06-16 12:19:27,533] {dagbag.py:500} INFO - Filling up the DagBag from /home/notme/airflow_venv/airflow_venv/lib/python3.8/site-packages/airflow/example_dags/example_complex.py
[2022-06-16 12:19:27,552] {processor.py:652} INFO - DAG(s) dict_keys(['example_complex']) retrieved from /home/notme/airflow_venv/airflow_venv/lib/python3.8/site-packages/airflow/example_dags/example_complex.py
[2022-06-16 12:19:27,568] {logging_mixin.py:109} INFO - [2022-06-16 12:19:27,568] {dag.py:2398} INFO - Sync 1 DAGs
[2022-06-16 12:19:27,579] {logging_mixin.py:109} INFO - [2022-06-16 12:19:27,579] {dag.py:2937} INFO - Setting next_dagrun for example_complex to None
[2022-06-16 12:19:27,595] {processor.py:171} INFO - Processing /home/notme/airflow_venv/airflow_venv/lib/python3.8/site-packages/airflow/example_dags/example_complex.py took 0.066 seconds
[2022-06-16 12:20:04,598] {processor.py:163} INFO - Started process (PID=2695) to work on /home/notme/airflow_venv/airflow_venv/lib/python3.8/site-packages/airflow/example_dags/example_complex.py
[2022-06-16 12:20:04,599] {processor.py:642} INFO - Processing file /home/notme/airflow_venv/airflow_venv/lib/python3.8/site-packages/airflow/example_dags/example_complex.py for tasks to queue
[2022-06-16 12:20:04,600] {logging_mixin.py:109} INFO - [2022-06-16 12:20:04,600] {dagbag.py:500} INFO - Filling up the DagBag from /home/notme/airflow_venv/airflow_venv/lib/python3.8/site-packages/airflow/example_dags/example_complex.py
[2022-06-16 12:20:04,617] {processor.py:652} INFO - DAG(s) dict_keys(['example_complex']) retrieved from /home/notme/airflow_venv/airflow_venv/lib/python3.8/site-packages/airflow/example_dags/example_complex.py
[2022-06-16 12:20:04,635] {logging_mixin.py:109} INFO - [2022-06-16 12:20:04,634] {dag.py:2398} INFO - Sync 1 DAGs
[2022-06-16 12:20:04,645] {logging_mixin.py:109} INFO - [2022-06-16 12:20:04,645] {dag.py:2937} INFO - Setting next_dagrun for example_complex to None
[2022-06-16 12:20:04,665] {processor.py:171} INFO - Processing /home/notme/airflow_venv/airflow_venv/lib/python3.8/site-packages/airflow/example_dags/example_complex.py took 0.069 seconds
[2022-06-16 12:20:39,953] {processor.py:163} INFO - Started process (PID=2739) to work on /home/notme/airflow_venv/airflow_venv/lib/python3.8/site-packages/airflow/example_dags/example_complex.py
[2022-06-16 12:20:39,954] {processor.py:642} INFO - Processing file /home/notme/airflow_venv/airflow_venv/lib/python3.8/site-packages/airflow/example_dags/example_complex.py for tasks to queue
[2022-06-16 12:20:39,955] {logging_mixin.py:109} INFO - [2022-06-16 12:20:39,955] {dagbag.py:500} INFO - Filling up the DagBag from /home/notme/airflow_venv/airflow_venv/lib/python3.8/site-packages/airflow/example_dags/example_complex.py
[2022-06-16 12:20:39,974] {processor.py:652} INFO - DAG(s) dict_keys(['example_complex']) retrieved from /home/notme/airflow_venv/airflow_venv/lib/python3.8/site-packages/airflow/example_dags/example_complex.py
[2022-06-16 12:20:39,992] {logging_mixin.py:109} INFO - [2022-06-16 12:20:39,992] {dag.py:2398} INFO - Sync 1 DAGs
[2022-06-16 12:20:40,007] {logging_mixin.py:109} INFO - [2022-06-16 12:20:40,007] {dag.py:2937} INFO - Setting next_dagrun for example_complex to None
[2022-06-16 12:20:40,022] {processor.py:171} INFO - Processing /home/notme/airflow_venv/airflow_venv/lib/python3.8/site-packages/airflow/example_dags/example_complex.py took 0.071 seconds
[2022-06-16 12:21:18,130] {processor.py:163} INFO - Started process (PID=2784) to work on /home/notme/airflow_venv/airflow_venv/lib/python3.8/site-packages/airflow/example_dags/example_complex.py
[2022-06-16 12:21:18,131] {processor.py:642} INFO - Processing file /home/notme/airflow_venv/airflow_venv/lib/python3.8/site-packages/airflow/example_dags/example_complex.py for tasks to queue
[2022-06-16 12:21:18,132] {logging_mixin.py:109} INFO - [2022-06-16 12:21:18,132] {dagbag.py:500} INFO - Filling up the DagBag from /home/notme/airflow_venv/airflow_venv/lib/python3.8/site-packages/airflow/example_dags/example_complex.py
[2022-06-16 12:21:18,149] {processor.py:652} INFO - DAG(s) dict_keys(['example_complex']) retrieved from /home/notme/airflow_venv/airflow_venv/lib/python3.8/site-packages/airflow/example_dags/example_complex.py
[2022-06-16 12:21:18,160] {logging_mixin.py:109} INFO - [2022-06-16 12:21:18,160] {dag.py:2398} INFO - Sync 1 DAGs
[2022-06-16 12:21:18,169] {logging_mixin.py:109} INFO - [2022-06-16 12:21:18,169] {dag.py:2937} INFO - Setting next_dagrun for example_complex to None
[2022-06-16 12:21:18,180] {processor.py:171} INFO - Processing /home/notme/airflow_venv/airflow_venv/lib/python3.8/site-packages/airflow/example_dags/example_complex.py took 0.052 seconds
[2022-06-16 12:21:53,505] {processor.py:163} INFO - Started process (PID=3124) to work on /home/notme/airflow_venv/airflow_venv/lib/python3.8/site-packages/airflow/example_dags/example_complex.py
[2022-06-16 12:21:53,506] {processor.py:642} INFO - Processing file /home/notme/airflow_venv/airflow_venv/lib/python3.8/site-packages/airflow/example_dags/example_complex.py for tasks to queue
[2022-06-16 12:21:53,507] {logging_mixin.py:109} INFO - [2022-06-16 12:21:53,507] {dagbag.py:500} INFO - Filling up the DagBag from /home/notme/airflow_venv/airflow_venv/lib/python3.8/site-packages/airflow/example_dags/example_complex.py
[2022-06-16 12:21:53,532] {processor.py:652} INFO - DAG(s) dict_keys(['example_complex']) retrieved from /home/notme/airflow_venv/airflow_venv/lib/python3.8/site-packages/airflow/example_dags/example_complex.py
[2022-06-16 12:21:53,548] {logging_mixin.py:109} INFO - [2022-06-16 12:21:53,548] {dag.py:2398} INFO - Sync 1 DAGs
[2022-06-16 12:21:53,560] {logging_mixin.py:109} INFO - [2022-06-16 12:21:53,559] {dag.py:2937} INFO - Setting next_dagrun for example_complex to None
[2022-06-16 12:21:53,577] {processor.py:171} INFO - Processing /home/notme/airflow_venv/airflow_venv/lib/python3.8/site-packages/airflow/example_dags/example_complex.py took 0.074 seconds
[2022-06-16 12:22:31,432] {processor.py:163} INFO - Started process (PID=3351) to work on /home/notme/airflow_venv/airflow_venv/lib/python3.8/site-packages/airflow/example_dags/example_complex.py
[2022-06-16 12:22:31,435] {processor.py:642} INFO - Processing file /home/notme/airflow_venv/airflow_venv/lib/python3.8/site-packages/airflow/example_dags/example_complex.py for tasks to queue
[2022-06-16 12:22:31,436] {logging_mixin.py:109} INFO - [2022-06-16 12:22:31,436] {dagbag.py:500} INFO - Filling up the DagBag from /home/notme/airflow_venv/airflow_venv/lib/python3.8/site-packages/airflow/example_dags/example_complex.py
[2022-06-16 12:22:31,451] {processor.py:652} INFO - DAG(s) dict_keys(['example_complex']) retrieved from /home/notme/airflow_venv/airflow_venv/lib/python3.8/site-packages/airflow/example_dags/example_complex.py
[2022-06-16 12:22:31,463] {logging_mixin.py:109} INFO - [2022-06-16 12:22:31,463] {dag.py:2398} INFO - Sync 1 DAGs
[2022-06-16 12:22:31,472] {logging_mixin.py:109} INFO - [2022-06-16 12:22:31,472] {dag.py:2937} INFO - Setting next_dagrun for example_complex to None
[2022-06-16 12:22:31,485] {processor.py:171} INFO - Processing /home/notme/airflow_venv/airflow_venv/lib/python3.8/site-packages/airflow/example_dags/example_complex.py took 0.055 seconds
[2022-06-16 12:23:07,940] {processor.py:163} INFO - Started process (PID=3490) to work on /home/notme/airflow_venv/airflow_venv/lib/python3.8/site-packages/airflow/example_dags/example_complex.py
[2022-06-16 12:23:07,941] {processor.py:642} INFO - Processing file /home/notme/airflow_venv/airflow_venv/lib/python3.8/site-packages/airflow/example_dags/example_complex.py for tasks to queue
[2022-06-16 12:23:07,942] {logging_mixin.py:109} INFO - [2022-06-16 12:23:07,942] {dagbag.py:500} INFO - Filling up the DagBag from /home/notme/airflow_venv/airflow_venv/lib/python3.8/site-packages/airflow/example_dags/example_complex.py
[2022-06-16 12:23:07,957] {processor.py:652} INFO - DAG(s) dict_keys(['example_complex']) retrieved from /home/notme/airflow_venv/airflow_venv/lib/python3.8/site-packages/airflow/example_dags/example_complex.py
[2022-06-16 12:23:07,969] {logging_mixin.py:109} INFO - [2022-06-16 12:23:07,969] {dag.py:2398} INFO - Sync 1 DAGs
[2022-06-16 12:23:07,978] {logging_mixin.py:109} INFO - [2022-06-16 12:23:07,978] {dag.py:2937} INFO - Setting next_dagrun for example_complex to None
[2022-06-16 12:23:07,991] {processor.py:171} INFO - Processing /home/notme/airflow_venv/airflow_venv/lib/python3.8/site-packages/airflow/example_dags/example_complex.py took 0.053 seconds
[2022-06-16 12:23:41,384] {processor.py:163} INFO - Started process (PID=3862) to work on /home/notme/airflow_venv/airflow_venv/lib/python3.8/site-packages/airflow/example_dags/example_complex.py
[2022-06-16 12:23:41,386] {processor.py:642} INFO - Processing file /home/notme/airflow_venv/airflow_venv/lib/python3.8/site-packages/airflow/example_dags/example_complex.py for tasks to queue
[2022-06-16 12:23:41,386] {logging_mixin.py:109} INFO - [2022-06-16 12:23:41,386] {dagbag.py:500} INFO - Filling up the DagBag from /home/notme/airflow_venv/airflow_venv/lib/python3.8/site-packages/airflow/example_dags/example_complex.py
[2022-06-16 12:23:41,401] {processor.py:652} INFO - DAG(s) dict_keys(['example_complex']) retrieved from /home/notme/airflow_venv/airflow_venv/lib/python3.8/site-packages/airflow/example_dags/example_complex.py
[2022-06-16 12:23:41,413] {logging_mixin.py:109} INFO - [2022-06-16 12:23:41,413] {dag.py:2398} INFO - Sync 1 DAGs
[2022-06-16 12:23:41,422] {logging_mixin.py:109} INFO - [2022-06-16 12:23:41,422] {dag.py:2937} INFO - Setting next_dagrun for example_complex to None
[2022-06-16 12:23:41,434] {processor.py:171} INFO - Processing /home/notme/airflow_venv/airflow_venv/lib/python3.8/site-packages/airflow/example_dags/example_complex.py took 0.051 seconds
[2022-06-16 12:24:16,123] {processor.py:163} INFO - Started process (PID=3921) to work on /home/notme/airflow_venv/airflow_venv/lib/python3.8/site-packages/airflow/example_dags/example_complex.py
[2022-06-16 12:24:16,124] {processor.py:642} INFO - Processing file /home/notme/airflow_venv/airflow_venv/lib/python3.8/site-packages/airflow/example_dags/example_complex.py for tasks to queue
[2022-06-16 12:24:16,125] {logging_mixin.py:109} INFO - [2022-06-16 12:24:16,125] {dagbag.py:500} INFO - Filling up the DagBag from /home/notme/airflow_venv/airflow_venv/lib/python3.8/site-packages/airflow/example_dags/example_complex.py
[2022-06-16 12:24:16,140] {processor.py:652} INFO - DAG(s) dict_keys(['example_complex']) retrieved from /home/notme/airflow_venv/airflow_venv/lib/python3.8/site-packages/airflow/example_dags/example_complex.py
[2022-06-16 12:24:16,152] {logging_mixin.py:109} INFO - [2022-06-16 12:24:16,152] {dag.py:2398} INFO - Sync 1 DAGs
[2022-06-16 12:24:16,162] {logging_mixin.py:109} INFO - [2022-06-16 12:24:16,162] {dag.py:2937} INFO - Setting next_dagrun for example_complex to None
[2022-06-16 12:24:16,174] {processor.py:171} INFO - Processing /home/notme/airflow_venv/airflow_venv/lib/python3.8/site-packages/airflow/example_dags/example_complex.py took 0.053 seconds
[2022-06-16 12:24:52,804] {processor.py:163} INFO - Started process (PID=8298) to work on /home/notme/airflow_venv/airflow_venv/lib/python3.8/site-packages/airflow/example_dags/example_complex.py
[2022-06-16 12:24:52,805] {processor.py:642} INFO - Processing file /home/notme/airflow_venv/airflow_venv/lib/python3.8/site-packages/airflow/example_dags/example_complex.py for tasks to queue
[2022-06-16 12:24:52,806] {logging_mixin.py:109} INFO - [2022-06-16 12:24:52,806] {dagbag.py:500} INFO - Filling up the DagBag from /home/notme/airflow_venv/airflow_venv/lib/python3.8/site-packages/airflow/example_dags/example_complex.py
[2022-06-16 12:24:52,824] {processor.py:652} INFO - DAG(s) dict_keys(['example_complex']) retrieved from /home/notme/airflow_venv/airflow_venv/lib/python3.8/site-packages/airflow/example_dags/example_complex.py
[2022-06-16 12:24:52,839] {logging_mixin.py:109} INFO - [2022-06-16 12:24:52,839] {dag.py:2398} INFO - Sync 1 DAGs
[2022-06-16 12:24:52,853] {logging_mixin.py:109} INFO - [2022-06-16 12:24:52,853] {dag.py:2937} INFO - Setting next_dagrun for example_complex to None
[2022-06-16 12:24:52,866] {processor.py:171} INFO - Processing /home/notme/airflow_venv/airflow_venv/lib/python3.8/site-packages/airflow/example_dags/example_complex.py took 0.064 seconds
[2022-06-16 12:25:29,153] {processor.py:163} INFO - Started process (PID=9916) to work on /home/notme/airflow_venv/airflow_venv/lib/python3.8/site-packages/airflow/example_dags/example_complex.py
[2022-06-16 12:25:29,154] {processor.py:642} INFO - Processing file /home/notme/airflow_venv/airflow_venv/lib/python3.8/site-packages/airflow/example_dags/example_complex.py for tasks to queue
[2022-06-16 12:25:29,154] {logging_mixin.py:109} INFO - [2022-06-16 12:25:29,154] {dagbag.py:500} INFO - Filling up the DagBag from /home/notme/airflow_venv/airflow_venv/lib/python3.8/site-packages/airflow/example_dags/example_complex.py
[2022-06-16 12:25:29,168] {processor.py:652} INFO - DAG(s) dict_keys(['example_complex']) retrieved from /home/notme/airflow_venv/airflow_venv/lib/python3.8/site-packages/airflow/example_dags/example_complex.py
[2022-06-16 12:25:29,180] {logging_mixin.py:109} INFO - [2022-06-16 12:25:29,180] {dag.py:2398} INFO - Sync 1 DAGs
[2022-06-16 12:25:29,190] {logging_mixin.py:109} INFO - [2022-06-16 12:25:29,190] {dag.py:2937} INFO - Setting next_dagrun for example_complex to None
[2022-06-16 12:25:29,207] {processor.py:171} INFO - Processing /home/notme/airflow_venv/airflow_venv/lib/python3.8/site-packages/airflow/example_dags/example_complex.py took 0.056 seconds
[2022-06-16 12:26:01,829] {processor.py:163} INFO - Started process (PID=9958) to work on /home/notme/airflow_venv/airflow_venv/lib/python3.8/site-packages/airflow/example_dags/example_complex.py
[2022-06-16 12:26:01,830] {processor.py:642} INFO - Processing file /home/notme/airflow_venv/airflow_venv/lib/python3.8/site-packages/airflow/example_dags/example_complex.py for tasks to queue
[2022-06-16 12:26:01,831] {logging_mixin.py:109} INFO - [2022-06-16 12:26:01,831] {dagbag.py:500} INFO - Filling up the DagBag from /home/notme/airflow_venv/airflow_venv/lib/python3.8/site-packages/airflow/example_dags/example_complex.py
[2022-06-16 12:26:01,846] {processor.py:652} INFO - DAG(s) dict_keys(['example_complex']) retrieved from /home/notme/airflow_venv/airflow_venv/lib/python3.8/site-packages/airflow/example_dags/example_complex.py
[2022-06-16 12:26:01,858] {logging_mixin.py:109} INFO - [2022-06-16 12:26:01,858] {dag.py:2398} INFO - Sync 1 DAGs
[2022-06-16 12:26:01,870] {logging_mixin.py:109} INFO - [2022-06-16 12:26:01,870] {dag.py:2937} INFO - Setting next_dagrun for example_complex to None
[2022-06-16 12:26:01,883] {processor.py:171} INFO - Processing /home/notme/airflow_venv/airflow_venv/lib/python3.8/site-packages/airflow/example_dags/example_complex.py took 0.056 seconds
[2022-06-16 12:26:39,105] {processor.py:163} INFO - Started process (PID=10216) to work on /home/notme/airflow_venv/airflow_venv/lib/python3.8/site-packages/airflow/example_dags/example_complex.py
[2022-06-16 12:26:39,108] {processor.py:642} INFO - Processing file /home/notme/airflow_venv/airflow_venv/lib/python3.8/site-packages/airflow/example_dags/example_complex.py for tasks to queue
[2022-06-16 12:26:39,109] {logging_mixin.py:109} INFO - [2022-06-16 12:26:39,109] {dagbag.py:500} INFO - Filling up the DagBag from /home/notme/airflow_venv/airflow_venv/lib/python3.8/site-packages/airflow/example_dags/example_complex.py
[2022-06-16 12:26:39,139] {processor.py:652} INFO - DAG(s) dict_keys(['example_complex']) retrieved from /home/notme/airflow_venv/airflow_venv/lib/python3.8/site-packages/airflow/example_dags/example_complex.py
[2022-06-16 12:26:39,160] {logging_mixin.py:109} INFO - [2022-06-16 12:26:39,160] {dag.py:2398} INFO - Sync 1 DAGs
[2022-06-16 12:26:39,172] {logging_mixin.py:109} INFO - [2022-06-16 12:26:39,172] {dag.py:2937} INFO - Setting next_dagrun for example_complex to None
[2022-06-16 12:26:39,187] {processor.py:171} INFO - Processing /home/notme/airflow_venv/airflow_venv/lib/python3.8/site-packages/airflow/example_dags/example_complex.py took 0.086 seconds
[2022-06-16 12:27:17,701] {processor.py:163} INFO - Started process (PID=10433) to work on /home/notme/airflow_venv/airflow_venv/lib/python3.8/site-packages/airflow/example_dags/example_complex.py
[2022-06-16 12:27:17,702] {processor.py:642} INFO - Processing file /home/notme/airflow_venv/airflow_venv/lib/python3.8/site-packages/airflow/example_dags/example_complex.py for tasks to queue
[2022-06-16 12:27:17,703] {logging_mixin.py:109} INFO - [2022-06-16 12:27:17,703] {dagbag.py:500} INFO - Filling up the DagBag from /home/notme/airflow_venv/airflow_venv/lib/python3.8/site-packages/airflow/example_dags/example_complex.py
[2022-06-16 12:27:17,722] {processor.py:652} INFO - DAG(s) dict_keys(['example_complex']) retrieved from /home/notme/airflow_venv/airflow_venv/lib/python3.8/site-packages/airflow/example_dags/example_complex.py
[2022-06-16 12:27:17,738] {logging_mixin.py:109} INFO - [2022-06-16 12:27:17,738] {dag.py:2398} INFO - Sync 1 DAGs
[2022-06-16 12:27:17,748] {logging_mixin.py:109} INFO - [2022-06-16 12:27:17,748] {dag.py:2937} INFO - Setting next_dagrun for example_complex to None
[2022-06-16 12:27:17,763] {processor.py:171} INFO - Processing /home/notme/airflow_venv/airflow_venv/lib/python3.8/site-packages/airflow/example_dags/example_complex.py took 0.065 seconds
[2022-06-16 12:27:55,337] {processor.py:163} INFO - Started process (PID=10646) to work on /home/notme/airflow_venv/airflow_venv/lib/python3.8/site-packages/airflow/example_dags/example_complex.py
[2022-06-16 12:27:55,339] {processor.py:642} INFO - Processing file /home/notme/airflow_venv/airflow_venv/lib/python3.8/site-packages/airflow/example_dags/example_complex.py for tasks to queue
[2022-06-16 12:27:55,339] {logging_mixin.py:109} INFO - [2022-06-16 12:27:55,339] {dagbag.py:500} INFO - Filling up the DagBag from /home/notme/airflow_venv/airflow_venv/lib/python3.8/site-packages/airflow/example_dags/example_complex.py
[2022-06-16 12:27:55,354] {processor.py:652} INFO - DAG(s) dict_keys(['example_complex']) retrieved from /home/notme/airflow_venv/airflow_venv/lib/python3.8/site-packages/airflow/example_dags/example_complex.py
[2022-06-16 12:27:55,367] {logging_mixin.py:109} INFO - [2022-06-16 12:27:55,367] {dag.py:2398} INFO - Sync 1 DAGs
[2022-06-16 12:27:55,377] {logging_mixin.py:109} INFO - [2022-06-16 12:27:55,377] {dag.py:2937} INFO - Setting next_dagrun for example_complex to None
[2022-06-16 12:27:55,390] {processor.py:171} INFO - Processing /home/notme/airflow_venv/airflow_venv/lib/python3.8/site-packages/airflow/example_dags/example_complex.py took 0.054 seconds
[2022-06-16 12:28:31,503] {processor.py:163} INFO - Started process (PID=11020) to work on /home/notme/airflow_venv/airflow_venv/lib/python3.8/site-packages/airflow/example_dags/example_complex.py
[2022-06-16 12:28:31,504] {processor.py:642} INFO - Processing file /home/notme/airflow_venv/airflow_venv/lib/python3.8/site-packages/airflow/example_dags/example_complex.py for tasks to queue
[2022-06-16 12:28:31,505] {logging_mixin.py:109} INFO - [2022-06-16 12:28:31,505] {dagbag.py:500} INFO - Filling up the DagBag from /home/notme/airflow_venv/airflow_venv/lib/python3.8/site-packages/airflow/example_dags/example_complex.py
[2022-06-16 12:28:31,522] {processor.py:652} INFO - DAG(s) dict_keys(['example_complex']) retrieved from /home/notme/airflow_venv/airflow_venv/lib/python3.8/site-packages/airflow/example_dags/example_complex.py
[2022-06-16 12:28:31,538] {logging_mixin.py:109} INFO - [2022-06-16 12:28:31,537] {dag.py:2398} INFO - Sync 1 DAGs
[2022-06-16 12:28:31,549] {logging_mixin.py:109} INFO - [2022-06-16 12:28:31,549] {dag.py:2937} INFO - Setting next_dagrun for example_complex to None
[2022-06-16 12:28:31,565] {processor.py:171} INFO - Processing /home/notme/airflow_venv/airflow_venv/lib/python3.8/site-packages/airflow/example_dags/example_complex.py took 0.064 seconds
[2022-06-16 12:29:06,810] {processor.py:163} INFO - Started process (PID=11071) to work on /home/notme/airflow_venv/airflow_venv/lib/python3.8/site-packages/airflow/example_dags/example_complex.py
[2022-06-16 12:29:06,811] {processor.py:642} INFO - Processing file /home/notme/airflow_venv/airflow_venv/lib/python3.8/site-packages/airflow/example_dags/example_complex.py for tasks to queue
[2022-06-16 12:29:06,812] {logging_mixin.py:109} INFO - [2022-06-16 12:29:06,812] {dagbag.py:500} INFO - Filling up the DagBag from /home/notme/airflow_venv/airflow_venv/lib/python3.8/site-packages/airflow/example_dags/example_complex.py
[2022-06-16 12:29:06,828] {processor.py:652} INFO - DAG(s) dict_keys(['example_complex']) retrieved from /home/notme/airflow_venv/airflow_venv/lib/python3.8/site-packages/airflow/example_dags/example_complex.py
[2022-06-16 12:29:06,840] {logging_mixin.py:109} INFO - [2022-06-16 12:29:06,839] {dag.py:2398} INFO - Sync 1 DAGs
[2022-06-16 12:29:06,848] {logging_mixin.py:109} INFO - [2022-06-16 12:29:06,848] {dag.py:2937} INFO - Setting next_dagrun for example_complex to None
[2022-06-16 12:29:06,861] {processor.py:171} INFO - Processing /home/notme/airflow_venv/airflow_venv/lib/python3.8/site-packages/airflow/example_dags/example_complex.py took 0.053 seconds
[2022-06-16 12:29:43,191] {processor.py:163} INFO - Started process (PID=11123) to work on /home/notme/airflow_venv/airflow_venv/lib/python3.8/site-packages/airflow/example_dags/example_complex.py
[2022-06-16 12:29:43,192] {processor.py:642} INFO - Processing file /home/notme/airflow_venv/airflow_venv/lib/python3.8/site-packages/airflow/example_dags/example_complex.py for tasks to queue
[2022-06-16 12:29:43,193] {logging_mixin.py:109} INFO - [2022-06-16 12:29:43,193] {dagbag.py:500} INFO - Filling up the DagBag from /home/notme/airflow_venv/airflow_venv/lib/python3.8/site-packages/airflow/example_dags/example_complex.py
[2022-06-16 12:29:43,212] {processor.py:652} INFO - DAG(s) dict_keys(['example_complex']) retrieved from /home/notme/airflow_venv/airflow_venv/lib/python3.8/site-packages/airflow/example_dags/example_complex.py
[2022-06-16 12:29:43,224] {logging_mixin.py:109} INFO - [2022-06-16 12:29:43,224] {dag.py:2398} INFO - Sync 1 DAGs
[2022-06-16 12:29:43,237] {logging_mixin.py:109} INFO - [2022-06-16 12:29:43,237] {dag.py:2937} INFO - Setting next_dagrun for example_complex to None
[2022-06-16 12:29:43,249] {processor.py:171} INFO - Processing /home/notme/airflow_venv/airflow_venv/lib/python3.8/site-packages/airflow/example_dags/example_complex.py took 0.059 seconds
[2022-06-16 12:30:20,565] {processor.py:163} INFO - Started process (PID=11331) to work on /home/notme/airflow_venv/airflow_venv/lib/python3.8/site-packages/airflow/example_dags/example_complex.py
[2022-06-16 12:30:20,566] {processor.py:642} INFO - Processing file /home/notme/airflow_venv/airflow_venv/lib/python3.8/site-packages/airflow/example_dags/example_complex.py for tasks to queue
[2022-06-16 12:30:20,567] {logging_mixin.py:109} INFO - [2022-06-16 12:30:20,567] {dagbag.py:500} INFO - Filling up the DagBag from /home/notme/airflow_venv/airflow_venv/lib/python3.8/site-packages/airflow/example_dags/example_complex.py
[2022-06-16 12:30:20,581] {processor.py:652} INFO - DAG(s) dict_keys(['example_complex']) retrieved from /home/notme/airflow_venv/airflow_venv/lib/python3.8/site-packages/airflow/example_dags/example_complex.py
[2022-06-16 12:30:20,592] {logging_mixin.py:109} INFO - [2022-06-16 12:30:20,592] {dag.py:2398} INFO - Sync 1 DAGs
[2022-06-16 12:30:20,601] {logging_mixin.py:109} INFO - [2022-06-16 12:30:20,601] {dag.py:2937} INFO - Setting next_dagrun for example_complex to None
[2022-06-16 12:30:20,612] {processor.py:171} INFO - Processing /home/notme/airflow_venv/airflow_venv/lib/python3.8/site-packages/airflow/example_dags/example_complex.py took 0.050 seconds
