[2022-06-16 12:15:29,857] {processor.py:163} INFO - Started process (PID=1262) to work on /home/notme/airflow_venv/airflow_venv/lib/python3.8/site-packages/airflow/example_dags/example_short_circuit_operator.py
[2022-06-16 12:15:29,858] {processor.py:642} INFO - Processing file /home/notme/airflow_venv/airflow_venv/lib/python3.8/site-packages/airflow/example_dags/example_short_circuit_operator.py for tasks to queue
[2022-06-16 12:15:29,859] {logging_mixin.py:109} INFO - [2022-06-16 12:15:29,859] {dagbag.py:500} INFO - Filling up the DagBag from /home/notme/airflow_venv/airflow_venv/lib/python3.8/site-packages/airflow/example_dags/example_short_circuit_operator.py
[2022-06-16 12:15:29,885] {processor.py:652} INFO - DAG(s) dict_keys(['example_short_circuit_operator']) retrieved from /home/notme/airflow_venv/airflow_venv/lib/python3.8/site-packages/airflow/example_dags/example_short_circuit_operator.py
[2022-06-16 12:15:29,905] {logging_mixin.py:109} INFO - [2022-06-16 12:15:29,905] {dag.py:2398} INFO - Sync 1 DAGs
[2022-06-16 12:15:29,926] {logging_mixin.py:109} INFO - [2022-06-16 12:15:29,926] {dag.py:2937} INFO - Setting next_dagrun for example_short_circuit_operator to 2022-06-15T10:15:29.926195+00:00
[2022-06-16 12:15:29,958] {processor.py:171} INFO - Processing /home/notme/airflow_venv/airflow_venv/lib/python3.8/site-packages/airflow/example_dags/example_short_circuit_operator.py took 0.105 seconds
[2022-06-16 12:16:06,439] {processor.py:163} INFO - Started process (PID=1420) to work on /home/notme/airflow_venv/airflow_venv/lib/python3.8/site-packages/airflow/example_dags/example_short_circuit_operator.py
[2022-06-16 12:16:06,440] {processor.py:642} INFO - Processing file /home/notme/airflow_venv/airflow_venv/lib/python3.8/site-packages/airflow/example_dags/example_short_circuit_operator.py for tasks to queue
[2022-06-16 12:16:06,441] {logging_mixin.py:109} INFO - [2022-06-16 12:16:06,441] {dagbag.py:500} INFO - Filling up the DagBag from /home/notme/airflow_venv/airflow_venv/lib/python3.8/site-packages/airflow/example_dags/example_short_circuit_operator.py
[2022-06-16 12:16:06,453] {processor.py:652} INFO - DAG(s) dict_keys(['example_short_circuit_operator']) retrieved from /home/notme/airflow_venv/airflow_venv/lib/python3.8/site-packages/airflow/example_dags/example_short_circuit_operator.py
[2022-06-16 12:16:06,463] {logging_mixin.py:109} INFO - [2022-06-16 12:16:06,463] {dag.py:2398} INFO - Sync 1 DAGs
[2022-06-16 12:16:06,479] {logging_mixin.py:109} INFO - [2022-06-16 12:16:06,479] {dag.py:2937} INFO - Setting next_dagrun for example_short_circuit_operator to 2022-06-15T10:16:06.479526+00:00
[2022-06-16 12:16:06,497] {processor.py:171} INFO - Processing /home/notme/airflow_venv/airflow_venv/lib/python3.8/site-packages/airflow/example_dags/example_short_circuit_operator.py took 0.060 seconds
[2022-06-16 12:16:40,413] {processor.py:163} INFO - Started process (PID=1761) to work on /home/notme/airflow_venv/airflow_venv/lib/python3.8/site-packages/airflow/example_dags/example_short_circuit_operator.py
[2022-06-16 12:16:40,414] {processor.py:642} INFO - Processing file /home/notme/airflow_venv/airflow_venv/lib/python3.8/site-packages/airflow/example_dags/example_short_circuit_operator.py for tasks to queue
[2022-06-16 12:16:40,414] {logging_mixin.py:109} INFO - [2022-06-16 12:16:40,414] {dagbag.py:500} INFO - Filling up the DagBag from /home/notme/airflow_venv/airflow_venv/lib/python3.8/site-packages/airflow/example_dags/example_short_circuit_operator.py
[2022-06-16 12:16:40,429] {processor.py:652} INFO - DAG(s) dict_keys(['example_short_circuit_operator']) retrieved from /home/notme/airflow_venv/airflow_venv/lib/python3.8/site-packages/airflow/example_dags/example_short_circuit_operator.py
[2022-06-16 12:16:40,440] {logging_mixin.py:109} INFO - [2022-06-16 12:16:40,439] {dag.py:2398} INFO - Sync 1 DAGs
[2022-06-16 12:16:40,451] {logging_mixin.py:109} INFO - [2022-06-16 12:16:40,451] {dag.py:2937} INFO - Setting next_dagrun for example_short_circuit_operator to 2022-06-15T10:16:40.450796+00:00
[2022-06-16 12:16:40,464] {processor.py:171} INFO - Processing /home/notme/airflow_venv/airflow_venv/lib/python3.8/site-packages/airflow/example_dags/example_short_circuit_operator.py took 0.053 seconds
[2022-06-16 12:17:14,229] {processor.py:163} INFO - Started process (PID=1810) to work on /home/notme/airflow_venv/airflow_venv/lib/python3.8/site-packages/airflow/example_dags/example_short_circuit_operator.py
[2022-06-16 12:17:14,232] {processor.py:642} INFO - Processing file /home/notme/airflow_venv/airflow_venv/lib/python3.8/site-packages/airflow/example_dags/example_short_circuit_operator.py for tasks to queue
[2022-06-16 12:17:14,233] {logging_mixin.py:109} INFO - [2022-06-16 12:17:14,233] {dagbag.py:500} INFO - Filling up the DagBag from /home/notme/airflow_venv/airflow_venv/lib/python3.8/site-packages/airflow/example_dags/example_short_circuit_operator.py
[2022-06-16 12:17:14,249] {processor.py:652} INFO - DAG(s) dict_keys(['example_short_circuit_operator']) retrieved from /home/notme/airflow_venv/airflow_venv/lib/python3.8/site-packages/airflow/example_dags/example_short_circuit_operator.py
[2022-06-16 12:17:14,263] {logging_mixin.py:109} INFO - [2022-06-16 12:17:14,263] {dag.py:2398} INFO - Sync 1 DAGs
[2022-06-16 12:17:14,280] {logging_mixin.py:109} INFO - [2022-06-16 12:17:14,280] {dag.py:2937} INFO - Setting next_dagrun for example_short_circuit_operator to 2022-06-15T10:17:14.280023+00:00
[2022-06-16 12:17:14,297] {processor.py:171} INFO - Processing /home/notme/airflow_venv/airflow_venv/lib/python3.8/site-packages/airflow/example_dags/example_short_circuit_operator.py took 0.071 seconds
[2022-06-16 12:17:48,751] {processor.py:163} INFO - Started process (PID=2124) to work on /home/notme/airflow_venv/airflow_venv/lib/python3.8/site-packages/airflow/example_dags/example_short_circuit_operator.py
[2022-06-16 12:17:48,752] {processor.py:642} INFO - Processing file /home/notme/airflow_venv/airflow_venv/lib/python3.8/site-packages/airflow/example_dags/example_short_circuit_operator.py for tasks to queue
[2022-06-16 12:17:48,753] {logging_mixin.py:109} INFO - [2022-06-16 12:17:48,753] {dagbag.py:500} INFO - Filling up the DagBag from /home/notme/airflow_venv/airflow_venv/lib/python3.8/site-packages/airflow/example_dags/example_short_circuit_operator.py
[2022-06-16 12:17:48,764] {processor.py:652} INFO - DAG(s) dict_keys(['example_short_circuit_operator']) retrieved from /home/notme/airflow_venv/airflow_venv/lib/python3.8/site-packages/airflow/example_dags/example_short_circuit_operator.py
[2022-06-16 12:17:48,773] {logging_mixin.py:109} INFO - [2022-06-16 12:17:48,773] {dag.py:2398} INFO - Sync 1 DAGs
[2022-06-16 12:17:48,783] {logging_mixin.py:109} INFO - [2022-06-16 12:17:48,783] {dag.py:2937} INFO - Setting next_dagrun for example_short_circuit_operator to 2022-06-15T10:17:48.783295+00:00
[2022-06-16 12:17:48,795] {processor.py:171} INFO - Processing /home/notme/airflow_venv/airflow_venv/lib/python3.8/site-packages/airflow/example_dags/example_short_circuit_operator.py took 0.046 seconds
[2022-06-16 12:18:22,679] {processor.py:163} INFO - Started process (PID=2165) to work on /home/notme/airflow_venv/airflow_venv/lib/python3.8/site-packages/airflow/example_dags/example_short_circuit_operator.py
[2022-06-16 12:18:22,680] {processor.py:642} INFO - Processing file /home/notme/airflow_venv/airflow_venv/lib/python3.8/site-packages/airflow/example_dags/example_short_circuit_operator.py for tasks to queue
[2022-06-16 12:18:22,681] {logging_mixin.py:109} INFO - [2022-06-16 12:18:22,681] {dagbag.py:500} INFO - Filling up the DagBag from /home/notme/airflow_venv/airflow_venv/lib/python3.8/site-packages/airflow/example_dags/example_short_circuit_operator.py
[2022-06-16 12:18:22,694] {processor.py:652} INFO - DAG(s) dict_keys(['example_short_circuit_operator']) retrieved from /home/notme/airflow_venv/airflow_venv/lib/python3.8/site-packages/airflow/example_dags/example_short_circuit_operator.py
[2022-06-16 12:18:22,705] {logging_mixin.py:109} INFO - [2022-06-16 12:18:22,705] {dag.py:2398} INFO - Sync 1 DAGs
[2022-06-16 12:18:22,716] {logging_mixin.py:109} INFO - [2022-06-16 12:18:22,716] {dag.py:2937} INFO - Setting next_dagrun for example_short_circuit_operator to 2022-06-15T10:18:22.716527+00:00
[2022-06-16 12:18:22,732] {processor.py:171} INFO - Processing /home/notme/airflow_venv/airflow_venv/lib/python3.8/site-packages/airflow/example_dags/example_short_circuit_operator.py took 0.055 seconds
[2022-06-16 12:18:56,077] {processor.py:163} INFO - Started process (PID=2435) to work on /home/notme/airflow_venv/airflow_venv/lib/python3.8/site-packages/airflow/example_dags/example_short_circuit_operator.py
[2022-06-16 12:18:56,079] {processor.py:642} INFO - Processing file /home/notme/airflow_venv/airflow_venv/lib/python3.8/site-packages/airflow/example_dags/example_short_circuit_operator.py for tasks to queue
[2022-06-16 12:18:56,079] {logging_mixin.py:109} INFO - [2022-06-16 12:18:56,079] {dagbag.py:500} INFO - Filling up the DagBag from /home/notme/airflow_venv/airflow_venv/lib/python3.8/site-packages/airflow/example_dags/example_short_circuit_operator.py
[2022-06-16 12:18:56,093] {processor.py:652} INFO - DAG(s) dict_keys(['example_short_circuit_operator']) retrieved from /home/notme/airflow_venv/airflow_venv/lib/python3.8/site-packages/airflow/example_dags/example_short_circuit_operator.py
[2022-06-16 12:18:56,102] {logging_mixin.py:109} INFO - [2022-06-16 12:18:56,102] {dag.py:2398} INFO - Sync 1 DAGs
[2022-06-16 12:18:56,120] {logging_mixin.py:109} INFO - [2022-06-16 12:18:56,120] {dag.py:2937} INFO - Setting next_dagrun for example_short_circuit_operator to 2022-06-15T10:18:56.119917+00:00
[2022-06-16 12:18:56,135] {processor.py:171} INFO - Processing /home/notme/airflow_venv/airflow_venv/lib/python3.8/site-packages/airflow/example_dags/example_short_circuit_operator.py took 0.061 seconds
[2022-06-16 12:19:30,139] {processor.py:163} INFO - Started process (PID=2477) to work on /home/notme/airflow_venv/airflow_venv/lib/python3.8/site-packages/airflow/example_dags/example_short_circuit_operator.py
[2022-06-16 12:19:30,141] {processor.py:642} INFO - Processing file /home/notme/airflow_venv/airflow_venv/lib/python3.8/site-packages/airflow/example_dags/example_short_circuit_operator.py for tasks to queue
[2022-06-16 12:19:30,141] {logging_mixin.py:109} INFO - [2022-06-16 12:19:30,141] {dagbag.py:500} INFO - Filling up the DagBag from /home/notme/airflow_venv/airflow_venv/lib/python3.8/site-packages/airflow/example_dags/example_short_circuit_operator.py
[2022-06-16 12:19:30,156] {processor.py:652} INFO - DAG(s) dict_keys(['example_short_circuit_operator']) retrieved from /home/notme/airflow_venv/airflow_venv/lib/python3.8/site-packages/airflow/example_dags/example_short_circuit_operator.py
[2022-06-16 12:19:30,167] {logging_mixin.py:109} INFO - [2022-06-16 12:19:30,167] {dag.py:2398} INFO - Sync 1 DAGs
[2022-06-16 12:19:30,180] {logging_mixin.py:109} INFO - [2022-06-16 12:19:30,180] {dag.py:2937} INFO - Setting next_dagrun for example_short_circuit_operator to 2022-06-15T10:19:30.180329+00:00
[2022-06-16 12:19:30,229] {processor.py:171} INFO - Processing /home/notme/airflow_venv/airflow_venv/lib/python3.8/site-packages/airflow/example_dags/example_short_circuit_operator.py took 0.092 seconds
[2022-06-16 12:20:02,556] {processor.py:163} INFO - Started process (PID=2694) to work on /home/notme/airflow_venv/airflow_venv/lib/python3.8/site-packages/airflow/example_dags/example_short_circuit_operator.py
[2022-06-16 12:20:02,557] {processor.py:642} INFO - Processing file /home/notme/airflow_venv/airflow_venv/lib/python3.8/site-packages/airflow/example_dags/example_short_circuit_operator.py for tasks to queue
[2022-06-16 12:20:02,557] {logging_mixin.py:109} INFO - [2022-06-16 12:20:02,557] {dagbag.py:500} INFO - Filling up the DagBag from /home/notme/airflow_venv/airflow_venv/lib/python3.8/site-packages/airflow/example_dags/example_short_circuit_operator.py
[2022-06-16 12:20:02,569] {processor.py:652} INFO - DAG(s) dict_keys(['example_short_circuit_operator']) retrieved from /home/notme/airflow_venv/airflow_venv/lib/python3.8/site-packages/airflow/example_dags/example_short_circuit_operator.py
[2022-06-16 12:20:02,578] {logging_mixin.py:109} INFO - [2022-06-16 12:20:02,578] {dag.py:2398} INFO - Sync 1 DAGs
[2022-06-16 12:20:02,590] {logging_mixin.py:109} INFO - [2022-06-16 12:20:02,590] {dag.py:2937} INFO - Setting next_dagrun for example_short_circuit_operator to 2022-06-15T10:20:02.589935+00:00
[2022-06-16 12:20:03,475] {processor.py:171} INFO - Processing /home/notme/airflow_venv/airflow_venv/lib/python3.8/site-packages/airflow/example_dags/example_short_circuit_operator.py took 0.921 seconds
[2022-06-16 12:20:36,877] {processor.py:163} INFO - Started process (PID=2736) to work on /home/notme/airflow_venv/airflow_venv/lib/python3.8/site-packages/airflow/example_dags/example_short_circuit_operator.py
[2022-06-16 12:20:36,878] {processor.py:642} INFO - Processing file /home/notme/airflow_venv/airflow_venv/lib/python3.8/site-packages/airflow/example_dags/example_short_circuit_operator.py for tasks to queue
[2022-06-16 12:20:36,878] {logging_mixin.py:109} INFO - [2022-06-16 12:20:36,878] {dagbag.py:500} INFO - Filling up the DagBag from /home/notme/airflow_venv/airflow_venv/lib/python3.8/site-packages/airflow/example_dags/example_short_circuit_operator.py
[2022-06-16 12:20:36,891] {processor.py:652} INFO - DAG(s) dict_keys(['example_short_circuit_operator']) retrieved from /home/notme/airflow_venv/airflow_venv/lib/python3.8/site-packages/airflow/example_dags/example_short_circuit_operator.py
[2022-06-16 12:20:36,903] {logging_mixin.py:109} INFO - [2022-06-16 12:20:36,903] {dag.py:2398} INFO - Sync 1 DAGs
[2022-06-16 12:20:36,917] {logging_mixin.py:109} INFO - [2022-06-16 12:20:36,917] {dag.py:2937} INFO - Setting next_dagrun for example_short_circuit_operator to 2022-06-15T10:20:36.917074+00:00
[2022-06-16 12:20:36,930] {processor.py:171} INFO - Processing /home/notme/airflow_venv/airflow_venv/lib/python3.8/site-packages/airflow/example_dags/example_short_circuit_operator.py took 0.055 seconds
[2022-06-16 12:21:10,345] {processor.py:163} INFO - Started process (PID=2777) to work on /home/notme/airflow_venv/airflow_venv/lib/python3.8/site-packages/airflow/example_dags/example_short_circuit_operator.py
[2022-06-16 12:21:10,346] {processor.py:642} INFO - Processing file /home/notme/airflow_venv/airflow_venv/lib/python3.8/site-packages/airflow/example_dags/example_short_circuit_operator.py for tasks to queue
[2022-06-16 12:21:10,347] {logging_mixin.py:109} INFO - [2022-06-16 12:21:10,347] {dagbag.py:500} INFO - Filling up the DagBag from /home/notme/airflow_venv/airflow_venv/lib/python3.8/site-packages/airflow/example_dags/example_short_circuit_operator.py
[2022-06-16 12:21:10,357] {processor.py:652} INFO - DAG(s) dict_keys(['example_short_circuit_operator']) retrieved from /home/notme/airflow_venv/airflow_venv/lib/python3.8/site-packages/airflow/example_dags/example_short_circuit_operator.py
[2022-06-16 12:21:10,367] {logging_mixin.py:109} INFO - [2022-06-16 12:21:10,367] {dag.py:2398} INFO - Sync 1 DAGs
[2022-06-16 12:21:10,377] {logging_mixin.py:109} INFO - [2022-06-16 12:21:10,377] {dag.py:2937} INFO - Setting next_dagrun for example_short_circuit_operator to 2022-06-15T10:21:10.377185+00:00
[2022-06-16 12:21:10,390] {processor.py:171} INFO - Processing /home/notme/airflow_venv/airflow_venv/lib/python3.8/site-packages/airflow/example_dags/example_short_circuit_operator.py took 0.047 seconds
[2022-06-16 12:21:44,806] {processor.py:163} INFO - Started process (PID=3116) to work on /home/notme/airflow_venv/airflow_venv/lib/python3.8/site-packages/airflow/example_dags/example_short_circuit_operator.py
[2022-06-16 12:21:44,807] {processor.py:642} INFO - Processing file /home/notme/airflow_venv/airflow_venv/lib/python3.8/site-packages/airflow/example_dags/example_short_circuit_operator.py for tasks to queue
[2022-06-16 12:21:44,807] {logging_mixin.py:109} INFO - [2022-06-16 12:21:44,807] {dagbag.py:500} INFO - Filling up the DagBag from /home/notme/airflow_venv/airflow_venv/lib/python3.8/site-packages/airflow/example_dags/example_short_circuit_operator.py
[2022-06-16 12:21:44,820] {processor.py:652} INFO - DAG(s) dict_keys(['example_short_circuit_operator']) retrieved from /home/notme/airflow_venv/airflow_venv/lib/python3.8/site-packages/airflow/example_dags/example_short_circuit_operator.py
[2022-06-16 12:21:44,831] {logging_mixin.py:109} INFO - [2022-06-16 12:21:44,831] {dag.py:2398} INFO - Sync 1 DAGs
[2022-06-16 12:21:44,841] {logging_mixin.py:109} INFO - [2022-06-16 12:21:44,841] {dag.py:2937} INFO - Setting next_dagrun for example_short_circuit_operator to 2022-06-15T10:21:44.841275+00:00
[2022-06-16 12:21:44,855] {processor.py:171} INFO - Processing /home/notme/airflow_venv/airflow_venv/lib/python3.8/site-packages/airflow/example_dags/example_short_circuit_operator.py took 0.051 seconds
[2022-06-16 12:22:17,709] {processor.py:163} INFO - Started process (PID=3158) to work on /home/notme/airflow_venv/airflow_venv/lib/python3.8/site-packages/airflow/example_dags/example_short_circuit_operator.py
[2022-06-16 12:22:17,710] {processor.py:642} INFO - Processing file /home/notme/airflow_venv/airflow_venv/lib/python3.8/site-packages/airflow/example_dags/example_short_circuit_operator.py for tasks to queue
[2022-06-16 12:22:17,711] {logging_mixin.py:109} INFO - [2022-06-16 12:22:17,711] {dagbag.py:500} INFO - Filling up the DagBag from /home/notme/airflow_venv/airflow_venv/lib/python3.8/site-packages/airflow/example_dags/example_short_circuit_operator.py
[2022-06-16 12:22:17,748] {processor.py:652} INFO - DAG(s) dict_keys(['example_short_circuit_operator']) retrieved from /home/notme/airflow_venv/airflow_venv/lib/python3.8/site-packages/airflow/example_dags/example_short_circuit_operator.py
[2022-06-16 12:22:17,767] {logging_mixin.py:109} INFO - [2022-06-16 12:22:17,767] {dag.py:2398} INFO - Sync 1 DAGs
[2022-06-16 12:22:17,797] {logging_mixin.py:109} INFO - [2022-06-16 12:22:17,797] {dag.py:2937} INFO - Setting next_dagrun for example_short_circuit_operator to 2022-06-15T10:22:17.797289+00:00
[2022-06-16 12:22:17,816] {processor.py:171} INFO - Processing /home/notme/airflow_venv/airflow_venv/lib/python3.8/site-packages/airflow/example_dags/example_short_circuit_operator.py took 0.110 seconds
[2022-06-16 12:22:52,477] {processor.py:163} INFO - Started process (PID=3469) to work on /home/notme/airflow_venv/airflow_venv/lib/python3.8/site-packages/airflow/example_dags/example_short_circuit_operator.py
[2022-06-16 12:22:52,479] {processor.py:642} INFO - Processing file /home/notme/airflow_venv/airflow_venv/lib/python3.8/site-packages/airflow/example_dags/example_short_circuit_operator.py for tasks to queue
[2022-06-16 12:22:52,479] {logging_mixin.py:109} INFO - [2022-06-16 12:22:52,479] {dagbag.py:500} INFO - Filling up the DagBag from /home/notme/airflow_venv/airflow_venv/lib/python3.8/site-packages/airflow/example_dags/example_short_circuit_operator.py
[2022-06-16 12:22:52,490] {processor.py:652} INFO - DAG(s) dict_keys(['example_short_circuit_operator']) retrieved from /home/notme/airflow_venv/airflow_venv/lib/python3.8/site-packages/airflow/example_dags/example_short_circuit_operator.py
[2022-06-16 12:22:52,499] {logging_mixin.py:109} INFO - [2022-06-16 12:22:52,499] {dag.py:2398} INFO - Sync 1 DAGs
[2022-06-16 12:22:52,508] {logging_mixin.py:109} INFO - [2022-06-16 12:22:52,508] {dag.py:2937} INFO - Setting next_dagrun for example_short_circuit_operator to 2022-06-15T10:22:52.508145+00:00
[2022-06-16 12:22:52,521] {processor.py:171} INFO - Processing /home/notme/airflow_venv/airflow_venv/lib/python3.8/site-packages/airflow/example_dags/example_short_circuit_operator.py took 0.045 seconds
[2022-06-16 12:23:22,777] {processor.py:163} INFO - Started process (PID=3625) to work on /home/notme/airflow_venv/airflow_venv/lib/python3.8/site-packages/airflow/example_dags/example_short_circuit_operator.py
[2022-06-16 12:23:22,779] {processor.py:642} INFO - Processing file /home/notme/airflow_venv/airflow_venv/lib/python3.8/site-packages/airflow/example_dags/example_short_circuit_operator.py for tasks to queue
[2022-06-16 12:23:22,780] {logging_mixin.py:109} INFO - [2022-06-16 12:23:22,779] {dagbag.py:500} INFO - Filling up the DagBag from /home/notme/airflow_venv/airflow_venv/lib/python3.8/site-packages/airflow/example_dags/example_short_circuit_operator.py
[2022-06-16 12:23:22,806] {processor.py:652} INFO - DAG(s) dict_keys(['example_short_circuit_operator']) retrieved from /home/notme/airflow_venv/airflow_venv/lib/python3.8/site-packages/airflow/example_dags/example_short_circuit_operator.py
[2022-06-16 12:23:22,825] {logging_mixin.py:109} INFO - [2022-06-16 12:23:22,824] {dag.py:2398} INFO - Sync 1 DAGs
[2022-06-16 12:23:22,843] {logging_mixin.py:109} INFO - [2022-06-16 12:23:22,843] {dag.py:2937} INFO - Setting next_dagrun for example_short_circuit_operator to 2022-06-15T10:23:22.843247+00:00
[2022-06-16 12:23:22,863] {processor.py:171} INFO - Processing /home/notme/airflow_venv/airflow_venv/lib/python3.8/site-packages/airflow/example_dags/example_short_circuit_operator.py took 0.091 seconds
[2022-06-16 12:23:56,262] {processor.py:163} INFO - Started process (PID=3885) to work on /home/notme/airflow_venv/airflow_venv/lib/python3.8/site-packages/airflow/example_dags/example_short_circuit_operator.py
[2022-06-16 12:23:56,264] {processor.py:642} INFO - Processing file /home/notme/airflow_venv/airflow_venv/lib/python3.8/site-packages/airflow/example_dags/example_short_circuit_operator.py for tasks to queue
[2022-06-16 12:23:56,264] {logging_mixin.py:109} INFO - [2022-06-16 12:23:56,264] {dagbag.py:500} INFO - Filling up the DagBag from /home/notme/airflow_venv/airflow_venv/lib/python3.8/site-packages/airflow/example_dags/example_short_circuit_operator.py
[2022-06-16 12:23:56,276] {processor.py:652} INFO - DAG(s) dict_keys(['example_short_circuit_operator']) retrieved from /home/notme/airflow_venv/airflow_venv/lib/python3.8/site-packages/airflow/example_dags/example_short_circuit_operator.py
[2022-06-16 12:23:56,285] {logging_mixin.py:109} INFO - [2022-06-16 12:23:56,285] {dag.py:2398} INFO - Sync 1 DAGs
[2022-06-16 12:23:56,295] {logging_mixin.py:109} INFO - [2022-06-16 12:23:56,295] {dag.py:2937} INFO - Setting next_dagrun for example_short_circuit_operator to 2022-06-15T10:23:56.295686+00:00
[2022-06-16 12:23:56,312] {processor.py:171} INFO - Processing /home/notme/airflow_venv/airflow_venv/lib/python3.8/site-packages/airflow/example_dags/example_short_circuit_operator.py took 0.052 seconds
[2022-06-16 12:24:29,215] {processor.py:163} INFO - Started process (PID=3942) to work on /home/notme/airflow_venv/airflow_venv/lib/python3.8/site-packages/airflow/example_dags/example_short_circuit_operator.py
[2022-06-16 12:24:29,216] {processor.py:642} INFO - Processing file /home/notme/airflow_venv/airflow_venv/lib/python3.8/site-packages/airflow/example_dags/example_short_circuit_operator.py for tasks to queue
[2022-06-16 12:24:29,217] {logging_mixin.py:109} INFO - [2022-06-16 12:24:29,217] {dagbag.py:500} INFO - Filling up the DagBag from /home/notme/airflow_venv/airflow_venv/lib/python3.8/site-packages/airflow/example_dags/example_short_circuit_operator.py
[2022-06-16 12:24:29,230] {processor.py:652} INFO - DAG(s) dict_keys(['example_short_circuit_operator']) retrieved from /home/notme/airflow_venv/airflow_venv/lib/python3.8/site-packages/airflow/example_dags/example_short_circuit_operator.py
[2022-06-16 12:24:29,240] {logging_mixin.py:109} INFO - [2022-06-16 12:24:29,240] {dag.py:2398} INFO - Sync 1 DAGs
[2022-06-16 12:24:29,252] {logging_mixin.py:109} INFO - [2022-06-16 12:24:29,252] {dag.py:2937} INFO - Setting next_dagrun for example_short_circuit_operator to 2022-06-15T10:24:29.251940+00:00
[2022-06-16 12:24:29,269] {processor.py:171} INFO - Processing /home/notme/airflow_venv/airflow_venv/lib/python3.8/site-packages/airflow/example_dags/example_short_circuit_operator.py took 0.056 seconds
[2022-06-16 12:25:03,473] {processor.py:163} INFO - Started process (PID=9436) to work on /home/notme/airflow_venv/airflow_venv/lib/python3.8/site-packages/airflow/example_dags/example_short_circuit_operator.py
[2022-06-16 12:25:03,474] {processor.py:642} INFO - Processing file /home/notme/airflow_venv/airflow_venv/lib/python3.8/site-packages/airflow/example_dags/example_short_circuit_operator.py for tasks to queue
[2022-06-16 12:25:03,475] {logging_mixin.py:109} INFO - [2022-06-16 12:25:03,474] {dagbag.py:500} INFO - Filling up the DagBag from /home/notme/airflow_venv/airflow_venv/lib/python3.8/site-packages/airflow/example_dags/example_short_circuit_operator.py
[2022-06-16 12:25:03,486] {processor.py:652} INFO - DAG(s) dict_keys(['example_short_circuit_operator']) retrieved from /home/notme/airflow_venv/airflow_venv/lib/python3.8/site-packages/airflow/example_dags/example_short_circuit_operator.py
[2022-06-16 12:25:03,496] {logging_mixin.py:109} INFO - [2022-06-16 12:25:03,495] {dag.py:2398} INFO - Sync 1 DAGs
[2022-06-16 12:25:03,505] {logging_mixin.py:109} INFO - [2022-06-16 12:25:03,505] {dag.py:2937} INFO - Setting next_dagrun for example_short_circuit_operator to 2022-06-15T10:25:03.505581+00:00
[2022-06-16 12:25:03,520] {processor.py:171} INFO - Processing /home/notme/airflow_venv/airflow_venv/lib/python3.8/site-packages/airflow/example_dags/example_short_circuit_operator.py took 0.049 seconds
[2022-06-16 12:25:34,856] {processor.py:163} INFO - Started process (PID=9922) to work on /home/notme/airflow_venv/airflow_venv/lib/python3.8/site-packages/airflow/example_dags/example_short_circuit_operator.py
[2022-06-16 12:25:34,857] {processor.py:642} INFO - Processing file /home/notme/airflow_venv/airflow_venv/lib/python3.8/site-packages/airflow/example_dags/example_short_circuit_operator.py for tasks to queue
[2022-06-16 12:25:34,857] {logging_mixin.py:109} INFO - [2022-06-16 12:25:34,857] {dagbag.py:500} INFO - Filling up the DagBag from /home/notme/airflow_venv/airflow_venv/lib/python3.8/site-packages/airflow/example_dags/example_short_circuit_operator.py
[2022-06-16 12:25:34,869] {processor.py:652} INFO - DAG(s) dict_keys(['example_short_circuit_operator']) retrieved from /home/notme/airflow_venv/airflow_venv/lib/python3.8/site-packages/airflow/example_dags/example_short_circuit_operator.py
[2022-06-16 12:25:34,879] {logging_mixin.py:109} INFO - [2022-06-16 12:25:34,879] {dag.py:2398} INFO - Sync 1 DAGs
[2022-06-16 12:25:34,889] {logging_mixin.py:109} INFO - [2022-06-16 12:25:34,889] {dag.py:2937} INFO - Setting next_dagrun for example_short_circuit_operator to 2022-06-15T10:25:34.889206+00:00
[2022-06-16 12:25:34,902] {processor.py:171} INFO - Processing /home/notme/airflow_venv/airflow_venv/lib/python3.8/site-packages/airflow/example_dags/example_short_circuit_operator.py took 0.048 seconds
[2022-06-16 12:26:06,983] {processor.py:163} INFO - Started process (PID=9963) to work on /home/notme/airflow_venv/airflow_venv/lib/python3.8/site-packages/airflow/example_dags/example_short_circuit_operator.py
[2022-06-16 12:26:06,984] {processor.py:642} INFO - Processing file /home/notme/airflow_venv/airflow_venv/lib/python3.8/site-packages/airflow/example_dags/example_short_circuit_operator.py for tasks to queue
[2022-06-16 12:26:06,985] {logging_mixin.py:109} INFO - [2022-06-16 12:26:06,985] {dagbag.py:500} INFO - Filling up the DagBag from /home/notme/airflow_venv/airflow_venv/lib/python3.8/site-packages/airflow/example_dags/example_short_circuit_operator.py
[2022-06-16 12:26:06,996] {processor.py:652} INFO - DAG(s) dict_keys(['example_short_circuit_operator']) retrieved from /home/notme/airflow_venv/airflow_venv/lib/python3.8/site-packages/airflow/example_dags/example_short_circuit_operator.py
[2022-06-16 12:26:07,004] {logging_mixin.py:109} INFO - [2022-06-16 12:26:07,004] {dag.py:2398} INFO - Sync 1 DAGs
[2022-06-16 12:26:07,014] {logging_mixin.py:109} INFO - [2022-06-16 12:26:07,014] {dag.py:2937} INFO - Setting next_dagrun for example_short_circuit_operator to 2022-06-15T10:26:07.013943+00:00
[2022-06-16 12:26:07,032] {processor.py:171} INFO - Processing /home/notme/airflow_venv/airflow_venv/lib/python3.8/site-packages/airflow/example_dags/example_short_circuit_operator.py took 0.051 seconds
[2022-06-16 12:26:40,255] {processor.py:163} INFO - Started process (PID=10387) to work on /home/notme/airflow_venv/airflow_venv/lib/python3.8/site-packages/airflow/example_dags/example_short_circuit_operator.py
[2022-06-16 12:26:40,256] {processor.py:642} INFO - Processing file /home/notme/airflow_venv/airflow_venv/lib/python3.8/site-packages/airflow/example_dags/example_short_circuit_operator.py for tasks to queue
[2022-06-16 12:26:40,257] {logging_mixin.py:109} INFO - [2022-06-16 12:26:40,257] {dagbag.py:500} INFO - Filling up the DagBag from /home/notme/airflow_venv/airflow_venv/lib/python3.8/site-packages/airflow/example_dags/example_short_circuit_operator.py
[2022-06-16 12:26:40,274] {processor.py:652} INFO - DAG(s) dict_keys(['example_short_circuit_operator']) retrieved from /home/notme/airflow_venv/airflow_venv/lib/python3.8/site-packages/airflow/example_dags/example_short_circuit_operator.py
[2022-06-16 12:26:40,284] {logging_mixin.py:109} INFO - [2022-06-16 12:26:40,284] {dag.py:2398} INFO - Sync 1 DAGs
[2022-06-16 12:26:40,297] {logging_mixin.py:109} INFO - [2022-06-16 12:26:40,297] {dag.py:2937} INFO - Setting next_dagrun for example_short_circuit_operator to 2022-06-15T10:26:40.297536+00:00
[2022-06-16 12:26:40,314] {processor.py:171} INFO - Processing /home/notme/airflow_venv/airflow_venv/lib/python3.8/site-packages/airflow/example_dags/example_short_circuit_operator.py took 0.061 seconds
[2022-06-16 12:27:13,576] {processor.py:163} INFO - Started process (PID=10429) to work on /home/notme/airflow_venv/airflow_venv/lib/python3.8/site-packages/airflow/example_dags/example_short_circuit_operator.py
[2022-06-16 12:27:13,606] {processor.py:642} INFO - Processing file /home/notme/airflow_venv/airflow_venv/lib/python3.8/site-packages/airflow/example_dags/example_short_circuit_operator.py for tasks to queue
[2022-06-16 12:27:13,607] {logging_mixin.py:109} INFO - [2022-06-16 12:27:13,607] {dagbag.py:500} INFO - Filling up the DagBag from /home/notme/airflow_venv/airflow_venv/lib/python3.8/site-packages/airflow/example_dags/example_short_circuit_operator.py
[2022-06-16 12:27:13,629] {processor.py:652} INFO - DAG(s) dict_keys(['example_short_circuit_operator']) retrieved from /home/notme/airflow_venv/airflow_venv/lib/python3.8/site-packages/airflow/example_dags/example_short_circuit_operator.py
[2022-06-16 12:27:13,642] {logging_mixin.py:109} INFO - [2022-06-16 12:27:13,642] {dag.py:2398} INFO - Sync 1 DAGs
[2022-06-16 12:27:13,654] {logging_mixin.py:109} INFO - [2022-06-16 12:27:13,654] {dag.py:2937} INFO - Setting next_dagrun for example_short_circuit_operator to 2022-06-15T10:27:13.654572+00:00
[2022-06-16 12:27:13,668] {processor.py:171} INFO - Processing /home/notme/airflow_venv/airflow_venv/lib/python3.8/site-packages/airflow/example_dags/example_short_circuit_operator.py took 0.095 seconds
[2022-06-16 12:27:46,680] {processor.py:163} INFO - Started process (PID=10637) to work on /home/notme/airflow_venv/airflow_venv/lib/python3.8/site-packages/airflow/example_dags/example_short_circuit_operator.py
[2022-06-16 12:27:46,680] {processor.py:642} INFO - Processing file /home/notme/airflow_venv/airflow_venv/lib/python3.8/site-packages/airflow/example_dags/example_short_circuit_operator.py for tasks to queue
[2022-06-16 12:27:46,681] {logging_mixin.py:109} INFO - [2022-06-16 12:27:46,681] {dagbag.py:500} INFO - Filling up the DagBag from /home/notme/airflow_venv/airflow_venv/lib/python3.8/site-packages/airflow/example_dags/example_short_circuit_operator.py
[2022-06-16 12:27:46,692] {processor.py:652} INFO - DAG(s) dict_keys(['example_short_circuit_operator']) retrieved from /home/notme/airflow_venv/airflow_venv/lib/python3.8/site-packages/airflow/example_dags/example_short_circuit_operator.py
[2022-06-16 12:27:46,701] {logging_mixin.py:109} INFO - [2022-06-16 12:27:46,701] {dag.py:2398} INFO - Sync 1 DAGs
[2022-06-16 12:27:46,712] {logging_mixin.py:109} INFO - [2022-06-16 12:27:46,712] {dag.py:2937} INFO - Setting next_dagrun for example_short_circuit_operator to 2022-06-15T10:27:46.712207+00:00
[2022-06-16 12:27:46,725] {processor.py:171} INFO - Processing /home/notme/airflow_venv/airflow_venv/lib/python3.8/site-packages/airflow/example_dags/example_short_circuit_operator.py took 0.048 seconds
[2022-06-16 12:28:21,550] {processor.py:163} INFO - Started process (PID=11004) to work on /home/notme/airflow_venv/airflow_venv/lib/python3.8/site-packages/airflow/example_dags/example_short_circuit_operator.py
[2022-06-16 12:28:21,551] {processor.py:642} INFO - Processing file /home/notme/airflow_venv/airflow_venv/lib/python3.8/site-packages/airflow/example_dags/example_short_circuit_operator.py for tasks to queue
[2022-06-16 12:28:21,552] {logging_mixin.py:109} INFO - [2022-06-16 12:28:21,552] {dagbag.py:500} INFO - Filling up the DagBag from /home/notme/airflow_venv/airflow_venv/lib/python3.8/site-packages/airflow/example_dags/example_short_circuit_operator.py
[2022-06-16 12:28:21,563] {processor.py:652} INFO - DAG(s) dict_keys(['example_short_circuit_operator']) retrieved from /home/notme/airflow_venv/airflow_venv/lib/python3.8/site-packages/airflow/example_dags/example_short_circuit_operator.py
[2022-06-16 12:28:21,572] {logging_mixin.py:109} INFO - [2022-06-16 12:28:21,572] {dag.py:2398} INFO - Sync 1 DAGs
[2022-06-16 12:28:21,583] {logging_mixin.py:109} INFO - [2022-06-16 12:28:21,583] {dag.py:2937} INFO - Setting next_dagrun for example_short_circuit_operator to 2022-06-15T10:28:21.583362+00:00
[2022-06-16 12:28:21,596] {processor.py:171} INFO - Processing /home/notme/airflow_venv/airflow_venv/lib/python3.8/site-packages/airflow/example_dags/example_short_circuit_operator.py took 0.048 seconds
[2022-06-16 12:28:51,741] {processor.py:163} INFO - Started process (PID=11048) to work on /home/notme/airflow_venv/airflow_venv/lib/python3.8/site-packages/airflow/example_dags/example_short_circuit_operator.py
[2022-06-16 12:28:51,742] {processor.py:642} INFO - Processing file /home/notme/airflow_venv/airflow_venv/lib/python3.8/site-packages/airflow/example_dags/example_short_circuit_operator.py for tasks to queue
[2022-06-16 12:28:51,743] {logging_mixin.py:109} INFO - [2022-06-16 12:28:51,743] {dagbag.py:500} INFO - Filling up the DagBag from /home/notme/airflow_venv/airflow_venv/lib/python3.8/site-packages/airflow/example_dags/example_short_circuit_operator.py
[2022-06-16 12:28:51,755] {processor.py:652} INFO - DAG(s) dict_keys(['example_short_circuit_operator']) retrieved from /home/notme/airflow_venv/airflow_venv/lib/python3.8/site-packages/airflow/example_dags/example_short_circuit_operator.py
[2022-06-16 12:28:51,765] {logging_mixin.py:109} INFO - [2022-06-16 12:28:51,765] {dag.py:2398} INFO - Sync 1 DAGs
[2022-06-16 12:28:51,775] {logging_mixin.py:109} INFO - [2022-06-16 12:28:51,775] {dag.py:2937} INFO - Setting next_dagrun for example_short_circuit_operator to 2022-06-15T10:28:51.775556+00:00
[2022-06-16 12:28:51,788] {processor.py:171} INFO - Processing /home/notme/airflow_venv/airflow_venv/lib/python3.8/site-packages/airflow/example_dags/example_short_circuit_operator.py took 0.049 seconds
[2022-06-16 12:29:23,204] {processor.py:163} INFO - Started process (PID=11095) to work on /home/notme/airflow_venv/airflow_venv/lib/python3.8/site-packages/airflow/example_dags/example_short_circuit_operator.py
[2022-06-16 12:29:23,205] {processor.py:642} INFO - Processing file /home/notme/airflow_venv/airflow_venv/lib/python3.8/site-packages/airflow/example_dags/example_short_circuit_operator.py for tasks to queue
[2022-06-16 12:29:23,206] {logging_mixin.py:109} INFO - [2022-06-16 12:29:23,206] {dagbag.py:500} INFO - Filling up the DagBag from /home/notme/airflow_venv/airflow_venv/lib/python3.8/site-packages/airflow/example_dags/example_short_circuit_operator.py
[2022-06-16 12:29:23,216] {processor.py:652} INFO - DAG(s) dict_keys(['example_short_circuit_operator']) retrieved from /home/notme/airflow_venv/airflow_venv/lib/python3.8/site-packages/airflow/example_dags/example_short_circuit_operator.py
[2022-06-16 12:29:23,225] {logging_mixin.py:109} INFO - [2022-06-16 12:29:23,225] {dag.py:2398} INFO - Sync 1 DAGs
[2022-06-16 12:29:23,236] {logging_mixin.py:109} INFO - [2022-06-16 12:29:23,236] {dag.py:2937} INFO - Setting next_dagrun for example_short_circuit_operator to 2022-06-15T10:29:23.235963+00:00
[2022-06-16 12:29:23,250] {processor.py:171} INFO - Processing /home/notme/airflow_venv/airflow_venv/lib/python3.8/site-packages/airflow/example_dags/example_short_circuit_operator.py took 0.047 seconds
[2022-06-16 12:29:54,935] {processor.py:163} INFO - Started process (PID=11297) to work on /home/notme/airflow_venv/airflow_venv/lib/python3.8/site-packages/airflow/example_dags/example_short_circuit_operator.py
[2022-06-16 12:29:54,936] {processor.py:642} INFO - Processing file /home/notme/airflow_venv/airflow_venv/lib/python3.8/site-packages/airflow/example_dags/example_short_circuit_operator.py for tasks to queue
[2022-06-16 12:29:54,936] {logging_mixin.py:109} INFO - [2022-06-16 12:29:54,936] {dagbag.py:500} INFO - Filling up the DagBag from /home/notme/airflow_venv/airflow_venv/lib/python3.8/site-packages/airflow/example_dags/example_short_circuit_operator.py
[2022-06-16 12:29:54,946] {processor.py:652} INFO - DAG(s) dict_keys(['example_short_circuit_operator']) retrieved from /home/notme/airflow_venv/airflow_venv/lib/python3.8/site-packages/airflow/example_dags/example_short_circuit_operator.py
[2022-06-16 12:29:54,957] {logging_mixin.py:109} INFO - [2022-06-16 12:29:54,957] {dag.py:2398} INFO - Sync 1 DAGs
[2022-06-16 12:29:54,967] {logging_mixin.py:109} INFO - [2022-06-16 12:29:54,967] {dag.py:2937} INFO - Setting next_dagrun for example_short_circuit_operator to 2022-06-15T10:29:54.966986+00:00
[2022-06-16 12:29:54,984] {processor.py:171} INFO - Processing /home/notme/airflow_venv/airflow_venv/lib/python3.8/site-packages/airflow/example_dags/example_short_circuit_operator.py took 0.051 seconds
[2022-06-16 12:30:25,291] {processor.py:163} INFO - Started process (PID=11336) to work on /home/notme/airflow_venv/airflow_venv/lib/python3.8/site-packages/airflow/example_dags/example_short_circuit_operator.py
[2022-06-16 12:30:25,293] {processor.py:642} INFO - Processing file /home/notme/airflow_venv/airflow_venv/lib/python3.8/site-packages/airflow/example_dags/example_short_circuit_operator.py for tasks to queue
[2022-06-16 12:30:25,293] {logging_mixin.py:109} INFO - [2022-06-16 12:30:25,293] {dagbag.py:500} INFO - Filling up the DagBag from /home/notme/airflow_venv/airflow_venv/lib/python3.8/site-packages/airflow/example_dags/example_short_circuit_operator.py
[2022-06-16 12:30:25,303] {processor.py:652} INFO - DAG(s) dict_keys(['example_short_circuit_operator']) retrieved from /home/notme/airflow_venv/airflow_venv/lib/python3.8/site-packages/airflow/example_dags/example_short_circuit_operator.py
[2022-06-16 12:30:25,311] {logging_mixin.py:109} INFO - [2022-06-16 12:30:25,311] {dag.py:2398} INFO - Sync 1 DAGs
[2022-06-16 12:30:25,321] {logging_mixin.py:109} INFO - [2022-06-16 12:30:25,321] {dag.py:2937} INFO - Setting next_dagrun for example_short_circuit_operator to 2022-06-15T10:30:25.320972+00:00
[2022-06-16 12:30:25,332] {processor.py:171} INFO - Processing /home/notme/airflow_venv/airflow_venv/lib/python3.8/site-packages/airflow/example_dags/example_short_circuit_operator.py took 0.043 seconds
[2022-06-16 13:53:32,981] {processor.py:163} INFO - Started process (PID=7449) to work on /home/notme/airflow_venv/airflow_venv/lib/python3.8/site-packages/airflow/example_dags/example_short_circuit_operator.py
[2022-06-16 13:53:32,983] {processor.py:642} INFO - Processing file /home/notme/airflow_venv/airflow_venv/lib/python3.8/site-packages/airflow/example_dags/example_short_circuit_operator.py for tasks to queue
[2022-06-16 13:53:32,983] {logging_mixin.py:109} INFO - [2022-06-16 13:53:32,983] {dagbag.py:500} INFO - Filling up the DagBag from /home/notme/airflow_venv/airflow_venv/lib/python3.8/site-packages/airflow/example_dags/example_short_circuit_operator.py
[2022-06-16 13:53:32,996] {processor.py:652} INFO - DAG(s) dict_keys(['example_short_circuit_operator']) retrieved from /home/notme/airflow_venv/airflow_venv/lib/python3.8/site-packages/airflow/example_dags/example_short_circuit_operator.py
[2022-06-16 13:53:33,010] {logging_mixin.py:109} INFO - [2022-06-16 13:53:33,010] {dag.py:2398} INFO - Sync 1 DAGs
[2022-06-16 13:53:33,027] {logging_mixin.py:109} INFO - [2022-06-16 13:53:33,027] {dag.py:2937} INFO - Setting next_dagrun for example_short_circuit_operator to 2022-06-15T11:53:33.026671+00:00
[2022-06-16 13:53:33,041] {processor.py:171} INFO - Processing /home/notme/airflow_venv/airflow_venv/lib/python3.8/site-packages/airflow/example_dags/example_short_circuit_operator.py took 0.062 seconds
