[2022-06-16 12:15:53,172] {processor.py:163} INFO - Started process (PID=1399) to work on /home/notme/airflow_venv/airflow_venv/lib/python3.8/site-packages/airflow/example_dags/example_xcomargs.py
[2022-06-16 12:15:53,173] {processor.py:642} INFO - Processing file /home/notme/airflow_venv/airflow_venv/lib/python3.8/site-packages/airflow/example_dags/example_xcomargs.py for tasks to queue
[2022-06-16 12:15:53,174] {logging_mixin.py:109} INFO - [2022-06-16 12:15:53,174] {dagbag.py:500} INFO - Filling up the DagBag from /home/notme/airflow_venv/airflow_venv/lib/python3.8/site-packages/airflow/example_dags/example_xcomargs.py
[2022-06-16 12:15:53,197] {processor.py:652} INFO - DAG(s) dict_keys(['example_xcom_args', 'example_xcom_args_with_operators']) retrieved from /home/notme/airflow_venv/airflow_venv/lib/python3.8/site-packages/airflow/example_dags/example_xcomargs.py
[2022-06-16 12:15:53,410] {logging_mixin.py:109} INFO - [2022-06-16 12:15:53,409] {dag.py:2398} INFO - Sync 2 DAGs
[2022-06-16 12:15:53,420] {logging_mixin.py:109} INFO - [2022-06-16 12:15:53,420] {dag.py:2937} INFO - Setting next_dagrun for example_xcom_args to None
[2022-06-16 12:15:53,420] {logging_mixin.py:109} INFO - [2022-06-16 12:15:53,420] {dag.py:2937} INFO - Setting next_dagrun for example_xcom_args_with_operators to None
[2022-06-16 12:15:53,468] {processor.py:171} INFO - Processing /home/notme/airflow_venv/airflow_venv/lib/python3.8/site-packages/airflow/example_dags/example_xcomargs.py took 0.298 seconds
[2022-06-16 12:16:27,570] {processor.py:163} INFO - Started process (PID=1741) to work on /home/notme/airflow_venv/airflow_venv/lib/python3.8/site-packages/airflow/example_dags/example_xcomargs.py
[2022-06-16 12:16:27,572] {processor.py:642} INFO - Processing file /home/notme/airflow_venv/airflow_venv/lib/python3.8/site-packages/airflow/example_dags/example_xcomargs.py for tasks to queue
[2022-06-16 12:16:27,573] {logging_mixin.py:109} INFO - [2022-06-16 12:16:27,573] {dagbag.py:500} INFO - Filling up the DagBag from /home/notme/airflow_venv/airflow_venv/lib/python3.8/site-packages/airflow/example_dags/example_xcomargs.py
[2022-06-16 12:16:27,599] {processor.py:652} INFO - DAG(s) dict_keys(['example_xcom_args', 'example_xcom_args_with_operators']) retrieved from /home/notme/airflow_venv/airflow_venv/lib/python3.8/site-packages/airflow/example_dags/example_xcomargs.py
[2022-06-16 12:16:27,801] {logging_mixin.py:109} INFO - [2022-06-16 12:16:27,801] {dag.py:2398} INFO - Sync 2 DAGs
[2022-06-16 12:16:27,835] {logging_mixin.py:109} INFO - [2022-06-16 12:16:27,834] {dag.py:2937} INFO - Setting next_dagrun for example_xcom_args to None
[2022-06-16 12:16:27,835] {logging_mixin.py:109} INFO - [2022-06-16 12:16:27,835] {dag.py:2937} INFO - Setting next_dagrun for example_xcom_args_with_operators to None
[2022-06-16 12:16:27,859] {processor.py:171} INFO - Processing /home/notme/airflow_venv/airflow_venv/lib/python3.8/site-packages/airflow/example_dags/example_xcomargs.py took 0.291 seconds
[2022-06-16 12:17:01,583] {processor.py:163} INFO - Started process (PID=1788) to work on /home/notme/airflow_venv/airflow_venv/lib/python3.8/site-packages/airflow/example_dags/example_xcomargs.py
[2022-06-16 12:17:01,584] {processor.py:642} INFO - Processing file /home/notme/airflow_venv/airflow_venv/lib/python3.8/site-packages/airflow/example_dags/example_xcomargs.py for tasks to queue
[2022-06-16 12:17:01,584] {logging_mixin.py:109} INFO - [2022-06-16 12:17:01,584] {dagbag.py:500} INFO - Filling up the DagBag from /home/notme/airflow_venv/airflow_venv/lib/python3.8/site-packages/airflow/example_dags/example_xcomargs.py
[2022-06-16 12:17:01,601] {processor.py:652} INFO - DAG(s) dict_keys(['example_xcom_args', 'example_xcom_args_with_operators']) retrieved from /home/notme/airflow_venv/airflow_venv/lib/python3.8/site-packages/airflow/example_dags/example_xcomargs.py
[2022-06-16 12:17:01,760] {logging_mixin.py:109} INFO - [2022-06-16 12:17:01,760] {dag.py:2398} INFO - Sync 2 DAGs
[2022-06-16 12:17:01,770] {logging_mixin.py:109} INFO - [2022-06-16 12:17:01,770] {dag.py:2937} INFO - Setting next_dagrun for example_xcom_args to None
[2022-06-16 12:17:01,770] {logging_mixin.py:109} INFO - [2022-06-16 12:17:01,770] {dag.py:2937} INFO - Setting next_dagrun for example_xcom_args_with_operators to None
[2022-06-16 12:17:01,784] {processor.py:171} INFO - Processing /home/notme/airflow_venv/airflow_venv/lib/python3.8/site-packages/airflow/example_dags/example_xcomargs.py took 0.203 seconds
[2022-06-16 12:17:35,704] {processor.py:163} INFO - Started process (PID=1841) to work on /home/notme/airflow_venv/airflow_venv/lib/python3.8/site-packages/airflow/example_dags/example_xcomargs.py
[2022-06-16 12:17:35,705] {processor.py:642} INFO - Processing file /home/notme/airflow_venv/airflow_venv/lib/python3.8/site-packages/airflow/example_dags/example_xcomargs.py for tasks to queue
[2022-06-16 12:17:35,705] {logging_mixin.py:109} INFO - [2022-06-16 12:17:35,705] {dagbag.py:500} INFO - Filling up the DagBag from /home/notme/airflow_venv/airflow_venv/lib/python3.8/site-packages/airflow/example_dags/example_xcomargs.py
[2022-06-16 12:17:35,720] {processor.py:652} INFO - DAG(s) dict_keys(['example_xcom_args', 'example_xcom_args_with_operators']) retrieved from /home/notme/airflow_venv/airflow_venv/lib/python3.8/site-packages/airflow/example_dags/example_xcomargs.py
[2022-06-16 12:17:35,874] {logging_mixin.py:109} INFO - [2022-06-16 12:17:35,873] {dag.py:2398} INFO - Sync 2 DAGs
[2022-06-16 12:17:35,883] {logging_mixin.py:109} INFO - [2022-06-16 12:17:35,883] {dag.py:2937} INFO - Setting next_dagrun for example_xcom_args to None
[2022-06-16 12:17:35,883] {logging_mixin.py:109} INFO - [2022-06-16 12:17:35,883] {dag.py:2937} INFO - Setting next_dagrun for example_xcom_args_with_operators to None
[2022-06-16 12:17:35,897] {processor.py:171} INFO - Processing /home/notme/airflow_venv/airflow_venv/lib/python3.8/site-packages/airflow/example_dags/example_xcomargs.py took 0.195 seconds
[2022-06-16 12:18:11,730] {processor.py:163} INFO - Started process (PID=2147) to work on /home/notme/airflow_venv/airflow_venv/lib/python3.8/site-packages/airflow/example_dags/example_xcomargs.py
[2022-06-16 12:18:11,732] {processor.py:642} INFO - Processing file /home/notme/airflow_venv/airflow_venv/lib/python3.8/site-packages/airflow/example_dags/example_xcomargs.py for tasks to queue
[2022-06-16 12:18:11,732] {logging_mixin.py:109} INFO - [2022-06-16 12:18:11,732] {dagbag.py:500} INFO - Filling up the DagBag from /home/notme/airflow_venv/airflow_venv/lib/python3.8/site-packages/airflow/example_dags/example_xcomargs.py
[2022-06-16 12:18:11,750] {processor.py:652} INFO - DAG(s) dict_keys(['example_xcom_args', 'example_xcom_args_with_operators']) retrieved from /home/notme/airflow_venv/airflow_venv/lib/python3.8/site-packages/airflow/example_dags/example_xcomargs.py
[2022-06-16 12:18:11,991] {logging_mixin.py:109} INFO - [2022-06-16 12:18:11,991] {dag.py:2398} INFO - Sync 2 DAGs
[2022-06-16 12:18:12,001] {logging_mixin.py:109} INFO - [2022-06-16 12:18:12,001] {dag.py:2937} INFO - Setting next_dagrun for example_xcom_args to None
[2022-06-16 12:18:12,001] {logging_mixin.py:109} INFO - [2022-06-16 12:18:12,001] {dag.py:2937} INFO - Setting next_dagrun for example_xcom_args_with_operators to None
[2022-06-16 12:18:12,021] {processor.py:171} INFO - Processing /home/notme/airflow_venv/airflow_venv/lib/python3.8/site-packages/airflow/example_dags/example_xcomargs.py took 0.292 seconds
[2022-06-16 12:18:48,416] {processor.py:163} INFO - Started process (PID=2197) to work on /home/notme/airflow_venv/airflow_venv/lib/python3.8/site-packages/airflow/example_dags/example_xcomargs.py
[2022-06-16 12:18:48,417] {processor.py:642} INFO - Processing file /home/notme/airflow_venv/airflow_venv/lib/python3.8/site-packages/airflow/example_dags/example_xcomargs.py for tasks to queue
[2022-06-16 12:18:48,418] {logging_mixin.py:109} INFO - [2022-06-16 12:18:48,418] {dagbag.py:500} INFO - Filling up the DagBag from /home/notme/airflow_venv/airflow_venv/lib/python3.8/site-packages/airflow/example_dags/example_xcomargs.py
[2022-06-16 12:18:48,437] {processor.py:652} INFO - DAG(s) dict_keys(['example_xcom_args', 'example_xcom_args_with_operators']) retrieved from /home/notme/airflow_venv/airflow_venv/lib/python3.8/site-packages/airflow/example_dags/example_xcomargs.py
[2022-06-16 12:18:48,638] {logging_mixin.py:109} INFO - [2022-06-16 12:18:48,638] {dag.py:2398} INFO - Sync 2 DAGs
[2022-06-16 12:18:48,648] {logging_mixin.py:109} INFO - [2022-06-16 12:18:48,648] {dag.py:2937} INFO - Setting next_dagrun for example_xcom_args to None
[2022-06-16 12:18:48,648] {logging_mixin.py:109} INFO - [2022-06-16 12:18:48,648] {dag.py:2937} INFO - Setting next_dagrun for example_xcom_args_with_operators to None
[2022-06-16 12:18:48,662] {processor.py:171} INFO - Processing /home/notme/airflow_venv/airflow_venv/lib/python3.8/site-packages/airflow/example_dags/example_xcomargs.py took 0.249 seconds
[2022-06-16 12:19:23,498] {processor.py:163} INFO - Started process (PID=2470) to work on /home/notme/airflow_venv/airflow_venv/lib/python3.8/site-packages/airflow/example_dags/example_xcomargs.py
[2022-06-16 12:19:23,499] {processor.py:642} INFO - Processing file /home/notme/airflow_venv/airflow_venv/lib/python3.8/site-packages/airflow/example_dags/example_xcomargs.py for tasks to queue
[2022-06-16 12:19:23,500] {logging_mixin.py:109} INFO - [2022-06-16 12:19:23,499] {dagbag.py:500} INFO - Filling up the DagBag from /home/notme/airflow_venv/airflow_venv/lib/python3.8/site-packages/airflow/example_dags/example_xcomargs.py
[2022-06-16 12:19:23,520] {processor.py:652} INFO - DAG(s) dict_keys(['example_xcom_args', 'example_xcom_args_with_operators']) retrieved from /home/notme/airflow_venv/airflow_venv/lib/python3.8/site-packages/airflow/example_dags/example_xcomargs.py
[2022-06-16 12:19:23,700] {logging_mixin.py:109} INFO - [2022-06-16 12:19:23,700] {dag.py:2398} INFO - Sync 2 DAGs
[2022-06-16 12:19:23,710] {logging_mixin.py:109} INFO - [2022-06-16 12:19:23,710] {dag.py:2937} INFO - Setting next_dagrun for example_xcom_args to None
[2022-06-16 12:19:23,710] {logging_mixin.py:109} INFO - [2022-06-16 12:19:23,710] {dag.py:2937} INFO - Setting next_dagrun for example_xcom_args_with_operators to None
[2022-06-16 12:19:23,725] {processor.py:171} INFO - Processing /home/notme/airflow_venv/airflow_venv/lib/python3.8/site-packages/airflow/example_dags/example_xcomargs.py took 0.229 seconds
[2022-06-16 12:19:59,285] {processor.py:163} INFO - Started process (PID=2691) to work on /home/notme/airflow_venv/airflow_venv/lib/python3.8/site-packages/airflow/example_dags/example_xcomargs.py
[2022-06-16 12:19:59,291] {processor.py:642} INFO - Processing file /home/notme/airflow_venv/airflow_venv/lib/python3.8/site-packages/airflow/example_dags/example_xcomargs.py for tasks to queue
[2022-06-16 12:19:59,291] {logging_mixin.py:109} INFO - [2022-06-16 12:19:59,291] {dagbag.py:500} INFO - Filling up the DagBag from /home/notme/airflow_venv/airflow_venv/lib/python3.8/site-packages/airflow/example_dags/example_xcomargs.py
[2022-06-16 12:19:59,307] {processor.py:652} INFO - DAG(s) dict_keys(['example_xcom_args', 'example_xcom_args_with_operators']) retrieved from /home/notme/airflow_venv/airflow_venv/lib/python3.8/site-packages/airflow/example_dags/example_xcomargs.py
[2022-06-16 12:19:59,471] {logging_mixin.py:109} INFO - [2022-06-16 12:19:59,471] {dag.py:2398} INFO - Sync 2 DAGs
[2022-06-16 12:19:59,481] {logging_mixin.py:109} INFO - [2022-06-16 12:19:59,480] {dag.py:2937} INFO - Setting next_dagrun for example_xcom_args to None
[2022-06-16 12:19:59,481] {logging_mixin.py:109} INFO - [2022-06-16 12:19:59,481] {dag.py:2937} INFO - Setting next_dagrun for example_xcom_args_with_operators to None
[2022-06-16 12:19:59,496] {processor.py:171} INFO - Processing /home/notme/airflow_venv/airflow_venv/lib/python3.8/site-packages/airflow/example_dags/example_xcomargs.py took 0.214 seconds
[2022-06-16 12:20:37,443] {processor.py:163} INFO - Started process (PID=2737) to work on /home/notme/airflow_venv/airflow_venv/lib/python3.8/site-packages/airflow/example_dags/example_xcomargs.py
[2022-06-16 12:20:37,447] {processor.py:642} INFO - Processing file /home/notme/airflow_venv/airflow_venv/lib/python3.8/site-packages/airflow/example_dags/example_xcomargs.py for tasks to queue
[2022-06-16 12:20:37,449] {logging_mixin.py:109} INFO - [2022-06-16 12:20:37,448] {dagbag.py:500} INFO - Filling up the DagBag from /home/notme/airflow_venv/airflow_venv/lib/python3.8/site-packages/airflow/example_dags/example_xcomargs.py
[2022-06-16 12:20:37,474] {processor.py:652} INFO - DAG(s) dict_keys(['example_xcom_args', 'example_xcom_args_with_operators']) retrieved from /home/notme/airflow_venv/airflow_venv/lib/python3.8/site-packages/airflow/example_dags/example_xcomargs.py
[2022-06-16 12:20:37,698] {logging_mixin.py:109} INFO - [2022-06-16 12:20:37,698] {dag.py:2398} INFO - Sync 2 DAGs
[2022-06-16 12:20:37,710] {logging_mixin.py:109} INFO - [2022-06-16 12:20:37,710] {dag.py:2937} INFO - Setting next_dagrun for example_xcom_args to None
[2022-06-16 12:20:37,710] {logging_mixin.py:109} INFO - [2022-06-16 12:20:37,710] {dag.py:2937} INFO - Setting next_dagrun for example_xcom_args_with_operators to None
[2022-06-16 12:20:37,727] {processor.py:171} INFO - Processing /home/notme/airflow_venv/airflow_venv/lib/python3.8/site-packages/airflow/example_dags/example_xcomargs.py took 0.287 seconds
[2022-06-16 12:21:12,624] {processor.py:163} INFO - Started process (PID=2779) to work on /home/notme/airflow_venv/airflow_venv/lib/python3.8/site-packages/airflow/example_dags/example_xcomargs.py
[2022-06-16 12:21:12,625] {processor.py:642} INFO - Processing file /home/notme/airflow_venv/airflow_venv/lib/python3.8/site-packages/airflow/example_dags/example_xcomargs.py for tasks to queue
[2022-06-16 12:21:12,626] {logging_mixin.py:109} INFO - [2022-06-16 12:21:12,625] {dagbag.py:500} INFO - Filling up the DagBag from /home/notme/airflow_venv/airflow_venv/lib/python3.8/site-packages/airflow/example_dags/example_xcomargs.py
[2022-06-16 12:21:12,645] {processor.py:652} INFO - DAG(s) dict_keys(['example_xcom_args', 'example_xcom_args_with_operators']) retrieved from /home/notme/airflow_venv/airflow_venv/lib/python3.8/site-packages/airflow/example_dags/example_xcomargs.py
[2022-06-16 12:21:12,800] {logging_mixin.py:109} INFO - [2022-06-16 12:21:12,800] {dag.py:2398} INFO - Sync 2 DAGs
[2022-06-16 12:21:12,809] {logging_mixin.py:109} INFO - [2022-06-16 12:21:12,808] {dag.py:2937} INFO - Setting next_dagrun for example_xcom_args to None
[2022-06-16 12:21:12,809] {logging_mixin.py:109} INFO - [2022-06-16 12:21:12,809] {dag.py:2937} INFO - Setting next_dagrun for example_xcom_args_with_operators to None
[2022-06-16 12:21:12,823] {processor.py:171} INFO - Processing /home/notme/airflow_venv/airflow_venv/lib/python3.8/site-packages/airflow/example_dags/example_xcomargs.py took 0.201 seconds
[2022-06-16 12:21:48,142] {processor.py:163} INFO - Started process (PID=3119) to work on /home/notme/airflow_venv/airflow_venv/lib/python3.8/site-packages/airflow/example_dags/example_xcomargs.py
[2022-06-16 12:21:48,144] {processor.py:642} INFO - Processing file /home/notme/airflow_venv/airflow_venv/lib/python3.8/site-packages/airflow/example_dags/example_xcomargs.py for tasks to queue
[2022-06-16 12:21:48,144] {logging_mixin.py:109} INFO - [2022-06-16 12:21:48,144] {dagbag.py:500} INFO - Filling up the DagBag from /home/notme/airflow_venv/airflow_venv/lib/python3.8/site-packages/airflow/example_dags/example_xcomargs.py
[2022-06-16 12:21:48,162] {processor.py:652} INFO - DAG(s) dict_keys(['example_xcom_args', 'example_xcom_args_with_operators']) retrieved from /home/notme/airflow_venv/airflow_venv/lib/python3.8/site-packages/airflow/example_dags/example_xcomargs.py
[2022-06-16 12:21:48,324] {logging_mixin.py:109} INFO - [2022-06-16 12:21:48,323] {dag.py:2398} INFO - Sync 2 DAGs
[2022-06-16 12:21:48,334] {logging_mixin.py:109} INFO - [2022-06-16 12:21:48,334] {dag.py:2937} INFO - Setting next_dagrun for example_xcom_args to None
[2022-06-16 12:21:48,335] {logging_mixin.py:109} INFO - [2022-06-16 12:21:48,335] {dag.py:2937} INFO - Setting next_dagrun for example_xcom_args_with_operators to None
[2022-06-16 12:21:48,349] {processor.py:171} INFO - Processing /home/notme/airflow_venv/airflow_venv/lib/python3.8/site-packages/airflow/example_dags/example_xcomargs.py took 0.209 seconds
[2022-06-16 12:22:26,613] {processor.py:163} INFO - Started process (PID=3346) to work on /home/notme/airflow_venv/airflow_venv/lib/python3.8/site-packages/airflow/example_dags/example_xcomargs.py
[2022-06-16 12:22:26,615] {processor.py:642} INFO - Processing file /home/notme/airflow_venv/airflow_venv/lib/python3.8/site-packages/airflow/example_dags/example_xcomargs.py for tasks to queue
[2022-06-16 12:22:26,616] {logging_mixin.py:109} INFO - [2022-06-16 12:22:26,615] {dagbag.py:500} INFO - Filling up the DagBag from /home/notme/airflow_venv/airflow_venv/lib/python3.8/site-packages/airflow/example_dags/example_xcomargs.py
[2022-06-16 12:22:26,654] {processor.py:652} INFO - DAG(s) dict_keys(['example_xcom_args', 'example_xcom_args_with_operators']) retrieved from /home/notme/airflow_venv/airflow_venv/lib/python3.8/site-packages/airflow/example_dags/example_xcomargs.py
[2022-06-16 12:22:26,855] {logging_mixin.py:109} INFO - [2022-06-16 12:22:26,855] {dag.py:2398} INFO - Sync 2 DAGs
[2022-06-16 12:22:26,870] {logging_mixin.py:109} INFO - [2022-06-16 12:22:26,870] {dag.py:2937} INFO - Setting next_dagrun for example_xcom_args to None
[2022-06-16 12:22:26,871] {logging_mixin.py:109} INFO - [2022-06-16 12:22:26,871] {dag.py:2937} INFO - Setting next_dagrun for example_xcom_args_with_operators to None
[2022-06-16 12:22:26,886] {processor.py:171} INFO - Processing /home/notme/airflow_venv/airflow_venv/lib/python3.8/site-packages/airflow/example_dags/example_xcomargs.py took 0.276 seconds
[2022-06-16 12:23:04,020] {processor.py:163} INFO - Started process (PID=3480) to work on /home/notme/airflow_venv/airflow_venv/lib/python3.8/site-packages/airflow/example_dags/example_xcomargs.py
[2022-06-16 12:23:04,021] {processor.py:642} INFO - Processing file /home/notme/airflow_venv/airflow_venv/lib/python3.8/site-packages/airflow/example_dags/example_xcomargs.py for tasks to queue
[2022-06-16 12:23:04,021] {logging_mixin.py:109} INFO - [2022-06-16 12:23:04,021] {dagbag.py:500} INFO - Filling up the DagBag from /home/notme/airflow_venv/airflow_venv/lib/python3.8/site-packages/airflow/example_dags/example_xcomargs.py
[2022-06-16 12:23:04,037] {processor.py:652} INFO - DAG(s) dict_keys(['example_xcom_args', 'example_xcom_args_with_operators']) retrieved from /home/notme/airflow_venv/airflow_venv/lib/python3.8/site-packages/airflow/example_dags/example_xcomargs.py
[2022-06-16 12:23:04,174] {logging_mixin.py:109} INFO - [2022-06-16 12:23:04,174] {dag.py:2398} INFO - Sync 2 DAGs
[2022-06-16 12:23:04,184] {logging_mixin.py:109} INFO - [2022-06-16 12:23:04,184] {dag.py:2937} INFO - Setting next_dagrun for example_xcom_args to None
[2022-06-16 12:23:04,184] {logging_mixin.py:109} INFO - [2022-06-16 12:23:04,184] {dag.py:2937} INFO - Setting next_dagrun for example_xcom_args_with_operators to None
[2022-06-16 12:23:04,199] {processor.py:171} INFO - Processing /home/notme/airflow_venv/airflow_venv/lib/python3.8/site-packages/airflow/example_dags/example_xcomargs.py took 0.181 seconds
[2022-06-16 12:23:37,393] {processor.py:163} INFO - Started process (PID=3858) to work on /home/notme/airflow_venv/airflow_venv/lib/python3.8/site-packages/airflow/example_dags/example_xcomargs.py
[2022-06-16 12:23:37,394] {processor.py:642} INFO - Processing file /home/notme/airflow_venv/airflow_venv/lib/python3.8/site-packages/airflow/example_dags/example_xcomargs.py for tasks to queue
[2022-06-16 12:23:37,394] {logging_mixin.py:109} INFO - [2022-06-16 12:23:37,394] {dagbag.py:500} INFO - Filling up the DagBag from /home/notme/airflow_venv/airflow_venv/lib/python3.8/site-packages/airflow/example_dags/example_xcomargs.py
[2022-06-16 12:23:37,412] {processor.py:652} INFO - DAG(s) dict_keys(['example_xcom_args', 'example_xcom_args_with_operators']) retrieved from /home/notme/airflow_venv/airflow_venv/lib/python3.8/site-packages/airflow/example_dags/example_xcomargs.py
[2022-06-16 12:23:37,551] {logging_mixin.py:109} INFO - [2022-06-16 12:23:37,550] {dag.py:2398} INFO - Sync 2 DAGs
[2022-06-16 12:23:37,562] {logging_mixin.py:109} INFO - [2022-06-16 12:23:37,562] {dag.py:2937} INFO - Setting next_dagrun for example_xcom_args to None
[2022-06-16 12:23:37,562] {logging_mixin.py:109} INFO - [2022-06-16 12:23:37,562] {dag.py:2937} INFO - Setting next_dagrun for example_xcom_args_with_operators to None
[2022-06-16 12:23:37,575] {processor.py:171} INFO - Processing /home/notme/airflow_venv/airflow_venv/lib/python3.8/site-packages/airflow/example_dags/example_xcomargs.py took 0.184 seconds
[2022-06-16 12:24:13,651] {processor.py:163} INFO - Started process (PID=3919) to work on /home/notme/airflow_venv/airflow_venv/lib/python3.8/site-packages/airflow/example_dags/example_xcomargs.py
[2022-06-16 12:24:13,652] {processor.py:642} INFO - Processing file /home/notme/airflow_venv/airflow_venv/lib/python3.8/site-packages/airflow/example_dags/example_xcomargs.py for tasks to queue
[2022-06-16 12:24:13,652] {logging_mixin.py:109} INFO - [2022-06-16 12:24:13,652] {dagbag.py:500} INFO - Filling up the DagBag from /home/notme/airflow_venv/airflow_venv/lib/python3.8/site-packages/airflow/example_dags/example_xcomargs.py
[2022-06-16 12:24:13,669] {processor.py:652} INFO - DAG(s) dict_keys(['example_xcom_args', 'example_xcom_args_with_operators']) retrieved from /home/notme/airflow_venv/airflow_venv/lib/python3.8/site-packages/airflow/example_dags/example_xcomargs.py
[2022-06-16 12:24:13,835] {logging_mixin.py:109} INFO - [2022-06-16 12:24:13,835] {dag.py:2398} INFO - Sync 2 DAGs
[2022-06-16 12:24:13,847] {logging_mixin.py:109} INFO - [2022-06-16 12:24:13,846] {dag.py:2937} INFO - Setting next_dagrun for example_xcom_args to None
[2022-06-16 12:24:13,847] {logging_mixin.py:109} INFO - [2022-06-16 12:24:13,847] {dag.py:2937} INFO - Setting next_dagrun for example_xcom_args_with_operators to None
[2022-06-16 12:24:13,862] {processor.py:171} INFO - Processing /home/notme/airflow_venv/airflow_venv/lib/python3.8/site-packages/airflow/example_dags/example_xcomargs.py took 0.213 seconds
[2022-06-16 12:24:50,219] {processor.py:163} INFO - Started process (PID=3970) to work on /home/notme/airflow_venv/airflow_venv/lib/python3.8/site-packages/airflow/example_dags/example_xcomargs.py
[2022-06-16 12:24:50,220] {processor.py:642} INFO - Processing file /home/notme/airflow_venv/airflow_venv/lib/python3.8/site-packages/airflow/example_dags/example_xcomargs.py for tasks to queue
[2022-06-16 12:24:50,220] {logging_mixin.py:109} INFO - [2022-06-16 12:24:50,220] {dagbag.py:500} INFO - Filling up the DagBag from /home/notme/airflow_venv/airflow_venv/lib/python3.8/site-packages/airflow/example_dags/example_xcomargs.py
[2022-06-16 12:24:50,241] {processor.py:652} INFO - DAG(s) dict_keys(['example_xcom_args', 'example_xcom_args_with_operators']) retrieved from /home/notme/airflow_venv/airflow_venv/lib/python3.8/site-packages/airflow/example_dags/example_xcomargs.py
[2022-06-16 12:24:50,501] {logging_mixin.py:109} INFO - [2022-06-16 12:24:50,501] {dag.py:2398} INFO - Sync 2 DAGs
[2022-06-16 12:24:50,512] {logging_mixin.py:109} INFO - [2022-06-16 12:24:50,512] {dag.py:2937} INFO - Setting next_dagrun for example_xcom_args to None
[2022-06-16 12:24:50,512] {logging_mixin.py:109} INFO - [2022-06-16 12:24:50,512] {dag.py:2937} INFO - Setting next_dagrun for example_xcom_args_with_operators to None
[2022-06-16 12:24:50,526] {processor.py:171} INFO - Processing /home/notme/airflow_venv/airflow_venv/lib/python3.8/site-packages/airflow/example_dags/example_xcomargs.py took 0.309 seconds
[2022-06-16 12:25:26,557] {processor.py:163} INFO - Started process (PID=9770) to work on /home/notme/airflow_venv/airflow_venv/lib/python3.8/site-packages/airflow/example_dags/example_xcomargs.py
[2022-06-16 12:25:26,558] {processor.py:642} INFO - Processing file /home/notme/airflow_venv/airflow_venv/lib/python3.8/site-packages/airflow/example_dags/example_xcomargs.py for tasks to queue
[2022-06-16 12:25:26,558] {logging_mixin.py:109} INFO - [2022-06-16 12:25:26,558] {dagbag.py:500} INFO - Filling up the DagBag from /home/notme/airflow_venv/airflow_venv/lib/python3.8/site-packages/airflow/example_dags/example_xcomargs.py
[2022-06-16 12:25:26,574] {processor.py:652} INFO - DAG(s) dict_keys(['example_xcom_args', 'example_xcom_args_with_operators']) retrieved from /home/notme/airflow_venv/airflow_venv/lib/python3.8/site-packages/airflow/example_dags/example_xcomargs.py
[2022-06-16 12:25:26,820] {logging_mixin.py:109} INFO - [2022-06-16 12:25:26,820] {dag.py:2398} INFO - Sync 2 DAGs
[2022-06-16 12:25:26,847] {logging_mixin.py:109} INFO - [2022-06-16 12:25:26,847] {dag.py:2937} INFO - Setting next_dagrun for example_xcom_args to None
[2022-06-16 12:25:26,848] {logging_mixin.py:109} INFO - [2022-06-16 12:25:26,848] {dag.py:2937} INFO - Setting next_dagrun for example_xcom_args_with_operators to None
[2022-06-16 12:25:26,878] {processor.py:171} INFO - Processing /home/notme/airflow_venv/airflow_venv/lib/python3.8/site-packages/airflow/example_dags/example_xcomargs.py took 0.324 seconds
[2022-06-16 12:26:00,214] {processor.py:163} INFO - Started process (PID=9956) to work on /home/notme/airflow_venv/airflow_venv/lib/python3.8/site-packages/airflow/example_dags/example_xcomargs.py
[2022-06-16 12:26:00,215] {processor.py:642} INFO - Processing file /home/notme/airflow_venv/airflow_venv/lib/python3.8/site-packages/airflow/example_dags/example_xcomargs.py for tasks to queue
[2022-06-16 12:26:00,215] {logging_mixin.py:109} INFO - [2022-06-16 12:26:00,215] {dagbag.py:500} INFO - Filling up the DagBag from /home/notme/airflow_venv/airflow_venv/lib/python3.8/site-packages/airflow/example_dags/example_xcomargs.py
[2022-06-16 12:26:00,229] {processor.py:652} INFO - DAG(s) dict_keys(['example_xcom_args', 'example_xcom_args_with_operators']) retrieved from /home/notme/airflow_venv/airflow_venv/lib/python3.8/site-packages/airflow/example_dags/example_xcomargs.py
[2022-06-16 12:26:00,368] {logging_mixin.py:109} INFO - [2022-06-16 12:26:00,367] {dag.py:2398} INFO - Sync 2 DAGs
[2022-06-16 12:26:00,376] {logging_mixin.py:109} INFO - [2022-06-16 12:26:00,376] {dag.py:2937} INFO - Setting next_dagrun for example_xcom_args to None
[2022-06-16 12:26:00,376] {logging_mixin.py:109} INFO - [2022-06-16 12:26:00,376] {dag.py:2937} INFO - Setting next_dagrun for example_xcom_args_with_operators to None
[2022-06-16 12:26:00,390] {processor.py:171} INFO - Processing /home/notme/airflow_venv/airflow_venv/lib/python3.8/site-packages/airflow/example_dags/example_xcomargs.py took 0.178 seconds
[2022-06-16 12:26:36,593] {processor.py:163} INFO - Started process (PID=10152) to work on /home/notme/airflow_venv/airflow_venv/lib/python3.8/site-packages/airflow/example_dags/example_xcomargs.py
[2022-06-16 12:26:36,595] {processor.py:642} INFO - Processing file /home/notme/airflow_venv/airflow_venv/lib/python3.8/site-packages/airflow/example_dags/example_xcomargs.py for tasks to queue
[2022-06-16 12:26:36,596] {logging_mixin.py:109} INFO - [2022-06-16 12:26:36,596] {dagbag.py:500} INFO - Filling up the DagBag from /home/notme/airflow_venv/airflow_venv/lib/python3.8/site-packages/airflow/example_dags/example_xcomargs.py
[2022-06-16 12:26:36,624] {processor.py:652} INFO - DAG(s) dict_keys(['example_xcom_args', 'example_xcom_args_with_operators']) retrieved from /home/notme/airflow_venv/airflow_venv/lib/python3.8/site-packages/airflow/example_dags/example_xcomargs.py
[2022-06-16 12:26:36,810] {logging_mixin.py:109} INFO - [2022-06-16 12:26:36,810] {dag.py:2398} INFO - Sync 2 DAGs
[2022-06-16 12:26:36,826] {logging_mixin.py:109} INFO - [2022-06-16 12:26:36,826] {dag.py:2937} INFO - Setting next_dagrun for example_xcom_args to None
[2022-06-16 12:26:36,826] {logging_mixin.py:109} INFO - [2022-06-16 12:26:36,826] {dag.py:2937} INFO - Setting next_dagrun for example_xcom_args_with_operators to None
[2022-06-16 12:26:36,842] {processor.py:171} INFO - Processing /home/notme/airflow_venv/airflow_venv/lib/python3.8/site-packages/airflow/example_dags/example_xcomargs.py took 0.251 seconds
[2022-06-16 12:27:11,201] {processor.py:163} INFO - Started process (PID=10427) to work on /home/notme/airflow_venv/airflow_venv/lib/python3.8/site-packages/airflow/example_dags/example_xcomargs.py
[2022-06-16 12:27:11,202] {processor.py:642} INFO - Processing file /home/notme/airflow_venv/airflow_venv/lib/python3.8/site-packages/airflow/example_dags/example_xcomargs.py for tasks to queue
[2022-06-16 12:27:11,203] {logging_mixin.py:109} INFO - [2022-06-16 12:27:11,203] {dagbag.py:500} INFO - Filling up the DagBag from /home/notme/airflow_venv/airflow_venv/lib/python3.8/site-packages/airflow/example_dags/example_xcomargs.py
[2022-06-16 12:27:11,220] {processor.py:652} INFO - DAG(s) dict_keys(['example_xcom_args', 'example_xcom_args_with_operators']) retrieved from /home/notme/airflow_venv/airflow_venv/lib/python3.8/site-packages/airflow/example_dags/example_xcomargs.py
[2022-06-16 12:27:11,365] {logging_mixin.py:109} INFO - [2022-06-16 12:27:11,365] {dag.py:2398} INFO - Sync 2 DAGs
[2022-06-16 12:27:11,376] {logging_mixin.py:109} INFO - [2022-06-16 12:27:11,376] {dag.py:2937} INFO - Setting next_dagrun for example_xcom_args to None
[2022-06-16 12:27:11,377] {logging_mixin.py:109} INFO - [2022-06-16 12:27:11,377] {dag.py:2937} INFO - Setting next_dagrun for example_xcom_args_with_operators to None
[2022-06-16 12:27:11,390] {processor.py:171} INFO - Processing /home/notme/airflow_venv/airflow_venv/lib/python3.8/site-packages/airflow/example_dags/example_xcomargs.py took 0.191 seconds
[2022-06-16 12:27:45,327] {processor.py:163} INFO - Started process (PID=10636) to work on /home/notme/airflow_venv/airflow_venv/lib/python3.8/site-packages/airflow/example_dags/example_xcomargs.py
[2022-06-16 12:27:45,328] {processor.py:642} INFO - Processing file /home/notme/airflow_venv/airflow_venv/lib/python3.8/site-packages/airflow/example_dags/example_xcomargs.py for tasks to queue
[2022-06-16 12:27:45,329] {logging_mixin.py:109} INFO - [2022-06-16 12:27:45,329] {dagbag.py:500} INFO - Filling up the DagBag from /home/notme/airflow_venv/airflow_venv/lib/python3.8/site-packages/airflow/example_dags/example_xcomargs.py
[2022-06-16 12:27:45,344] {processor.py:652} INFO - DAG(s) dict_keys(['example_xcom_args', 'example_xcom_args_with_operators']) retrieved from /home/notme/airflow_venv/airflow_venv/lib/python3.8/site-packages/airflow/example_dags/example_xcomargs.py
[2022-06-16 12:27:45,493] {logging_mixin.py:109} INFO - [2022-06-16 12:27:45,493] {dag.py:2398} INFO - Sync 2 DAGs
[2022-06-16 12:27:45,508] {logging_mixin.py:109} INFO - [2022-06-16 12:27:45,508] {dag.py:2937} INFO - Setting next_dagrun for example_xcom_args to None
[2022-06-16 12:27:45,508] {logging_mixin.py:109} INFO - [2022-06-16 12:27:45,508] {dag.py:2937} INFO - Setting next_dagrun for example_xcom_args_with_operators to None
[2022-06-16 12:27:45,536] {processor.py:171} INFO - Processing /home/notme/airflow_venv/airflow_venv/lib/python3.8/site-packages/airflow/example_dags/example_xcomargs.py took 0.211 seconds
[2022-06-16 12:28:20,272] {processor.py:163} INFO - Started process (PID=11003) to work on /home/notme/airflow_venv/airflow_venv/lib/python3.8/site-packages/airflow/example_dags/example_xcomargs.py
[2022-06-16 12:28:20,273] {processor.py:642} INFO - Processing file /home/notme/airflow_venv/airflow_venv/lib/python3.8/site-packages/airflow/example_dags/example_xcomargs.py for tasks to queue
[2022-06-16 12:28:20,273] {logging_mixin.py:109} INFO - [2022-06-16 12:28:20,273] {dagbag.py:500} INFO - Filling up the DagBag from /home/notme/airflow_venv/airflow_venv/lib/python3.8/site-packages/airflow/example_dags/example_xcomargs.py
[2022-06-16 12:28:20,288] {processor.py:652} INFO - DAG(s) dict_keys(['example_xcom_args', 'example_xcom_args_with_operators']) retrieved from /home/notme/airflow_venv/airflow_venv/lib/python3.8/site-packages/airflow/example_dags/example_xcomargs.py
[2022-06-16 12:28:20,447] {logging_mixin.py:109} INFO - [2022-06-16 12:28:20,447] {dag.py:2398} INFO - Sync 2 DAGs
[2022-06-16 12:28:20,457] {logging_mixin.py:109} INFO - [2022-06-16 12:28:20,457] {dag.py:2937} INFO - Setting next_dagrun for example_xcom_args to None
[2022-06-16 12:28:20,457] {logging_mixin.py:109} INFO - [2022-06-16 12:28:20,457] {dag.py:2937} INFO - Setting next_dagrun for example_xcom_args_with_operators to None
[2022-06-16 12:28:20,472] {processor.py:171} INFO - Processing /home/notme/airflow_venv/airflow_venv/lib/python3.8/site-packages/airflow/example_dags/example_xcomargs.py took 0.202 seconds
[2022-06-16 12:28:56,302] {processor.py:163} INFO - Started process (PID=11052) to work on /home/notme/airflow_venv/airflow_venv/lib/python3.8/site-packages/airflow/example_dags/example_xcomargs.py
[2022-06-16 12:28:56,304] {processor.py:642} INFO - Processing file /home/notme/airflow_venv/airflow_venv/lib/python3.8/site-packages/airflow/example_dags/example_xcomargs.py for tasks to queue
[2022-06-16 12:28:56,304] {logging_mixin.py:109} INFO - [2022-06-16 12:28:56,304] {dagbag.py:500} INFO - Filling up the DagBag from /home/notme/airflow_venv/airflow_venv/lib/python3.8/site-packages/airflow/example_dags/example_xcomargs.py
[2022-06-16 12:28:56,319] {processor.py:652} INFO - DAG(s) dict_keys(['example_xcom_args', 'example_xcom_args_with_operators']) retrieved from /home/notme/airflow_venv/airflow_venv/lib/python3.8/site-packages/airflow/example_dags/example_xcomargs.py
[2022-06-16 12:28:56,459] {logging_mixin.py:109} INFO - [2022-06-16 12:28:56,459] {dag.py:2398} INFO - Sync 2 DAGs
[2022-06-16 12:28:56,468] {logging_mixin.py:109} INFO - [2022-06-16 12:28:56,468] {dag.py:2937} INFO - Setting next_dagrun for example_xcom_args to None
[2022-06-16 12:28:56,468] {logging_mixin.py:109} INFO - [2022-06-16 12:28:56,468] {dag.py:2937} INFO - Setting next_dagrun for example_xcom_args_with_operators to None
[2022-06-16 12:28:56,483] {processor.py:171} INFO - Processing /home/notme/airflow_venv/airflow_venv/lib/python3.8/site-packages/airflow/example_dags/example_xcomargs.py took 0.183 seconds
[2022-06-16 12:29:32,866] {processor.py:163} INFO - Started process (PID=11105) to work on /home/notme/airflow_venv/airflow_venv/lib/python3.8/site-packages/airflow/example_dags/example_xcomargs.py
[2022-06-16 12:29:32,867] {processor.py:642} INFO - Processing file /home/notme/airflow_venv/airflow_venv/lib/python3.8/site-packages/airflow/example_dags/example_xcomargs.py for tasks to queue
[2022-06-16 12:29:32,868] {logging_mixin.py:109} INFO - [2022-06-16 12:29:32,868] {dagbag.py:500} INFO - Filling up the DagBag from /home/notme/airflow_venv/airflow_venv/lib/python3.8/site-packages/airflow/example_dags/example_xcomargs.py
[2022-06-16 12:29:32,888] {processor.py:652} INFO - DAG(s) dict_keys(['example_xcom_args', 'example_xcom_args_with_operators']) retrieved from /home/notme/airflow_venv/airflow_venv/lib/python3.8/site-packages/airflow/example_dags/example_xcomargs.py
[2022-06-16 12:29:33,051] {logging_mixin.py:109} INFO - [2022-06-16 12:29:33,051] {dag.py:2398} INFO - Sync 2 DAGs
[2022-06-16 12:29:33,060] {logging_mixin.py:109} INFO - [2022-06-16 12:29:33,059] {dag.py:2937} INFO - Setting next_dagrun for example_xcom_args to None
[2022-06-16 12:29:33,060] {logging_mixin.py:109} INFO - [2022-06-16 12:29:33,060] {dag.py:2937} INFO - Setting next_dagrun for example_xcom_args_with_operators to None
[2022-06-16 12:29:33,078] {processor.py:171} INFO - Processing /home/notme/airflow_venv/airflow_venv/lib/python3.8/site-packages/airflow/example_dags/example_xcomargs.py took 0.214 seconds
[2022-06-16 12:30:07,898] {processor.py:163} INFO - Started process (PID=11318) to work on /home/notme/airflow_venv/airflow_venv/lib/python3.8/site-packages/airflow/example_dags/example_xcomargs.py
[2022-06-16 12:30:07,899] {processor.py:642} INFO - Processing file /home/notme/airflow_venv/airflow_venv/lib/python3.8/site-packages/airflow/example_dags/example_xcomargs.py for tasks to queue
[2022-06-16 12:30:07,900] {logging_mixin.py:109} INFO - [2022-06-16 12:30:07,900] {dagbag.py:500} INFO - Filling up the DagBag from /home/notme/airflow_venv/airflow_venv/lib/python3.8/site-packages/airflow/example_dags/example_xcomargs.py
[2022-06-16 12:30:07,914] {processor.py:652} INFO - DAG(s) dict_keys(['example_xcom_args', 'example_xcom_args_with_operators']) retrieved from /home/notme/airflow_venv/airflow_venv/lib/python3.8/site-packages/airflow/example_dags/example_xcomargs.py
[2022-06-16 12:30:08,051] {logging_mixin.py:109} INFO - [2022-06-16 12:30:08,051] {dag.py:2398} INFO - Sync 2 DAGs
[2022-06-16 12:30:08,061] {logging_mixin.py:109} INFO - [2022-06-16 12:30:08,061] {dag.py:2937} INFO - Setting next_dagrun for example_xcom_args to None
[2022-06-16 12:30:08,061] {logging_mixin.py:109} INFO - [2022-06-16 12:30:08,061] {dag.py:2937} INFO - Setting next_dagrun for example_xcom_args_with_operators to None
[2022-06-16 12:30:08,075] {processor.py:171} INFO - Processing /home/notme/airflow_venv/airflow_venv/lib/python3.8/site-packages/airflow/example_dags/example_xcomargs.py took 0.179 seconds
[2022-06-16 12:30:45,203] {processor.py:163} INFO - Started process (PID=11365) to work on /home/notme/airflow_venv/airflow_venv/lib/python3.8/site-packages/airflow/example_dags/example_xcomargs.py
[2022-06-16 12:30:45,204] {processor.py:642} INFO - Processing file /home/notme/airflow_venv/airflow_venv/lib/python3.8/site-packages/airflow/example_dags/example_xcomargs.py for tasks to queue
[2022-06-16 12:30:45,205] {logging_mixin.py:109} INFO - [2022-06-16 12:30:45,205] {dagbag.py:500} INFO - Filling up the DagBag from /home/notme/airflow_venv/airflow_venv/lib/python3.8/site-packages/airflow/example_dags/example_xcomargs.py
[2022-06-16 12:30:45,219] {processor.py:652} INFO - DAG(s) dict_keys(['example_xcom_args', 'example_xcom_args_with_operators']) retrieved from /home/notme/airflow_venv/airflow_venv/lib/python3.8/site-packages/airflow/example_dags/example_xcomargs.py
[2022-06-16 12:30:45,359] {logging_mixin.py:109} INFO - [2022-06-16 12:30:45,359] {dag.py:2398} INFO - Sync 2 DAGs
[2022-06-16 12:30:45,373] {logging_mixin.py:109} INFO - [2022-06-16 12:30:45,373] {dag.py:2937} INFO - Setting next_dagrun for example_xcom_args to None
[2022-06-16 12:30:45,373] {logging_mixin.py:109} INFO - [2022-06-16 12:30:45,373] {dag.py:2937} INFO - Setting next_dagrun for example_xcom_args_with_operators to None
[2022-06-16 12:30:45,387] {processor.py:171} INFO - Processing /home/notme/airflow_venv/airflow_venv/lib/python3.8/site-packages/airflow/example_dags/example_xcomargs.py took 0.186 seconds
