[2022-06-16 12:15:52,024] {processor.py:163} INFO - Started process (PID=1398) to work on /home/notme/airflow_venv/airflow_venv/lib/python3.8/site-packages/airflow/example_dags/example_external_task_marker_dag.py
[2022-06-16 12:15:52,025] {processor.py:642} INFO - Processing file /home/notme/airflow_venv/airflow_venv/lib/python3.8/site-packages/airflow/example_dags/example_external_task_marker_dag.py for tasks to queue
[2022-06-16 12:15:52,026] {logging_mixin.py:109} INFO - [2022-06-16 12:15:52,026] {dagbag.py:500} INFO - Filling up the DagBag from /home/notme/airflow_venv/airflow_venv/lib/python3.8/site-packages/airflow/example_dags/example_external_task_marker_dag.py
[2022-06-16 12:15:52,039] {processor.py:652} INFO - DAG(s) dict_keys(['example_external_task_marker_parent', 'example_external_task_marker_child']) retrieved from /home/notme/airflow_venv/airflow_venv/lib/python3.8/site-packages/airflow/example_dags/example_external_task_marker_dag.py
[2022-06-16 12:15:52,058] {logging_mixin.py:109} INFO - [2022-06-16 12:15:52,058] {dag.py:2398} INFO - Sync 2 DAGs
[2022-06-16 12:15:52,072] {logging_mixin.py:109} INFO - [2022-06-16 12:15:52,072] {dag.py:2937} INFO - Setting next_dagrun for example_external_task_marker_child to None
[2022-06-16 12:15:52,072] {logging_mixin.py:109} INFO - [2022-06-16 12:15:52,072] {dag.py:2937} INFO - Setting next_dagrun for example_external_task_marker_parent to None
[2022-06-16 12:15:52,106] {processor.py:171} INFO - Processing /home/notme/airflow_venv/airflow_venv/lib/python3.8/site-packages/airflow/example_dags/example_external_task_marker_dag.py took 0.083 seconds
[2022-06-16 12:16:26,415] {processor.py:163} INFO - Started process (PID=1441) to work on /home/notme/airflow_venv/airflow_venv/lib/python3.8/site-packages/airflow/example_dags/example_external_task_marker_dag.py
[2022-06-16 12:16:26,417] {processor.py:642} INFO - Processing file /home/notme/airflow_venv/airflow_venv/lib/python3.8/site-packages/airflow/example_dags/example_external_task_marker_dag.py for tasks to queue
[2022-06-16 12:16:26,417] {logging_mixin.py:109} INFO - [2022-06-16 12:16:26,417] {dagbag.py:500} INFO - Filling up the DagBag from /home/notme/airflow_venv/airflow_venv/lib/python3.8/site-packages/airflow/example_dags/example_external_task_marker_dag.py
[2022-06-16 12:16:26,432] {processor.py:652} INFO - DAG(s) dict_keys(['example_external_task_marker_parent', 'example_external_task_marker_child']) retrieved from /home/notme/airflow_venv/airflow_venv/lib/python3.8/site-packages/airflow/example_dags/example_external_task_marker_dag.py
[2022-06-16 12:16:26,453] {logging_mixin.py:109} INFO - [2022-06-16 12:16:26,453] {dag.py:2398} INFO - Sync 2 DAGs
[2022-06-16 12:16:26,479] {logging_mixin.py:109} INFO - [2022-06-16 12:16:26,478] {dag.py:2937} INFO - Setting next_dagrun for example_external_task_marker_child to None
[2022-06-16 12:16:26,479] {logging_mixin.py:109} INFO - [2022-06-16 12:16:26,479] {dag.py:2937} INFO - Setting next_dagrun for example_external_task_marker_parent to None
[2022-06-16 12:16:26,496] {processor.py:171} INFO - Processing /home/notme/airflow_venv/airflow_venv/lib/python3.8/site-packages/airflow/example_dags/example_external_task_marker_dag.py took 0.083 seconds
[2022-06-16 12:17:00,446] {processor.py:163} INFO - Started process (PID=1787) to work on /home/notme/airflow_venv/airflow_venv/lib/python3.8/site-packages/airflow/example_dags/example_external_task_marker_dag.py
[2022-06-16 12:17:00,447] {processor.py:642} INFO - Processing file /home/notme/airflow_venv/airflow_venv/lib/python3.8/site-packages/airflow/example_dags/example_external_task_marker_dag.py for tasks to queue
[2022-06-16 12:17:00,448] {logging_mixin.py:109} INFO - [2022-06-16 12:17:00,447] {dagbag.py:500} INFO - Filling up the DagBag from /home/notme/airflow_venv/airflow_venv/lib/python3.8/site-packages/airflow/example_dags/example_external_task_marker_dag.py
[2022-06-16 12:17:00,461] {processor.py:652} INFO - DAG(s) dict_keys(['example_external_task_marker_parent', 'example_external_task_marker_child']) retrieved from /home/notme/airflow_venv/airflow_venv/lib/python3.8/site-packages/airflow/example_dags/example_external_task_marker_dag.py
[2022-06-16 12:17:00,473] {logging_mixin.py:109} INFO - [2022-06-16 12:17:00,473] {dag.py:2398} INFO - Sync 2 DAGs
[2022-06-16 12:17:00,486] {logging_mixin.py:109} INFO - [2022-06-16 12:17:00,485] {dag.py:2937} INFO - Setting next_dagrun for example_external_task_marker_child to None
[2022-06-16 12:17:00,486] {logging_mixin.py:109} INFO - [2022-06-16 12:17:00,486] {dag.py:2937} INFO - Setting next_dagrun for example_external_task_marker_parent to None
[2022-06-16 12:17:00,501] {processor.py:171} INFO - Processing /home/notme/airflow_venv/airflow_venv/lib/python3.8/site-packages/airflow/example_dags/example_external_task_marker_dag.py took 0.056 seconds
[2022-06-16 12:17:35,123] {processor.py:163} INFO - Started process (PID=1840) to work on /home/notme/airflow_venv/airflow_venv/lib/python3.8/site-packages/airflow/example_dags/example_external_task_marker_dag.py
[2022-06-16 12:17:35,124] {processor.py:642} INFO - Processing file /home/notme/airflow_venv/airflow_venv/lib/python3.8/site-packages/airflow/example_dags/example_external_task_marker_dag.py for tasks to queue
[2022-06-16 12:17:35,125] {logging_mixin.py:109} INFO - [2022-06-16 12:17:35,125] {dagbag.py:500} INFO - Filling up the DagBag from /home/notme/airflow_venv/airflow_venv/lib/python3.8/site-packages/airflow/example_dags/example_external_task_marker_dag.py
[2022-06-16 12:17:35,138] {processor.py:652} INFO - DAG(s) dict_keys(['example_external_task_marker_parent', 'example_external_task_marker_child']) retrieved from /home/notme/airflow_venv/airflow_venv/lib/python3.8/site-packages/airflow/example_dags/example_external_task_marker_dag.py
[2022-06-16 12:17:35,149] {logging_mixin.py:109} INFO - [2022-06-16 12:17:35,149] {dag.py:2398} INFO - Sync 2 DAGs
[2022-06-16 12:17:35,159] {logging_mixin.py:109} INFO - [2022-06-16 12:17:35,159] {dag.py:2937} INFO - Setting next_dagrun for example_external_task_marker_child to None
[2022-06-16 12:17:35,159] {logging_mixin.py:109} INFO - [2022-06-16 12:17:35,159] {dag.py:2937} INFO - Setting next_dagrun for example_external_task_marker_parent to None
[2022-06-16 12:17:35,172] {processor.py:171} INFO - Processing /home/notme/airflow_venv/airflow_venv/lib/python3.8/site-packages/airflow/example_dags/example_external_task_marker_dag.py took 0.050 seconds
[2022-06-16 12:18:10,763] {processor.py:163} INFO - Started process (PID=2146) to work on /home/notme/airflow_venv/airflow_venv/lib/python3.8/site-packages/airflow/example_dags/example_external_task_marker_dag.py
[2022-06-16 12:18:10,765] {processor.py:642} INFO - Processing file /home/notme/airflow_venv/airflow_venv/lib/python3.8/site-packages/airflow/example_dags/example_external_task_marker_dag.py for tasks to queue
[2022-06-16 12:18:10,769] {logging_mixin.py:109} INFO - [2022-06-16 12:18:10,766] {dagbag.py:500} INFO - Filling up the DagBag from /home/notme/airflow_venv/airflow_venv/lib/python3.8/site-packages/airflow/example_dags/example_external_task_marker_dag.py
[2022-06-16 12:18:10,786] {processor.py:652} INFO - DAG(s) dict_keys(['example_external_task_marker_parent', 'example_external_task_marker_child']) retrieved from /home/notme/airflow_venv/airflow_venv/lib/python3.8/site-packages/airflow/example_dags/example_external_task_marker_dag.py
[2022-06-16 12:18:10,803] {logging_mixin.py:109} INFO - [2022-06-16 12:18:10,803] {dag.py:2398} INFO - Sync 2 DAGs
[2022-06-16 12:18:10,817] {logging_mixin.py:109} INFO - [2022-06-16 12:18:10,817] {dag.py:2937} INFO - Setting next_dagrun for example_external_task_marker_child to None
[2022-06-16 12:18:10,817] {logging_mixin.py:109} INFO - [2022-06-16 12:18:10,817] {dag.py:2937} INFO - Setting next_dagrun for example_external_task_marker_parent to None
[2022-06-16 12:18:10,832] {processor.py:171} INFO - Processing /home/notme/airflow_venv/airflow_venv/lib/python3.8/site-packages/airflow/example_dags/example_external_task_marker_dag.py took 0.072 seconds
[2022-06-16 12:18:45,629] {processor.py:163} INFO - Started process (PID=2187) to work on /home/notme/airflow_venv/airflow_venv/lib/python3.8/site-packages/airflow/example_dags/example_external_task_marker_dag.py
[2022-06-16 12:18:45,630] {processor.py:642} INFO - Processing file /home/notme/airflow_venv/airflow_venv/lib/python3.8/site-packages/airflow/example_dags/example_external_task_marker_dag.py for tasks to queue
[2022-06-16 12:18:45,631] {logging_mixin.py:109} INFO - [2022-06-16 12:18:45,631] {dagbag.py:500} INFO - Filling up the DagBag from /home/notme/airflow_venv/airflow_venv/lib/python3.8/site-packages/airflow/example_dags/example_external_task_marker_dag.py
[2022-06-16 12:18:45,646] {processor.py:652} INFO - DAG(s) dict_keys(['example_external_task_marker_parent', 'example_external_task_marker_child']) retrieved from /home/notme/airflow_venv/airflow_venv/lib/python3.8/site-packages/airflow/example_dags/example_external_task_marker_dag.py
[2022-06-16 12:18:45,664] {logging_mixin.py:109} INFO - [2022-06-16 12:18:45,664] {dag.py:2398} INFO - Sync 2 DAGs
[2022-06-16 12:18:45,684] {logging_mixin.py:109} INFO - [2022-06-16 12:18:45,684] {dag.py:2937} INFO - Setting next_dagrun for example_external_task_marker_child to None
[2022-06-16 12:18:45,684] {logging_mixin.py:109} INFO - [2022-06-16 12:18:45,684] {dag.py:2937} INFO - Setting next_dagrun for example_external_task_marker_parent to None
[2022-06-16 12:18:45,700] {processor.py:171} INFO - Processing /home/notme/airflow_venv/airflow_venv/lib/python3.8/site-packages/airflow/example_dags/example_external_task_marker_dag.py took 0.073 seconds
[2022-06-16 12:19:22,358] {processor.py:163} INFO - Started process (PID=2469) to work on /home/notme/airflow_venv/airflow_venv/lib/python3.8/site-packages/airflow/example_dags/example_external_task_marker_dag.py
[2022-06-16 12:19:22,359] {processor.py:642} INFO - Processing file /home/notme/airflow_venv/airflow_venv/lib/python3.8/site-packages/airflow/example_dags/example_external_task_marker_dag.py for tasks to queue
[2022-06-16 12:19:22,360] {logging_mixin.py:109} INFO - [2022-06-16 12:19:22,359] {dagbag.py:500} INFO - Filling up the DagBag from /home/notme/airflow_venv/airflow_venv/lib/python3.8/site-packages/airflow/example_dags/example_external_task_marker_dag.py
[2022-06-16 12:19:22,374] {processor.py:652} INFO - DAG(s) dict_keys(['example_external_task_marker_parent', 'example_external_task_marker_child']) retrieved from /home/notme/airflow_venv/airflow_venv/lib/python3.8/site-packages/airflow/example_dags/example_external_task_marker_dag.py
[2022-06-16 12:19:22,387] {logging_mixin.py:109} INFO - [2022-06-16 12:19:22,387] {dag.py:2398} INFO - Sync 2 DAGs
[2022-06-16 12:19:22,403] {logging_mixin.py:109} INFO - [2022-06-16 12:19:22,403] {dag.py:2937} INFO - Setting next_dagrun for example_external_task_marker_child to None
[2022-06-16 12:19:22,403] {logging_mixin.py:109} INFO - [2022-06-16 12:19:22,403] {dag.py:2937} INFO - Setting next_dagrun for example_external_task_marker_parent to None
[2022-06-16 12:19:22,418] {processor.py:171} INFO - Processing /home/notme/airflow_venv/airflow_venv/lib/python3.8/site-packages/airflow/example_dags/example_external_task_marker_dag.py took 0.062 seconds
[2022-06-16 12:19:56,242] {processor.py:163} INFO - Started process (PID=2688) to work on /home/notme/airflow_venv/airflow_venv/lib/python3.8/site-packages/airflow/example_dags/example_external_task_marker_dag.py
[2022-06-16 12:19:56,244] {processor.py:642} INFO - Processing file /home/notme/airflow_venv/airflow_venv/lib/python3.8/site-packages/airflow/example_dags/example_external_task_marker_dag.py for tasks to queue
[2022-06-16 12:19:56,244] {logging_mixin.py:109} INFO - [2022-06-16 12:19:56,244] {dagbag.py:500} INFO - Filling up the DagBag from /home/notme/airflow_venv/airflow_venv/lib/python3.8/site-packages/airflow/example_dags/example_external_task_marker_dag.py
[2022-06-16 12:19:56,254] {processor.py:652} INFO - DAG(s) dict_keys(['example_external_task_marker_parent', 'example_external_task_marker_child']) retrieved from /home/notme/airflow_venv/airflow_venv/lib/python3.8/site-packages/airflow/example_dags/example_external_task_marker_dag.py
[2022-06-16 12:19:56,265] {logging_mixin.py:109} INFO - [2022-06-16 12:19:56,265] {dag.py:2398} INFO - Sync 2 DAGs
[2022-06-16 12:19:56,276] {logging_mixin.py:109} INFO - [2022-06-16 12:19:56,276] {dag.py:2937} INFO - Setting next_dagrun for example_external_task_marker_child to None
[2022-06-16 12:19:56,277] {logging_mixin.py:109} INFO - [2022-06-16 12:19:56,277] {dag.py:2937} INFO - Setting next_dagrun for example_external_task_marker_parent to None
[2022-06-16 12:19:56,291] {processor.py:171} INFO - Processing /home/notme/airflow_venv/airflow_venv/lib/python3.8/site-packages/airflow/example_dags/example_external_task_marker_dag.py took 0.050 seconds
[2022-06-16 12:20:34,583] {processor.py:163} INFO - Started process (PID=2734) to work on /home/notme/airflow_venv/airflow_venv/lib/python3.8/site-packages/airflow/example_dags/example_external_task_marker_dag.py
[2022-06-16 12:20:34,584] {processor.py:642} INFO - Processing file /home/notme/airflow_venv/airflow_venv/lib/python3.8/site-packages/airflow/example_dags/example_external_task_marker_dag.py for tasks to queue
[2022-06-16 12:20:34,585] {logging_mixin.py:109} INFO - [2022-06-16 12:20:34,585] {dagbag.py:500} INFO - Filling up the DagBag from /home/notme/airflow_venv/airflow_venv/lib/python3.8/site-packages/airflow/example_dags/example_external_task_marker_dag.py
[2022-06-16 12:20:34,595] {processor.py:652} INFO - DAG(s) dict_keys(['example_external_task_marker_parent', 'example_external_task_marker_child']) retrieved from /home/notme/airflow_venv/airflow_venv/lib/python3.8/site-packages/airflow/example_dags/example_external_task_marker_dag.py
[2022-06-16 12:20:34,624] {logging_mixin.py:109} INFO - [2022-06-16 12:20:34,623] {dag.py:2398} INFO - Sync 2 DAGs
[2022-06-16 12:20:34,640] {logging_mixin.py:109} INFO - [2022-06-16 12:20:34,639] {dag.py:2937} INFO - Setting next_dagrun for example_external_task_marker_child to None
[2022-06-16 12:20:34,640] {logging_mixin.py:109} INFO - [2022-06-16 12:20:34,640] {dag.py:2937} INFO - Setting next_dagrun for example_external_task_marker_parent to None
[2022-06-16 12:20:34,663] {processor.py:171} INFO - Processing /home/notme/airflow_venv/airflow_venv/lib/python3.8/site-packages/airflow/example_dags/example_external_task_marker_dag.py took 0.082 seconds
[2022-06-16 12:21:11,481] {processor.py:163} INFO - Started process (PID=2778) to work on /home/notme/airflow_venv/airflow_venv/lib/python3.8/site-packages/airflow/example_dags/example_external_task_marker_dag.py
[2022-06-16 12:21:11,482] {processor.py:642} INFO - Processing file /home/notme/airflow_venv/airflow_venv/lib/python3.8/site-packages/airflow/example_dags/example_external_task_marker_dag.py for tasks to queue
[2022-06-16 12:21:11,483] {logging_mixin.py:109} INFO - [2022-06-16 12:21:11,483] {dagbag.py:500} INFO - Filling up the DagBag from /home/notme/airflow_venv/airflow_venv/lib/python3.8/site-packages/airflow/example_dags/example_external_task_marker_dag.py
[2022-06-16 12:21:11,495] {processor.py:652} INFO - DAG(s) dict_keys(['example_external_task_marker_parent', 'example_external_task_marker_child']) retrieved from /home/notme/airflow_venv/airflow_venv/lib/python3.8/site-packages/airflow/example_dags/example_external_task_marker_dag.py
[2022-06-16 12:21:11,511] {logging_mixin.py:109} INFO - [2022-06-16 12:21:11,511] {dag.py:2398} INFO - Sync 2 DAGs
[2022-06-16 12:21:11,523] {logging_mixin.py:109} INFO - [2022-06-16 12:21:11,523] {dag.py:2937} INFO - Setting next_dagrun for example_external_task_marker_child to None
[2022-06-16 12:21:11,523] {logging_mixin.py:109} INFO - [2022-06-16 12:21:11,523] {dag.py:2937} INFO - Setting next_dagrun for example_external_task_marker_parent to None
[2022-06-16 12:21:11,538] {processor.py:171} INFO - Processing /home/notme/airflow_venv/airflow_venv/lib/python3.8/site-packages/airflow/example_dags/example_external_task_marker_dag.py took 0.058 seconds
[2022-06-16 12:21:46,998] {processor.py:163} INFO - Started process (PID=3118) to work on /home/notme/airflow_venv/airflow_venv/lib/python3.8/site-packages/airflow/example_dags/example_external_task_marker_dag.py
[2022-06-16 12:21:46,999] {processor.py:642} INFO - Processing file /home/notme/airflow_venv/airflow_venv/lib/python3.8/site-packages/airflow/example_dags/example_external_task_marker_dag.py for tasks to queue
[2022-06-16 12:21:46,999] {logging_mixin.py:109} INFO - [2022-06-16 12:21:46,999] {dagbag.py:500} INFO - Filling up the DagBag from /home/notme/airflow_venv/airflow_venv/lib/python3.8/site-packages/airflow/example_dags/example_external_task_marker_dag.py
[2022-06-16 12:21:47,013] {processor.py:652} INFO - DAG(s) dict_keys(['example_external_task_marker_parent', 'example_external_task_marker_child']) retrieved from /home/notme/airflow_venv/airflow_venv/lib/python3.8/site-packages/airflow/example_dags/example_external_task_marker_dag.py
[2022-06-16 12:21:47,026] {logging_mixin.py:109} INFO - [2022-06-16 12:21:47,026] {dag.py:2398} INFO - Sync 2 DAGs
[2022-06-16 12:21:47,037] {logging_mixin.py:109} INFO - [2022-06-16 12:21:47,037] {dag.py:2937} INFO - Setting next_dagrun for example_external_task_marker_child to None
[2022-06-16 12:21:47,037] {logging_mixin.py:109} INFO - [2022-06-16 12:21:47,037] {dag.py:2937} INFO - Setting next_dagrun for example_external_task_marker_parent to None
[2022-06-16 12:21:47,052] {processor.py:171} INFO - Processing /home/notme/airflow_venv/airflow_venv/lib/python3.8/site-packages/airflow/example_dags/example_external_task_marker_dag.py took 0.056 seconds
[2022-06-16 12:22:22,702] {processor.py:163} INFO - Started process (PID=3342) to work on /home/notme/airflow_venv/airflow_venv/lib/python3.8/site-packages/airflow/example_dags/example_external_task_marker_dag.py
[2022-06-16 12:22:22,703] {processor.py:642} INFO - Processing file /home/notme/airflow_venv/airflow_venv/lib/python3.8/site-packages/airflow/example_dags/example_external_task_marker_dag.py for tasks to queue
[2022-06-16 12:22:22,703] {logging_mixin.py:109} INFO - [2022-06-16 12:22:22,703] {dagbag.py:500} INFO - Filling up the DagBag from /home/notme/airflow_venv/airflow_venv/lib/python3.8/site-packages/airflow/example_dags/example_external_task_marker_dag.py
[2022-06-16 12:22:22,720] {processor.py:652} INFO - DAG(s) dict_keys(['example_external_task_marker_parent', 'example_external_task_marker_child']) retrieved from /home/notme/airflow_venv/airflow_venv/lib/python3.8/site-packages/airflow/example_dags/example_external_task_marker_dag.py
[2022-06-16 12:22:22,742] {logging_mixin.py:109} INFO - [2022-06-16 12:22:22,741] {dag.py:2398} INFO - Sync 2 DAGs
[2022-06-16 12:22:22,763] {logging_mixin.py:109} INFO - [2022-06-16 12:22:22,763] {dag.py:2937} INFO - Setting next_dagrun for example_external_task_marker_child to None
[2022-06-16 12:22:22,763] {logging_mixin.py:109} INFO - [2022-06-16 12:22:22,763] {dag.py:2937} INFO - Setting next_dagrun for example_external_task_marker_parent to None
[2022-06-16 12:22:22,781] {processor.py:171} INFO - Processing /home/notme/airflow_venv/airflow_venv/lib/python3.8/site-packages/airflow/example_dags/example_external_task_marker_dag.py took 0.082 seconds
[2022-06-16 12:22:59,355] {processor.py:163} INFO - Started process (PID=3476) to work on /home/notme/airflow_venv/airflow_venv/lib/python3.8/site-packages/airflow/example_dags/example_external_task_marker_dag.py
[2022-06-16 12:22:59,356] {processor.py:642} INFO - Processing file /home/notme/airflow_venv/airflow_venv/lib/python3.8/site-packages/airflow/example_dags/example_external_task_marker_dag.py for tasks to queue
[2022-06-16 12:22:59,357] {logging_mixin.py:109} INFO - [2022-06-16 12:22:59,357] {dagbag.py:500} INFO - Filling up the DagBag from /home/notme/airflow_venv/airflow_venv/lib/python3.8/site-packages/airflow/example_dags/example_external_task_marker_dag.py
[2022-06-16 12:22:59,369] {processor.py:652} INFO - DAG(s) dict_keys(['example_external_task_marker_parent', 'example_external_task_marker_child']) retrieved from /home/notme/airflow_venv/airflow_venv/lib/python3.8/site-packages/airflow/example_dags/example_external_task_marker_dag.py
[2022-06-16 12:22:59,381] {logging_mixin.py:109} INFO - [2022-06-16 12:22:59,381] {dag.py:2398} INFO - Sync 2 DAGs
[2022-06-16 12:22:59,392] {logging_mixin.py:109} INFO - [2022-06-16 12:22:59,392] {dag.py:2937} INFO - Setting next_dagrun for example_external_task_marker_child to None
[2022-06-16 12:22:59,392] {logging_mixin.py:109} INFO - [2022-06-16 12:22:59,392] {dag.py:2937} INFO - Setting next_dagrun for example_external_task_marker_parent to None
[2022-06-16 12:22:59,405] {processor.py:171} INFO - Processing /home/notme/airflow_venv/airflow_venv/lib/python3.8/site-packages/airflow/example_dags/example_external_task_marker_dag.py took 0.052 seconds
[2022-06-16 12:23:34,411] {processor.py:163} INFO - Started process (PID=3855) to work on /home/notme/airflow_venv/airflow_venv/lib/python3.8/site-packages/airflow/example_dags/example_external_task_marker_dag.py
[2022-06-16 12:23:34,412] {processor.py:642} INFO - Processing file /home/notme/airflow_venv/airflow_venv/lib/python3.8/site-packages/airflow/example_dags/example_external_task_marker_dag.py for tasks to queue
[2022-06-16 12:23:34,413] {logging_mixin.py:109} INFO - [2022-06-16 12:23:34,413] {dagbag.py:500} INFO - Filling up the DagBag from /home/notme/airflow_venv/airflow_venv/lib/python3.8/site-packages/airflow/example_dags/example_external_task_marker_dag.py
[2022-06-16 12:23:34,424] {processor.py:652} INFO - DAG(s) dict_keys(['example_external_task_marker_parent', 'example_external_task_marker_child']) retrieved from /home/notme/airflow_venv/airflow_venv/lib/python3.8/site-packages/airflow/example_dags/example_external_task_marker_dag.py
[2022-06-16 12:23:34,436] {logging_mixin.py:109} INFO - [2022-06-16 12:23:34,436] {dag.py:2398} INFO - Sync 2 DAGs
[2022-06-16 12:23:34,447] {logging_mixin.py:109} INFO - [2022-06-16 12:23:34,446] {dag.py:2937} INFO - Setting next_dagrun for example_external_task_marker_child to None
[2022-06-16 12:23:34,447] {logging_mixin.py:109} INFO - [2022-06-16 12:23:34,447] {dag.py:2937} INFO - Setting next_dagrun for example_external_task_marker_parent to None
[2022-06-16 12:23:34,469] {processor.py:171} INFO - Processing /home/notme/airflow_venv/airflow_venv/lib/python3.8/site-packages/airflow/example_dags/example_external_task_marker_dag.py took 0.060 seconds
[2022-06-16 12:24:10,978] {processor.py:163} INFO - Started process (PID=3916) to work on /home/notme/airflow_venv/airflow_venv/lib/python3.8/site-packages/airflow/example_dags/example_external_task_marker_dag.py
[2022-06-16 12:24:10,980] {processor.py:642} INFO - Processing file /home/notme/airflow_venv/airflow_venv/lib/python3.8/site-packages/airflow/example_dags/example_external_task_marker_dag.py for tasks to queue
[2022-06-16 12:24:10,980] {logging_mixin.py:109} INFO - [2022-06-16 12:24:10,980] {dagbag.py:500} INFO - Filling up the DagBag from /home/notme/airflow_venv/airflow_venv/lib/python3.8/site-packages/airflow/example_dags/example_external_task_marker_dag.py
[2022-06-16 12:24:10,996] {processor.py:652} INFO - DAG(s) dict_keys(['example_external_task_marker_parent', 'example_external_task_marker_child']) retrieved from /home/notme/airflow_venv/airflow_venv/lib/python3.8/site-packages/airflow/example_dags/example_external_task_marker_dag.py
[2022-06-16 12:24:11,013] {logging_mixin.py:109} INFO - [2022-06-16 12:24:11,013] {dag.py:2398} INFO - Sync 2 DAGs
[2022-06-16 12:24:11,026] {logging_mixin.py:109} INFO - [2022-06-16 12:24:11,026] {dag.py:2937} INFO - Setting next_dagrun for example_external_task_marker_child to None
[2022-06-16 12:24:11,026] {logging_mixin.py:109} INFO - [2022-06-16 12:24:11,026] {dag.py:2937} INFO - Setting next_dagrun for example_external_task_marker_parent to None
[2022-06-16 12:24:11,039] {processor.py:171} INFO - Processing /home/notme/airflow_venv/airflow_venv/lib/python3.8/site-packages/airflow/example_dags/example_external_task_marker_dag.py took 0.063 seconds
[2022-06-16 12:24:47,197] {processor.py:163} INFO - Started process (PID=3959) to work on /home/notme/airflow_venv/airflow_venv/lib/python3.8/site-packages/airflow/example_dags/example_external_task_marker_dag.py
[2022-06-16 12:24:47,198] {processor.py:642} INFO - Processing file /home/notme/airflow_venv/airflow_venv/lib/python3.8/site-packages/airflow/example_dags/example_external_task_marker_dag.py for tasks to queue
[2022-06-16 12:24:47,199] {logging_mixin.py:109} INFO - [2022-06-16 12:24:47,199] {dagbag.py:500} INFO - Filling up the DagBag from /home/notme/airflow_venv/airflow_venv/lib/python3.8/site-packages/airflow/example_dags/example_external_task_marker_dag.py
[2022-06-16 12:24:47,210] {processor.py:652} INFO - DAG(s) dict_keys(['example_external_task_marker_parent', 'example_external_task_marker_child']) retrieved from /home/notme/airflow_venv/airflow_venv/lib/python3.8/site-packages/airflow/example_dags/example_external_task_marker_dag.py
[2022-06-16 12:24:47,220] {logging_mixin.py:109} INFO - [2022-06-16 12:24:47,220] {dag.py:2398} INFO - Sync 2 DAGs
[2022-06-16 12:24:47,229] {logging_mixin.py:109} INFO - [2022-06-16 12:24:47,229] {dag.py:2937} INFO - Setting next_dagrun for example_external_task_marker_child to None
[2022-06-16 12:24:47,229] {logging_mixin.py:109} INFO - [2022-06-16 12:24:47,229] {dag.py:2937} INFO - Setting next_dagrun for example_external_task_marker_parent to None
[2022-06-16 12:24:47,243] {processor.py:171} INFO - Processing /home/notme/airflow_venv/airflow_venv/lib/python3.8/site-packages/airflow/example_dags/example_external_task_marker_dag.py took 0.048 seconds
[2022-06-16 12:25:24,963] {processor.py:163} INFO - Started process (PID=9765) to work on /home/notme/airflow_venv/airflow_venv/lib/python3.8/site-packages/airflow/example_dags/example_external_task_marker_dag.py
[2022-06-16 12:25:24,964] {processor.py:642} INFO - Processing file /home/notme/airflow_venv/airflow_venv/lib/python3.8/site-packages/airflow/example_dags/example_external_task_marker_dag.py for tasks to queue
[2022-06-16 12:25:24,965] {logging_mixin.py:109} INFO - [2022-06-16 12:25:24,965] {dagbag.py:500} INFO - Filling up the DagBag from /home/notme/airflow_venv/airflow_venv/lib/python3.8/site-packages/airflow/example_dags/example_external_task_marker_dag.py
[2022-06-16 12:25:24,977] {processor.py:652} INFO - DAG(s) dict_keys(['example_external_task_marker_parent', 'example_external_task_marker_child']) retrieved from /home/notme/airflow_venv/airflow_venv/lib/python3.8/site-packages/airflow/example_dags/example_external_task_marker_dag.py
[2022-06-16 12:25:24,992] {logging_mixin.py:109} INFO - [2022-06-16 12:25:24,992] {dag.py:2398} INFO - Sync 2 DAGs
[2022-06-16 12:25:25,008] {logging_mixin.py:109} INFO - [2022-06-16 12:25:25,008] {dag.py:2937} INFO - Setting next_dagrun for example_external_task_marker_child to None
[2022-06-16 12:25:25,009] {logging_mixin.py:109} INFO - [2022-06-16 12:25:25,009] {dag.py:2937} INFO - Setting next_dagrun for example_external_task_marker_parent to None
[2022-06-16 12:25:25,026] {processor.py:171} INFO - Processing /home/notme/airflow_venv/airflow_venv/lib/python3.8/site-packages/airflow/example_dags/example_external_task_marker_dag.py took 0.065 seconds
[2022-06-16 12:25:59,070] {processor.py:163} INFO - Started process (PID=9955) to work on /home/notme/airflow_venv/airflow_venv/lib/python3.8/site-packages/airflow/example_dags/example_external_task_marker_dag.py
[2022-06-16 12:25:59,071] {processor.py:642} INFO - Processing file /home/notme/airflow_venv/airflow_venv/lib/python3.8/site-packages/airflow/example_dags/example_external_task_marker_dag.py for tasks to queue
[2022-06-16 12:25:59,072] {logging_mixin.py:109} INFO - [2022-06-16 12:25:59,072] {dagbag.py:500} INFO - Filling up the DagBag from /home/notme/airflow_venv/airflow_venv/lib/python3.8/site-packages/airflow/example_dags/example_external_task_marker_dag.py
[2022-06-16 12:25:59,085] {processor.py:652} INFO - DAG(s) dict_keys(['example_external_task_marker_parent', 'example_external_task_marker_child']) retrieved from /home/notme/airflow_venv/airflow_venv/lib/python3.8/site-packages/airflow/example_dags/example_external_task_marker_dag.py
[2022-06-16 12:25:59,097] {logging_mixin.py:109} INFO - [2022-06-16 12:25:59,097] {dag.py:2398} INFO - Sync 2 DAGs
[2022-06-16 12:25:59,107] {logging_mixin.py:109} INFO - [2022-06-16 12:25:59,107] {dag.py:2937} INFO - Setting next_dagrun for example_external_task_marker_child to None
[2022-06-16 12:25:59,107] {logging_mixin.py:109} INFO - [2022-06-16 12:25:59,107] {dag.py:2937} INFO - Setting next_dagrun for example_external_task_marker_parent to None
[2022-06-16 12:25:59,123] {processor.py:171} INFO - Processing /home/notme/airflow_venv/airflow_venv/lib/python3.8/site-packages/airflow/example_dags/example_external_task_marker_dag.py took 0.054 seconds
[2022-06-16 12:26:33,141] {processor.py:163} INFO - Started process (PID=10140) to work on /home/notme/airflow_venv/airflow_venv/lib/python3.8/site-packages/airflow/example_dags/example_external_task_marker_dag.py
[2022-06-16 12:26:33,142] {processor.py:642} INFO - Processing file /home/notme/airflow_venv/airflow_venv/lib/python3.8/site-packages/airflow/example_dags/example_external_task_marker_dag.py for tasks to queue
[2022-06-16 12:26:33,143] {logging_mixin.py:109} INFO - [2022-06-16 12:26:33,143] {dagbag.py:500} INFO - Filling up the DagBag from /home/notme/airflow_venv/airflow_venv/lib/python3.8/site-packages/airflow/example_dags/example_external_task_marker_dag.py
[2022-06-16 12:26:33,160] {processor.py:652} INFO - DAG(s) dict_keys(['example_external_task_marker_parent', 'example_external_task_marker_child']) retrieved from /home/notme/airflow_venv/airflow_venv/lib/python3.8/site-packages/airflow/example_dags/example_external_task_marker_dag.py
[2022-06-16 12:26:33,175] {logging_mixin.py:109} INFO - [2022-06-16 12:26:33,175] {dag.py:2398} INFO - Sync 2 DAGs
[2022-06-16 12:26:33,191] {logging_mixin.py:109} INFO - [2022-06-16 12:26:33,191] {dag.py:2937} INFO - Setting next_dagrun for example_external_task_marker_child to None
[2022-06-16 12:26:33,191] {logging_mixin.py:109} INFO - [2022-06-16 12:26:33,191] {dag.py:2937} INFO - Setting next_dagrun for example_external_task_marker_parent to None
[2022-06-16 12:26:33,209] {processor.py:171} INFO - Processing /home/notme/airflow_venv/airflow_venv/lib/python3.8/site-packages/airflow/example_dags/example_external_task_marker_dag.py took 0.070 seconds
[2022-06-16 12:27:10,056] {processor.py:163} INFO - Started process (PID=10426) to work on /home/notme/airflow_venv/airflow_venv/lib/python3.8/site-packages/airflow/example_dags/example_external_task_marker_dag.py
[2022-06-16 12:27:10,058] {processor.py:642} INFO - Processing file /home/notme/airflow_venv/airflow_venv/lib/python3.8/site-packages/airflow/example_dags/example_external_task_marker_dag.py for tasks to queue
[2022-06-16 12:27:10,058] {logging_mixin.py:109} INFO - [2022-06-16 12:27:10,058] {dagbag.py:500} INFO - Filling up the DagBag from /home/notme/airflow_venv/airflow_venv/lib/python3.8/site-packages/airflow/example_dags/example_external_task_marker_dag.py
[2022-06-16 12:27:10,070] {processor.py:652} INFO - DAG(s) dict_keys(['example_external_task_marker_parent', 'example_external_task_marker_child']) retrieved from /home/notme/airflow_venv/airflow_venv/lib/python3.8/site-packages/airflow/example_dags/example_external_task_marker_dag.py
[2022-06-16 12:27:10,087] {logging_mixin.py:109} INFO - [2022-06-16 12:27:10,087] {dag.py:2398} INFO - Sync 2 DAGs
[2022-06-16 12:27:10,098] {logging_mixin.py:109} INFO - [2022-06-16 12:27:10,098] {dag.py:2937} INFO - Setting next_dagrun for example_external_task_marker_child to None
[2022-06-16 12:27:10,098] {logging_mixin.py:109} INFO - [2022-06-16 12:27:10,098] {dag.py:2937} INFO - Setting next_dagrun for example_external_task_marker_parent to None
[2022-06-16 12:27:10,114] {processor.py:171} INFO - Processing /home/notme/airflow_venv/airflow_venv/lib/python3.8/site-packages/airflow/example_dags/example_external_task_marker_dag.py took 0.059 seconds
[2022-06-16 12:27:44,742] {processor.py:163} INFO - Started process (PID=10635) to work on /home/notme/airflow_venv/airflow_venv/lib/python3.8/site-packages/airflow/example_dags/example_external_task_marker_dag.py
[2022-06-16 12:27:44,744] {processor.py:642} INFO - Processing file /home/notme/airflow_venv/airflow_venv/lib/python3.8/site-packages/airflow/example_dags/example_external_task_marker_dag.py for tasks to queue
[2022-06-16 12:27:44,744] {logging_mixin.py:109} INFO - [2022-06-16 12:27:44,744] {dagbag.py:500} INFO - Filling up the DagBag from /home/notme/airflow_venv/airflow_venv/lib/python3.8/site-packages/airflow/example_dags/example_external_task_marker_dag.py
[2022-06-16 12:27:44,759] {processor.py:652} INFO - DAG(s) dict_keys(['example_external_task_marker_parent', 'example_external_task_marker_child']) retrieved from /home/notme/airflow_venv/airflow_venv/lib/python3.8/site-packages/airflow/example_dags/example_external_task_marker_dag.py
[2022-06-16 12:27:44,772] {logging_mixin.py:109} INFO - [2022-06-16 12:27:44,772] {dag.py:2398} INFO - Sync 2 DAGs
[2022-06-16 12:27:44,785] {logging_mixin.py:109} INFO - [2022-06-16 12:27:44,785] {dag.py:2937} INFO - Setting next_dagrun for example_external_task_marker_child to None
[2022-06-16 12:27:44,785] {logging_mixin.py:109} INFO - [2022-06-16 12:27:44,785] {dag.py:2937} INFO - Setting next_dagrun for example_external_task_marker_parent to None
[2022-06-16 12:27:44,799] {processor.py:171} INFO - Processing /home/notme/airflow_venv/airflow_venv/lib/python3.8/site-packages/airflow/example_dags/example_external_task_marker_dag.py took 0.059 seconds
[2022-06-16 12:28:19,129] {processor.py:163} INFO - Started process (PID=11002) to work on /home/notme/airflow_venv/airflow_venv/lib/python3.8/site-packages/airflow/example_dags/example_external_task_marker_dag.py
[2022-06-16 12:28:19,131] {processor.py:642} INFO - Processing file /home/notme/airflow_venv/airflow_venv/lib/python3.8/site-packages/airflow/example_dags/example_external_task_marker_dag.py for tasks to queue
[2022-06-16 12:28:19,131] {logging_mixin.py:109} INFO - [2022-06-16 12:28:19,131] {dagbag.py:500} INFO - Filling up the DagBag from /home/notme/airflow_venv/airflow_venv/lib/python3.8/site-packages/airflow/example_dags/example_external_task_marker_dag.py
[2022-06-16 12:28:19,143] {processor.py:652} INFO - DAG(s) dict_keys(['example_external_task_marker_parent', 'example_external_task_marker_child']) retrieved from /home/notme/airflow_venv/airflow_venv/lib/python3.8/site-packages/airflow/example_dags/example_external_task_marker_dag.py
[2022-06-16 12:28:19,155] {logging_mixin.py:109} INFO - [2022-06-16 12:28:19,155] {dag.py:2398} INFO - Sync 2 DAGs
[2022-06-16 12:28:19,165] {logging_mixin.py:109} INFO - [2022-06-16 12:28:19,165] {dag.py:2937} INFO - Setting next_dagrun for example_external_task_marker_child to None
[2022-06-16 12:28:19,165] {logging_mixin.py:109} INFO - [2022-06-16 12:28:19,165] {dag.py:2937} INFO - Setting next_dagrun for example_external_task_marker_parent to None
[2022-06-16 12:28:19,180] {processor.py:171} INFO - Processing /home/notme/airflow_venv/airflow_venv/lib/python3.8/site-packages/airflow/example_dags/example_external_task_marker_dag.py took 0.053 seconds
[2022-06-16 12:28:55,165] {processor.py:163} INFO - Started process (PID=11051) to work on /home/notme/airflow_venv/airflow_venv/lib/python3.8/site-packages/airflow/example_dags/example_external_task_marker_dag.py
[2022-06-16 12:28:55,166] {processor.py:642} INFO - Processing file /home/notme/airflow_venv/airflow_venv/lib/python3.8/site-packages/airflow/example_dags/example_external_task_marker_dag.py for tasks to queue
[2022-06-16 12:28:55,166] {logging_mixin.py:109} INFO - [2022-06-16 12:28:55,166] {dagbag.py:500} INFO - Filling up the DagBag from /home/notme/airflow_venv/airflow_venv/lib/python3.8/site-packages/airflow/example_dags/example_external_task_marker_dag.py
[2022-06-16 12:28:55,177] {processor.py:652} INFO - DAG(s) dict_keys(['example_external_task_marker_parent', 'example_external_task_marker_child']) retrieved from /home/notme/airflow_venv/airflow_venv/lib/python3.8/site-packages/airflow/example_dags/example_external_task_marker_dag.py
[2022-06-16 12:28:55,189] {logging_mixin.py:109} INFO - [2022-06-16 12:28:55,189] {dag.py:2398} INFO - Sync 2 DAGs
[2022-06-16 12:28:55,198] {logging_mixin.py:109} INFO - [2022-06-16 12:28:55,198] {dag.py:2937} INFO - Setting next_dagrun for example_external_task_marker_child to None
[2022-06-16 12:28:55,198] {logging_mixin.py:109} INFO - [2022-06-16 12:28:55,198] {dag.py:2937} INFO - Setting next_dagrun for example_external_task_marker_parent to None
[2022-06-16 12:28:55,212] {processor.py:171} INFO - Processing /home/notme/airflow_venv/airflow_venv/lib/python3.8/site-packages/airflow/example_dags/example_external_task_marker_dag.py took 0.049 seconds
[2022-06-16 12:29:31,727] {processor.py:163} INFO - Started process (PID=11104) to work on /home/notme/airflow_venv/airflow_venv/lib/python3.8/site-packages/airflow/example_dags/example_external_task_marker_dag.py
[2022-06-16 12:29:31,728] {processor.py:642} INFO - Processing file /home/notme/airflow_venv/airflow_venv/lib/python3.8/site-packages/airflow/example_dags/example_external_task_marker_dag.py for tasks to queue
[2022-06-16 12:29:31,728] {logging_mixin.py:109} INFO - [2022-06-16 12:29:31,728] {dagbag.py:500} INFO - Filling up the DagBag from /home/notme/airflow_venv/airflow_venv/lib/python3.8/site-packages/airflow/example_dags/example_external_task_marker_dag.py
[2022-06-16 12:29:31,738] {processor.py:652} INFO - DAG(s) dict_keys(['example_external_task_marker_parent', 'example_external_task_marker_child']) retrieved from /home/notme/airflow_venv/airflow_venv/lib/python3.8/site-packages/airflow/example_dags/example_external_task_marker_dag.py
[2022-06-16 12:29:31,749] {logging_mixin.py:109} INFO - [2022-06-16 12:29:31,749] {dag.py:2398} INFO - Sync 2 DAGs
[2022-06-16 12:29:31,759] {logging_mixin.py:109} INFO - [2022-06-16 12:29:31,759] {dag.py:2937} INFO - Setting next_dagrun for example_external_task_marker_child to None
[2022-06-16 12:29:31,759] {logging_mixin.py:109} INFO - [2022-06-16 12:29:31,759] {dag.py:2937} INFO - Setting next_dagrun for example_external_task_marker_parent to None
[2022-06-16 12:29:31,775] {processor.py:171} INFO - Processing /home/notme/airflow_venv/airflow_venv/lib/python3.8/site-packages/airflow/example_dags/example_external_task_marker_dag.py took 0.051 seconds
[2022-06-16 12:30:06,760] {processor.py:163} INFO - Started process (PID=11317) to work on /home/notme/airflow_venv/airflow_venv/lib/python3.8/site-packages/airflow/example_dags/example_external_task_marker_dag.py
[2022-06-16 12:30:06,761] {processor.py:642} INFO - Processing file /home/notme/airflow_venv/airflow_venv/lib/python3.8/site-packages/airflow/example_dags/example_external_task_marker_dag.py for tasks to queue
[2022-06-16 12:30:06,762] {logging_mixin.py:109} INFO - [2022-06-16 12:30:06,761] {dagbag.py:500} INFO - Filling up the DagBag from /home/notme/airflow_venv/airflow_venv/lib/python3.8/site-packages/airflow/example_dags/example_external_task_marker_dag.py
[2022-06-16 12:30:06,771] {processor.py:652} INFO - DAG(s) dict_keys(['example_external_task_marker_parent', 'example_external_task_marker_child']) retrieved from /home/notme/airflow_venv/airflow_venv/lib/python3.8/site-packages/airflow/example_dags/example_external_task_marker_dag.py
[2022-06-16 12:30:06,782] {logging_mixin.py:109} INFO - [2022-06-16 12:30:06,781] {dag.py:2398} INFO - Sync 2 DAGs
[2022-06-16 12:30:06,791] {logging_mixin.py:109} INFO - [2022-06-16 12:30:06,790] {dag.py:2937} INFO - Setting next_dagrun for example_external_task_marker_child to None
[2022-06-16 12:30:06,791] {logging_mixin.py:109} INFO - [2022-06-16 12:30:06,791] {dag.py:2937} INFO - Setting next_dagrun for example_external_task_marker_parent to None
[2022-06-16 12:30:06,802] {processor.py:171} INFO - Processing /home/notme/airflow_venv/airflow_venv/lib/python3.8/site-packages/airflow/example_dags/example_external_task_marker_dag.py took 0.044 seconds
[2022-06-16 12:30:40,346] {processor.py:163} INFO - Started process (PID=11359) to work on /home/notme/airflow_venv/airflow_venv/lib/python3.8/site-packages/airflow/example_dags/example_external_task_marker_dag.py
[2022-06-16 12:30:40,348] {processor.py:642} INFO - Processing file /home/notme/airflow_venv/airflow_venv/lib/python3.8/site-packages/airflow/example_dags/example_external_task_marker_dag.py for tasks to queue
[2022-06-16 12:30:40,348] {logging_mixin.py:109} INFO - [2022-06-16 12:30:40,348] {dagbag.py:500} INFO - Filling up the DagBag from /home/notme/airflow_venv/airflow_venv/lib/python3.8/site-packages/airflow/example_dags/example_external_task_marker_dag.py
[2022-06-16 12:30:40,358] {processor.py:652} INFO - DAG(s) dict_keys(['example_external_task_marker_parent', 'example_external_task_marker_child']) retrieved from /home/notme/airflow_venv/airflow_venv/lib/python3.8/site-packages/airflow/example_dags/example_external_task_marker_dag.py
[2022-06-16 12:30:40,368] {logging_mixin.py:109} INFO - [2022-06-16 12:30:40,368] {dag.py:2398} INFO - Sync 2 DAGs
[2022-06-16 12:30:40,377] {logging_mixin.py:109} INFO - [2022-06-16 12:30:40,377] {dag.py:2937} INFO - Setting next_dagrun for example_external_task_marker_child to None
[2022-06-16 12:30:40,378] {logging_mixin.py:109} INFO - [2022-06-16 12:30:40,378] {dag.py:2937} INFO - Setting next_dagrun for example_external_task_marker_parent to None
[2022-06-16 12:30:40,395] {processor.py:171} INFO - Processing /home/notme/airflow_venv/airflow_venv/lib/python3.8/site-packages/airflow/example_dags/example_external_task_marker_dag.py took 0.050 seconds
