[2022-06-16 12:15:39,836] {processor.py:163} INFO - Started process (PID=1270) to work on /home/notme/airflow_venv/airflow_venv/lib/python3.8/site-packages/airflow/example_dags/tutorial.py
[2022-06-16 12:15:39,837] {processor.py:642} INFO - Processing file /home/notme/airflow_venv/airflow_venv/lib/python3.8/site-packages/airflow/example_dags/tutorial.py for tasks to queue
[2022-06-16 12:15:39,837] {logging_mixin.py:109} INFO - [2022-06-16 12:15:39,837] {dagbag.py:500} INFO - Filling up the DagBag from /home/notme/airflow_venv/airflow_venv/lib/python3.8/site-packages/airflow/example_dags/tutorial.py
[2022-06-16 12:15:39,850] {processor.py:652} INFO - DAG(s) dict_keys(['tutorial']) retrieved from /home/notme/airflow_venv/airflow_venv/lib/python3.8/site-packages/airflow/example_dags/tutorial.py
[2022-06-16 12:15:39,860] {logging_mixin.py:109} INFO - [2022-06-16 12:15:39,860] {dag.py:2398} INFO - Sync 1 DAGs
[2022-06-16 12:15:39,870] {logging_mixin.py:109} INFO - [2022-06-16 12:15:39,870] {dag.py:2937} INFO - Setting next_dagrun for tutorial to 2022-06-15T10:15:39.870216+00:00
[2022-06-16 12:15:39,911] {processor.py:171} INFO - Processing /home/notme/airflow_venv/airflow_venv/lib/python3.8/site-packages/airflow/example_dags/tutorial.py took 0.077 seconds
[2022-06-16 12:16:14,885] {processor.py:163} INFO - Started process (PID=1428) to work on /home/notme/airflow_venv/airflow_venv/lib/python3.8/site-packages/airflow/example_dags/tutorial.py
[2022-06-16 12:16:14,888] {processor.py:642} INFO - Processing file /home/notme/airflow_venv/airflow_venv/lib/python3.8/site-packages/airflow/example_dags/tutorial.py for tasks to queue
[2022-06-16 12:16:14,889] {logging_mixin.py:109} INFO - [2022-06-16 12:16:14,889] {dagbag.py:500} INFO - Filling up the DagBag from /home/notme/airflow_venv/airflow_venv/lib/python3.8/site-packages/airflow/example_dags/tutorial.py
[2022-06-16 12:16:14,900] {processor.py:652} INFO - DAG(s) dict_keys(['tutorial']) retrieved from /home/notme/airflow_venv/airflow_venv/lib/python3.8/site-packages/airflow/example_dags/tutorial.py
[2022-06-16 12:16:14,909] {logging_mixin.py:109} INFO - [2022-06-16 12:16:14,909] {dag.py:2398} INFO - Sync 1 DAGs
[2022-06-16 12:16:14,919] {logging_mixin.py:109} INFO - [2022-06-16 12:16:14,919] {dag.py:2937} INFO - Setting next_dagrun for tutorial to 2022-06-15T10:16:14.918901+00:00
[2022-06-16 12:16:14,942] {processor.py:171} INFO - Processing /home/notme/airflow_venv/airflow_venv/lib/python3.8/site-packages/airflow/example_dags/tutorial.py took 0.060 seconds
[2022-06-16 12:16:48,970] {processor.py:163} INFO - Started process (PID=1774) to work on /home/notme/airflow_venv/airflow_venv/lib/python3.8/site-packages/airflow/example_dags/tutorial.py
[2022-06-16 12:16:48,971] {processor.py:642} INFO - Processing file /home/notme/airflow_venv/airflow_venv/lib/python3.8/site-packages/airflow/example_dags/tutorial.py for tasks to queue
[2022-06-16 12:16:48,971] {logging_mixin.py:109} INFO - [2022-06-16 12:16:48,971] {dagbag.py:500} INFO - Filling up the DagBag from /home/notme/airflow_venv/airflow_venv/lib/python3.8/site-packages/airflow/example_dags/tutorial.py
[2022-06-16 12:16:48,982] {processor.py:652} INFO - DAG(s) dict_keys(['tutorial']) retrieved from /home/notme/airflow_venv/airflow_venv/lib/python3.8/site-packages/airflow/example_dags/tutorial.py
[2022-06-16 12:16:48,992] {logging_mixin.py:109} INFO - [2022-06-16 12:16:48,992] {dag.py:2398} INFO - Sync 1 DAGs
[2022-06-16 12:16:49,001] {logging_mixin.py:109} INFO - [2022-06-16 12:16:49,001] {dag.py:2937} INFO - Setting next_dagrun for tutorial to 2022-06-15T10:16:49.001666+00:00
[2022-06-16 12:16:49,026] {processor.py:171} INFO - Processing /home/notme/airflow_venv/airflow_venv/lib/python3.8/site-packages/airflow/example_dags/tutorial.py took 0.057 seconds
[2022-06-16 12:17:22,725] {processor.py:163} INFO - Started process (PID=1827) to work on /home/notme/airflow_venv/airflow_venv/lib/python3.8/site-packages/airflow/example_dags/tutorial.py
[2022-06-16 12:17:22,726] {processor.py:642} INFO - Processing file /home/notme/airflow_venv/airflow_venv/lib/python3.8/site-packages/airflow/example_dags/tutorial.py for tasks to queue
[2022-06-16 12:17:22,726] {logging_mixin.py:109} INFO - [2022-06-16 12:17:22,726] {dagbag.py:500} INFO - Filling up the DagBag from /home/notme/airflow_venv/airflow_venv/lib/python3.8/site-packages/airflow/example_dags/tutorial.py
[2022-06-16 12:17:22,740] {processor.py:652} INFO - DAG(s) dict_keys(['tutorial']) retrieved from /home/notme/airflow_venv/airflow_venv/lib/python3.8/site-packages/airflow/example_dags/tutorial.py
[2022-06-16 12:17:22,753] {logging_mixin.py:109} INFO - [2022-06-16 12:17:22,753] {dag.py:2398} INFO - Sync 1 DAGs
[2022-06-16 12:17:22,768] {logging_mixin.py:109} INFO - [2022-06-16 12:17:22,768] {dag.py:2937} INFO - Setting next_dagrun for tutorial to 2022-06-15T10:17:22.768084+00:00
[2022-06-16 12:17:22,786] {processor.py:171} INFO - Processing /home/notme/airflow_venv/airflow_venv/lib/python3.8/site-packages/airflow/example_dags/tutorial.py took 0.063 seconds
[2022-06-16 12:17:58,025] {processor.py:163} INFO - Started process (PID=2133) to work on /home/notme/airflow_venv/airflow_venv/lib/python3.8/site-packages/airflow/example_dags/tutorial.py
[2022-06-16 12:17:58,027] {processor.py:642} INFO - Processing file /home/notme/airflow_venv/airflow_venv/lib/python3.8/site-packages/airflow/example_dags/tutorial.py for tasks to queue
[2022-06-16 12:17:58,027] {logging_mixin.py:109} INFO - [2022-06-16 12:17:58,027] {dagbag.py:500} INFO - Filling up the DagBag from /home/notme/airflow_venv/airflow_venv/lib/python3.8/site-packages/airflow/example_dags/tutorial.py
[2022-06-16 12:17:58,043] {processor.py:652} INFO - DAG(s) dict_keys(['tutorial']) retrieved from /home/notme/airflow_venv/airflow_venv/lib/python3.8/site-packages/airflow/example_dags/tutorial.py
[2022-06-16 12:17:58,055] {logging_mixin.py:109} INFO - [2022-06-16 12:17:58,055] {dag.py:2398} INFO - Sync 1 DAGs
[2022-06-16 12:17:58,072] {logging_mixin.py:109} INFO - [2022-06-16 12:17:58,071] {dag.py:2937} INFO - Setting next_dagrun for tutorial to 2022-06-15T10:17:58.071543+00:00
[2022-06-16 12:17:58,089] {processor.py:171} INFO - Processing /home/notme/airflow_venv/airflow_venv/lib/python3.8/site-packages/airflow/example_dags/tutorial.py took 0.066 seconds
[2022-06-16 12:18:32,997] {processor.py:163} INFO - Started process (PID=2175) to work on /home/notme/airflow_venv/airflow_venv/lib/python3.8/site-packages/airflow/example_dags/tutorial.py
[2022-06-16 12:18:32,999] {processor.py:642} INFO - Processing file /home/notme/airflow_venv/airflow_venv/lib/python3.8/site-packages/airflow/example_dags/tutorial.py for tasks to queue
[2022-06-16 12:18:32,999] {logging_mixin.py:109} INFO - [2022-06-16 12:18:32,999] {dagbag.py:500} INFO - Filling up the DagBag from /home/notme/airflow_venv/airflow_venv/lib/python3.8/site-packages/airflow/example_dags/tutorial.py
[2022-06-16 12:18:33,011] {processor.py:652} INFO - DAG(s) dict_keys(['tutorial']) retrieved from /home/notme/airflow_venv/airflow_venv/lib/python3.8/site-packages/airflow/example_dags/tutorial.py
[2022-06-16 12:18:33,023] {logging_mixin.py:109} INFO - [2022-06-16 12:18:33,022] {dag.py:2398} INFO - Sync 1 DAGs
[2022-06-16 12:18:33,035] {logging_mixin.py:109} INFO - [2022-06-16 12:18:33,035] {dag.py:2937} INFO - Setting next_dagrun for tutorial to 2022-06-15T10:18:33.035218+00:00
[2022-06-16 12:18:33,053] {processor.py:171} INFO - Processing /home/notme/airflow_venv/airflow_venv/lib/python3.8/site-packages/airflow/example_dags/tutorial.py took 0.059 seconds
[2022-06-16 12:19:07,720] {processor.py:163} INFO - Started process (PID=2447) to work on /home/notme/airflow_venv/airflow_venv/lib/python3.8/site-packages/airflow/example_dags/tutorial.py
[2022-06-16 12:19:07,721] {processor.py:642} INFO - Processing file /home/notme/airflow_venv/airflow_venv/lib/python3.8/site-packages/airflow/example_dags/tutorial.py for tasks to queue
[2022-06-16 12:19:07,722] {logging_mixin.py:109} INFO - [2022-06-16 12:19:07,722] {dagbag.py:500} INFO - Filling up the DagBag from /home/notme/airflow_venv/airflow_venv/lib/python3.8/site-packages/airflow/example_dags/tutorial.py
[2022-06-16 12:19:07,739] {processor.py:652} INFO - DAG(s) dict_keys(['tutorial']) retrieved from /home/notme/airflow_venv/airflow_venv/lib/python3.8/site-packages/airflow/example_dags/tutorial.py
[2022-06-16 12:19:07,750] {logging_mixin.py:109} INFO - [2022-06-16 12:19:07,750] {dag.py:2398} INFO - Sync 1 DAGs
[2022-06-16 12:19:07,765] {logging_mixin.py:109} INFO - [2022-06-16 12:19:07,765] {dag.py:2937} INFO - Setting next_dagrun for tutorial to 2022-06-15T10:19:07.765070+00:00
[2022-06-16 12:19:07,780] {processor.py:171} INFO - Processing /home/notme/airflow_venv/airflow_venv/lib/python3.8/site-packages/airflow/example_dags/tutorial.py took 0.061 seconds
[2022-06-16 12:19:40,779] {processor.py:163} INFO - Started process (PID=2664) to work on /home/notme/airflow_venv/airflow_venv/lib/python3.8/site-packages/airflow/example_dags/tutorial.py
[2022-06-16 12:19:40,780] {processor.py:642} INFO - Processing file /home/notme/airflow_venv/airflow_venv/lib/python3.8/site-packages/airflow/example_dags/tutorial.py for tasks to queue
[2022-06-16 12:19:40,780] {logging_mixin.py:109} INFO - [2022-06-16 12:19:40,780] {dagbag.py:500} INFO - Filling up the DagBag from /home/notme/airflow_venv/airflow_venv/lib/python3.8/site-packages/airflow/example_dags/tutorial.py
[2022-06-16 12:19:40,792] {processor.py:652} INFO - DAG(s) dict_keys(['tutorial']) retrieved from /home/notme/airflow_venv/airflow_venv/lib/python3.8/site-packages/airflow/example_dags/tutorial.py
[2022-06-16 12:19:40,801] {logging_mixin.py:109} INFO - [2022-06-16 12:19:40,801] {dag.py:2398} INFO - Sync 1 DAGs
[2022-06-16 12:19:40,817] {logging_mixin.py:109} INFO - [2022-06-16 12:19:40,817] {dag.py:2937} INFO - Setting next_dagrun for tutorial to 2022-06-15T10:19:40.816991+00:00
[2022-06-16 12:19:40,834] {processor.py:171} INFO - Processing /home/notme/airflow_venv/airflow_venv/lib/python3.8/site-packages/airflow/example_dags/tutorial.py took 0.057 seconds
[2022-06-16 12:20:15,766] {processor.py:163} INFO - Started process (PID=2708) to work on /home/notme/airflow_venv/airflow_venv/lib/python3.8/site-packages/airflow/example_dags/tutorial.py
[2022-06-16 12:20:15,767] {processor.py:642} INFO - Processing file /home/notme/airflow_venv/airflow_venv/lib/python3.8/site-packages/airflow/example_dags/tutorial.py for tasks to queue
[2022-06-16 12:20:15,768] {logging_mixin.py:109} INFO - [2022-06-16 12:20:15,768] {dagbag.py:500} INFO - Filling up the DagBag from /home/notme/airflow_venv/airflow_venv/lib/python3.8/site-packages/airflow/example_dags/tutorial.py
[2022-06-16 12:20:15,780] {processor.py:652} INFO - DAG(s) dict_keys(['tutorial']) retrieved from /home/notme/airflow_venv/airflow_venv/lib/python3.8/site-packages/airflow/example_dags/tutorial.py
[2022-06-16 12:20:15,789] {logging_mixin.py:109} INFO - [2022-06-16 12:20:15,789] {dag.py:2398} INFO - Sync 1 DAGs
[2022-06-16 12:20:15,799] {logging_mixin.py:109} INFO - [2022-06-16 12:20:15,799] {dag.py:2937} INFO - Setting next_dagrun for tutorial to 2022-06-15T10:20:15.799448+00:00
[2022-06-16 12:20:15,814] {processor.py:171} INFO - Processing /home/notme/airflow_venv/airflow_venv/lib/python3.8/site-packages/airflow/example_dags/tutorial.py took 0.049 seconds
[2022-06-16 12:20:50,557] {processor.py:163} INFO - Started process (PID=2750) to work on /home/notme/airflow_venv/airflow_venv/lib/python3.8/site-packages/airflow/example_dags/tutorial.py
[2022-06-16 12:20:50,558] {processor.py:642} INFO - Processing file /home/notme/airflow_venv/airflow_venv/lib/python3.8/site-packages/airflow/example_dags/tutorial.py for tasks to queue
[2022-06-16 12:20:50,559] {logging_mixin.py:109} INFO - [2022-06-16 12:20:50,559] {dagbag.py:500} INFO - Filling up the DagBag from /home/notme/airflow_venv/airflow_venv/lib/python3.8/site-packages/airflow/example_dags/tutorial.py
[2022-06-16 12:20:50,573] {processor.py:652} INFO - DAG(s) dict_keys(['tutorial']) retrieved from /home/notme/airflow_venv/airflow_venv/lib/python3.8/site-packages/airflow/example_dags/tutorial.py
[2022-06-16 12:20:50,587] {logging_mixin.py:109} INFO - [2022-06-16 12:20:50,586] {dag.py:2398} INFO - Sync 1 DAGs
[2022-06-16 12:20:50,599] {logging_mixin.py:109} INFO - [2022-06-16 12:20:50,599] {dag.py:2937} INFO - Setting next_dagrun for tutorial to 2022-06-15T10:20:50.599432+00:00
[2022-06-16 12:20:50,615] {processor.py:171} INFO - Processing /home/notme/airflow_venv/airflow_venv/lib/python3.8/site-packages/airflow/example_dags/tutorial.py took 0.060 seconds
[2022-06-16 12:21:24,817] {processor.py:163} INFO - Started process (PID=2960) to work on /home/notme/airflow_venv/airflow_venv/lib/python3.8/site-packages/airflow/example_dags/tutorial.py
[2022-06-16 12:21:24,819] {processor.py:642} INFO - Processing file /home/notme/airflow_venv/airflow_venv/lib/python3.8/site-packages/airflow/example_dags/tutorial.py for tasks to queue
[2022-06-16 12:21:24,819] {logging_mixin.py:109} INFO - [2022-06-16 12:21:24,819] {dagbag.py:500} INFO - Filling up the DagBag from /home/notme/airflow_venv/airflow_venv/lib/python3.8/site-packages/airflow/example_dags/tutorial.py
[2022-06-16 12:21:24,830] {processor.py:652} INFO - DAG(s) dict_keys(['tutorial']) retrieved from /home/notme/airflow_venv/airflow_venv/lib/python3.8/site-packages/airflow/example_dags/tutorial.py
[2022-06-16 12:21:24,839] {logging_mixin.py:109} INFO - [2022-06-16 12:21:24,838] {dag.py:2398} INFO - Sync 1 DAGs
[2022-06-16 12:21:24,848] {logging_mixin.py:109} INFO - [2022-06-16 12:21:24,848] {dag.py:2937} INFO - Setting next_dagrun for tutorial to 2022-06-15T10:21:24.848614+00:00
[2022-06-16 12:21:24,862] {processor.py:171} INFO - Processing /home/notme/airflow_venv/airflow_venv/lib/python3.8/site-packages/airflow/example_dags/tutorial.py took 0.047 seconds
[2022-06-16 12:21:58,853] {processor.py:163} INFO - Started process (PID=3130) to work on /home/notme/airflow_venv/airflow_venv/lib/python3.8/site-packages/airflow/example_dags/tutorial.py
[2022-06-16 12:21:58,854] {processor.py:642} INFO - Processing file /home/notme/airflow_venv/airflow_venv/lib/python3.8/site-packages/airflow/example_dags/tutorial.py for tasks to queue
[2022-06-16 12:21:58,854] {logging_mixin.py:109} INFO - [2022-06-16 12:21:58,854] {dagbag.py:500} INFO - Filling up the DagBag from /home/notme/airflow_venv/airflow_venv/lib/python3.8/site-packages/airflow/example_dags/tutorial.py
[2022-06-16 12:21:58,870] {processor.py:652} INFO - DAG(s) dict_keys(['tutorial']) retrieved from /home/notme/airflow_venv/airflow_venv/lib/python3.8/site-packages/airflow/example_dags/tutorial.py
[2022-06-16 12:21:58,881] {logging_mixin.py:109} INFO - [2022-06-16 12:21:58,881] {dag.py:2398} INFO - Sync 1 DAGs
[2022-06-16 12:21:58,893] {logging_mixin.py:109} INFO - [2022-06-16 12:21:58,892] {dag.py:2937} INFO - Setting next_dagrun for tutorial to 2022-06-15T10:21:58.892586+00:00
[2022-06-16 12:21:58,908] {processor.py:171} INFO - Processing /home/notme/airflow_venv/airflow_venv/lib/python3.8/site-packages/airflow/example_dags/tutorial.py took 0.057 seconds
[2022-06-16 12:22:33,268] {processor.py:163} INFO - Started process (PID=3356) to work on /home/notme/airflow_venv/airflow_venv/lib/python3.8/site-packages/airflow/example_dags/tutorial.py
[2022-06-16 12:22:33,270] {processor.py:642} INFO - Processing file /home/notme/airflow_venv/airflow_venv/lib/python3.8/site-packages/airflow/example_dags/tutorial.py for tasks to queue
[2022-06-16 12:22:33,270] {logging_mixin.py:109} INFO - [2022-06-16 12:22:33,270] {dagbag.py:500} INFO - Filling up the DagBag from /home/notme/airflow_venv/airflow_venv/lib/python3.8/site-packages/airflow/example_dags/tutorial.py
[2022-06-16 12:22:33,287] {processor.py:652} INFO - DAG(s) dict_keys(['tutorial']) retrieved from /home/notme/airflow_venv/airflow_venv/lib/python3.8/site-packages/airflow/example_dags/tutorial.py
[2022-06-16 12:22:33,297] {logging_mixin.py:109} INFO - [2022-06-16 12:22:33,297] {dag.py:2398} INFO - Sync 1 DAGs
[2022-06-16 12:22:33,309] {logging_mixin.py:109} INFO - [2022-06-16 12:22:33,308] {dag.py:2937} INFO - Setting next_dagrun for tutorial to 2022-06-15T10:22:33.308426+00:00
[2022-06-16 12:22:33,325] {processor.py:171} INFO - Processing /home/notme/airflow_venv/airflow_venv/lib/python3.8/site-packages/airflow/example_dags/tutorial.py took 0.058 seconds
[2022-06-16 12:23:05,665] {processor.py:163} INFO - Started process (PID=3482) to work on /home/notme/airflow_venv/airflow_venv/lib/python3.8/site-packages/airflow/example_dags/tutorial.py
[2022-06-16 12:23:05,666] {processor.py:642} INFO - Processing file /home/notme/airflow_venv/airflow_venv/lib/python3.8/site-packages/airflow/example_dags/tutorial.py for tasks to queue
[2022-06-16 12:23:05,666] {logging_mixin.py:109} INFO - [2022-06-16 12:23:05,666] {dagbag.py:500} INFO - Filling up the DagBag from /home/notme/airflow_venv/airflow_venv/lib/python3.8/site-packages/airflow/example_dags/tutorial.py
[2022-06-16 12:23:05,678] {processor.py:652} INFO - DAG(s) dict_keys(['tutorial']) retrieved from /home/notme/airflow_venv/airflow_venv/lib/python3.8/site-packages/airflow/example_dags/tutorial.py
[2022-06-16 12:23:05,688] {logging_mixin.py:109} INFO - [2022-06-16 12:23:05,688] {dag.py:2398} INFO - Sync 1 DAGs
[2022-06-16 12:23:05,698] {logging_mixin.py:109} INFO - [2022-06-16 12:23:05,698] {dag.py:2937} INFO - Setting next_dagrun for tutorial to 2022-06-15T10:23:05.698116+00:00
[2022-06-16 12:23:05,711] {processor.py:171} INFO - Processing /home/notme/airflow_venv/airflow_venv/lib/python3.8/site-packages/airflow/example_dags/tutorial.py took 0.048 seconds
[2022-06-16 12:23:39,766] {processor.py:163} INFO - Started process (PID=3860) to work on /home/notme/airflow_venv/airflow_venv/lib/python3.8/site-packages/airflow/example_dags/tutorial.py
[2022-06-16 12:23:39,767] {processor.py:642} INFO - Processing file /home/notme/airflow_venv/airflow_venv/lib/python3.8/site-packages/airflow/example_dags/tutorial.py for tasks to queue
[2022-06-16 12:23:39,767] {logging_mixin.py:109} INFO - [2022-06-16 12:23:39,767] {dagbag.py:500} INFO - Filling up the DagBag from /home/notme/airflow_venv/airflow_venv/lib/python3.8/site-packages/airflow/example_dags/tutorial.py
[2022-06-16 12:23:39,781] {processor.py:652} INFO - DAG(s) dict_keys(['tutorial']) retrieved from /home/notme/airflow_venv/airflow_venv/lib/python3.8/site-packages/airflow/example_dags/tutorial.py
[2022-06-16 12:23:39,792] {logging_mixin.py:109} INFO - [2022-06-16 12:23:39,792] {dag.py:2398} INFO - Sync 1 DAGs
[2022-06-16 12:23:39,803] {logging_mixin.py:109} INFO - [2022-06-16 12:23:39,803] {dag.py:2937} INFO - Setting next_dagrun for tutorial to 2022-06-15T10:23:39.802961+00:00
[2022-06-16 12:23:39,818] {processor.py:171} INFO - Processing /home/notme/airflow_venv/airflow_venv/lib/python3.8/site-packages/airflow/example_dags/tutorial.py took 0.053 seconds
[2022-06-16 12:24:12,117] {processor.py:163} INFO - Started process (PID=3917) to work on /home/notme/airflow_venv/airflow_venv/lib/python3.8/site-packages/airflow/example_dags/tutorial.py
[2022-06-16 12:24:12,118] {processor.py:642} INFO - Processing file /home/notme/airflow_venv/airflow_venv/lib/python3.8/site-packages/airflow/example_dags/tutorial.py for tasks to queue
[2022-06-16 12:24:12,119] {logging_mixin.py:109} INFO - [2022-06-16 12:24:12,119] {dagbag.py:500} INFO - Filling up the DagBag from /home/notme/airflow_venv/airflow_venv/lib/python3.8/site-packages/airflow/example_dags/tutorial.py
[2022-06-16 12:24:12,131] {processor.py:652} INFO - DAG(s) dict_keys(['tutorial']) retrieved from /home/notme/airflow_venv/airflow_venv/lib/python3.8/site-packages/airflow/example_dags/tutorial.py
[2022-06-16 12:24:12,140] {logging_mixin.py:109} INFO - [2022-06-16 12:24:12,139] {dag.py:2398} INFO - Sync 1 DAGs
[2022-06-16 12:24:12,149] {logging_mixin.py:109} INFO - [2022-06-16 12:24:12,149] {dag.py:2937} INFO - Setting next_dagrun for tutorial to 2022-06-15T10:24:12.149444+00:00
[2022-06-16 12:24:12,163] {processor.py:171} INFO - Processing /home/notme/airflow_venv/airflow_venv/lib/python3.8/site-packages/airflow/example_dags/tutorial.py took 0.047 seconds
[2022-06-16 12:24:44,957] {processor.py:163} INFO - Started process (PID=3957) to work on /home/notme/airflow_venv/airflow_venv/lib/python3.8/site-packages/airflow/example_dags/tutorial.py
[2022-06-16 12:24:44,957] {processor.py:642} INFO - Processing file /home/notme/airflow_venv/airflow_venv/lib/python3.8/site-packages/airflow/example_dags/tutorial.py for tasks to queue
[2022-06-16 12:24:44,958] {logging_mixin.py:109} INFO - [2022-06-16 12:24:44,958] {dagbag.py:500} INFO - Filling up the DagBag from /home/notme/airflow_venv/airflow_venv/lib/python3.8/site-packages/airflow/example_dags/tutorial.py
[2022-06-16 12:24:44,967] {processor.py:652} INFO - DAG(s) dict_keys(['tutorial']) retrieved from /home/notme/airflow_venv/airflow_venv/lib/python3.8/site-packages/airflow/example_dags/tutorial.py
[2022-06-16 12:24:44,976] {logging_mixin.py:109} INFO - [2022-06-16 12:24:44,976] {dag.py:2398} INFO - Sync 1 DAGs
[2022-06-16 12:24:44,986] {logging_mixin.py:109} INFO - [2022-06-16 12:24:44,986] {dag.py:2937} INFO - Setting next_dagrun for tutorial to 2022-06-15T10:24:44.986353+00:00
[2022-06-16 12:24:44,999] {processor.py:171} INFO - Processing /home/notme/airflow_venv/airflow_venv/lib/python3.8/site-packages/airflow/example_dags/tutorial.py took 0.045 seconds
[2022-06-16 12:25:21,402] {processor.py:163} INFO - Started process (PID=9751) to work on /home/notme/airflow_venv/airflow_venv/lib/python3.8/site-packages/airflow/example_dags/tutorial.py
[2022-06-16 12:25:21,404] {processor.py:642} INFO - Processing file /home/notme/airflow_venv/airflow_venv/lib/python3.8/site-packages/airflow/example_dags/tutorial.py for tasks to queue
[2022-06-16 12:25:21,405] {logging_mixin.py:109} INFO - [2022-06-16 12:25:21,405] {dagbag.py:500} INFO - Filling up the DagBag from /home/notme/airflow_venv/airflow_venv/lib/python3.8/site-packages/airflow/example_dags/tutorial.py
[2022-06-16 12:25:21,422] {processor.py:652} INFO - DAG(s) dict_keys(['tutorial']) retrieved from /home/notme/airflow_venv/airflow_venv/lib/python3.8/site-packages/airflow/example_dags/tutorial.py
[2022-06-16 12:25:21,433] {logging_mixin.py:109} INFO - [2022-06-16 12:25:21,433] {dag.py:2398} INFO - Sync 1 DAGs
[2022-06-16 12:25:21,447] {logging_mixin.py:109} INFO - [2022-06-16 12:25:21,447] {dag.py:2937} INFO - Setting next_dagrun for tutorial to 2022-06-15T10:25:21.447352+00:00
[2022-06-16 12:25:21,469] {processor.py:171} INFO - Processing /home/notme/airflow_venv/airflow_venv/lib/python3.8/site-packages/airflow/example_dags/tutorial.py took 0.070 seconds
[2022-06-16 12:25:54,222] {processor.py:163} INFO - Started process (PID=9949) to work on /home/notme/airflow_venv/airflow_venv/lib/python3.8/site-packages/airflow/example_dags/tutorial.py
[2022-06-16 12:25:54,223] {processor.py:642} INFO - Processing file /home/notme/airflow_venv/airflow_venv/lib/python3.8/site-packages/airflow/example_dags/tutorial.py for tasks to queue
[2022-06-16 12:25:54,223] {logging_mixin.py:109} INFO - [2022-06-16 12:25:54,223] {dagbag.py:500} INFO - Filling up the DagBag from /home/notme/airflow_venv/airflow_venv/lib/python3.8/site-packages/airflow/example_dags/tutorial.py
[2022-06-16 12:25:54,233] {processor.py:652} INFO - DAG(s) dict_keys(['tutorial']) retrieved from /home/notme/airflow_venv/airflow_venv/lib/python3.8/site-packages/airflow/example_dags/tutorial.py
[2022-06-16 12:25:54,241] {logging_mixin.py:109} INFO - [2022-06-16 12:25:54,241] {dag.py:2398} INFO - Sync 1 DAGs
[2022-06-16 12:25:54,250] {logging_mixin.py:109} INFO - [2022-06-16 12:25:54,250] {dag.py:2937} INFO - Setting next_dagrun for tutorial to 2022-06-15T10:25:54.250367+00:00
[2022-06-16 12:25:54,267] {processor.py:171} INFO - Processing /home/notme/airflow_venv/airflow_venv/lib/python3.8/site-packages/airflow/example_dags/tutorial.py took 0.047 seconds
[2022-06-16 12:26:26,388] {processor.py:163} INFO - Started process (PID=10062) to work on /home/notme/airflow_venv/airflow_venv/lib/python3.8/site-packages/airflow/example_dags/tutorial.py
[2022-06-16 12:26:26,389] {processor.py:642} INFO - Processing file /home/notme/airflow_venv/airflow_venv/lib/python3.8/site-packages/airflow/example_dags/tutorial.py for tasks to queue
[2022-06-16 12:26:26,390] {logging_mixin.py:109} INFO - [2022-06-16 12:26:26,390] {dagbag.py:500} INFO - Filling up the DagBag from /home/notme/airflow_venv/airflow_venv/lib/python3.8/site-packages/airflow/example_dags/tutorial.py
[2022-06-16 12:26:26,404] {processor.py:652} INFO - DAG(s) dict_keys(['tutorial']) retrieved from /home/notme/airflow_venv/airflow_venv/lib/python3.8/site-packages/airflow/example_dags/tutorial.py
[2022-06-16 12:26:26,416] {logging_mixin.py:109} INFO - [2022-06-16 12:26:26,416] {dag.py:2398} INFO - Sync 1 DAGs
[2022-06-16 12:26:26,432] {logging_mixin.py:109} INFO - [2022-06-16 12:26:26,432] {dag.py:2937} INFO - Setting next_dagrun for tutorial to 2022-06-15T10:26:26.432187+00:00
[2022-06-16 12:26:26,449] {processor.py:171} INFO - Processing /home/notme/airflow_venv/airflow_venv/lib/python3.8/site-packages/airflow/example_dags/tutorial.py took 0.064 seconds
[2022-06-16 12:26:59,752] {processor.py:163} INFO - Started process (PID=10414) to work on /home/notme/airflow_venv/airflow_venv/lib/python3.8/site-packages/airflow/example_dags/tutorial.py
[2022-06-16 12:26:59,753] {processor.py:642} INFO - Processing file /home/notme/airflow_venv/airflow_venv/lib/python3.8/site-packages/airflow/example_dags/tutorial.py for tasks to queue
[2022-06-16 12:26:59,753] {logging_mixin.py:109} INFO - [2022-06-16 12:26:59,753] {dagbag.py:500} INFO - Filling up the DagBag from /home/notme/airflow_venv/airflow_venv/lib/python3.8/site-packages/airflow/example_dags/tutorial.py
[2022-06-16 12:26:59,765] {processor.py:652} INFO - DAG(s) dict_keys(['tutorial']) retrieved from /home/notme/airflow_venv/airflow_venv/lib/python3.8/site-packages/airflow/example_dags/tutorial.py
[2022-06-16 12:26:59,773] {logging_mixin.py:109} INFO - [2022-06-16 12:26:59,773] {dag.py:2398} INFO - Sync 1 DAGs
[2022-06-16 12:26:59,783] {logging_mixin.py:109} INFO - [2022-06-16 12:26:59,783] {dag.py:2937} INFO - Setting next_dagrun for tutorial to 2022-06-15T10:26:59.783302+00:00
[2022-06-16 12:26:59,796] {processor.py:171} INFO - Processing /home/notme/airflow_venv/airflow_venv/lib/python3.8/site-packages/airflow/example_dags/tutorial.py took 0.046 seconds
[2022-06-16 12:27:35,008] {processor.py:163} INFO - Started process (PID=10459) to work on /home/notme/airflow_venv/airflow_venv/lib/python3.8/site-packages/airflow/example_dags/tutorial.py
[2022-06-16 12:27:35,009] {processor.py:642} INFO - Processing file /home/notme/airflow_venv/airflow_venv/lib/python3.8/site-packages/airflow/example_dags/tutorial.py for tasks to queue
[2022-06-16 12:27:35,010] {logging_mixin.py:109} INFO - [2022-06-16 12:27:35,010] {dagbag.py:500} INFO - Filling up the DagBag from /home/notme/airflow_venv/airflow_venv/lib/python3.8/site-packages/airflow/example_dags/tutorial.py
[2022-06-16 12:27:35,020] {processor.py:652} INFO - DAG(s) dict_keys(['tutorial']) retrieved from /home/notme/airflow_venv/airflow_venv/lib/python3.8/site-packages/airflow/example_dags/tutorial.py
[2022-06-16 12:27:35,028] {logging_mixin.py:109} INFO - [2022-06-16 12:27:35,028] {dag.py:2398} INFO - Sync 1 DAGs
[2022-06-16 12:27:35,037] {logging_mixin.py:109} INFO - [2022-06-16 12:27:35,037] {dag.py:2937} INFO - Setting next_dagrun for tutorial to 2022-06-15T10:27:35.037590+00:00
[2022-06-16 12:27:35,050] {processor.py:171} INFO - Processing /home/notme/airflow_venv/airflow_venv/lib/python3.8/site-packages/airflow/example_dags/tutorial.py took 0.043 seconds
[2022-06-16 12:28:08,587] {processor.py:163} INFO - Started process (PID=10811) to work on /home/notme/airflow_venv/airflow_venv/lib/python3.8/site-packages/airflow/example_dags/tutorial.py
[2022-06-16 12:28:08,588] {processor.py:642} INFO - Processing file /home/notme/airflow_venv/airflow_venv/lib/python3.8/site-packages/airflow/example_dags/tutorial.py for tasks to queue
[2022-06-16 12:28:08,589] {logging_mixin.py:109} INFO - [2022-06-16 12:28:08,589] {dagbag.py:500} INFO - Filling up the DagBag from /home/notme/airflow_venv/airflow_venv/lib/python3.8/site-packages/airflow/example_dags/tutorial.py
[2022-06-16 12:28:08,600] {processor.py:652} INFO - DAG(s) dict_keys(['tutorial']) retrieved from /home/notme/airflow_venv/airflow_venv/lib/python3.8/site-packages/airflow/example_dags/tutorial.py
[2022-06-16 12:28:08,610] {logging_mixin.py:109} INFO - [2022-06-16 12:28:08,610] {dag.py:2398} INFO - Sync 1 DAGs
[2022-06-16 12:28:08,626] {logging_mixin.py:109} INFO - [2022-06-16 12:28:08,626] {dag.py:2937} INFO - Setting next_dagrun for tutorial to 2022-06-15T10:28:08.626469+00:00
[2022-06-16 12:28:08,645] {processor.py:171} INFO - Processing /home/notme/airflow_venv/airflow_venv/lib/python3.8/site-packages/airflow/example_dags/tutorial.py took 0.059 seconds
[2022-06-16 12:28:42,569] {processor.py:163} INFO - Started process (PID=11039) to work on /home/notme/airflow_venv/airflow_venv/lib/python3.8/site-packages/airflow/example_dags/tutorial.py
[2022-06-16 12:28:42,570] {processor.py:642} INFO - Processing file /home/notme/airflow_venv/airflow_venv/lib/python3.8/site-packages/airflow/example_dags/tutorial.py for tasks to queue
[2022-06-16 12:28:42,571] {logging_mixin.py:109} INFO - [2022-06-16 12:28:42,571] {dagbag.py:500} INFO - Filling up the DagBag from /home/notme/airflow_venv/airflow_venv/lib/python3.8/site-packages/airflow/example_dags/tutorial.py
[2022-06-16 12:28:42,581] {processor.py:652} INFO - DAG(s) dict_keys(['tutorial']) retrieved from /home/notme/airflow_venv/airflow_venv/lib/python3.8/site-packages/airflow/example_dags/tutorial.py
[2022-06-16 12:28:42,590] {logging_mixin.py:109} INFO - [2022-06-16 12:28:42,590] {dag.py:2398} INFO - Sync 1 DAGs
[2022-06-16 12:28:42,600] {logging_mixin.py:109} INFO - [2022-06-16 12:28:42,600] {dag.py:2937} INFO - Setting next_dagrun for tutorial to 2022-06-15T10:28:42.600172+00:00
[2022-06-16 12:28:42,613] {processor.py:171} INFO - Processing /home/notme/airflow_venv/airflow_venv/lib/python3.8/site-packages/airflow/example_dags/tutorial.py took 0.045 seconds
[2022-06-16 12:29:15,131] {processor.py:163} INFO - Started process (PID=11087) to work on /home/notme/airflow_venv/airflow_venv/lib/python3.8/site-packages/airflow/example_dags/tutorial.py
[2022-06-16 12:29:15,132] {processor.py:642} INFO - Processing file /home/notme/airflow_venv/airflow_venv/lib/python3.8/site-packages/airflow/example_dags/tutorial.py for tasks to queue
[2022-06-16 12:29:15,132] {logging_mixin.py:109} INFO - [2022-06-16 12:29:15,132] {dagbag.py:500} INFO - Filling up the DagBag from /home/notme/airflow_venv/airflow_venv/lib/python3.8/site-packages/airflow/example_dags/tutorial.py
[2022-06-16 12:29:15,144] {processor.py:652} INFO - DAG(s) dict_keys(['tutorial']) retrieved from /home/notme/airflow_venv/airflow_venv/lib/python3.8/site-packages/airflow/example_dags/tutorial.py
[2022-06-16 12:29:15,154] {logging_mixin.py:109} INFO - [2022-06-16 12:29:15,154] {dag.py:2398} INFO - Sync 1 DAGs
[2022-06-16 12:29:15,165] {logging_mixin.py:109} INFO - [2022-06-16 12:29:15,165] {dag.py:2937} INFO - Setting next_dagrun for tutorial to 2022-06-15T10:29:15.165042+00:00
[2022-06-16 12:29:15,178] {processor.py:171} INFO - Processing /home/notme/airflow_venv/airflow_venv/lib/python3.8/site-packages/airflow/example_dags/tutorial.py took 0.049 seconds
[2022-06-16 12:29:50,057] {processor.py:163} INFO - Started process (PID=11293) to work on /home/notme/airflow_venv/airflow_venv/lib/python3.8/site-packages/airflow/example_dags/tutorial.py
[2022-06-16 12:29:50,058] {processor.py:642} INFO - Processing file /home/notme/airflow_venv/airflow_venv/lib/python3.8/site-packages/airflow/example_dags/tutorial.py for tasks to queue
[2022-06-16 12:29:50,058] {logging_mixin.py:109} INFO - [2022-06-16 12:29:50,058] {dagbag.py:500} INFO - Filling up the DagBag from /home/notme/airflow_venv/airflow_venv/lib/python3.8/site-packages/airflow/example_dags/tutorial.py
[2022-06-16 12:29:50,067] {processor.py:652} INFO - DAG(s) dict_keys(['tutorial']) retrieved from /home/notme/airflow_venv/airflow_venv/lib/python3.8/site-packages/airflow/example_dags/tutorial.py
[2022-06-16 12:29:50,078] {logging_mixin.py:109} INFO - [2022-06-16 12:29:50,078] {dag.py:2398} INFO - Sync 1 DAGs
[2022-06-16 12:29:50,087] {logging_mixin.py:109} INFO - [2022-06-16 12:29:50,086] {dag.py:2937} INFO - Setting next_dagrun for tutorial to 2022-06-15T10:29:50.086800+00:00
[2022-06-16 12:29:50,100] {processor.py:171} INFO - Processing /home/notme/airflow_venv/airflow_venv/lib/python3.8/site-packages/airflow/example_dags/tutorial.py took 0.045 seconds
[2022-06-16 12:30:22,211] {processor.py:163} INFO - Started process (PID=11333) to work on /home/notme/airflow_venv/airflow_venv/lib/python3.8/site-packages/airflow/example_dags/tutorial.py
[2022-06-16 12:30:22,212] {processor.py:642} INFO - Processing file /home/notme/airflow_venv/airflow_venv/lib/python3.8/site-packages/airflow/example_dags/tutorial.py for tasks to queue
[2022-06-16 12:30:22,213] {logging_mixin.py:109} INFO - [2022-06-16 12:30:22,213] {dagbag.py:500} INFO - Filling up the DagBag from /home/notme/airflow_venv/airflow_venv/lib/python3.8/site-packages/airflow/example_dags/tutorial.py
[2022-06-16 12:30:22,222] {processor.py:652} INFO - DAG(s) dict_keys(['tutorial']) retrieved from /home/notme/airflow_venv/airflow_venv/lib/python3.8/site-packages/airflow/example_dags/tutorial.py
[2022-06-16 12:30:22,231] {logging_mixin.py:109} INFO - [2022-06-16 12:30:22,231] {dag.py:2398} INFO - Sync 1 DAGs
[2022-06-16 12:30:22,241] {logging_mixin.py:109} INFO - [2022-06-16 12:30:22,241] {dag.py:2937} INFO - Setting next_dagrun for tutorial to 2022-06-15T10:30:22.240933+00:00
[2022-06-16 12:30:22,252] {processor.py:171} INFO - Processing /home/notme/airflow_venv/airflow_venv/lib/python3.8/site-packages/airflow/example_dags/tutorial.py took 0.043 seconds
