[2022-06-18 21:34:31,086] {processor.py:163} INFO - Started process (PID=31060) to work on /home/notme/airflow/dags/movie_analysis_dag.py
[2022-06-18 21:34:31,086] {processor.py:642} INFO - Processing file /home/notme/airflow/dags/movie_analysis_dag.py for tasks to queue
[2022-06-18 21:34:31,087] {logging_mixin.py:109} INFO - [2022-06-18 21:34:31,087] {dagbag.py:500} INFO - Filling up the DagBag from /home/notme/airflow/dags/movie_analysis_dag.py
[2022-06-18 21:34:31,929] {processor.py:652} INFO - DAG(s) dict_keys(['a_dag']) retrieved from /home/notme/airflow/dags/movie_analysis_dag.py
[2022-06-18 21:34:32,210] {logging_mixin.py:109} INFO - [2022-06-18 21:34:32,210] {dag.py:2398} INFO - Sync 1 DAGs
[2022-06-18 21:34:32,225] {logging_mixin.py:109} INFO - [2022-06-18 21:34:32,225] {dag.py:2937} INFO - Setting next_dagrun for a_dag to None
[2022-06-18 21:34:32,447] {processor.py:171} INFO - Processing /home/notme/airflow/dags/movie_analysis_dag.py took 1.363 seconds
[2022-06-18 21:34:37,552] {processor.py:163} INFO - Started process (PID=31090) to work on /home/notme/airflow/dags/movie_analysis_dag.py
[2022-06-18 21:34:37,553] {processor.py:642} INFO - Processing file /home/notme/airflow/dags/movie_analysis_dag.py for tasks to queue
[2022-06-18 21:34:37,554] {logging_mixin.py:109} INFO - [2022-06-18 21:34:37,554] {dagbag.py:500} INFO - Filling up the DagBag from /home/notme/airflow/dags/movie_analysis_dag.py
[2022-06-18 21:34:43,799] {processor.py:652} INFO - DAG(s) dict_keys(['a_dag']) retrieved from /home/notme/airflow/dags/movie_analysis_dag.py
[2022-06-18 21:34:43,805] {logging_mixin.py:109} INFO - [2022-06-18 21:34:43,805] {dag.py:2398} INFO - Sync 1 DAGs
[2022-06-18 21:34:43,817] {logging_mixin.py:109} INFO - [2022-06-18 21:34:43,817] {dag.py:2937} INFO - Setting next_dagrun for a_dag to None
[2022-06-18 21:34:43,837] {processor.py:171} INFO - Processing /home/notme/airflow/dags/movie_analysis_dag.py took 6.287 seconds
[2022-06-18 21:34:51,084] {processor.py:163} INFO - Started process (PID=31163) to work on /home/notme/airflow/dags/movie_analysis_dag.py
[2022-06-18 21:34:51,085] {processor.py:642} INFO - Processing file /home/notme/airflow/dags/movie_analysis_dag.py for tasks to queue
[2022-06-18 21:34:51,085] {logging_mixin.py:109} INFO - [2022-06-18 21:34:51,085] {dagbag.py:500} INFO - Filling up the DagBag from /home/notme/airflow/dags/movie_analysis_dag.py
[2022-06-18 21:34:51,618] {processor.py:652} INFO - DAG(s) dict_keys(['a_dag']) retrieved from /home/notme/airflow/dags/movie_analysis_dag.py
[2022-06-18 21:34:51,623] {logging_mixin.py:109} INFO - [2022-06-18 21:34:51,623] {dag.py:2398} INFO - Sync 1 DAGs
[2022-06-18 21:34:51,634] {logging_mixin.py:109} INFO - [2022-06-18 21:34:51,634] {dag.py:2937} INFO - Setting next_dagrun for a_dag to None
[2022-06-18 21:34:51,647] {processor.py:171} INFO - Processing /home/notme/airflow/dags/movie_analysis_dag.py took 0.565 seconds
[2022-06-18 21:35:34,283] {processor.py:163} INFO - Started process (PID=32042) to work on /home/notme/airflow/dags/movie_analysis_dag.py
[2022-06-18 21:35:34,285] {processor.py:642} INFO - Processing file /home/notme/airflow/dags/movie_analysis_dag.py for tasks to queue
[2022-06-18 21:35:34,286] {logging_mixin.py:109} INFO - [2022-06-18 21:35:34,286] {dagbag.py:500} INFO - Filling up the DagBag from /home/notme/airflow/dags/movie_analysis_dag.py
[2022-06-18 21:35:47,078] {processor.py:652} INFO - DAG(s) dict_keys(['a_dag']) retrieved from /home/notme/airflow/dags/movie_analysis_dag.py
[2022-06-18 21:35:47,100] {logging_mixin.py:109} INFO - [2022-06-18 21:35:47,099] {dag.py:2398} INFO - Sync 1 DAGs
[2022-06-18 21:35:47,131] {logging_mixin.py:109} INFO - [2022-06-18 21:35:47,131] {dag.py:2937} INFO - Setting next_dagrun for a_dag to None
[2022-06-18 21:35:47,464] {processor.py:171} INFO - Processing /home/notme/airflow/dags/movie_analysis_dag.py took 13.183 seconds
[2022-06-18 21:36:17,939] {processor.py:163} INFO - Started process (PID=32549) to work on /home/notme/airflow/dags/movie_analysis_dag.py
[2022-06-18 21:36:17,941] {processor.py:642} INFO - Processing file /home/notme/airflow/dags/movie_analysis_dag.py for tasks to queue
[2022-06-18 21:36:17,942] {logging_mixin.py:109} INFO - [2022-06-18 21:36:17,941] {dagbag.py:500} INFO - Filling up the DagBag from /home/notme/airflow/dags/movie_analysis_dag.py
[2022-06-18 21:36:18,873] {processor.py:652} INFO - DAG(s) dict_keys(['a_dag']) retrieved from /home/notme/airflow/dags/movie_analysis_dag.py
[2022-06-18 21:36:18,884] {logging_mixin.py:109} INFO - [2022-06-18 21:36:18,884] {dag.py:2398} INFO - Sync 1 DAGs
[2022-06-18 21:36:18,896] {logging_mixin.py:109} INFO - [2022-06-18 21:36:18,896] {dag.py:2937} INFO - Setting next_dagrun for a_dag to None
[2022-06-18 21:36:18,922] {processor.py:171} INFO - Processing /home/notme/airflow/dags/movie_analysis_dag.py took 0.987 seconds
[2022-06-18 21:36:34,725] {processor.py:163} INFO - Started process (PID=32569) to work on /home/notme/airflow/dags/movie_analysis_dag.py
[2022-06-18 21:36:34,728] {processor.py:642} INFO - Processing file /home/notme/airflow/dags/movie_analysis_dag.py for tasks to queue
[2022-06-18 21:36:34,728] {logging_mixin.py:109} INFO - [2022-06-18 21:36:34,728] {dagbag.py:500} INFO - Filling up the DagBag from /home/notme/airflow/dags/movie_analysis_dag.py
[2022-06-18 21:36:35,738] {processor.py:652} INFO - DAG(s) dict_keys(['a_dag']) retrieved from /home/notme/airflow/dags/movie_analysis_dag.py
[2022-06-18 21:36:35,751] {logging_mixin.py:109} INFO - [2022-06-18 21:36:35,751] {dag.py:2398} INFO - Sync 1 DAGs
[2022-06-18 21:36:35,766] {logging_mixin.py:109} INFO - [2022-06-18 21:36:35,766] {dag.py:2937} INFO - Setting next_dagrun for a_dag to None
[2022-06-18 21:36:35,883] {processor.py:171} INFO - Processing /home/notme/airflow/dags/movie_analysis_dag.py took 1.161 seconds
[2022-06-18 21:36:56,215] {processor.py:163} INFO - Started process (PID=32594) to work on /home/notme/airflow/dags/movie_analysis_dag.py
[2022-06-18 21:36:56,227] {processor.py:642} INFO - Processing file /home/notme/airflow/dags/movie_analysis_dag.py for tasks to queue
[2022-06-18 21:36:56,228] {logging_mixin.py:109} INFO - [2022-06-18 21:36:56,228] {dagbag.py:500} INFO - Filling up the DagBag from /home/notme/airflow/dags/movie_analysis_dag.py
[2022-06-18 21:36:59,852] {processor.py:652} INFO - DAG(s) dict_keys(['a_dag']) retrieved from /home/notme/airflow/dags/movie_analysis_dag.py
[2022-06-18 21:36:59,877] {logging_mixin.py:109} INFO - [2022-06-18 21:36:59,876] {dag.py:2398} INFO - Sync 1 DAGs
[2022-06-18 21:36:59,897] {logging_mixin.py:109} INFO - [2022-06-18 21:36:59,897] {dag.py:2937} INFO - Setting next_dagrun for a_dag to None
[2022-06-18 21:36:59,931] {processor.py:171} INFO - Processing /home/notme/airflow/dags/movie_analysis_dag.py took 3.720 seconds
[2022-06-18 21:37:10,278] {processor.py:163} INFO - Started process (PID=32613) to work on /home/notme/airflow/dags/movie_analysis_dag.py
[2022-06-18 21:37:10,281] {processor.py:642} INFO - Processing file /home/notme/airflow/dags/movie_analysis_dag.py for tasks to queue
[2022-06-18 21:37:10,282] {logging_mixin.py:109} INFO - [2022-06-18 21:37:10,281] {dagbag.py:500} INFO - Filling up the DagBag from /home/notme/airflow/dags/movie_analysis_dag.py
[2022-06-18 21:37:10,910] {processor.py:652} INFO - DAG(s) dict_keys(['a_dag']) retrieved from /home/notme/airflow/dags/movie_analysis_dag.py
[2022-06-18 21:37:10,923] {logging_mixin.py:109} INFO - [2022-06-18 21:37:10,922] {dag.py:2398} INFO - Sync 1 DAGs
[2022-06-18 21:37:10,935] {logging_mixin.py:109} INFO - [2022-06-18 21:37:10,935] {dag.py:2937} INFO - Setting next_dagrun for a_dag to None
[2022-06-18 21:37:10,957] {processor.py:171} INFO - Processing /home/notme/airflow/dags/movie_analysis_dag.py took 0.681 seconds
[2022-06-18 21:37:26,118] {processor.py:163} INFO - Started process (PID=32643) to work on /home/notme/airflow/dags/movie_analysis_dag.py
[2022-06-18 21:37:26,119] {processor.py:642} INFO - Processing file /home/notme/airflow/dags/movie_analysis_dag.py for tasks to queue
[2022-06-18 21:37:26,120] {logging_mixin.py:109} INFO - [2022-06-18 21:37:26,119] {dagbag.py:500} INFO - Filling up the DagBag from /home/notme/airflow/dags/movie_analysis_dag.py
[2022-06-18 21:37:26,904] {processor.py:652} INFO - DAG(s) dict_keys(['a_dag']) retrieved from /home/notme/airflow/dags/movie_analysis_dag.py
[2022-06-18 21:37:26,919] {logging_mixin.py:109} INFO - [2022-06-18 21:37:26,918] {dag.py:2398} INFO - Sync 1 DAGs
[2022-06-18 21:37:26,935] {logging_mixin.py:109} INFO - [2022-06-18 21:37:26,935] {dag.py:2937} INFO - Setting next_dagrun for a_dag to None
[2022-06-18 21:37:26,975] {processor.py:171} INFO - Processing /home/notme/airflow/dags/movie_analysis_dag.py took 0.858 seconds
[2022-06-18 21:37:40,918] {processor.py:163} INFO - Started process (PID=387) to work on /home/notme/airflow/dags/movie_analysis_dag.py
[2022-06-18 21:37:40,920] {processor.py:642} INFO - Processing file /home/notme/airflow/dags/movie_analysis_dag.py for tasks to queue
[2022-06-18 21:37:40,921] {logging_mixin.py:109} INFO - [2022-06-18 21:37:40,921] {dagbag.py:500} INFO - Filling up the DagBag from /home/notme/airflow/dags/movie_analysis_dag.py
[2022-06-18 21:37:41,890] {processor.py:652} INFO - DAG(s) dict_keys(['a_dag']) retrieved from /home/notme/airflow/dags/movie_analysis_dag.py
[2022-06-18 21:37:41,912] {logging_mixin.py:109} INFO - [2022-06-18 21:37:41,912] {dag.py:2398} INFO - Sync 1 DAGs
[2022-06-18 21:37:41,937] {logging_mixin.py:109} INFO - [2022-06-18 21:37:41,937] {dag.py:2937} INFO - Setting next_dagrun for a_dag to None
[2022-06-18 21:37:41,989] {processor.py:171} INFO - Processing /home/notme/airflow/dags/movie_analysis_dag.py took 1.074 seconds
[2022-06-18 21:37:55,691] {processor.py:163} INFO - Started process (PID=935) to work on /home/notme/airflow/dags/movie_analysis_dag.py
[2022-06-18 21:37:55,692] {processor.py:642} INFO - Processing file /home/notme/airflow/dags/movie_analysis_dag.py for tasks to queue
[2022-06-18 21:37:55,693] {logging_mixin.py:109} INFO - [2022-06-18 21:37:55,693] {dagbag.py:500} INFO - Filling up the DagBag from /home/notme/airflow/dags/movie_analysis_dag.py
[2022-06-18 21:37:56,346] {processor.py:652} INFO - DAG(s) dict_keys(['a_dag']) retrieved from /home/notme/airflow/dags/movie_analysis_dag.py
[2022-06-18 21:37:56,355] {logging_mixin.py:109} INFO - [2022-06-18 21:37:56,355] {dag.py:2398} INFO - Sync 1 DAGs
[2022-06-18 21:37:56,364] {logging_mixin.py:109} INFO - [2022-06-18 21:37:56,364] {dag.py:2937} INFO - Setting next_dagrun for a_dag to None
[2022-06-18 21:37:56,401] {processor.py:171} INFO - Processing /home/notme/airflow/dags/movie_analysis_dag.py took 0.712 seconds
[2022-06-18 21:38:09,636] {processor.py:163} INFO - Started process (PID=955) to work on /home/notme/airflow/dags/movie_analysis_dag.py
[2022-06-18 21:38:09,637] {processor.py:642} INFO - Processing file /home/notme/airflow/dags/movie_analysis_dag.py for tasks to queue
[2022-06-18 21:38:09,637] {logging_mixin.py:109} INFO - [2022-06-18 21:38:09,637] {dagbag.py:500} INFO - Filling up the DagBag from /home/notme/airflow/dags/movie_analysis_dag.py
[2022-06-18 21:38:10,269] {processor.py:652} INFO - DAG(s) dict_keys(['a_dag']) retrieved from /home/notme/airflow/dags/movie_analysis_dag.py
[2022-06-18 21:38:10,278] {logging_mixin.py:109} INFO - [2022-06-18 21:38:10,278] {dag.py:2398} INFO - Sync 1 DAGs
[2022-06-18 21:38:10,289] {logging_mixin.py:109} INFO - [2022-06-18 21:38:10,289] {dag.py:2937} INFO - Setting next_dagrun for a_dag to None
[2022-06-18 21:38:10,313] {processor.py:171} INFO - Processing /home/notme/airflow/dags/movie_analysis_dag.py took 0.679 seconds
[2022-06-18 21:38:22,517] {processor.py:163} INFO - Started process (PID=984) to work on /home/notme/airflow/dags/movie_analysis_dag.py
[2022-06-18 21:38:22,518] {processor.py:642} INFO - Processing file /home/notme/airflow/dags/movie_analysis_dag.py for tasks to queue
[2022-06-18 21:38:22,519] {logging_mixin.py:109} INFO - [2022-06-18 21:38:22,519] {dagbag.py:500} INFO - Filling up the DagBag from /home/notme/airflow/dags/movie_analysis_dag.py
[2022-06-18 21:38:26,321] {processor.py:652} INFO - DAG(s) dict_keys(['a_dag']) retrieved from /home/notme/airflow/dags/movie_analysis_dag.py
[2022-06-18 21:38:26,339] {logging_mixin.py:109} INFO - [2022-06-18 21:38:26,339] {dag.py:2398} INFO - Sync 1 DAGs
[2022-06-18 21:38:26,365] {logging_mixin.py:109} INFO - [2022-06-18 21:38:26,364] {dag.py:2937} INFO - Setting next_dagrun for a_dag to None
[2022-06-18 21:38:26,845] {processor.py:171} INFO - Processing /home/notme/airflow/dags/movie_analysis_dag.py took 4.331 seconds
[2022-06-18 21:38:42,930] {processor.py:163} INFO - Started process (PID=1708) to work on /home/notme/airflow/dags/movie_analysis_dag.py
[2022-06-18 21:38:42,932] {processor.py:642} INFO - Processing file /home/notme/airflow/dags/movie_analysis_dag.py for tasks to queue
[2022-06-18 21:38:42,933] {logging_mixin.py:109} INFO - [2022-06-18 21:38:42,933] {dagbag.py:500} INFO - Filling up the DagBag from /home/notme/airflow/dags/movie_analysis_dag.py
[2022-06-18 21:38:45,323] {processor.py:652} INFO - DAG(s) dict_keys(['a_dag']) retrieved from /home/notme/airflow/dags/movie_analysis_dag.py
[2022-06-18 21:38:45,339] {logging_mixin.py:109} INFO - [2022-06-18 21:38:45,338] {dag.py:2398} INFO - Sync 1 DAGs
[2022-06-18 21:38:45,354] {logging_mixin.py:109} INFO - [2022-06-18 21:38:45,354] {dag.py:2937} INFO - Setting next_dagrun for a_dag to None
[2022-06-18 21:38:45,387] {processor.py:171} INFO - Processing /home/notme/airflow/dags/movie_analysis_dag.py took 2.461 seconds
[2022-06-18 21:39:03,271] {processor.py:163} INFO - Started process (PID=2047) to work on /home/notme/airflow/dags/movie_analysis_dag.py
[2022-06-18 21:39:03,365] {processor.py:642} INFO - Processing file /home/notme/airflow/dags/movie_analysis_dag.py for tasks to queue
[2022-06-18 21:39:03,366] {logging_mixin.py:109} INFO - [2022-06-18 21:39:03,366] {dagbag.py:500} INFO - Filling up the DagBag from /home/notme/airflow/dags/movie_analysis_dag.py
[2022-06-18 21:39:08,295] {processor.py:652} INFO - DAG(s) dict_keys(['a_dag']) retrieved from /home/notme/airflow/dags/movie_analysis_dag.py
[2022-06-18 21:39:08,308] {logging_mixin.py:109} INFO - [2022-06-18 21:39:08,308] {dag.py:2398} INFO - Sync 1 DAGs
[2022-06-18 21:39:08,321] {logging_mixin.py:109} INFO - [2022-06-18 21:39:08,321] {dag.py:2937} INFO - Setting next_dagrun for a_dag to None
[2022-06-18 21:39:08,459] {processor.py:171} INFO - Processing /home/notme/airflow/dags/movie_analysis_dag.py took 5.190 seconds
[2022-06-18 21:39:22,117] {processor.py:163} INFO - Started process (PID=2271) to work on /home/notme/airflow/dags/movie_analysis_dag.py
[2022-06-18 21:39:22,132] {processor.py:642} INFO - Processing file /home/notme/airflow/dags/movie_analysis_dag.py for tasks to queue
[2022-06-18 21:39:22,133] {logging_mixin.py:109} INFO - [2022-06-18 21:39:22,133] {dagbag.py:500} INFO - Filling up the DagBag from /home/notme/airflow/dags/movie_analysis_dag.py
[2022-06-18 21:39:23,253] {processor.py:652} INFO - DAG(s) dict_keys(['movie_analysis_dag']) retrieved from /home/notme/airflow/dags/movie_analysis_dag.py
[2022-06-18 21:39:24,126] {logging_mixin.py:109} INFO - [2022-06-18 21:39:24,126] {manager.py:496} INFO - Created Permission View: can read on DAG:movie_analysis_dag
[2022-06-18 21:39:24,159] {logging_mixin.py:109} INFO - [2022-06-18 21:39:24,159] {manager.py:496} INFO - Created Permission View: can edit on DAG:movie_analysis_dag
[2022-06-18 21:39:24,160] {logging_mixin.py:109} INFO - [2022-06-18 21:39:24,159] {dag.py:2398} INFO - Sync 1 DAGs
[2022-06-18 21:39:24,169] {logging_mixin.py:109} INFO - [2022-06-18 21:39:24,169] {dag.py:2417} INFO - Creating ORM DAG for movie_analysis_dag
[2022-06-18 21:39:24,176] {logging_mixin.py:109} INFO - [2022-06-18 21:39:24,176] {dag.py:2937} INFO - Setting next_dagrun for movie_analysis_dag to None
[2022-06-18 21:39:24,210] {processor.py:171} INFO - Processing /home/notme/airflow/dags/movie_analysis_dag.py took 2.095 seconds
[2022-06-18 21:39:40,433] {processor.py:163} INFO - Started process (PID=2297) to work on /home/notme/airflow/dags/movie_analysis_dag.py
[2022-06-18 21:39:40,434] {processor.py:642} INFO - Processing file /home/notme/airflow/dags/movie_analysis_dag.py for tasks to queue
[2022-06-18 21:39:40,435] {logging_mixin.py:109} INFO - [2022-06-18 21:39:40,435] {dagbag.py:500} INFO - Filling up the DagBag from /home/notme/airflow/dags/movie_analysis_dag.py
[2022-06-18 21:39:40,992] {processor.py:652} INFO - DAG(s) dict_keys(['movie_analysis_dag']) retrieved from /home/notme/airflow/dags/movie_analysis_dag.py
[2022-06-18 21:39:40,999] {logging_mixin.py:109} INFO - [2022-06-18 21:39:40,998] {dag.py:2398} INFO - Sync 1 DAGs
[2022-06-18 21:39:41,009] {logging_mixin.py:109} INFO - [2022-06-18 21:39:41,009] {dag.py:2937} INFO - Setting next_dagrun for movie_analysis_dag to None
[2022-06-18 21:39:41,034] {processor.py:171} INFO - Processing /home/notme/airflow/dags/movie_analysis_dag.py took 0.604 seconds
[2022-06-18 21:39:54,432] {processor.py:163} INFO - Started process (PID=2318) to work on /home/notme/airflow/dags/movie_analysis_dag.py
[2022-06-18 21:39:54,433] {processor.py:642} INFO - Processing file /home/notme/airflow/dags/movie_analysis_dag.py for tasks to queue
[2022-06-18 21:39:54,433] {logging_mixin.py:109} INFO - [2022-06-18 21:39:54,433] {dagbag.py:500} INFO - Filling up the DagBag from /home/notme/airflow/dags/movie_analysis_dag.py
[2022-06-18 21:39:55,048] {processor.py:652} INFO - DAG(s) dict_keys(['movie_analysis_dag']) retrieved from /home/notme/airflow/dags/movie_analysis_dag.py
[2022-06-18 21:39:55,058] {logging_mixin.py:109} INFO - [2022-06-18 21:39:55,058] {dag.py:2398} INFO - Sync 1 DAGs
[2022-06-18 21:39:55,067] {logging_mixin.py:109} INFO - [2022-06-18 21:39:55,067] {dag.py:2937} INFO - Setting next_dagrun for movie_analysis_dag to None
[2022-06-18 21:39:55,098] {processor.py:171} INFO - Processing /home/notme/airflow/dags/movie_analysis_dag.py took 0.668 seconds
[2022-06-18 21:40:10,184] {processor.py:163} INFO - Started process (PID=3069) to work on /home/notme/airflow/dags/movie_analysis_dag.py
[2022-06-18 21:40:10,190] {processor.py:642} INFO - Processing file /home/notme/airflow/dags/movie_analysis_dag.py for tasks to queue
[2022-06-18 21:40:10,191] {logging_mixin.py:109} INFO - [2022-06-18 21:40:10,191] {dagbag.py:500} INFO - Filling up the DagBag from /home/notme/airflow/dags/movie_analysis_dag.py
[2022-06-18 21:40:18,715] {processor.py:652} INFO - DAG(s) dict_keys(['movie_analysis_dag']) retrieved from /home/notme/airflow/dags/movie_analysis_dag.py
[2022-06-18 21:40:18,728] {logging_mixin.py:109} INFO - [2022-06-18 21:40:18,727] {dag.py:2398} INFO - Sync 1 DAGs
[2022-06-18 21:40:18,743] {logging_mixin.py:109} INFO - [2022-06-18 21:40:18,743] {dag.py:2937} INFO - Setting next_dagrun for movie_analysis_dag to None
[2022-06-18 21:40:19,624] {processor.py:171} INFO - Processing /home/notme/airflow/dags/movie_analysis_dag.py took 9.443 seconds
[2022-06-18 21:40:34,781] {processor.py:163} INFO - Started process (PID=3092) to work on /home/notme/airflow/dags/movie_analysis_dag.py
[2022-06-18 21:40:34,783] {processor.py:642} INFO - Processing file /home/notme/airflow/dags/movie_analysis_dag.py for tasks to queue
[2022-06-18 21:40:34,784] {logging_mixin.py:109} INFO - [2022-06-18 21:40:34,783] {dagbag.py:500} INFO - Filling up the DagBag from /home/notme/airflow/dags/movie_analysis_dag.py
[2022-06-18 21:40:35,599] {processor.py:652} INFO - DAG(s) dict_keys(['movie_analysis_dag']) retrieved from /home/notme/airflow/dags/movie_analysis_dag.py
[2022-06-18 21:40:35,610] {logging_mixin.py:109} INFO - [2022-06-18 21:40:35,609] {dag.py:2398} INFO - Sync 1 DAGs
[2022-06-18 21:40:35,619] {logging_mixin.py:109} INFO - [2022-06-18 21:40:35,619] {dag.py:2937} INFO - Setting next_dagrun for movie_analysis_dag to None
[2022-06-18 21:40:35,873] {processor.py:171} INFO - Processing /home/notme/airflow/dags/movie_analysis_dag.py took 1.095 seconds
[2022-06-18 21:40:56,843] {processor.py:163} INFO - Started process (PID=3136) to work on /home/notme/airflow/dags/movie_analysis_dag.py
[2022-06-18 21:40:56,845] {processor.py:642} INFO - Processing file /home/notme/airflow/dags/movie_analysis_dag.py for tasks to queue
[2022-06-18 21:40:56,846] {logging_mixin.py:109} INFO - [2022-06-18 21:40:56,846] {dagbag.py:500} INFO - Filling up the DagBag from /home/notme/airflow/dags/movie_analysis_dag.py
[2022-06-18 21:40:57,449] {processor.py:652} INFO - DAG(s) dict_keys(['movie_analysis_dag']) retrieved from /home/notme/airflow/dags/movie_analysis_dag.py
[2022-06-18 21:40:57,459] {logging_mixin.py:109} INFO - [2022-06-18 21:40:57,459] {dag.py:2398} INFO - Sync 1 DAGs
[2022-06-18 21:40:57,470] {logging_mixin.py:109} INFO - [2022-06-18 21:40:57,470] {dag.py:2937} INFO - Setting next_dagrun for movie_analysis_dag to None
[2022-06-18 21:40:57,498] {processor.py:171} INFO - Processing /home/notme/airflow/dags/movie_analysis_dag.py took 0.657 seconds
[2022-06-18 21:41:07,979] {processor.py:163} INFO - Started process (PID=3154) to work on /home/notme/airflow/dags/movie_analysis_dag.py
[2022-06-18 21:41:07,980] {processor.py:642} INFO - Processing file /home/notme/airflow/dags/movie_analysis_dag.py for tasks to queue
[2022-06-18 21:41:07,981] {logging_mixin.py:109} INFO - [2022-06-18 21:41:07,980] {dagbag.py:500} INFO - Filling up the DagBag from /home/notme/airflow/dags/movie_analysis_dag.py
[2022-06-18 21:41:08,513] {processor.py:652} INFO - DAG(s) dict_keys(['movie_analysis_dag']) retrieved from /home/notme/airflow/dags/movie_analysis_dag.py
[2022-06-18 21:41:08,522] {logging_mixin.py:109} INFO - [2022-06-18 21:41:08,522] {dag.py:2398} INFO - Sync 1 DAGs
[2022-06-18 21:41:08,531] {logging_mixin.py:109} INFO - [2022-06-18 21:41:08,531] {dag.py:2937} INFO - Setting next_dagrun for movie_analysis_dag to None
[2022-06-18 21:41:08,562] {processor.py:171} INFO - Processing /home/notme/airflow/dags/movie_analysis_dag.py took 0.585 seconds
[2022-06-18 21:58:03,908] {processor.py:163} INFO - Started process (PID=4029) to work on /home/notme/airflow/dags/movie_analysis_dag.py
[2022-06-18 21:58:03,909] {processor.py:642} INFO - Processing file /home/notme/airflow/dags/movie_analysis_dag.py for tasks to queue
[2022-06-18 21:58:03,910] {logging_mixin.py:109} INFO - [2022-06-18 21:58:03,909] {dagbag.py:500} INFO - Filling up the DagBag from /home/notme/airflow/dags/movie_analysis_dag.py
[2022-06-18 21:58:04,583] {processor.py:652} INFO - DAG(s) dict_keys(['movie_analysis_dag']) retrieved from /home/notme/airflow/dags/movie_analysis_dag.py
[2022-06-18 21:58:04,596] {logging_mixin.py:109} INFO - [2022-06-18 21:58:04,595] {dag.py:2398} INFO - Sync 1 DAGs
[2022-06-18 21:58:04,605] {logging_mixin.py:109} INFO - [2022-06-18 21:58:04,605] {dag.py:2937} INFO - Setting next_dagrun for movie_analysis_dag to None
[2022-06-18 21:58:04,631] {processor.py:171} INFO - Processing /home/notme/airflow/dags/movie_analysis_dag.py took 0.724 seconds
[2022-06-18 22:03:52,151] {processor.py:163} INFO - Started process (PID=4633) to work on /home/notme/airflow/dags/movie_analysis_dag.py
[2022-06-18 22:03:52,153] {processor.py:642} INFO - Processing file /home/notme/airflow/dags/movie_analysis_dag.py for tasks to queue
[2022-06-18 22:03:52,153] {logging_mixin.py:109} INFO - [2022-06-18 22:03:52,153] {dagbag.py:500} INFO - Filling up the DagBag from /home/notme/airflow/dags/movie_analysis_dag.py
[2022-06-18 22:03:52,949] {processor.py:652} INFO - DAG(s) dict_keys(['movie_analysis_dag']) retrieved from /home/notme/airflow/dags/movie_analysis_dag.py
[2022-06-18 22:03:52,959] {logging_mixin.py:109} INFO - [2022-06-18 22:03:52,959] {dag.py:2398} INFO - Sync 1 DAGs
[2022-06-18 22:03:52,972] {logging_mixin.py:109} INFO - [2022-06-18 22:03:52,972] {dag.py:2937} INFO - Setting next_dagrun for movie_analysis_dag to None
[2022-06-18 22:03:52,996] {processor.py:171} INFO - Processing /home/notme/airflow/dags/movie_analysis_dag.py took 0.847 seconds
[2022-06-18 22:04:36,634] {processor.py:163} INFO - Started process (PID=4688) to work on /home/notme/airflow/dags/movie_analysis_dag.py
[2022-06-18 22:04:36,636] {processor.py:642} INFO - Processing file /home/notme/airflow/dags/movie_analysis_dag.py for tasks to queue
[2022-06-18 22:04:36,636] {logging_mixin.py:109} INFO - [2022-06-18 22:04:36,636] {dagbag.py:500} INFO - Filling up the DagBag from /home/notme/airflow/dags/movie_analysis_dag.py
[2022-06-18 22:04:37,332] {processor.py:652} INFO - DAG(s) dict_keys(['movie_analysis_dag']) retrieved from /home/notme/airflow/dags/movie_analysis_dag.py
[2022-06-18 22:04:37,344] {logging_mixin.py:109} INFO - [2022-06-18 22:04:37,343] {dag.py:2398} INFO - Sync 1 DAGs
[2022-06-18 22:04:37,358] {logging_mixin.py:109} INFO - [2022-06-18 22:04:37,358] {dag.py:2937} INFO - Setting next_dagrun for movie_analysis_dag to None
[2022-06-18 22:04:37,387] {processor.py:171} INFO - Processing /home/notme/airflow/dags/movie_analysis_dag.py took 0.756 seconds
[2022-06-18 22:04:50,059] {processor.py:163} INFO - Started process (PID=4883) to work on /home/notme/airflow/dags/movie_analysis_dag.py
[2022-06-18 22:04:50,067] {processor.py:642} INFO - Processing file /home/notme/airflow/dags/movie_analysis_dag.py for tasks to queue
[2022-06-18 22:04:50,068] {logging_mixin.py:109} INFO - [2022-06-18 22:04:50,068] {dagbag.py:500} INFO - Filling up the DagBag from /home/notme/airflow/dags/movie_analysis_dag.py
[2022-06-18 22:05:13,260] {processor.py:652} INFO - DAG(s) dict_keys(['movie_analysis_dag']) retrieved from /home/notme/airflow/dags/movie_analysis_dag.py
[2022-06-18 22:05:13,286] {logging_mixin.py:109} INFO - [2022-06-18 22:05:13,286] {dag.py:2398} INFO - Sync 1 DAGs
[2022-06-18 22:05:13,305] {logging_mixin.py:109} INFO - [2022-06-18 22:05:13,305] {dag.py:2937} INFO - Setting next_dagrun for movie_analysis_dag to None
[2022-06-18 22:05:13,975] {processor.py:171} INFO - Processing /home/notme/airflow/dags/movie_analysis_dag.py took 23.919 seconds
[2022-06-18 22:05:26,947] {processor.py:163} INFO - Started process (PID=5554) to work on /home/notme/airflow/dags/movie_analysis_dag.py
[2022-06-18 22:05:26,948] {processor.py:642} INFO - Processing file /home/notme/airflow/dags/movie_analysis_dag.py for tasks to queue
[2022-06-18 22:05:26,950] {logging_mixin.py:109} INFO - [2022-06-18 22:05:26,949] {dagbag.py:500} INFO - Filling up the DagBag from /home/notme/airflow/dags/movie_analysis_dag.py
[2022-06-18 22:05:27,652] {processor.py:652} INFO - DAG(s) dict_keys(['movie_analysis_dag']) retrieved from /home/notme/airflow/dags/movie_analysis_dag.py
[2022-06-18 22:05:27,660] {logging_mixin.py:109} INFO - [2022-06-18 22:05:27,660] {dag.py:2398} INFO - Sync 1 DAGs
[2022-06-18 22:05:27,672] {logging_mixin.py:109} INFO - [2022-06-18 22:05:27,672] {dag.py:2937} INFO - Setting next_dagrun for movie_analysis_dag to None
[2022-06-18 22:05:27,697] {processor.py:171} INFO - Processing /home/notme/airflow/dags/movie_analysis_dag.py took 0.754 seconds
[2022-06-18 22:05:54,966] {processor.py:163} INFO - Started process (PID=5589) to work on /home/notme/airflow/dags/movie_analysis_dag.py
[2022-06-18 22:05:54,967] {processor.py:642} INFO - Processing file /home/notme/airflow/dags/movie_analysis_dag.py for tasks to queue
[2022-06-18 22:05:54,968] {logging_mixin.py:109} INFO - [2022-06-18 22:05:54,967] {dagbag.py:500} INFO - Filling up the DagBag from /home/notme/airflow/dags/movie_analysis_dag.py
[2022-06-18 22:05:55,598] {processor.py:652} INFO - DAG(s) dict_keys(['movie_analysis_dag']) retrieved from /home/notme/airflow/dags/movie_analysis_dag.py
[2022-06-18 22:05:55,608] {logging_mixin.py:109} INFO - [2022-06-18 22:05:55,608] {dag.py:2398} INFO - Sync 1 DAGs
[2022-06-18 22:05:55,625] {logging_mixin.py:109} INFO - [2022-06-18 22:05:55,625] {dag.py:2937} INFO - Setting next_dagrun for movie_analysis_dag to None
[2022-06-18 22:05:55,658] {processor.py:171} INFO - Processing /home/notme/airflow/dags/movie_analysis_dag.py took 0.695 seconds
[2022-06-18 22:06:07,321] {processor.py:163} INFO - Started process (PID=5610) to work on /home/notme/airflow/dags/movie_analysis_dag.py
[2022-06-18 22:06:07,322] {processor.py:642} INFO - Processing file /home/notme/airflow/dags/movie_analysis_dag.py for tasks to queue
[2022-06-18 22:06:07,322] {logging_mixin.py:109} INFO - [2022-06-18 22:06:07,322] {dagbag.py:500} INFO - Filling up the DagBag from /home/notme/airflow/dags/movie_analysis_dag.py
[2022-06-18 22:06:08,147] {processor.py:652} INFO - DAG(s) dict_keys(['movie_analysis_dag']) retrieved from /home/notme/airflow/dags/movie_analysis_dag.py
[2022-06-18 22:06:08,164] {logging_mixin.py:109} INFO - [2022-06-18 22:06:08,163] {dag.py:2398} INFO - Sync 1 DAGs
[2022-06-18 22:06:08,176] {logging_mixin.py:109} INFO - [2022-06-18 22:06:08,176] {dag.py:2937} INFO - Setting next_dagrun for movie_analysis_dag to None
[2022-06-18 22:06:08,209] {processor.py:171} INFO - Processing /home/notme/airflow/dags/movie_analysis_dag.py took 0.890 seconds
[2022-06-18 22:06:23,950] {processor.py:163} INFO - Started process (PID=5630) to work on /home/notme/airflow/dags/movie_analysis_dag.py
[2022-06-18 22:06:23,952] {processor.py:642} INFO - Processing file /home/notme/airflow/dags/movie_analysis_dag.py for tasks to queue
[2022-06-18 22:06:23,952] {logging_mixin.py:109} INFO - [2022-06-18 22:06:23,952] {dagbag.py:500} INFO - Filling up the DagBag from /home/notme/airflow/dags/movie_analysis_dag.py
[2022-06-18 22:06:24,727] {processor.py:652} INFO - DAG(s) dict_keys(['movie_analysis_dag']) retrieved from /home/notme/airflow/dags/movie_analysis_dag.py
[2022-06-18 22:06:24,737] {logging_mixin.py:109} INFO - [2022-06-18 22:06:24,737] {dag.py:2398} INFO - Sync 1 DAGs
[2022-06-18 22:06:24,747] {logging_mixin.py:109} INFO - [2022-06-18 22:06:24,747] {dag.py:2937} INFO - Setting next_dagrun for movie_analysis_dag to None
[2022-06-18 22:06:24,768] {processor.py:171} INFO - Processing /home/notme/airflow/dags/movie_analysis_dag.py took 0.820 seconds
[2022-06-18 22:06:39,731] {processor.py:163} INFO - Started process (PID=5656) to work on /home/notme/airflow/dags/movie_analysis_dag.py
[2022-06-18 22:06:39,732] {processor.py:642} INFO - Processing file /home/notme/airflow/dags/movie_analysis_dag.py for tasks to queue
[2022-06-18 22:06:39,732] {logging_mixin.py:109} INFO - [2022-06-18 22:06:39,732] {dagbag.py:500} INFO - Filling up the DagBag from /home/notme/airflow/dags/movie_analysis_dag.py
[2022-06-18 22:06:40,489] {processor.py:652} INFO - DAG(s) dict_keys(['movie_analysis_dag']) retrieved from /home/notme/airflow/dags/movie_analysis_dag.py
[2022-06-18 22:06:40,497] {logging_mixin.py:109} INFO - [2022-06-18 22:06:40,497] {dag.py:2398} INFO - Sync 1 DAGs
[2022-06-18 22:06:40,510] {logging_mixin.py:109} INFO - [2022-06-18 22:06:40,509] {dag.py:2937} INFO - Setting next_dagrun for movie_analysis_dag to None
[2022-06-18 22:06:40,534] {processor.py:171} INFO - Processing /home/notme/airflow/dags/movie_analysis_dag.py took 0.806 seconds
[2022-06-18 22:06:53,332] {processor.py:163} INFO - Started process (PID=5679) to work on /home/notme/airflow/dags/movie_analysis_dag.py
[2022-06-18 22:06:53,333] {processor.py:642} INFO - Processing file /home/notme/airflow/dags/movie_analysis_dag.py for tasks to queue
[2022-06-18 22:06:53,334] {logging_mixin.py:109} INFO - [2022-06-18 22:06:53,333] {dagbag.py:500} INFO - Filling up the DagBag from /home/notme/airflow/dags/movie_analysis_dag.py
[2022-06-18 22:06:54,422] {processor.py:652} INFO - DAG(s) dict_keys(['movie_analysis_dag']) retrieved from /home/notme/airflow/dags/movie_analysis_dag.py
[2022-06-18 22:06:54,442] {logging_mixin.py:109} INFO - [2022-06-18 22:06:54,441] {dag.py:2398} INFO - Sync 1 DAGs
[2022-06-18 22:06:54,466] {logging_mixin.py:109} INFO - [2022-06-18 22:06:54,466] {dag.py:2937} INFO - Setting next_dagrun for movie_analysis_dag to None
[2022-06-18 22:06:54,806] {processor.py:171} INFO - Processing /home/notme/airflow/dags/movie_analysis_dag.py took 1.478 seconds
[2022-06-18 22:07:04,778] {processor.py:163} INFO - Started process (PID=5698) to work on /home/notme/airflow/dags/movie_analysis_dag.py
[2022-06-18 22:07:04,780] {processor.py:642} INFO - Processing file /home/notme/airflow/dags/movie_analysis_dag.py for tasks to queue
[2022-06-18 22:07:04,781] {logging_mixin.py:109} INFO - [2022-06-18 22:07:04,781] {dagbag.py:500} INFO - Filling up the DagBag from /home/notme/airflow/dags/movie_analysis_dag.py
[2022-06-18 22:07:16,774] {processor.py:652} INFO - DAG(s) dict_keys(['movie_analysis_dag']) retrieved from /home/notme/airflow/dags/movie_analysis_dag.py
[2022-06-18 22:07:16,789] {logging_mixin.py:109} INFO - [2022-06-18 22:07:16,788] {dag.py:2398} INFO - Sync 1 DAGs
[2022-06-18 22:07:16,801] {logging_mixin.py:109} INFO - [2022-06-18 22:07:16,801] {dag.py:2937} INFO - Setting next_dagrun for movie_analysis_dag to None
[2022-06-18 22:07:16,849] {processor.py:171} INFO - Processing /home/notme/airflow/dags/movie_analysis_dag.py took 12.074 seconds
[2022-06-18 22:07:26,914] {processor.py:163} INFO - Started process (PID=5717) to work on /home/notme/airflow/dags/movie_analysis_dag.py
[2022-06-18 22:07:26,915] {processor.py:642} INFO - Processing file /home/notme/airflow/dags/movie_analysis_dag.py for tasks to queue
[2022-06-18 22:07:26,915] {logging_mixin.py:109} INFO - [2022-06-18 22:07:26,915] {dagbag.py:500} INFO - Filling up the DagBag from /home/notme/airflow/dags/movie_analysis_dag.py
[2022-06-18 22:07:27,696] {processor.py:652} INFO - DAG(s) dict_keys(['movie_analysis_dag']) retrieved from /home/notme/airflow/dags/movie_analysis_dag.py
[2022-06-18 22:07:27,715] {logging_mixin.py:109} INFO - [2022-06-18 22:07:27,715] {dag.py:2398} INFO - Sync 1 DAGs
[2022-06-18 22:07:27,738] {logging_mixin.py:109} INFO - [2022-06-18 22:07:27,738] {dag.py:2937} INFO - Setting next_dagrun for movie_analysis_dag to None
[2022-06-18 22:07:27,764] {processor.py:171} INFO - Processing /home/notme/airflow/dags/movie_analysis_dag.py took 0.852 seconds
[2022-06-18 22:07:53,665] {processor.py:163} INFO - Started process (PID=5749) to work on /home/notme/airflow/dags/movie_analysis_dag.py
[2022-06-18 22:07:53,674] {processor.py:642} INFO - Processing file /home/notme/airflow/dags/movie_analysis_dag.py for tasks to queue
[2022-06-18 22:07:53,675] {logging_mixin.py:109} INFO - [2022-06-18 22:07:53,675] {dagbag.py:500} INFO - Filling up the DagBag from /home/notme/airflow/dags/movie_analysis_dag.py
[2022-06-18 22:08:01,118] {processor.py:652} INFO - DAG(s) dict_keys(['movie_analysis_dag']) retrieved from /home/notme/airflow/dags/movie_analysis_dag.py
[2022-06-18 22:08:01,127] {logging_mixin.py:109} INFO - [2022-06-18 22:08:01,126] {dag.py:2398} INFO - Sync 1 DAGs
[2022-06-18 22:08:01,139] {logging_mixin.py:109} INFO - [2022-06-18 22:08:01,139] {dag.py:2937} INFO - Setting next_dagrun for movie_analysis_dag to None
[2022-06-18 22:08:01,165] {processor.py:171} INFO - Processing /home/notme/airflow/dags/movie_analysis_dag.py took 7.502 seconds
[2022-06-18 22:08:16,300] {processor.py:163} INFO - Started process (PID=5772) to work on /home/notme/airflow/dags/movie_analysis_dag.py
[2022-06-18 22:08:16,302] {processor.py:642} INFO - Processing file /home/notme/airflow/dags/movie_analysis_dag.py for tasks to queue
[2022-06-18 22:08:16,302] {logging_mixin.py:109} INFO - [2022-06-18 22:08:16,302] {dagbag.py:500} INFO - Filling up the DagBag from /home/notme/airflow/dags/movie_analysis_dag.py
[2022-06-18 22:08:22,605] {processor.py:652} INFO - DAG(s) dict_keys(['movie_analysis_dag']) retrieved from /home/notme/airflow/dags/movie_analysis_dag.py
[2022-06-18 22:08:22,622] {logging_mixin.py:109} INFO - [2022-06-18 22:08:22,622] {dag.py:2398} INFO - Sync 1 DAGs
[2022-06-18 22:08:22,640] {logging_mixin.py:109} INFO - [2022-06-18 22:08:22,640] {dag.py:2937} INFO - Setting next_dagrun for movie_analysis_dag to None
[2022-06-18 22:08:22,678] {processor.py:171} INFO - Processing /home/notme/airflow/dags/movie_analysis_dag.py took 6.381 seconds
[2022-06-18 22:14:44,171] {processor.py:163} INFO - Started process (PID=6752) to work on /home/notme/airflow/dags/movie_analysis_dag.py
[2022-06-18 22:14:44,172] {processor.py:642} INFO - Processing file /home/notme/airflow/dags/movie_analysis_dag.py for tasks to queue
[2022-06-18 22:14:44,173] {logging_mixin.py:109} INFO - [2022-06-18 22:14:44,172] {dagbag.py:500} INFO - Filling up the DagBag from /home/notme/airflow/dags/movie_analysis_dag.py
[2022-06-18 22:14:45,046] {processor.py:652} INFO - DAG(s) dict_keys(['movie_analysis_dag']) retrieved from /home/notme/airflow/dags/movie_analysis_dag.py
[2022-06-18 22:14:45,063] {logging_mixin.py:109} INFO - [2022-06-18 22:14:45,062] {dag.py:2398} INFO - Sync 1 DAGs
[2022-06-18 22:14:45,077] {logging_mixin.py:109} INFO - [2022-06-18 22:14:45,077] {dag.py:2937} INFO - Setting next_dagrun for movie_analysis_dag to None
[2022-06-18 22:14:45,117] {processor.py:171} INFO - Processing /home/notme/airflow/dags/movie_analysis_dag.py took 0.948 seconds
[2022-06-18 22:27:56,662] {processor.py:163} INFO - Started process (PID=419) to work on /home/notme/airflow/dags/movie_analysis_dag.py
[2022-06-18 22:27:56,664] {processor.py:642} INFO - Processing file /home/notme/airflow/dags/movie_analysis_dag.py for tasks to queue
[2022-06-18 22:27:56,664] {logging_mixin.py:109} INFO - [2022-06-18 22:27:56,664] {dagbag.py:500} INFO - Filling up the DagBag from /home/notme/airflow/dags/movie_analysis_dag.py
[2022-06-18 22:27:57,812] {processor.py:652} INFO - DAG(s) dict_keys(['movie_analysis_dag']) retrieved from /home/notme/airflow/dags/movie_analysis_dag.py
[2022-06-18 22:27:57,832] {logging_mixin.py:109} INFO - [2022-06-18 22:27:57,831] {dag.py:2398} INFO - Sync 1 DAGs
[2022-06-18 22:27:57,851] {logging_mixin.py:109} INFO - [2022-06-18 22:27:57,851] {dag.py:2937} INFO - Setting next_dagrun for movie_analysis_dag to None
[2022-06-18 22:27:57,877] {processor.py:171} INFO - Processing /home/notme/airflow/dags/movie_analysis_dag.py took 1.218 seconds
