[2022-06-16 12:15:26,765] {processor.py:163} INFO - Started process (PID=1225) to work on /home/notme/airflow_venv/airflow_venv/lib/python3.8/site-packages/airflow/example_dags/subdags/subdag.py
[2022-06-16 12:15:26,766] {processor.py:642} INFO - Processing file /home/notme/airflow_venv/airflow_venv/lib/python3.8/site-packages/airflow/example_dags/subdags/subdag.py for tasks to queue
[2022-06-16 12:15:26,766] {logging_mixin.py:109} INFO - [2022-06-16 12:15:26,766] {dagbag.py:500} INFO - Filling up the DagBag from /home/notme/airflow_venv/airflow_venv/lib/python3.8/site-packages/airflow/example_dags/subdags/subdag.py
[2022-06-16 12:15:26,768] {processor.py:654} WARNING - No viable dags retrieved from /home/notme/airflow_venv/airflow_venv/lib/python3.8/site-packages/airflow/example_dags/subdags/subdag.py
[2022-06-16 12:15:26,773] {processor.py:171} INFO - Processing /home/notme/airflow_venv/airflow_venv/lib/python3.8/site-packages/airflow/example_dags/subdags/subdag.py took 0.010 seconds
[2022-06-16 12:16:03,014] {processor.py:163} INFO - Started process (PID=1417) to work on /home/notme/airflow_venv/airflow_venv/lib/python3.8/site-packages/airflow/example_dags/subdags/subdag.py
[2022-06-16 12:16:03,015] {processor.py:642} INFO - Processing file /home/notme/airflow_venv/airflow_venv/lib/python3.8/site-packages/airflow/example_dags/subdags/subdag.py for tasks to queue
[2022-06-16 12:16:03,016] {logging_mixin.py:109} INFO - [2022-06-16 12:16:03,016] {dagbag.py:500} INFO - Filling up the DagBag from /home/notme/airflow_venv/airflow_venv/lib/python3.8/site-packages/airflow/example_dags/subdags/subdag.py
[2022-06-16 12:16:03,018] {processor.py:654} WARNING - No viable dags retrieved from /home/notme/airflow_venv/airflow_venv/lib/python3.8/site-packages/airflow/example_dags/subdags/subdag.py
[2022-06-16 12:16:03,025] {processor.py:171} INFO - Processing /home/notme/airflow_venv/airflow_venv/lib/python3.8/site-packages/airflow/example_dags/subdags/subdag.py took 0.014 seconds
[2022-06-16 12:16:37,976] {processor.py:163} INFO - Started process (PID=1758) to work on /home/notme/airflow_venv/airflow_venv/lib/python3.8/site-packages/airflow/example_dags/subdags/subdag.py
[2022-06-16 12:16:37,977] {processor.py:642} INFO - Processing file /home/notme/airflow_venv/airflow_venv/lib/python3.8/site-packages/airflow/example_dags/subdags/subdag.py for tasks to queue
[2022-06-16 12:16:37,977] {logging_mixin.py:109} INFO - [2022-06-16 12:16:37,977] {dagbag.py:500} INFO - Filling up the DagBag from /home/notme/airflow_venv/airflow_venv/lib/python3.8/site-packages/airflow/example_dags/subdags/subdag.py
[2022-06-16 12:16:37,979] {processor.py:654} WARNING - No viable dags retrieved from /home/notme/airflow_venv/airflow_venv/lib/python3.8/site-packages/airflow/example_dags/subdags/subdag.py
[2022-06-16 12:16:37,984] {processor.py:171} INFO - Processing /home/notme/airflow_venv/airflow_venv/lib/python3.8/site-packages/airflow/example_dags/subdags/subdag.py took 0.010 seconds
[2022-06-16 12:17:09,757] {processor.py:163} INFO - Started process (PID=1806) to work on /home/notme/airflow_venv/airflow_venv/lib/python3.8/site-packages/airflow/example_dags/subdags/subdag.py
[2022-06-16 12:17:09,758] {processor.py:642} INFO - Processing file /home/notme/airflow_venv/airflow_venv/lib/python3.8/site-packages/airflow/example_dags/subdags/subdag.py for tasks to queue
[2022-06-16 12:17:09,758] {logging_mixin.py:109} INFO - [2022-06-16 12:17:09,758] {dagbag.py:500} INFO - Filling up the DagBag from /home/notme/airflow_venv/airflow_venv/lib/python3.8/site-packages/airflow/example_dags/subdags/subdag.py
[2022-06-16 12:17:09,760] {processor.py:654} WARNING - No viable dags retrieved from /home/notme/airflow_venv/airflow_venv/lib/python3.8/site-packages/airflow/example_dags/subdags/subdag.py
[2022-06-16 12:17:09,766] {processor.py:171} INFO - Processing /home/notme/airflow_venv/airflow_venv/lib/python3.8/site-packages/airflow/example_dags/subdags/subdag.py took 0.011 seconds
[2022-06-16 12:17:42,486] {processor.py:163} INFO - Started process (PID=2118) to work on /home/notme/airflow_venv/airflow_venv/lib/python3.8/site-packages/airflow/example_dags/subdags/subdag.py
[2022-06-16 12:17:42,487] {processor.py:642} INFO - Processing file /home/notme/airflow_venv/airflow_venv/lib/python3.8/site-packages/airflow/example_dags/subdags/subdag.py for tasks to queue
[2022-06-16 12:17:42,488] {logging_mixin.py:109} INFO - [2022-06-16 12:17:42,488] {dagbag.py:500} INFO - Filling up the DagBag from /home/notme/airflow_venv/airflow_venv/lib/python3.8/site-packages/airflow/example_dags/subdags/subdag.py
[2022-06-16 12:17:42,490] {processor.py:654} WARNING - No viable dags retrieved from /home/notme/airflow_venv/airflow_venv/lib/python3.8/site-packages/airflow/example_dags/subdags/subdag.py
[2022-06-16 12:17:42,498] {processor.py:171} INFO - Processing /home/notme/airflow_venv/airflow_venv/lib/python3.8/site-packages/airflow/example_dags/subdags/subdag.py took 0.015 seconds
[2022-06-16 12:18:17,526] {processor.py:163} INFO - Started process (PID=2160) to work on /home/notme/airflow_venv/airflow_venv/lib/python3.8/site-packages/airflow/example_dags/subdags/subdag.py
[2022-06-16 12:18:17,527] {processor.py:642} INFO - Processing file /home/notme/airflow_venv/airflow_venv/lib/python3.8/site-packages/airflow/example_dags/subdags/subdag.py for tasks to queue
[2022-06-16 12:18:17,528] {logging_mixin.py:109} INFO - [2022-06-16 12:18:17,528] {dagbag.py:500} INFO - Filling up the DagBag from /home/notme/airflow_venv/airflow_venv/lib/python3.8/site-packages/airflow/example_dags/subdags/subdag.py
[2022-06-16 12:18:17,530] {processor.py:654} WARNING - No viable dags retrieved from /home/notme/airflow_venv/airflow_venv/lib/python3.8/site-packages/airflow/example_dags/subdags/subdag.py
[2022-06-16 12:18:17,538] {processor.py:171} INFO - Processing /home/notme/airflow_venv/airflow_venv/lib/python3.8/site-packages/airflow/example_dags/subdags/subdag.py took 0.013 seconds
[2022-06-16 12:18:53,303] {processor.py:163} INFO - Started process (PID=2432) to work on /home/notme/airflow_venv/airflow_venv/lib/python3.8/site-packages/airflow/example_dags/subdags/subdag.py
[2022-06-16 12:18:53,304] {processor.py:642} INFO - Processing file /home/notme/airflow_venv/airflow_venv/lib/python3.8/site-packages/airflow/example_dags/subdags/subdag.py for tasks to queue
[2022-06-16 12:18:53,305] {logging_mixin.py:109} INFO - [2022-06-16 12:18:53,305] {dagbag.py:500} INFO - Filling up the DagBag from /home/notme/airflow_venv/airflow_venv/lib/python3.8/site-packages/airflow/example_dags/subdags/subdag.py
[2022-06-16 12:18:53,307] {processor.py:654} WARNING - No viable dags retrieved from /home/notme/airflow_venv/airflow_venv/lib/python3.8/site-packages/airflow/example_dags/subdags/subdag.py
[2022-06-16 12:18:53,313] {processor.py:171} INFO - Processing /home/notme/airflow_venv/airflow_venv/lib/python3.8/site-packages/airflow/example_dags/subdags/subdag.py took 0.011 seconds
[2022-06-16 12:19:24,836] {processor.py:163} INFO - Started process (PID=2471) to work on /home/notme/airflow_venv/airflow_venv/lib/python3.8/site-packages/airflow/example_dags/subdags/subdag.py
[2022-06-16 12:19:24,837] {processor.py:642} INFO - Processing file /home/notme/airflow_venv/airflow_venv/lib/python3.8/site-packages/airflow/example_dags/subdags/subdag.py for tasks to queue
[2022-06-16 12:19:24,838] {logging_mixin.py:109} INFO - [2022-06-16 12:19:24,838] {dagbag.py:500} INFO - Filling up the DagBag from /home/notme/airflow_venv/airflow_venv/lib/python3.8/site-packages/airflow/example_dags/subdags/subdag.py
[2022-06-16 12:19:24,839] {processor.py:654} WARNING - No viable dags retrieved from /home/notme/airflow_venv/airflow_venv/lib/python3.8/site-packages/airflow/example_dags/subdags/subdag.py
[2022-06-16 12:19:24,845] {processor.py:171} INFO - Processing /home/notme/airflow_venv/airflow_venv/lib/python3.8/site-packages/airflow/example_dags/subdags/subdag.py took 0.011 seconds
[2022-06-16 12:19:57,410] {processor.py:163} INFO - Started process (PID=2689) to work on /home/notme/airflow_venv/airflow_venv/lib/python3.8/site-packages/airflow/example_dags/subdags/subdag.py
[2022-06-16 12:19:57,410] {processor.py:642} INFO - Processing file /home/notme/airflow_venv/airflow_venv/lib/python3.8/site-packages/airflow/example_dags/subdags/subdag.py for tasks to queue
[2022-06-16 12:19:57,411] {logging_mixin.py:109} INFO - [2022-06-16 12:19:57,411] {dagbag.py:500} INFO - Filling up the DagBag from /home/notme/airflow_venv/airflow_venv/lib/python3.8/site-packages/airflow/example_dags/subdags/subdag.py
[2022-06-16 12:19:57,412] {processor.py:654} WARNING - No viable dags retrieved from /home/notme/airflow_venv/airflow_venv/lib/python3.8/site-packages/airflow/example_dags/subdags/subdag.py
[2022-06-16 12:19:57,417] {processor.py:171} INFO - Processing /home/notme/airflow_venv/airflow_venv/lib/python3.8/site-packages/airflow/example_dags/subdags/subdag.py took 0.010 seconds
[2022-06-16 12:20:30,006] {processor.py:163} INFO - Started process (PID=2730) to work on /home/notme/airflow_venv/airflow_venv/lib/python3.8/site-packages/airflow/example_dags/subdags/subdag.py
[2022-06-16 12:20:30,009] {processor.py:642} INFO - Processing file /home/notme/airflow_venv/airflow_venv/lib/python3.8/site-packages/airflow/example_dags/subdags/subdag.py for tasks to queue
[2022-06-16 12:20:30,009] {logging_mixin.py:109} INFO - [2022-06-16 12:20:30,009] {dagbag.py:500} INFO - Filling up the DagBag from /home/notme/airflow_venv/airflow_venv/lib/python3.8/site-packages/airflow/example_dags/subdags/subdag.py
[2022-06-16 12:20:30,011] {processor.py:654} WARNING - No viable dags retrieved from /home/notme/airflow_venv/airflow_venv/lib/python3.8/site-packages/airflow/example_dags/subdags/subdag.py
[2022-06-16 12:20:30,016] {processor.py:171} INFO - Processing /home/notme/airflow_venv/airflow_venv/lib/python3.8/site-packages/airflow/example_dags/subdags/subdag.py took 0.012 seconds
[2022-06-16 12:21:05,177] {processor.py:163} INFO - Started process (PID=2772) to work on /home/notme/airflow_venv/airflow_venv/lib/python3.8/site-packages/airflow/example_dags/subdags/subdag.py
[2022-06-16 12:21:05,179] {processor.py:642} INFO - Processing file /home/notme/airflow_venv/airflow_venv/lib/python3.8/site-packages/airflow/example_dags/subdags/subdag.py for tasks to queue
[2022-06-16 12:21:05,179] {logging_mixin.py:109} INFO - [2022-06-16 12:21:05,179] {dagbag.py:500} INFO - Filling up the DagBag from /home/notme/airflow_venv/airflow_venv/lib/python3.8/site-packages/airflow/example_dags/subdags/subdag.py
[2022-06-16 12:21:05,181] {processor.py:654} WARNING - No viable dags retrieved from /home/notme/airflow_venv/airflow_venv/lib/python3.8/site-packages/airflow/example_dags/subdags/subdag.py
[2022-06-16 12:21:05,186] {processor.py:171} INFO - Processing /home/notme/airflow_venv/airflow_venv/lib/python3.8/site-packages/airflow/example_dags/subdags/subdag.py took 0.010 seconds
[2022-06-16 12:21:40,306] {processor.py:163} INFO - Started process (PID=2982) to work on /home/notme/airflow_venv/airflow_venv/lib/python3.8/site-packages/airflow/example_dags/subdags/subdag.py
[2022-06-16 12:21:40,307] {processor.py:642} INFO - Processing file /home/notme/airflow_venv/airflow_venv/lib/python3.8/site-packages/airflow/example_dags/subdags/subdag.py for tasks to queue
[2022-06-16 12:21:40,308] {logging_mixin.py:109} INFO - [2022-06-16 12:21:40,308] {dagbag.py:500} INFO - Filling up the DagBag from /home/notme/airflow_venv/airflow_venv/lib/python3.8/site-packages/airflow/example_dags/subdags/subdag.py
[2022-06-16 12:21:40,310] {processor.py:654} WARNING - No viable dags retrieved from /home/notme/airflow_venv/airflow_venv/lib/python3.8/site-packages/airflow/example_dags/subdags/subdag.py
[2022-06-16 12:21:40,315] {processor.py:171} INFO - Processing /home/notme/airflow_venv/airflow_venv/lib/python3.8/site-packages/airflow/example_dags/subdags/subdag.py took 0.011 seconds
[2022-06-16 12:22:12,189] {processor.py:163} INFO - Started process (PID=3152) to work on /home/notme/airflow_venv/airflow_venv/lib/python3.8/site-packages/airflow/example_dags/subdags/subdag.py
[2022-06-16 12:22:12,189] {processor.py:642} INFO - Processing file /home/notme/airflow_venv/airflow_venv/lib/python3.8/site-packages/airflow/example_dags/subdags/subdag.py for tasks to queue
[2022-06-16 12:22:12,190] {logging_mixin.py:109} INFO - [2022-06-16 12:22:12,190] {dagbag.py:500} INFO - Filling up the DagBag from /home/notme/airflow_venv/airflow_venv/lib/python3.8/site-packages/airflow/example_dags/subdags/subdag.py
[2022-06-16 12:22:12,192] {processor.py:654} WARNING - No viable dags retrieved from /home/notme/airflow_venv/airflow_venv/lib/python3.8/site-packages/airflow/example_dags/subdags/subdag.py
[2022-06-16 12:22:12,197] {processor.py:171} INFO - Processing /home/notme/airflow_venv/airflow_venv/lib/python3.8/site-packages/airflow/example_dags/subdags/subdag.py took 0.011 seconds
[2022-06-16 12:22:43,392] {processor.py:163} INFO - Started process (PID=3459) to work on /home/notme/airflow_venv/airflow_venv/lib/python3.8/site-packages/airflow/example_dags/subdags/subdag.py
[2022-06-16 12:22:43,393] {processor.py:642} INFO - Processing file /home/notme/airflow_venv/airflow_venv/lib/python3.8/site-packages/airflow/example_dags/subdags/subdag.py for tasks to queue
[2022-06-16 12:22:43,394] {logging_mixin.py:109} INFO - [2022-06-16 12:22:43,394] {dagbag.py:500} INFO - Filling up the DagBag from /home/notme/airflow_venv/airflow_venv/lib/python3.8/site-packages/airflow/example_dags/subdags/subdag.py
[2022-06-16 12:22:43,395] {processor.py:654} WARNING - No viable dags retrieved from /home/notme/airflow_venv/airflow_venv/lib/python3.8/site-packages/airflow/example_dags/subdags/subdag.py
[2022-06-16 12:22:43,401] {processor.py:171} INFO - Processing /home/notme/airflow_venv/airflow_venv/lib/python3.8/site-packages/airflow/example_dags/subdags/subdag.py took 0.010 seconds
[2022-06-16 12:23:14,838] {processor.py:163} INFO - Started process (PID=3506) to work on /home/notme/airflow_venv/airflow_venv/lib/python3.8/site-packages/airflow/example_dags/subdags/subdag.py
[2022-06-16 12:23:14,839] {processor.py:642} INFO - Processing file /home/notme/airflow_venv/airflow_venv/lib/python3.8/site-packages/airflow/example_dags/subdags/subdag.py for tasks to queue
[2022-06-16 12:23:14,840] {logging_mixin.py:109} INFO - [2022-06-16 12:23:14,840] {dagbag.py:500} INFO - Filling up the DagBag from /home/notme/airflow_venv/airflow_venv/lib/python3.8/site-packages/airflow/example_dags/subdags/subdag.py
[2022-06-16 12:23:14,843] {processor.py:654} WARNING - No viable dags retrieved from /home/notme/airflow_venv/airflow_venv/lib/python3.8/site-packages/airflow/example_dags/subdags/subdag.py
[2022-06-16 12:23:14,849] {processor.py:171} INFO - Processing /home/notme/airflow_venv/airflow_venv/lib/python3.8/site-packages/airflow/example_dags/subdags/subdag.py took 0.014 seconds
[2022-06-16 12:23:46,538] {processor.py:163} INFO - Started process (PID=3876) to work on /home/notme/airflow_venv/airflow_venv/lib/python3.8/site-packages/airflow/example_dags/subdags/subdag.py
[2022-06-16 12:23:46,539] {processor.py:642} INFO - Processing file /home/notme/airflow_venv/airflow_venv/lib/python3.8/site-packages/airflow/example_dags/subdags/subdag.py for tasks to queue
[2022-06-16 12:23:46,540] {logging_mixin.py:109} INFO - [2022-06-16 12:23:46,540] {dagbag.py:500} INFO - Filling up the DagBag from /home/notme/airflow_venv/airflow_venv/lib/python3.8/site-packages/airflow/example_dags/subdags/subdag.py
[2022-06-16 12:23:46,541] {processor.py:654} WARNING - No viable dags retrieved from /home/notme/airflow_venv/airflow_venv/lib/python3.8/site-packages/airflow/example_dags/subdags/subdag.py
[2022-06-16 12:23:46,548] {processor.py:171} INFO - Processing /home/notme/airflow_venv/airflow_venv/lib/python3.8/site-packages/airflow/example_dags/subdags/subdag.py took 0.012 seconds
[2022-06-16 12:24:21,185] {processor.py:163} INFO - Started process (PID=3934) to work on /home/notme/airflow_venv/airflow_venv/lib/python3.8/site-packages/airflow/example_dags/subdags/subdag.py
[2022-06-16 12:24:21,187] {processor.py:642} INFO - Processing file /home/notme/airflow_venv/airflow_venv/lib/python3.8/site-packages/airflow/example_dags/subdags/subdag.py for tasks to queue
[2022-06-16 12:24:21,187] {logging_mixin.py:109} INFO - [2022-06-16 12:24:21,187] {dagbag.py:500} INFO - Filling up the DagBag from /home/notme/airflow_venv/airflow_venv/lib/python3.8/site-packages/airflow/example_dags/subdags/subdag.py
[2022-06-16 12:24:21,189] {processor.py:654} WARNING - No viable dags retrieved from /home/notme/airflow_venv/airflow_venv/lib/python3.8/site-packages/airflow/example_dags/subdags/subdag.py
[2022-06-16 12:24:21,195] {processor.py:171} INFO - Processing /home/notme/airflow_venv/airflow_venv/lib/python3.8/site-packages/airflow/example_dags/subdags/subdag.py took 0.012 seconds
[2022-06-16 12:24:53,945] {processor.py:163} INFO - Started process (PID=9426) to work on /home/notme/airflow_venv/airflow_venv/lib/python3.8/site-packages/airflow/example_dags/subdags/subdag.py
[2022-06-16 12:24:53,946] {processor.py:642} INFO - Processing file /home/notme/airflow_venv/airflow_venv/lib/python3.8/site-packages/airflow/example_dags/subdags/subdag.py for tasks to queue
[2022-06-16 12:24:53,947] {logging_mixin.py:109} INFO - [2022-06-16 12:24:53,947] {dagbag.py:500} INFO - Filling up the DagBag from /home/notme/airflow_venv/airflow_venv/lib/python3.8/site-packages/airflow/example_dags/subdags/subdag.py
[2022-06-16 12:24:53,948] {processor.py:654} WARNING - No viable dags retrieved from /home/notme/airflow_venv/airflow_venv/lib/python3.8/site-packages/airflow/example_dags/subdags/subdag.py
[2022-06-16 12:24:53,955] {processor.py:171} INFO - Processing /home/notme/airflow_venv/airflow_venv/lib/python3.8/site-packages/airflow/example_dags/subdags/subdag.py took 0.012 seconds
[2022-06-16 12:25:25,119] {processor.py:163} INFO - Started process (PID=9768) to work on /home/notme/airflow_venv/airflow_venv/lib/python3.8/site-packages/airflow/example_dags/subdags/subdag.py
[2022-06-16 12:25:25,121] {processor.py:642} INFO - Processing file /home/notme/airflow_venv/airflow_venv/lib/python3.8/site-packages/airflow/example_dags/subdags/subdag.py for tasks to queue
[2022-06-16 12:25:25,122] {logging_mixin.py:109} INFO - [2022-06-16 12:25:25,122] {dagbag.py:500} INFO - Filling up the DagBag from /home/notme/airflow_venv/airflow_venv/lib/python3.8/site-packages/airflow/example_dags/subdags/subdag.py
[2022-06-16 12:25:25,124] {processor.py:654} WARNING - No viable dags retrieved from /home/notme/airflow_venv/airflow_venv/lib/python3.8/site-packages/airflow/example_dags/subdags/subdag.py
[2022-06-16 12:25:25,134] {processor.py:171} INFO - Processing /home/notme/airflow_venv/airflow_venv/lib/python3.8/site-packages/airflow/example_dags/subdags/subdag.py took 0.017 seconds
[2022-06-16 12:25:56,494] {processor.py:163} INFO - Started process (PID=9952) to work on /home/notme/airflow_venv/airflow_venv/lib/python3.8/site-packages/airflow/example_dags/subdags/subdag.py
[2022-06-16 12:25:56,495] {processor.py:642} INFO - Processing file /home/notme/airflow_venv/airflow_venv/lib/python3.8/site-packages/airflow/example_dags/subdags/subdag.py for tasks to queue
[2022-06-16 12:25:56,495] {logging_mixin.py:109} INFO - [2022-06-16 12:25:56,495] {dagbag.py:500} INFO - Filling up the DagBag from /home/notme/airflow_venv/airflow_venv/lib/python3.8/site-packages/airflow/example_dags/subdags/subdag.py
[2022-06-16 12:25:56,497] {processor.py:654} WARNING - No viable dags retrieved from /home/notme/airflow_venv/airflow_venv/lib/python3.8/site-packages/airflow/example_dags/subdags/subdag.py
[2022-06-16 12:25:56,502] {processor.py:171} INFO - Processing /home/notme/airflow_venv/airflow_venv/lib/python3.8/site-packages/airflow/example_dags/subdags/subdag.py took 0.010 seconds
[2022-06-16 12:26:29,826] {processor.py:163} INFO - Started process (PID=10107) to work on /home/notme/airflow_venv/airflow_venv/lib/python3.8/site-packages/airflow/example_dags/subdags/subdag.py
[2022-06-16 12:26:29,827] {processor.py:642} INFO - Processing file /home/notme/airflow_venv/airflow_venv/lib/python3.8/site-packages/airflow/example_dags/subdags/subdag.py for tasks to queue
[2022-06-16 12:26:29,827] {logging_mixin.py:109} INFO - [2022-06-16 12:26:29,827] {dagbag.py:500} INFO - Filling up the DagBag from /home/notme/airflow_venv/airflow_venv/lib/python3.8/site-packages/airflow/example_dags/subdags/subdag.py
[2022-06-16 12:26:29,829] {processor.py:654} WARNING - No viable dags retrieved from /home/notme/airflow_venv/airflow_venv/lib/python3.8/site-packages/airflow/example_dags/subdags/subdag.py
[2022-06-16 12:26:29,835] {processor.py:171} INFO - Processing /home/notme/airflow_venv/airflow_venv/lib/python3.8/site-packages/airflow/example_dags/subdags/subdag.py took 0.011 seconds
[2022-06-16 12:27:03,170] {processor.py:163} INFO - Started process (PID=10418) to work on /home/notme/airflow_venv/airflow_venv/lib/python3.8/site-packages/airflow/example_dags/subdags/subdag.py
[2022-06-16 12:27:03,171] {processor.py:642} INFO - Processing file /home/notme/airflow_venv/airflow_venv/lib/python3.8/site-packages/airflow/example_dags/subdags/subdag.py for tasks to queue
[2022-06-16 12:27:03,172] {logging_mixin.py:109} INFO - [2022-06-16 12:27:03,172] {dagbag.py:500} INFO - Filling up the DagBag from /home/notme/airflow_venv/airflow_venv/lib/python3.8/site-packages/airflow/example_dags/subdags/subdag.py
[2022-06-16 12:27:03,173] {processor.py:654} WARNING - No viable dags retrieved from /home/notme/airflow_venv/airflow_venv/lib/python3.8/site-packages/airflow/example_dags/subdags/subdag.py
[2022-06-16 12:27:03,178] {processor.py:171} INFO - Processing /home/notme/airflow_venv/airflow_venv/lib/python3.8/site-packages/airflow/example_dags/subdags/subdag.py took 0.010 seconds
[2022-06-16 12:27:33,710] {processor.py:163} INFO - Started process (PID=10457) to work on /home/notme/airflow_venv/airflow_venv/lib/python3.8/site-packages/airflow/example_dags/subdags/subdag.py
[2022-06-16 12:27:33,712] {processor.py:642} INFO - Processing file /home/notme/airflow_venv/airflow_venv/lib/python3.8/site-packages/airflow/example_dags/subdags/subdag.py for tasks to queue
[2022-06-16 12:27:33,712] {logging_mixin.py:109} INFO - [2022-06-16 12:27:33,712] {dagbag.py:500} INFO - Filling up the DagBag from /home/notme/airflow_venv/airflow_venv/lib/python3.8/site-packages/airflow/example_dags/subdags/subdag.py
[2022-06-16 12:27:33,714] {processor.py:654} WARNING - No viable dags retrieved from /home/notme/airflow_venv/airflow_venv/lib/python3.8/site-packages/airflow/example_dags/subdags/subdag.py
[2022-06-16 12:27:33,719] {processor.py:171} INFO - Processing /home/notme/airflow_venv/airflow_venv/lib/python3.8/site-packages/airflow/example_dags/subdags/subdag.py took 0.010 seconds
[2022-06-16 12:28:05,133] {processor.py:163} INFO - Started process (PID=10792) to work on /home/notme/airflow_venv/airflow_venv/lib/python3.8/site-packages/airflow/example_dags/subdags/subdag.py
[2022-06-16 12:28:05,133] {processor.py:642} INFO - Processing file /home/notme/airflow_venv/airflow_venv/lib/python3.8/site-packages/airflow/example_dags/subdags/subdag.py for tasks to queue
[2022-06-16 12:28:05,134] {logging_mixin.py:109} INFO - [2022-06-16 12:28:05,134] {dagbag.py:500} INFO - Filling up the DagBag from /home/notme/airflow_venv/airflow_venv/lib/python3.8/site-packages/airflow/example_dags/subdags/subdag.py
[2022-06-16 12:28:05,137] {processor.py:654} WARNING - No viable dags retrieved from /home/notme/airflow_venv/airflow_venv/lib/python3.8/site-packages/airflow/example_dags/subdags/subdag.py
[2022-06-16 12:28:05,143] {processor.py:171} INFO - Processing /home/notme/airflow_venv/airflow_venv/lib/python3.8/site-packages/airflow/example_dags/subdags/subdag.py took 0.013 seconds
[2022-06-16 12:28:36,560] {processor.py:163} INFO - Started process (PID=11033) to work on /home/notme/airflow_venv/airflow_venv/lib/python3.8/site-packages/airflow/example_dags/subdags/subdag.py
[2022-06-16 12:28:36,561] {processor.py:642} INFO - Processing file /home/notme/airflow_venv/airflow_venv/lib/python3.8/site-packages/airflow/example_dags/subdags/subdag.py for tasks to queue
[2022-06-16 12:28:36,561] {logging_mixin.py:109} INFO - [2022-06-16 12:28:36,561] {dagbag.py:500} INFO - Filling up the DagBag from /home/notme/airflow_venv/airflow_venv/lib/python3.8/site-packages/airflow/example_dags/subdags/subdag.py
[2022-06-16 12:28:36,563] {processor.py:654} WARNING - No viable dags retrieved from /home/notme/airflow_venv/airflow_venv/lib/python3.8/site-packages/airflow/example_dags/subdags/subdag.py
[2022-06-16 12:28:36,569] {processor.py:171} INFO - Processing /home/notme/airflow_venv/airflow_venv/lib/python3.8/site-packages/airflow/example_dags/subdags/subdag.py took 0.010 seconds
[2022-06-16 12:29:07,954] {processor.py:163} INFO - Started process (PID=11072) to work on /home/notme/airflow_venv/airflow_venv/lib/python3.8/site-packages/airflow/example_dags/subdags/subdag.py
[2022-06-16 12:29:07,955] {processor.py:642} INFO - Processing file /home/notme/airflow_venv/airflow_venv/lib/python3.8/site-packages/airflow/example_dags/subdags/subdag.py for tasks to queue
[2022-06-16 12:29:07,955] {logging_mixin.py:109} INFO - [2022-06-16 12:29:07,955] {dagbag.py:500} INFO - Filling up the DagBag from /home/notme/airflow_venv/airflow_venv/lib/python3.8/site-packages/airflow/example_dags/subdags/subdag.py
[2022-06-16 12:29:07,957] {processor.py:654} WARNING - No viable dags retrieved from /home/notme/airflow_venv/airflow_venv/lib/python3.8/site-packages/airflow/example_dags/subdags/subdag.py
[2022-06-16 12:29:07,962] {processor.py:171} INFO - Processing /home/notme/airflow_venv/airflow_venv/lib/python3.8/site-packages/airflow/example_dags/subdags/subdag.py took 0.010 seconds
[2022-06-16 12:29:39,577] {processor.py:163} INFO - Started process (PID=11119) to work on /home/notme/airflow_venv/airflow_venv/lib/python3.8/site-packages/airflow/example_dags/subdags/subdag.py
[2022-06-16 12:29:39,578] {processor.py:642} INFO - Processing file /home/notme/airflow_venv/airflow_venv/lib/python3.8/site-packages/airflow/example_dags/subdags/subdag.py for tasks to queue
[2022-06-16 12:29:39,578] {logging_mixin.py:109} INFO - [2022-06-16 12:29:39,578] {dagbag.py:500} INFO - Filling up the DagBag from /home/notme/airflow_venv/airflow_venv/lib/python3.8/site-packages/airflow/example_dags/subdags/subdag.py
[2022-06-16 12:29:39,580] {processor.py:654} WARNING - No viable dags retrieved from /home/notme/airflow_venv/airflow_venv/lib/python3.8/site-packages/airflow/example_dags/subdags/subdag.py
[2022-06-16 12:29:39,584] {processor.py:171} INFO - Processing /home/notme/airflow_venv/airflow_venv/lib/python3.8/site-packages/airflow/example_dags/subdags/subdag.py took 0.009 seconds
[2022-06-16 12:30:13,045] {processor.py:163} INFO - Started process (PID=11323) to work on /home/notme/airflow_venv/airflow_venv/lib/python3.8/site-packages/airflow/example_dags/subdags/subdag.py
[2022-06-16 12:30:13,047] {processor.py:642} INFO - Processing file /home/notme/airflow_venv/airflow_venv/lib/python3.8/site-packages/airflow/example_dags/subdags/subdag.py for tasks to queue
[2022-06-16 12:30:13,047] {logging_mixin.py:109} INFO - [2022-06-16 12:30:13,047] {dagbag.py:500} INFO - Filling up the DagBag from /home/notme/airflow_venv/airflow_venv/lib/python3.8/site-packages/airflow/example_dags/subdags/subdag.py
[2022-06-16 12:30:13,049] {processor.py:654} WARNING - No viable dags retrieved from /home/notme/airflow_venv/airflow_venv/lib/python3.8/site-packages/airflow/example_dags/subdags/subdag.py
[2022-06-16 12:30:13,054] {processor.py:171} INFO - Processing /home/notme/airflow_venv/airflow_venv/lib/python3.8/site-packages/airflow/example_dags/subdags/subdag.py took 0.010 seconds
[2022-06-16 13:53:29,665] {processor.py:163} INFO - Started process (PID=7412) to work on /home/notme/airflow_venv/airflow_venv/lib/python3.8/site-packages/airflow/example_dags/subdags/subdag.py
[2022-06-16 13:53:29,666] {processor.py:642} INFO - Processing file /home/notme/airflow_venv/airflow_venv/lib/python3.8/site-packages/airflow/example_dags/subdags/subdag.py for tasks to queue
[2022-06-16 13:53:29,666] {logging_mixin.py:109} INFO - [2022-06-16 13:53:29,666] {dagbag.py:500} INFO - Filling up the DagBag from /home/notme/airflow_venv/airflow_venv/lib/python3.8/site-packages/airflow/example_dags/subdags/subdag.py
[2022-06-16 13:53:29,668] {processor.py:654} WARNING - No viable dags retrieved from /home/notme/airflow_venv/airflow_venv/lib/python3.8/site-packages/airflow/example_dags/subdags/subdag.py
[2022-06-16 13:53:29,672] {processor.py:171} INFO - Processing /home/notme/airflow_venv/airflow_venv/lib/python3.8/site-packages/airflow/example_dags/subdags/subdag.py took 0.010 seconds
