[2022-06-16 12:15:27,907] {processor.py:163} INFO - Started process (PID=1228) to work on /home/notme/airflow_venv/airflow_venv/lib/python3.8/site-packages/airflow/example_dags/plugins/workday.py
[2022-06-16 12:15:27,907] {processor.py:642} INFO - Processing file /home/notme/airflow_venv/airflow_venv/lib/python3.8/site-packages/airflow/example_dags/plugins/workday.py for tasks to queue
[2022-06-16 12:15:27,908] {logging_mixin.py:109} INFO - [2022-06-16 12:15:27,908] {dagbag.py:500} INFO - Filling up the DagBag from /home/notme/airflow_venv/airflow_venv/lib/python3.8/site-packages/airflow/example_dags/plugins/workday.py
[2022-06-16 12:15:27,910] {processor.py:654} WARNING - No viable dags retrieved from /home/notme/airflow_venv/airflow_venv/lib/python3.8/site-packages/airflow/example_dags/plugins/workday.py
[2022-06-16 12:15:27,917] {processor.py:171} INFO - Processing /home/notme/airflow_venv/airflow_venv/lib/python3.8/site-packages/airflow/example_dags/plugins/workday.py took 0.013 seconds
[2022-06-16 12:16:04,156] {processor.py:163} INFO - Started process (PID=1418) to work on /home/notme/airflow_venv/airflow_venv/lib/python3.8/site-packages/airflow/example_dags/plugins/workday.py
[2022-06-16 12:16:04,158] {processor.py:642} INFO - Processing file /home/notme/airflow_venv/airflow_venv/lib/python3.8/site-packages/airflow/example_dags/plugins/workday.py for tasks to queue
[2022-06-16 12:16:04,159] {logging_mixin.py:109} INFO - [2022-06-16 12:16:04,159] {dagbag.py:500} INFO - Filling up the DagBag from /home/notme/airflow_venv/airflow_venv/lib/python3.8/site-packages/airflow/example_dags/plugins/workday.py
[2022-06-16 12:16:04,160] {processor.py:654} WARNING - No viable dags retrieved from /home/notme/airflow_venv/airflow_venv/lib/python3.8/site-packages/airflow/example_dags/plugins/workday.py
[2022-06-16 12:16:04,168] {processor.py:171} INFO - Processing /home/notme/airflow_venv/airflow_venv/lib/python3.8/site-packages/airflow/example_dags/plugins/workday.py took 0.015 seconds
[2022-06-16 12:16:38,561] {processor.py:163} INFO - Started process (PID=1759) to work on /home/notme/airflow_venv/airflow_venv/lib/python3.8/site-packages/airflow/example_dags/plugins/workday.py
[2022-06-16 12:16:38,562] {processor.py:642} INFO - Processing file /home/notme/airflow_venv/airflow_venv/lib/python3.8/site-packages/airflow/example_dags/plugins/workday.py for tasks to queue
[2022-06-16 12:16:38,562] {logging_mixin.py:109} INFO - [2022-06-16 12:16:38,562] {dagbag.py:500} INFO - Filling up the DagBag from /home/notme/airflow_venv/airflow_venv/lib/python3.8/site-packages/airflow/example_dags/plugins/workday.py
[2022-06-16 12:16:38,564] {processor.py:654} WARNING - No viable dags retrieved from /home/notme/airflow_venv/airflow_venv/lib/python3.8/site-packages/airflow/example_dags/plugins/workday.py
[2022-06-16 12:16:38,569] {processor.py:171} INFO - Processing /home/notme/airflow_venv/airflow_venv/lib/python3.8/site-packages/airflow/example_dags/plugins/workday.py took 0.010 seconds
[2022-06-16 12:17:10,804] {processor.py:163} INFO - Started process (PID=1807) to work on /home/notme/airflow_venv/airflow_venv/lib/python3.8/site-packages/airflow/example_dags/plugins/workday.py
[2022-06-16 12:17:10,805] {processor.py:642} INFO - Processing file /home/notme/airflow_venv/airflow_venv/lib/python3.8/site-packages/airflow/example_dags/plugins/workday.py for tasks to queue
[2022-06-16 12:17:10,805] {logging_mixin.py:109} INFO - [2022-06-16 12:17:10,805] {dagbag.py:500} INFO - Filling up the DagBag from /home/notme/airflow_venv/airflow_venv/lib/python3.8/site-packages/airflow/example_dags/plugins/workday.py
[2022-06-16 12:17:10,806] {processor.py:654} WARNING - No viable dags retrieved from /home/notme/airflow_venv/airflow_venv/lib/python3.8/site-packages/airflow/example_dags/plugins/workday.py
[2022-06-16 12:17:10,811] {processor.py:171} INFO - Processing /home/notme/airflow_venv/airflow_venv/lib/python3.8/site-packages/airflow/example_dags/plugins/workday.py took 0.009 seconds
[2022-06-16 12:17:46,462] {processor.py:163} INFO - Started process (PID=2122) to work on /home/notme/airflow_venv/airflow_venv/lib/python3.8/site-packages/airflow/example_dags/plugins/workday.py
[2022-06-16 12:17:46,463] {processor.py:642} INFO - Processing file /home/notme/airflow_venv/airflow_venv/lib/python3.8/site-packages/airflow/example_dags/plugins/workday.py for tasks to queue
[2022-06-16 12:17:46,464] {logging_mixin.py:109} INFO - [2022-06-16 12:17:46,463] {dagbag.py:500} INFO - Filling up the DagBag from /home/notme/airflow_venv/airflow_venv/lib/python3.8/site-packages/airflow/example_dags/plugins/workday.py
[2022-06-16 12:17:46,465] {processor.py:654} WARNING - No viable dags retrieved from /home/notme/airflow_venv/airflow_venv/lib/python3.8/site-packages/airflow/example_dags/plugins/workday.py
[2022-06-16 12:17:46,471] {processor.py:171} INFO - Processing /home/notme/airflow_venv/airflow_venv/lib/python3.8/site-packages/airflow/example_dags/plugins/workday.py took 0.011 seconds
[2022-06-16 12:18:20,955] {processor.py:163} INFO - Started process (PID=2163) to work on /home/notme/airflow_venv/airflow_venv/lib/python3.8/site-packages/airflow/example_dags/plugins/workday.py
[2022-06-16 12:18:20,956] {processor.py:642} INFO - Processing file /home/notme/airflow_venv/airflow_venv/lib/python3.8/site-packages/airflow/example_dags/plugins/workday.py for tasks to queue
[2022-06-16 12:18:20,957] {logging_mixin.py:109} INFO - [2022-06-16 12:18:20,957] {dagbag.py:500} INFO - Filling up the DagBag from /home/notme/airflow_venv/airflow_venv/lib/python3.8/site-packages/airflow/example_dags/plugins/workday.py
[2022-06-16 12:18:20,958] {processor.py:654} WARNING - No viable dags retrieved from /home/notme/airflow_venv/airflow_venv/lib/python3.8/site-packages/airflow/example_dags/plugins/workday.py
[2022-06-16 12:18:20,964] {processor.py:171} INFO - Processing /home/notme/airflow_venv/airflow_venv/lib/python3.8/site-packages/airflow/example_dags/plugins/workday.py took 0.010 seconds
[2022-06-16 12:18:53,770] {processor.py:163} INFO - Started process (PID=2433) to work on /home/notme/airflow_venv/airflow_venv/lib/python3.8/site-packages/airflow/example_dags/plugins/workday.py
[2022-06-16 12:18:53,771] {processor.py:642} INFO - Processing file /home/notme/airflow_venv/airflow_venv/lib/python3.8/site-packages/airflow/example_dags/plugins/workday.py for tasks to queue
[2022-06-16 12:18:53,772] {logging_mixin.py:109} INFO - [2022-06-16 12:18:53,772] {dagbag.py:500} INFO - Filling up the DagBag from /home/notme/airflow_venv/airflow_venv/lib/python3.8/site-packages/airflow/example_dags/plugins/workday.py
[2022-06-16 12:18:53,773] {processor.py:654} WARNING - No viable dags retrieved from /home/notme/airflow_venv/airflow_venv/lib/python3.8/site-packages/airflow/example_dags/plugins/workday.py
[2022-06-16 12:18:53,778] {processor.py:171} INFO - Processing /home/notme/airflow_venv/airflow_venv/lib/python3.8/site-packages/airflow/example_dags/plugins/workday.py took 0.010 seconds
[2022-06-16 12:19:25,224] {processor.py:163} INFO - Started process (PID=2472) to work on /home/notme/airflow_venv/airflow_venv/lib/python3.8/site-packages/airflow/example_dags/plugins/workday.py
[2022-06-16 12:19:25,225] {processor.py:642} INFO - Processing file /home/notme/airflow_venv/airflow_venv/lib/python3.8/site-packages/airflow/example_dags/plugins/workday.py for tasks to queue
[2022-06-16 12:19:25,225] {logging_mixin.py:109} INFO - [2022-06-16 12:19:25,225] {dagbag.py:500} INFO - Filling up the DagBag from /home/notme/airflow_venv/airflow_venv/lib/python3.8/site-packages/airflow/example_dags/plugins/workday.py
[2022-06-16 12:19:25,226] {processor.py:654} WARNING - No viable dags retrieved from /home/notme/airflow_venv/airflow_venv/lib/python3.8/site-packages/airflow/example_dags/plugins/workday.py
[2022-06-16 12:19:25,232] {processor.py:171} INFO - Processing /home/notme/airflow_venv/airflow_venv/lib/python3.8/site-packages/airflow/example_dags/plugins/workday.py took 0.009 seconds
[2022-06-16 12:19:58,141] {processor.py:163} INFO - Started process (PID=2690) to work on /home/notme/airflow_venv/airflow_venv/lib/python3.8/site-packages/airflow/example_dags/plugins/workday.py
[2022-06-16 12:19:58,144] {processor.py:642} INFO - Processing file /home/notme/airflow_venv/airflow_venv/lib/python3.8/site-packages/airflow/example_dags/plugins/workday.py for tasks to queue
[2022-06-16 12:19:58,145] {logging_mixin.py:109} INFO - [2022-06-16 12:19:58,145] {dagbag.py:500} INFO - Filling up the DagBag from /home/notme/airflow_venv/airflow_venv/lib/python3.8/site-packages/airflow/example_dags/plugins/workday.py
[2022-06-16 12:19:58,146] {processor.py:654} WARNING - No viable dags retrieved from /home/notme/airflow_venv/airflow_venv/lib/python3.8/site-packages/airflow/example_dags/plugins/workday.py
[2022-06-16 12:19:58,152] {processor.py:171} INFO - Processing /home/notme/airflow_venv/airflow_venv/lib/python3.8/site-packages/airflow/example_dags/plugins/workday.py took 0.013 seconds
[2022-06-16 12:20:31,146] {processor.py:163} INFO - Started process (PID=2731) to work on /home/notme/airflow_venv/airflow_venv/lib/python3.8/site-packages/airflow/example_dags/plugins/workday.py
[2022-06-16 12:20:31,147] {processor.py:642} INFO - Processing file /home/notme/airflow_venv/airflow_venv/lib/python3.8/site-packages/airflow/example_dags/plugins/workday.py for tasks to queue
[2022-06-16 12:20:31,148] {logging_mixin.py:109} INFO - [2022-06-16 12:20:31,148] {dagbag.py:500} INFO - Filling up the DagBag from /home/notme/airflow_venv/airflow_venv/lib/python3.8/site-packages/airflow/example_dags/plugins/workday.py
[2022-06-16 12:20:31,149] {processor.py:654} WARNING - No viable dags retrieved from /home/notme/airflow_venv/airflow_venv/lib/python3.8/site-packages/airflow/example_dags/plugins/workday.py
[2022-06-16 12:20:31,154] {processor.py:171} INFO - Processing /home/notme/airflow_venv/airflow_venv/lib/python3.8/site-packages/airflow/example_dags/plugins/workday.py took 0.011 seconds
[2022-06-16 12:21:06,315] {processor.py:163} INFO - Started process (PID=2773) to work on /home/notme/airflow_venv/airflow_venv/lib/python3.8/site-packages/airflow/example_dags/plugins/workday.py
[2022-06-16 12:21:06,316] {processor.py:642} INFO - Processing file /home/notme/airflow_venv/airflow_venv/lib/python3.8/site-packages/airflow/example_dags/plugins/workday.py for tasks to queue
[2022-06-16 12:21:06,317] {logging_mixin.py:109} INFO - [2022-06-16 12:21:06,317] {dagbag.py:500} INFO - Filling up the DagBag from /home/notme/airflow_venv/airflow_venv/lib/python3.8/site-packages/airflow/example_dags/plugins/workday.py
[2022-06-16 12:21:06,318] {processor.py:654} WARNING - No viable dags retrieved from /home/notme/airflow_venv/airflow_venv/lib/python3.8/site-packages/airflow/example_dags/plugins/workday.py
[2022-06-16 12:21:06,324] {processor.py:171} INFO - Processing /home/notme/airflow_venv/airflow_venv/lib/python3.8/site-packages/airflow/example_dags/plugins/workday.py took 0.011 seconds
[2022-06-16 12:21:40,472] {processor.py:163} INFO - Started process (PID=2983) to work on /home/notme/airflow_venv/airflow_venv/lib/python3.8/site-packages/airflow/example_dags/plugins/workday.py
[2022-06-16 12:21:40,473] {processor.py:642} INFO - Processing file /home/notme/airflow_venv/airflow_venv/lib/python3.8/site-packages/airflow/example_dags/plugins/workday.py for tasks to queue
[2022-06-16 12:21:40,474] {logging_mixin.py:109} INFO - [2022-06-16 12:21:40,473] {dagbag.py:500} INFO - Filling up the DagBag from /home/notme/airflow_venv/airflow_venv/lib/python3.8/site-packages/airflow/example_dags/plugins/workday.py
[2022-06-16 12:21:40,475] {processor.py:654} WARNING - No viable dags retrieved from /home/notme/airflow_venv/airflow_venv/lib/python3.8/site-packages/airflow/example_dags/plugins/workday.py
[2022-06-16 12:21:40,482] {processor.py:171} INFO - Processing /home/notme/airflow_venv/airflow_venv/lib/python3.8/site-packages/airflow/example_dags/plugins/workday.py took 0.012 seconds
[2022-06-16 12:22:12,547] {processor.py:163} INFO - Started process (PID=3153) to work on /home/notme/airflow_venv/airflow_venv/lib/python3.8/site-packages/airflow/example_dags/plugins/workday.py
[2022-06-16 12:22:12,548] {processor.py:642} INFO - Processing file /home/notme/airflow_venv/airflow_venv/lib/python3.8/site-packages/airflow/example_dags/plugins/workday.py for tasks to queue
[2022-06-16 12:22:12,548] {logging_mixin.py:109} INFO - [2022-06-16 12:22:12,548] {dagbag.py:500} INFO - Filling up the DagBag from /home/notme/airflow_venv/airflow_venv/lib/python3.8/site-packages/airflow/example_dags/plugins/workday.py
[2022-06-16 12:22:12,550] {processor.py:654} WARNING - No viable dags retrieved from /home/notme/airflow_venv/airflow_venv/lib/python3.8/site-packages/airflow/example_dags/plugins/workday.py
[2022-06-16 12:22:12,557] {processor.py:171} INFO - Processing /home/notme/airflow_venv/airflow_venv/lib/python3.8/site-packages/airflow/example_dags/plugins/workday.py took 0.012 seconds
[2022-06-16 12:22:43,981] {processor.py:163} INFO - Started process (PID=3460) to work on /home/notme/airflow_venv/airflow_venv/lib/python3.8/site-packages/airflow/example_dags/plugins/workday.py
[2022-06-16 12:22:43,983] {processor.py:642} INFO - Processing file /home/notme/airflow_venv/airflow_venv/lib/python3.8/site-packages/airflow/example_dags/plugins/workday.py for tasks to queue
[2022-06-16 12:22:43,983] {logging_mixin.py:109} INFO - [2022-06-16 12:22:43,983] {dagbag.py:500} INFO - Filling up the DagBag from /home/notme/airflow_venv/airflow_venv/lib/python3.8/site-packages/airflow/example_dags/plugins/workday.py
[2022-06-16 12:22:43,984] {processor.py:654} WARNING - No viable dags retrieved from /home/notme/airflow_venv/airflow_venv/lib/python3.8/site-packages/airflow/example_dags/plugins/workday.py
[2022-06-16 12:22:43,990] {processor.py:171} INFO - Processing /home/notme/airflow_venv/airflow_venv/lib/python3.8/site-packages/airflow/example_dags/plugins/workday.py took 0.010 seconds
[2022-06-16 12:23:15,318] {processor.py:163} INFO - Started process (PID=3507) to work on /home/notme/airflow_venv/airflow_venv/lib/python3.8/site-packages/airflow/example_dags/plugins/workday.py
[2022-06-16 12:23:15,319] {processor.py:642} INFO - Processing file /home/notme/airflow_venv/airflow_venv/lib/python3.8/site-packages/airflow/example_dags/plugins/workday.py for tasks to queue
[2022-06-16 12:23:15,320] {logging_mixin.py:109} INFO - [2022-06-16 12:23:15,320] {dagbag.py:500} INFO - Filling up the DagBag from /home/notme/airflow_venv/airflow_venv/lib/python3.8/site-packages/airflow/example_dags/plugins/workday.py
[2022-06-16 12:23:15,321] {processor.py:654} WARNING - No viable dags retrieved from /home/notme/airflow_venv/airflow_venv/lib/python3.8/site-packages/airflow/example_dags/plugins/workday.py
[2022-06-16 12:23:15,326] {processor.py:171} INFO - Processing /home/notme/airflow_venv/airflow_venv/lib/python3.8/site-packages/airflow/example_dags/plugins/workday.py took 0.010 seconds
[2022-06-16 12:23:47,698] {processor.py:163} INFO - Started process (PID=3877) to work on /home/notme/airflow_venv/airflow_venv/lib/python3.8/site-packages/airflow/example_dags/plugins/workday.py
[2022-06-16 12:23:47,698] {processor.py:642} INFO - Processing file /home/notme/airflow_venv/airflow_venv/lib/python3.8/site-packages/airflow/example_dags/plugins/workday.py for tasks to queue
[2022-06-16 12:23:47,699] {logging_mixin.py:109} INFO - [2022-06-16 12:23:47,699] {dagbag.py:500} INFO - Filling up the DagBag from /home/notme/airflow_venv/airflow_venv/lib/python3.8/site-packages/airflow/example_dags/plugins/workday.py
[2022-06-16 12:23:47,700] {processor.py:654} WARNING - No viable dags retrieved from /home/notme/airflow_venv/airflow_venv/lib/python3.8/site-packages/airflow/example_dags/plugins/workday.py
[2022-06-16 12:23:47,707] {processor.py:171} INFO - Processing /home/notme/airflow_venv/airflow_venv/lib/python3.8/site-packages/airflow/example_dags/plugins/workday.py took 0.010 seconds
[2022-06-16 12:24:22,319] {processor.py:163} INFO - Started process (PID=3935) to work on /home/notme/airflow_venv/airflow_venv/lib/python3.8/site-packages/airflow/example_dags/plugins/workday.py
[2022-06-16 12:24:22,322] {processor.py:642} INFO - Processing file /home/notme/airflow_venv/airflow_venv/lib/python3.8/site-packages/airflow/example_dags/plugins/workday.py for tasks to queue
[2022-06-16 12:24:22,323] {logging_mixin.py:109} INFO - [2022-06-16 12:24:22,323] {dagbag.py:500} INFO - Filling up the DagBag from /home/notme/airflow_venv/airflow_venv/lib/python3.8/site-packages/airflow/example_dags/plugins/workday.py
[2022-06-16 12:24:22,324] {processor.py:654} WARNING - No viable dags retrieved from /home/notme/airflow_venv/airflow_venv/lib/python3.8/site-packages/airflow/example_dags/plugins/workday.py
[2022-06-16 12:24:22,329] {processor.py:171} INFO - Processing /home/notme/airflow_venv/airflow_venv/lib/python3.8/site-packages/airflow/example_dags/plugins/workday.py took 0.011 seconds
[2022-06-16 12:24:54,205] {processor.py:163} INFO - Started process (PID=9427) to work on /home/notme/airflow_venv/airflow_venv/lib/python3.8/site-packages/airflow/example_dags/plugins/workday.py
[2022-06-16 12:24:54,206] {processor.py:642} INFO - Processing file /home/notme/airflow_venv/airflow_venv/lib/python3.8/site-packages/airflow/example_dags/plugins/workday.py for tasks to queue
[2022-06-16 12:24:54,207] {logging_mixin.py:109} INFO - [2022-06-16 12:24:54,206] {dagbag.py:500} INFO - Filling up the DagBag from /home/notme/airflow_venv/airflow_venv/lib/python3.8/site-packages/airflow/example_dags/plugins/workday.py
[2022-06-16 12:24:54,208] {processor.py:654} WARNING - No viable dags retrieved from /home/notme/airflow_venv/airflow_venv/lib/python3.8/site-packages/airflow/example_dags/plugins/workday.py
[2022-06-16 12:24:54,214] {processor.py:171} INFO - Processing /home/notme/airflow_venv/airflow_venv/lib/python3.8/site-packages/airflow/example_dags/plugins/workday.py took 0.010 seconds
[2022-06-16 12:25:25,390] {processor.py:163} INFO - Started process (PID=9769) to work on /home/notme/airflow_venv/airflow_venv/lib/python3.8/site-packages/airflow/example_dags/plugins/workday.py
[2022-06-16 12:25:25,392] {processor.py:642} INFO - Processing file /home/notme/airflow_venv/airflow_venv/lib/python3.8/site-packages/airflow/example_dags/plugins/workday.py for tasks to queue
[2022-06-16 12:25:25,392] {logging_mixin.py:109} INFO - [2022-06-16 12:25:25,392] {dagbag.py:500} INFO - Filling up the DagBag from /home/notme/airflow_venv/airflow_venv/lib/python3.8/site-packages/airflow/example_dags/plugins/workday.py
[2022-06-16 12:25:25,393] {processor.py:654} WARNING - No viable dags retrieved from /home/notme/airflow_venv/airflow_venv/lib/python3.8/site-packages/airflow/example_dags/plugins/workday.py
[2022-06-16 12:25:25,400] {processor.py:171} INFO - Processing /home/notme/airflow_venv/airflow_venv/lib/python3.8/site-packages/airflow/example_dags/plugins/workday.py took 0.011 seconds
[2022-06-16 12:25:56,677] {processor.py:163} INFO - Started process (PID=9953) to work on /home/notme/airflow_venv/airflow_venv/lib/python3.8/site-packages/airflow/example_dags/plugins/workday.py
[2022-06-16 12:25:56,678] {processor.py:642} INFO - Processing file /home/notme/airflow_venv/airflow_venv/lib/python3.8/site-packages/airflow/example_dags/plugins/workday.py for tasks to queue
[2022-06-16 12:25:56,678] {logging_mixin.py:109} INFO - [2022-06-16 12:25:56,678] {dagbag.py:500} INFO - Filling up the DagBag from /home/notme/airflow_venv/airflow_venv/lib/python3.8/site-packages/airflow/example_dags/plugins/workday.py
[2022-06-16 12:25:56,680] {processor.py:654} WARNING - No viable dags retrieved from /home/notme/airflow_venv/airflow_venv/lib/python3.8/site-packages/airflow/example_dags/plugins/workday.py
[2022-06-16 12:25:56,685] {processor.py:171} INFO - Processing /home/notme/airflow_venv/airflow_venv/lib/python3.8/site-packages/airflow/example_dags/plugins/workday.py took 0.011 seconds
[2022-06-16 12:26:30,981] {processor.py:163} INFO - Started process (PID=10131) to work on /home/notme/airflow_venv/airflow_venv/lib/python3.8/site-packages/airflow/example_dags/plugins/workday.py
[2022-06-16 12:26:30,982] {processor.py:642} INFO - Processing file /home/notme/airflow_venv/airflow_venv/lib/python3.8/site-packages/airflow/example_dags/plugins/workday.py for tasks to queue
[2022-06-16 12:26:30,982] {logging_mixin.py:109} INFO - [2022-06-16 12:26:30,982] {dagbag.py:500} INFO - Filling up the DagBag from /home/notme/airflow_venv/airflow_venv/lib/python3.8/site-packages/airflow/example_dags/plugins/workday.py
[2022-06-16 12:26:30,983] {processor.py:654} WARNING - No viable dags retrieved from /home/notme/airflow_venv/airflow_venv/lib/python3.8/site-packages/airflow/example_dags/plugins/workday.py
[2022-06-16 12:26:30,990] {processor.py:171} INFO - Processing /home/notme/airflow_venv/airflow_venv/lib/python3.8/site-packages/airflow/example_dags/plugins/workday.py took 0.010 seconds
[2022-06-16 12:27:03,431] {processor.py:163} INFO - Started process (PID=10419) to work on /home/notme/airflow_venv/airflow_venv/lib/python3.8/site-packages/airflow/example_dags/plugins/workday.py
[2022-06-16 12:27:03,433] {processor.py:642} INFO - Processing file /home/notme/airflow_venv/airflow_venv/lib/python3.8/site-packages/airflow/example_dags/plugins/workday.py for tasks to queue
[2022-06-16 12:27:03,433] {logging_mixin.py:109} INFO - [2022-06-16 12:27:03,433] {dagbag.py:500} INFO - Filling up the DagBag from /home/notme/airflow_venv/airflow_venv/lib/python3.8/site-packages/airflow/example_dags/plugins/workday.py
[2022-06-16 12:27:03,434] {processor.py:654} WARNING - No viable dags retrieved from /home/notme/airflow_venv/airflow_venv/lib/python3.8/site-packages/airflow/example_dags/plugins/workday.py
[2022-06-16 12:27:03,439] {processor.py:171} INFO - Processing /home/notme/airflow_venv/airflow_venv/lib/python3.8/site-packages/airflow/example_dags/plugins/workday.py took 0.010 seconds
[2022-06-16 12:27:34,849] {processor.py:163} INFO - Started process (PID=10458) to work on /home/notme/airflow_venv/airflow_venv/lib/python3.8/site-packages/airflow/example_dags/plugins/workday.py
[2022-06-16 12:27:34,850] {processor.py:642} INFO - Processing file /home/notme/airflow_venv/airflow_venv/lib/python3.8/site-packages/airflow/example_dags/plugins/workday.py for tasks to queue
[2022-06-16 12:27:34,851] {logging_mixin.py:109} INFO - [2022-06-16 12:27:34,851] {dagbag.py:500} INFO - Filling up the DagBag from /home/notme/airflow_venv/airflow_venv/lib/python3.8/site-packages/airflow/example_dags/plugins/workday.py
[2022-06-16 12:27:34,852] {processor.py:654} WARNING - No viable dags retrieved from /home/notme/airflow_venv/airflow_venv/lib/python3.8/site-packages/airflow/example_dags/plugins/workday.py
[2022-06-16 12:27:34,857] {processor.py:171} INFO - Processing /home/notme/airflow_venv/airflow_venv/lib/python3.8/site-packages/airflow/example_dags/plugins/workday.py took 0.010 seconds
[2022-06-16 12:28:06,073] {processor.py:163} INFO - Started process (PID=10800) to work on /home/notme/airflow_venv/airflow_venv/lib/python3.8/site-packages/airflow/example_dags/plugins/workday.py
[2022-06-16 12:28:06,073] {processor.py:642} INFO - Processing file /home/notme/airflow_venv/airflow_venv/lib/python3.8/site-packages/airflow/example_dags/plugins/workday.py for tasks to queue
[2022-06-16 12:28:06,074] {logging_mixin.py:109} INFO - [2022-06-16 12:28:06,074] {dagbag.py:500} INFO - Filling up the DagBag from /home/notme/airflow_venv/airflow_venv/lib/python3.8/site-packages/airflow/example_dags/plugins/workday.py
[2022-06-16 12:28:06,075] {processor.py:654} WARNING - No viable dags retrieved from /home/notme/airflow_venv/airflow_venv/lib/python3.8/site-packages/airflow/example_dags/plugins/workday.py
[2022-06-16 12:28:06,081] {processor.py:171} INFO - Processing /home/notme/airflow_venv/airflow_venv/lib/python3.8/site-packages/airflow/example_dags/plugins/workday.py took 0.010 seconds
[2022-06-16 12:28:37,412] {processor.py:163} INFO - Started process (PID=11034) to work on /home/notme/airflow_venv/airflow_venv/lib/python3.8/site-packages/airflow/example_dags/plugins/workday.py
[2022-06-16 12:28:37,413] {processor.py:642} INFO - Processing file /home/notme/airflow_venv/airflow_venv/lib/python3.8/site-packages/airflow/example_dags/plugins/workday.py for tasks to queue
[2022-06-16 12:28:37,413] {logging_mixin.py:109} INFO - [2022-06-16 12:28:37,413] {dagbag.py:500} INFO - Filling up the DagBag from /home/notme/airflow_venv/airflow_venv/lib/python3.8/site-packages/airflow/example_dags/plugins/workday.py
[2022-06-16 12:28:37,415] {processor.py:654} WARNING - No viable dags retrieved from /home/notme/airflow_venv/airflow_venv/lib/python3.8/site-packages/airflow/example_dags/plugins/workday.py
[2022-06-16 12:28:37,421] {processor.py:171} INFO - Processing /home/notme/airflow_venv/airflow_venv/lib/python3.8/site-packages/airflow/example_dags/plugins/workday.py took 0.011 seconds
[2022-06-16 12:29:08,529] {processor.py:163} INFO - Started process (PID=11073) to work on /home/notme/airflow_venv/airflow_venv/lib/python3.8/site-packages/airflow/example_dags/plugins/workday.py
[2022-06-16 12:29:08,530] {processor.py:642} INFO - Processing file /home/notme/airflow_venv/airflow_venv/lib/python3.8/site-packages/airflow/example_dags/plugins/workday.py for tasks to queue
[2022-06-16 12:29:08,531] {logging_mixin.py:109} INFO - [2022-06-16 12:29:08,531] {dagbag.py:500} INFO - Filling up the DagBag from /home/notme/airflow_venv/airflow_venv/lib/python3.8/site-packages/airflow/example_dags/plugins/workday.py
[2022-06-16 12:29:08,532] {processor.py:654} WARNING - No viable dags retrieved from /home/notme/airflow_venv/airflow_venv/lib/python3.8/site-packages/airflow/example_dags/plugins/workday.py
[2022-06-16 12:29:08,538] {processor.py:171} INFO - Processing /home/notme/airflow_venv/airflow_venv/lib/python3.8/site-packages/airflow/example_dags/plugins/workday.py took 0.011 seconds
[2022-06-16 12:29:39,755] {processor.py:163} INFO - Started process (PID=11120) to work on /home/notme/airflow_venv/airflow_venv/lib/python3.8/site-packages/airflow/example_dags/plugins/workday.py
[2022-06-16 12:29:39,755] {processor.py:642} INFO - Processing file /home/notme/airflow_venv/airflow_venv/lib/python3.8/site-packages/airflow/example_dags/plugins/workday.py for tasks to queue
[2022-06-16 12:29:39,756] {logging_mixin.py:109} INFO - [2022-06-16 12:29:39,756] {dagbag.py:500} INFO - Filling up the DagBag from /home/notme/airflow_venv/airflow_venv/lib/python3.8/site-packages/airflow/example_dags/plugins/workday.py
[2022-06-16 12:29:39,757] {processor.py:654} WARNING - No viable dags retrieved from /home/notme/airflow_venv/airflow_venv/lib/python3.8/site-packages/airflow/example_dags/plugins/workday.py
[2022-06-16 12:29:39,762] {processor.py:171} INFO - Processing /home/notme/airflow_venv/airflow_venv/lib/python3.8/site-packages/airflow/example_dags/plugins/workday.py took 0.009 seconds
[2022-06-16 12:30:14,193] {processor.py:163} INFO - Started process (PID=11324) to work on /home/notme/airflow_venv/airflow_venv/lib/python3.8/site-packages/airflow/example_dags/plugins/workday.py
[2022-06-16 12:30:14,195] {processor.py:642} INFO - Processing file /home/notme/airflow_venv/airflow_venv/lib/python3.8/site-packages/airflow/example_dags/plugins/workday.py for tasks to queue
[2022-06-16 12:30:14,196] {logging_mixin.py:109} INFO - [2022-06-16 12:30:14,196] {dagbag.py:500} INFO - Filling up the DagBag from /home/notme/airflow_venv/airflow_venv/lib/python3.8/site-packages/airflow/example_dags/plugins/workday.py
[2022-06-16 12:30:14,197] {processor.py:654} WARNING - No viable dags retrieved from /home/notme/airflow_venv/airflow_venv/lib/python3.8/site-packages/airflow/example_dags/plugins/workday.py
[2022-06-16 12:30:14,202] {processor.py:171} INFO - Processing /home/notme/airflow_venv/airflow_venv/lib/python3.8/site-packages/airflow/example_dags/plugins/workday.py took 0.010 seconds
[2022-06-16 13:53:30,816] {processor.py:163} INFO - Started process (PID=7433) to work on /home/notme/airflow_venv/airflow_venv/lib/python3.8/site-packages/airflow/example_dags/plugins/workday.py
[2022-06-16 13:53:30,818] {processor.py:642} INFO - Processing file /home/notme/airflow_venv/airflow_venv/lib/python3.8/site-packages/airflow/example_dags/plugins/workday.py for tasks to queue
[2022-06-16 13:53:30,818] {logging_mixin.py:109} INFO - [2022-06-16 13:53:30,818] {dagbag.py:500} INFO - Filling up the DagBag from /home/notme/airflow_venv/airflow_venv/lib/python3.8/site-packages/airflow/example_dags/plugins/workday.py
[2022-06-16 13:53:30,820] {processor.py:654} WARNING - No viable dags retrieved from /home/notme/airflow_venv/airflow_venv/lib/python3.8/site-packages/airflow/example_dags/plugins/workday.py
[2022-06-16 13:53:30,827] {processor.py:171} INFO - Processing /home/notme/airflow_venv/airflow_venv/lib/python3.8/site-packages/airflow/example_dags/plugins/workday.py took 0.014 seconds
